2021-05-20 14:51:00.752 -03:00 [INF] Starting web host
2021-05-20 14:51:01.877 -03:00 [INF] Now listening on: http://[::]:8000
2021-05-20 14:51:01.882 -03:00 [INF] Application started. Press Ctrl+C to shut down.
2021-05-20 14:51:01.883 -03:00 [INF] Hosting environment: Development
2021-05-20 14:51:01.884 -03:00 [INF] Content root path: C:\Users\felip\source\repos\FortalezaServer
2021-05-20 14:51:12.376 -03:00 [INF] Request starting HTTP/1.1 GET http://localhost:8000/api  
2021-05-20 14:51:12.418 -03:00 [INF] Executing endpoint 'FortalezaServer.Controllers.IndexController.Get (FortalezaServer)'
2021-05-20 14:51:12.462 -03:00 [INF] Route matched with {action = "Get", controller = "Index"}. Executing controller action with signature System.String Get() on controller FortalezaServer.Controllers.IndexController (FortalezaServer).
2021-05-20 14:51:12.598 -03:00 [INF] Executing ObjectResult, writing value of type 'System.String'.
2021-05-20 14:51:12.611 -03:00 [INF] Executed action FortalezaServer.Controllers.IndexController.Get (FortalezaServer) in 143.5828ms
2021-05-20 14:51:12.615 -03:00 [INF] Executed endpoint 'FortalezaServer.Controllers.IndexController.Get (FortalezaServer)'
2021-05-20 14:51:12.618 -03:00 [INF] Request finished in 243.7399ms 200 text/plain; charset=utf-8
2021-05-20 14:51:12.637 -03:00 [INF] Request starting HTTP/1.1 GET http://localhost:8000/api  
2021-05-20 14:51:12.639 -03:00 [INF] Executing endpoint 'FortalezaServer.Controllers.IndexController.Get (FortalezaServer)'
2021-05-20 14:51:12.640 -03:00 [INF] Route matched with {action = "Get", controller = "Index"}. Executing controller action with signature System.String Get() on controller FortalezaServer.Controllers.IndexController (FortalezaServer).
2021-05-20 14:51:12.642 -03:00 [INF] Executing ObjectResult, writing value of type 'System.String'.
2021-05-20 14:51:12.644 -03:00 [INF] Executed action FortalezaServer.Controllers.IndexController.Get (FortalezaServer) in 1.5927ms
2021-05-20 14:51:12.645 -03:00 [INF] Executed endpoint 'FortalezaServer.Controllers.IndexController.Get (FortalezaServer)'
2021-05-20 14:51:12.649 -03:00 [INF] Request finished in 11.5533ms 200 text/plain; charset=utf-8
2021-05-20 14:51:12.699 -03:00 [INF] Request starting HTTP/1.1 GET http://localhost:8000/api/vendas/actions/aberta  
2021-05-20 14:51:12.700 -03:00 [INF] Executing endpoint 'FortalezaServer.Controllers.VendasController.GetVendaAberta (FortalezaServer)'
2021-05-20 14:51:12.715 -03:00 [INF] Route matched with {action = "GetVendaAberta", controller = "Vendas"}. Executing controller action with signature System.Threading.Tasks.Task`1[Microsoft.AspNetCore.Mvc.ActionResult`1[System.Int32]] GetVendaAberta(Int32) on controller FortalezaServer.Controllers.VendasController (FortalezaServer).
2021-05-20 14:51:12.813 -03:00 [INF] Request starting HTTP/1.1 GET http://localhost:8000/api/grupos  
2021-05-20 14:51:12.817 -03:00 [INF] Executing endpoint 'FortalezaServer.Controllers.GruposController.GetGrupo (FortalezaServer)'
2021-05-20 14:51:12.821 -03:00 [INF] Route matched with {action = "GetGrupo", controller = "Grupos"}. Executing controller action with signature System.Threading.Tasks.Task`1[Microsoft.AspNetCore.Mvc.ActionResult`1[System.Collections.Generic.IEnumerable`1[FortalezaServer.Models.Grupo]]] GetGrupo() on controller FortalezaServer.Controllers.GruposController (FortalezaServer).
2021-05-20 14:51:13.391 -03:00 [INF] Entity Framework Core 3.1.10 initialized 'fortalezaitdbContext' using provider 'MySql.Data.EntityFrameworkCore' with options: None
2021-05-20 14:51:13.391 -03:00 [INF] Entity Framework Core 3.1.10 initialized 'fortalezaitdbContext' using provider 'MySql.Data.EntityFrameworkCore' with options: None
2021-05-20 14:51:13.872 -03:00 [INF] Executed DbCommand (6ms) [Parameters=[@__tipo_0='?' (DbType = Int32)], CommandType='"Text"', CommandTimeout='30']
SELECT `v`.`idvenda`, `v`.`aberta`, `v`.`acrescimo`, `v`.`desconto`, `v`.`descricao`, `v`.`hora_entrada`, `v`.`hora_fechamento`, `v`.`idcaixa`, `v`.`idcliente`, `v`.`idpdv`, `v`.`idresponsavel`, `v`.`numero_venda`, `v`.`paga`, `v`.`tipo`, `v`.`valor_pago`
FROM `venda` AS `v`
WHERE (`v`.`aberta` = 1) & (`v`.`tipo` = @__tipo_0)
LIMIT 1
2021-05-20 14:51:13.872 -03:00 [INF] Executed DbCommand (4ms) [Parameters=[], CommandType='"Text"', CommandTimeout='30']
SELECT `g`.`idgrupo`, `g`.`descricao`, `g`.`nome`, `g`.`visivel`
FROM `grupo` AS `g`
2021-05-20 14:51:13.887 -03:00 [INF] Executing ObjectResult, writing value of type 'System.Int32'.
2021-05-20 14:51:13.945 -03:00 [INF] Executing ObjectResult, writing value of type 'System.Collections.Generic.List`1[[FortalezaServer.Models.Grupo, FortalezaServer, Version=1.0.0.0, Culture=neutral, PublicKeyToken=null]]'.
2021-05-20 14:51:13.977 -03:00 [INF] Executed action FortalezaServer.Controllers.VendasController.GetVendaAberta (FortalezaServer) in 1259.6664ms
2021-05-20 14:51:13.979 -03:00 [INF] Executed endpoint 'FortalezaServer.Controllers.VendasController.GetVendaAberta (FortalezaServer)'
2021-05-20 14:51:13.982 -03:00 [INF] Request finished in 1282.6641ms 200 application/json; charset=utf-8
2021-05-20 14:51:14.010 -03:00 [INF] Executed action FortalezaServer.Controllers.GruposController.GetGrupo (FortalezaServer) in 1186.2037ms
2021-05-20 14:51:14.012 -03:00 [INF] Executed endpoint 'FortalezaServer.Controllers.GruposController.GetGrupo (FortalezaServer)'
2021-05-20 14:51:14.013 -03:00 [INF] Request finished in 1200.0776ms 200 application/json; charset=utf-8
2021-05-20 14:51:14.033 -03:00 [INF] Request starting HTTP/1.1 GET http://localhost:8000/api/items  
2021-05-20 14:51:14.035 -03:00 [INF] Executing endpoint 'FortalezaServer.Controllers.ItemsController.GetItem (FortalezaServer)'
2021-05-20 14:51:14.042 -03:00 [INF] Route matched with {action = "GetItem", controller = "Items"}. Executing controller action with signature System.Threading.Tasks.Task`1[Microsoft.AspNetCore.Mvc.ActionResult`1[System.Collections.Generic.IEnumerable`1[FortalezaServer.Models.Item]]] GetItem(Boolean, Boolean, Boolean, System.String) on controller FortalezaServer.Controllers.ItemsController (FortalezaServer).
2021-05-20 14:51:14.077 -03:00 [INF] Entity Framework Core 3.1.10 initialized 'fortalezaitdbContext' using provider 'MySql.Data.EntityFrameworkCore' with options: None
2021-05-20 14:51:14.084 -03:00 [INF] Executed DbCommand (0ms) [Parameters=[], CommandType='"Text"', CommandTimeout='30']
SELECT `i`.`iditem`, `i`.`atacado`, `i`.`codigo_barras`, `i`.`descricao`, `i`.`disponivel`, `i`.`estoque`, `i`.`estoque_minimo`, `i`.`imagem`, `i`.`permite_combo`, `i`.`quantidade_atacado`, `i`.`tipo`, `i`.`unidade`, `i`.`unidade_inteira`, `i`.`valor`, `i`.`valor_atacado`, `i`.`visivel`
FROM `item` AS `i`
WHERE `i`.`visivel` = 1
2021-05-20 14:51:14.116 -03:00 [INF] Executing ObjectResult, writing value of type 'System.Collections.Generic.List`1[[FortalezaServer.Models.Item, FortalezaServer, Version=1.0.0.0, Culture=neutral, PublicKeyToken=null]]'.
2021-05-20 14:51:14.138 -03:00 [INF] Executed action FortalezaServer.Controllers.ItemsController.GetItem (FortalezaServer) in 91.2613ms
2021-05-20 14:51:14.140 -03:00 [INF] Executed endpoint 'FortalezaServer.Controllers.ItemsController.GetItem (FortalezaServer)'
2021-05-20 14:51:14.143 -03:00 [INF] Request finished in 109.2011ms 200 application/json; charset=utf-8
2021-05-20 14:51:14.431 -03:00 [INF] Request starting HTTP/1.1 GET http://localhost:8000/api/items?visibleOnly=false  
2021-05-20 14:51:14.433 -03:00 [INF] Executing endpoint 'FortalezaServer.Controllers.ItemsController.GetItem (FortalezaServer)'
2021-05-20 14:51:14.436 -03:00 [INF] Route matched with {action = "GetItem", controller = "Items"}. Executing controller action with signature System.Threading.Tasks.Task`1[Microsoft.AspNetCore.Mvc.ActionResult`1[System.Collections.Generic.IEnumerable`1[FortalezaServer.Models.Item]]] GetItem(Boolean, Boolean, Boolean, System.String) on controller FortalezaServer.Controllers.ItemsController (FortalezaServer).
2021-05-20 14:51:14.444 -03:00 [INF] Entity Framework Core 3.1.10 initialized 'fortalezaitdbContext' using provider 'MySql.Data.EntityFrameworkCore' with options: None
2021-05-20 14:51:14.478 -03:00 [INF] Executed DbCommand (28ms) [Parameters=[], CommandType='"Text"', CommandTimeout='30']
SELECT `i`.`iditem`, `i`.`atacado`, `i`.`codigo_barras`, `i`.`descricao`, `i`.`disponivel`, `i`.`estoque`, `i`.`estoque_minimo`, `i`.`imagem`, `i`.`permite_combo`, `i`.`quantidade_atacado`, `i`.`tipo`, `i`.`unidade`, `i`.`unidade_inteira`, `i`.`valor`, `i`.`valor_atacado`, `i`.`visivel`
FROM `item` AS `i`
WHERE `i`.`visivel` = 1
2021-05-20 14:51:14.484 -03:00 [INF] Executing ObjectResult, writing value of type 'System.Collections.Generic.List`1[[FortalezaServer.Models.Item, FortalezaServer, Version=1.0.0.0, Culture=neutral, PublicKeyToken=null]]'.
2021-05-20 14:51:14.487 -03:00 [INF] Executed action FortalezaServer.Controllers.ItemsController.GetItem (FortalezaServer) in 48.4601ms
2021-05-20 14:51:14.489 -03:00 [INF] Executed endpoint 'FortalezaServer.Controllers.ItemsController.GetItem (FortalezaServer)'
2021-05-20 14:51:14.493 -03:00 [INF] Request finished in 62.4005ms 200 application/json; charset=utf-8
2021-05-20 14:51:17.819 -03:00 [INF] Request starting HTTP/1.1 GET http://localhost:8000/api/items?visibleOnly=false  
2021-05-20 14:51:17.822 -03:00 [INF] Executing endpoint 'FortalezaServer.Controllers.ItemsController.GetItem (FortalezaServer)'
2021-05-20 14:51:17.824 -03:00 [INF] Route matched with {action = "GetItem", controller = "Items"}. Executing controller action with signature System.Threading.Tasks.Task`1[Microsoft.AspNetCore.Mvc.ActionResult`1[System.Collections.Generic.IEnumerable`1[FortalezaServer.Models.Item]]] GetItem(Boolean, Boolean, Boolean, System.String) on controller FortalezaServer.Controllers.ItemsController (FortalezaServer).
2021-05-20 14:51:17.836 -03:00 [INF] Entity Framework Core 3.1.10 initialized 'fortalezaitdbContext' using provider 'MySql.Data.EntityFrameworkCore' with options: None
2021-05-20 14:51:17.849 -03:00 [INF] Executed DbCommand (2ms) [Parameters=[], CommandType='"Text"', CommandTimeout='30']
SELECT `i`.`iditem`, `i`.`atacado`, `i`.`codigo_barras`, `i`.`descricao`, `i`.`disponivel`, `i`.`estoque`, `i`.`estoque_minimo`, `i`.`imagem`, `i`.`permite_combo`, `i`.`quantidade_atacado`, `i`.`tipo`, `i`.`unidade`, `i`.`unidade_inteira`, `i`.`valor`, `i`.`valor_atacado`, `i`.`visivel`
FROM `item` AS `i`
WHERE `i`.`visivel` = 1
2021-05-20 14:51:17.858 -03:00 [INF] Executing ObjectResult, writing value of type 'System.Collections.Generic.List`1[[FortalezaServer.Models.Item, FortalezaServer, Version=1.0.0.0, Culture=neutral, PublicKeyToken=null]]'.
2021-05-20 14:51:17.861 -03:00 [INF] Executed action FortalezaServer.Controllers.ItemsController.GetItem (FortalezaServer) in 28.5509ms
2021-05-20 14:51:17.863 -03:00 [INF] Executed endpoint 'FortalezaServer.Controllers.ItemsController.GetItem (FortalezaServer)'
2021-05-20 14:51:17.865 -03:00 [INF] Request finished in 46.2391ms 200 application/json; charset=utf-8
2021-05-20 14:51:18.656 -03:00 [INF] Request starting HTTP/1.1 GET http://localhost:8000/api/items/2?grupos=true&tipo=true&estoqueatual=true  
2021-05-20 14:51:18.658 -03:00 [INF] Executing endpoint 'FortalezaServer.Controllers.ItemsController.GetItem (FortalezaServer)'
2021-05-20 14:51:18.667 -03:00 [INF] Route matched with {action = "GetItem", controller = "Items"}. Executing controller action with signature System.Threading.Tasks.Task`1[Microsoft.AspNetCore.Mvc.ActionResult`1[FortalezaServer.Models.Item]] GetItem(Int32, Boolean, Boolean, Boolean, Boolean) on controller FortalezaServer.Controllers.ItemsController (FortalezaServer).
2021-05-20 14:51:18.676 -03:00 [INF] Entity Framework Core 3.1.10 initialized 'fortalezaitdbContext' using provider 'MySql.Data.EntityFrameworkCore' with options: None
2021-05-20 14:51:18.691 -03:00 [INF] Executed DbCommand (0ms) [Parameters=[@__p_0='?' (DbType = Int32)], CommandType='"Text"', CommandTimeout='30']
SELECT `i`.`iditem`, `i`.`atacado`, `i`.`codigo_barras`, `i`.`descricao`, `i`.`disponivel`, `i`.`estoque`, `i`.`estoque_minimo`, `i`.`imagem`, `i`.`permite_combo`, `i`.`quantidade_atacado`, `i`.`tipo`, `i`.`unidade`, `i`.`unidade_inteira`, `i`.`valor`, `i`.`valor_atacado`, `i`.`visivel`
FROM `item` AS `i`
WHERE `i`.`iditem` = @__p_0
LIMIT 1
2021-05-20 14:51:18.752 -03:00 [INF] Executed DbCommand (1ms) [Parameters=[@__p_0='?' (DbType = Int32)], CommandType='"Text"', CommandTimeout='30']
SELECT `i`.`iditem`, `i`.`idgrupo`, `g`.`idgrupo`, `g`.`descricao`, `g`.`nome`, `g`.`visivel`
FROM `item_has_grupo` AS `i`
INNER JOIN `grupo` AS `g` ON `i`.`idgrupo` = `g`.`idgrupo`
WHERE `i`.`iditem` = @__p_0
2021-05-20 14:51:18.773 -03:00 [INF] Executing ObjectResult, writing value of type 'FortalezaServer.Models.Item'.
2021-05-20 14:51:18.776 -03:00 [INF] Executed action FortalezaServer.Controllers.ItemsController.GetItem (FortalezaServer) in 103.7662ms
2021-05-20 14:51:18.777 -03:00 [INF] Executed endpoint 'FortalezaServer.Controllers.ItemsController.GetItem (FortalezaServer)'
2021-05-20 14:51:18.778 -03:00 [INF] Request finished in 122.023ms 200 application/json; charset=utf-8
2021-05-20 14:51:23.077 -03:00 [INF] Request starting HTTP/1.1 GET http://localhost:8000/api/items?visibleOnly=false  
2021-05-20 14:51:23.079 -03:00 [INF] Executing endpoint 'FortalezaServer.Controllers.ItemsController.GetItem (FortalezaServer)'
2021-05-20 14:51:23.081 -03:00 [INF] Route matched with {action = "GetItem", controller = "Items"}. Executing controller action with signature System.Threading.Tasks.Task`1[Microsoft.AspNetCore.Mvc.ActionResult`1[System.Collections.Generic.IEnumerable`1[FortalezaServer.Models.Item]]] GetItem(Boolean, Boolean, Boolean, System.String) on controller FortalezaServer.Controllers.ItemsController (FortalezaServer).
2021-05-20 14:51:23.087 -03:00 [INF] Entity Framework Core 3.1.10 initialized 'fortalezaitdbContext' using provider 'MySql.Data.EntityFrameworkCore' with options: None
2021-05-20 14:51:23.099 -03:00 [INF] Executed DbCommand (1ms) [Parameters=[], CommandType='"Text"', CommandTimeout='30']
SELECT `i`.`iditem`, `i`.`atacado`, `i`.`codigo_barras`, `i`.`descricao`, `i`.`disponivel`, `i`.`estoque`, `i`.`estoque_minimo`, `i`.`imagem`, `i`.`permite_combo`, `i`.`quantidade_atacado`, `i`.`tipo`, `i`.`unidade`, `i`.`unidade_inteira`, `i`.`valor`, `i`.`valor_atacado`, `i`.`visivel`
FROM `item` AS `i`
WHERE `i`.`visivel` = 1
2021-05-20 14:51:23.111 -03:00 [INF] Executing ObjectResult, writing value of type 'System.Collections.Generic.List`1[[FortalezaServer.Models.Item, FortalezaServer, Version=1.0.0.0, Culture=neutral, PublicKeyToken=null]]'.
2021-05-20 14:51:23.115 -03:00 [INF] Executed action FortalezaServer.Controllers.ItemsController.GetItem (FortalezaServer) in 30.3204ms
2021-05-20 14:51:23.116 -03:00 [INF] Executed endpoint 'FortalezaServer.Controllers.ItemsController.GetItem (FortalezaServer)'
2021-05-20 14:51:23.120 -03:00 [INF] Request finished in 42.6469ms 200 application/json; charset=utf-8
2021-05-20 14:51:32.604 -03:00 [INF] Request starting HTTP/1.1 GET http://localhost:8000/api/grupos  
2021-05-20 14:51:32.606 -03:00 [INF] Executing endpoint 'FortalezaServer.Controllers.GruposController.GetGrupo (FortalezaServer)'
2021-05-20 14:51:32.611 -03:00 [INF] Route matched with {action = "GetGrupo", controller = "Grupos"}. Executing controller action with signature System.Threading.Tasks.Task`1[Microsoft.AspNetCore.Mvc.ActionResult`1[System.Collections.Generic.IEnumerable`1[FortalezaServer.Models.Grupo]]] GetGrupo() on controller FortalezaServer.Controllers.GruposController (FortalezaServer).
2021-05-20 14:51:32.617 -03:00 [INF] Entity Framework Core 3.1.10 initialized 'fortalezaitdbContext' using provider 'MySql.Data.EntityFrameworkCore' with options: None
2021-05-20 14:51:32.620 -03:00 [INF] Executed DbCommand (0ms) [Parameters=[], CommandType='"Text"', CommandTimeout='30']
SELECT `g`.`idgrupo`, `g`.`descricao`, `g`.`nome`, `g`.`visivel`
FROM `grupo` AS `g`
2021-05-20 14:51:32.632 -03:00 [INF] Executing ObjectResult, writing value of type 'System.Collections.Generic.List`1[[FortalezaServer.Models.Grupo, FortalezaServer, Version=1.0.0.0, Culture=neutral, PublicKeyToken=null]]'.
2021-05-20 14:51:32.638 -03:00 [INF] Executed action FortalezaServer.Controllers.GruposController.GetGrupo (FortalezaServer) in 22.2053ms
2021-05-20 14:51:32.640 -03:00 [INF] Executed endpoint 'FortalezaServer.Controllers.GruposController.GetGrupo (FortalezaServer)'
2021-05-20 14:51:32.642 -03:00 [INF] Request finished in 38.1782ms 200 application/json; charset=utf-8
2021-05-20 14:51:50.282 -03:00 [INF] Request starting HTTP/1.1 POST http://localhost:8000/api/items application/json; charset=utf-8 1249
2021-05-20 14:51:50.283 -03:00 [INF] Executing endpoint 'FortalezaServer.Controllers.ItemsController.PostItem (FortalezaServer)'
2021-05-20 14:51:50.288 -03:00 [INF] Route matched with {action = "PostItem", controller = "Items"}. Executing controller action with signature System.Threading.Tasks.Task`1[Microsoft.AspNetCore.Mvc.ActionResult`1[FortalezaServer.Models.Item]] PostItem(FortalezaServer.Models.Item) on controller FortalezaServer.Controllers.ItemsController (FortalezaServer).
2021-05-20 14:51:50.378 -03:00 [INF] Entity Framework Core 3.1.10 initialized 'fortalezaitdbContext' using provider 'MySql.Data.EntityFrameworkCore' with options: None
2021-05-20 14:51:50.505 -03:00 [INF] Executed DbCommand (2ms) [Parameters=[@p0='?' (DbType = Decimal), @p1='?' (DbType = SByte), @p2='?' (DbType = DateTime), @p3='?' (Size = 45), @p4='?' (Size = 255), @p5='?' (DbType = SByte), @p6='?' (DbType = Decimal), @p7='?' (DbType = Decimal), @p8='?' (DbType = SByte)], CommandType='"Text"', CommandTimeout='30']
INSERT INTO `estoque` (`custo`, `disponivel`, `hora_entrada`, `nota_fiscal`, `observacao`, `origem_venda`, `quantidade`, `quantidade_disponivel`, `saida`)
VALUES (@p0, @p1, @p2, @p3, @p4, @p5, @p6, @p7, @p8);
SELECT `idestoque`
FROM `estoque`
WHERE ROW_COUNT() = 1
 AND `idestoque`=LAST_INSERT_ID();
2021-05-20 14:51:50.527 -03:00 [INF] Executed DbCommand (2ms) [Parameters=[@p0='?' (DbType = SByte), @p1='?' (Size = 255), @p2='?' (Size = 255), @p3='?' (DbType = SByte), @p4='?' (DbType = SByte), @p5='?' (DbType = AnsiString), @p6='?' (Size = 255), @p7='?' (DbType = AnsiString), @p8='?' (DbType = Int32), @p9='?' (Size = 2), @p10='?' (DbType = AnsiString), @p11='?' (DbType = AnsiString), @p12='?' (DbType = SByte)], CommandType='"Text"', CommandTimeout='30']
INSERT INTO `item` (`atacado`, `codigo_barras`, `descricao`, `disponivel`, `estoque`, `estoque_minimo`, `imagem`, `quantidade_atacado`, `tipo`, `unidade`, `valor`, `valor_atacado`, `visivel`)
VALUES (@p0, @p1, @p2, @p3, @p4, @p5, @p6, @p7, @p8, @p9, @p10, @p11, @p12);
SELECT `iditem`, `permite_combo`, `unidade_inteira`
FROM `item`
WHERE ROW_COUNT() = 1
 AND `iditem`=LAST_INSERT_ID();
2021-05-20 14:51:50.536 -03:00 [INF] Executed DbCommand (1ms) [Parameters=[@p0='?' (DbType = Int32), @p1='?' (DbType = Decimal), @p2='?' (DbType = Int32), @p3='?' (DbType = Int32), @p4='?' (DbType = Int32), @p5='?' (DbType = Int32), @p6='?' (DbType = Int32)], CommandType='"Text"', CommandTimeout='30']
INSERT INTO `fiscal` (`iditem`, `aliquota_icms`, `cest`, `cfop`, `cst_icms`, `ncm`, `origem`)
VALUES (@p0, @p1, @p2, @p3, @p4, @p5, @p6);
2021-05-20 14:51:50.543 -03:00 [INF] Executed DbCommand (0ms) [Parameters=[@p0='?' (DbType = Int32), @p1='?' (DbType = Int32)], CommandType='"Text"', CommandTimeout='30']
INSERT INTO `item_has_estoque` (`iditem`, `idestoque`)
VALUES (@p0, @p1);
2021-05-20 14:51:50.547 -03:00 [INF] Executed DbCommand (1ms) [Parameters=[@p0='?' (DbType = Int32), @p1='?' (DbType = Int32)], CommandType='"Text"', CommandTimeout='30']
INSERT INTO `item_has_grupo` (`iditem`, `idgrupo`)
VALUES (@p0, @p1);
2021-05-20 14:51:50.573 -03:00 [INF] Executing ObjectResult, writing value of type 'FortalezaServer.Models.Item'.
2021-05-20 14:51:50.614 -03:00 [INF] Executed action FortalezaServer.Controllers.ItemsController.PostItem (FortalezaServer) in 323.9516ms
2021-05-20 14:51:50.616 -03:00 [INF] Executed endpoint 'FortalezaServer.Controllers.ItemsController.PostItem (FortalezaServer)'
2021-05-20 14:51:50.618 -03:00 [INF] Request finished in 336.5325ms 201 application/json; charset=utf-8
2021-05-20 14:51:50.638 -03:00 [INF] Request starting HTTP/1.1 GET http://localhost:8000/api/items?visibleOnly=false  
2021-05-20 14:51:50.639 -03:00 [INF] Executing endpoint 'FortalezaServer.Controllers.ItemsController.GetItem (FortalezaServer)'
2021-05-20 14:51:50.643 -03:00 [INF] Route matched with {action = "GetItem", controller = "Items"}. Executing controller action with signature System.Threading.Tasks.Task`1[Microsoft.AspNetCore.Mvc.ActionResult`1[System.Collections.Generic.IEnumerable`1[FortalezaServer.Models.Item]]] GetItem(Boolean, Boolean, Boolean, System.String) on controller FortalezaServer.Controllers.ItemsController (FortalezaServer).
2021-05-20 14:51:50.651 -03:00 [INF] Entity Framework Core 3.1.10 initialized 'fortalezaitdbContext' using provider 'MySql.Data.EntityFrameworkCore' with options: None
2021-05-20 14:51:50.659 -03:00 [INF] Executed DbCommand (1ms) [Parameters=[], CommandType='"Text"', CommandTimeout='30']
SELECT `i`.`iditem`, `i`.`atacado`, `i`.`codigo_barras`, `i`.`descricao`, `i`.`disponivel`, `i`.`estoque`, `i`.`estoque_minimo`, `i`.`imagem`, `i`.`permite_combo`, `i`.`quantidade_atacado`, `i`.`tipo`, `i`.`unidade`, `i`.`unidade_inteira`, `i`.`valor`, `i`.`valor_atacado`, `i`.`visivel`
FROM `item` AS `i`
WHERE `i`.`visivel` = 1
2021-05-20 14:51:50.664 -03:00 [INF] Executing ObjectResult, writing value of type 'System.Collections.Generic.List`1[[FortalezaServer.Models.Item, FortalezaServer, Version=1.0.0.0, Culture=neutral, PublicKeyToken=null]]'.
2021-05-20 14:51:50.666 -03:00 [INF] Executed action FortalezaServer.Controllers.ItemsController.GetItem (FortalezaServer) in 15.4384ms
2021-05-20 14:51:50.669 -03:00 [INF] Executed endpoint 'FortalezaServer.Controllers.ItemsController.GetItem (FortalezaServer)'
2021-05-20 14:51:50.672 -03:00 [INF] Request finished in 34.0261ms 200 application/json; charset=utf-8
2021-05-20 14:51:54.245 -03:00 [INF] Request starting HTTP/1.1 GET http://localhost:8000/api/items/14?grupos=true&tipo=true&estoqueatual=true  
2021-05-20 14:51:54.247 -03:00 [INF] Executing endpoint 'FortalezaServer.Controllers.ItemsController.GetItem (FortalezaServer)'
2021-05-20 14:51:54.248 -03:00 [INF] Route matched with {action = "GetItem", controller = "Items"}. Executing controller action with signature System.Threading.Tasks.Task`1[Microsoft.AspNetCore.Mvc.ActionResult`1[FortalezaServer.Models.Item]] GetItem(Int32, Boolean, Boolean, Boolean, Boolean) on controller FortalezaServer.Controllers.ItemsController (FortalezaServer).
2021-05-20 14:51:54.254 -03:00 [INF] Entity Framework Core 3.1.10 initialized 'fortalezaitdbContext' using provider 'MySql.Data.EntityFrameworkCore' with options: None
2021-05-20 14:51:54.261 -03:00 [INF] Executed DbCommand (1ms) [Parameters=[@__p_0='?' (DbType = Int32)], CommandType='"Text"', CommandTimeout='30']
SELECT `i`.`iditem`, `i`.`atacado`, `i`.`codigo_barras`, `i`.`descricao`, `i`.`disponivel`, `i`.`estoque`, `i`.`estoque_minimo`, `i`.`imagem`, `i`.`permite_combo`, `i`.`quantidade_atacado`, `i`.`tipo`, `i`.`unidade`, `i`.`unidade_inteira`, `i`.`valor`, `i`.`valor_atacado`, `i`.`visivel`
FROM `item` AS `i`
WHERE `i`.`iditem` = @__p_0
LIMIT 1
2021-05-20 14:51:54.268 -03:00 [INF] Executed DbCommand (0ms) [Parameters=[@__p_0='?' (DbType = Int32)], CommandType='"Text"', CommandTimeout='30']
SELECT `i`.`iditem`, `i`.`idgrupo`, `g`.`idgrupo`, `g`.`descricao`, `g`.`nome`, `g`.`visivel`
FROM `item_has_grupo` AS `i`
INNER JOIN `grupo` AS `g` ON `i`.`idgrupo` = `g`.`idgrupo`
WHERE `i`.`iditem` = @__p_0
2021-05-20 14:51:54.292 -03:00 [INF] Executed DbCommand (1ms) [Parameters=[@__p_0='?' (DbType = Int32)], CommandType='"Text"', CommandTimeout='30']
SELECT `i`.`iditem`, `i`.`idestoque`, `e`.`idestoque`, `e`.`custo`, `e`.`disponivel`, `e`.`hora_entrada`, `e`.`nota_fiscal`, `e`.`observacao`, `e`.`origem_venda`, `e`.`quantidade`, `e`.`quantidade_disponivel`, `e`.`saida`
FROM `item_has_estoque` AS `i`
INNER JOIN `estoque` AS `e` ON `i`.`idestoque` = `e`.`idestoque`
WHERE (`i`.`iditem` = @__p_0) AND (`e`.`disponivel` = 1)
ORDER BY `e`.`hora_entrada`
2021-05-20 14:51:54.298 -03:00 [INF] Executing ObjectResult, writing value of type 'FortalezaServer.Models.Item'.
2021-05-20 14:51:54.299 -03:00 [INF] Executed action FortalezaServer.Controllers.ItemsController.GetItem (FortalezaServer) in 48.0948ms
2021-05-20 14:51:54.301 -03:00 [INF] Executed endpoint 'FortalezaServer.Controllers.ItemsController.GetItem (FortalezaServer)'
2021-05-20 14:51:54.304 -03:00 [INF] Request finished in 58.4948ms 200 application/json; charset=utf-8
2021-05-20 14:51:55.699 -03:00 [INF] Request starting HTTP/1.1 GET http://localhost:8000/api/items?visibleOnly=false  
2021-05-20 14:51:55.701 -03:00 [INF] Executing endpoint 'FortalezaServer.Controllers.ItemsController.GetItem (FortalezaServer)'
2021-05-20 14:51:55.703 -03:00 [INF] Route matched with {action = "GetItem", controller = "Items"}. Executing controller action with signature System.Threading.Tasks.Task`1[Microsoft.AspNetCore.Mvc.ActionResult`1[System.Collections.Generic.IEnumerable`1[FortalezaServer.Models.Item]]] GetItem(Boolean, Boolean, Boolean, System.String) on controller FortalezaServer.Controllers.ItemsController (FortalezaServer).
2021-05-20 14:51:55.713 -03:00 [INF] Entity Framework Core 3.1.10 initialized 'fortalezaitdbContext' using provider 'MySql.Data.EntityFrameworkCore' with options: None
2021-05-20 14:51:55.718 -03:00 [INF] Executed DbCommand (1ms) [Parameters=[], CommandType='"Text"', CommandTimeout='30']
SELECT `i`.`iditem`, `i`.`atacado`, `i`.`codigo_barras`, `i`.`descricao`, `i`.`disponivel`, `i`.`estoque`, `i`.`estoque_minimo`, `i`.`imagem`, `i`.`permite_combo`, `i`.`quantidade_atacado`, `i`.`tipo`, `i`.`unidade`, `i`.`unidade_inteira`, `i`.`valor`, `i`.`valor_atacado`, `i`.`visivel`
FROM `item` AS `i`
WHERE `i`.`visivel` = 1
2021-05-20 14:51:55.727 -03:00 [INF] Executing ObjectResult, writing value of type 'System.Collections.Generic.List`1[[FortalezaServer.Models.Item, FortalezaServer, Version=1.0.0.0, Culture=neutral, PublicKeyToken=null]]'.
2021-05-20 14:51:55.729 -03:00 [INF] Executed action FortalezaServer.Controllers.ItemsController.GetItem (FortalezaServer) in 16.6704ms
2021-05-20 14:51:55.731 -03:00 [INF] Executed endpoint 'FortalezaServer.Controllers.ItemsController.GetItem (FortalezaServer)'
2021-05-20 14:51:55.733 -03:00 [INF] Request finished in 33.549ms 200 application/json; charset=utf-8
2021-05-20 14:51:59.720 -03:00 [INF] Request starting HTTP/1.1 GET http://localhost:8000/api/items/14?grupos=true&tipo=true&estoqueatual=true  
2021-05-20 14:51:59.721 -03:00 [INF] Executing endpoint 'FortalezaServer.Controllers.ItemsController.GetItem (FortalezaServer)'
2021-05-20 14:51:59.723 -03:00 [INF] Route matched with {action = "GetItem", controller = "Items"}. Executing controller action with signature System.Threading.Tasks.Task`1[Microsoft.AspNetCore.Mvc.ActionResult`1[FortalezaServer.Models.Item]] GetItem(Int32, Boolean, Boolean, Boolean, Boolean) on controller FortalezaServer.Controllers.ItemsController (FortalezaServer).
2021-05-20 14:51:59.728 -03:00 [INF] Entity Framework Core 3.1.10 initialized 'fortalezaitdbContext' using provider 'MySql.Data.EntityFrameworkCore' with options: None
2021-05-20 14:51:59.734 -03:00 [INF] Executed DbCommand (1ms) [Parameters=[@__p_0='?' (DbType = Int32)], CommandType='"Text"', CommandTimeout='30']
SELECT `i`.`iditem`, `i`.`atacado`, `i`.`codigo_barras`, `i`.`descricao`, `i`.`disponivel`, `i`.`estoque`, `i`.`estoque_minimo`, `i`.`imagem`, `i`.`permite_combo`, `i`.`quantidade_atacado`, `i`.`tipo`, `i`.`unidade`, `i`.`unidade_inteira`, `i`.`valor`, `i`.`valor_atacado`, `i`.`visivel`
FROM `item` AS `i`
WHERE `i`.`iditem` = @__p_0
LIMIT 1
2021-05-20 14:51:59.741 -03:00 [INF] Executed DbCommand (0ms) [Parameters=[@__p_0='?' (DbType = Int32)], CommandType='"Text"', CommandTimeout='30']
SELECT `i`.`iditem`, `i`.`idgrupo`, `g`.`idgrupo`, `g`.`descricao`, `g`.`nome`, `g`.`visivel`
FROM `item_has_grupo` AS `i`
INNER JOIN `grupo` AS `g` ON `i`.`idgrupo` = `g`.`idgrupo`
WHERE `i`.`iditem` = @__p_0
2021-05-20 14:51:59.748 -03:00 [INF] Executed DbCommand (1ms) [Parameters=[@__p_0='?' (DbType = Int32)], CommandType='"Text"', CommandTimeout='30']
SELECT `i`.`iditem`, `i`.`idestoque`, `e`.`idestoque`, `e`.`custo`, `e`.`disponivel`, `e`.`hora_entrada`, `e`.`nota_fiscal`, `e`.`observacao`, `e`.`origem_venda`, `e`.`quantidade`, `e`.`quantidade_disponivel`, `e`.`saida`
FROM `item_has_estoque` AS `i`
INNER JOIN `estoque` AS `e` ON `i`.`idestoque` = `e`.`idestoque`
WHERE (`i`.`iditem` = @__p_0) AND (`e`.`disponivel` = 1)
ORDER BY `e`.`hora_entrada`
2021-05-20 14:51:59.754 -03:00 [INF] Executing ObjectResult, writing value of type 'FortalezaServer.Models.Item'.
2021-05-20 14:51:59.758 -03:00 [INF] Executed action FortalezaServer.Controllers.ItemsController.GetItem (FortalezaServer) in 31.6966ms
2021-05-20 14:51:59.761 -03:00 [INF] Executed endpoint 'FortalezaServer.Controllers.ItemsController.GetItem (FortalezaServer)'
2021-05-20 14:51:59.762 -03:00 [INF] Request finished in 42.4698ms 200 application/json; charset=utf-8
2021-05-20 14:52:01.003 -03:00 [INF] Request starting HTTP/1.1 GET http://localhost:8000/api/items?visibleOnly=false  
2021-05-20 14:52:01.004 -03:00 [INF] Executing endpoint 'FortalezaServer.Controllers.ItemsController.GetItem (FortalezaServer)'
2021-05-20 14:52:01.006 -03:00 [INF] Route matched with {action = "GetItem", controller = "Items"}. Executing controller action with signature System.Threading.Tasks.Task`1[Microsoft.AspNetCore.Mvc.ActionResult`1[System.Collections.Generic.IEnumerable`1[FortalezaServer.Models.Item]]] GetItem(Boolean, Boolean, Boolean, System.String) on controller FortalezaServer.Controllers.ItemsController (FortalezaServer).
2021-05-20 14:52:01.025 -03:00 [INF] Entity Framework Core 3.1.10 initialized 'fortalezaitdbContext' using provider 'MySql.Data.EntityFrameworkCore' with options: None
2021-05-20 14:52:01.029 -03:00 [INF] Executed DbCommand (1ms) [Parameters=[], CommandType='"Text"', CommandTimeout='30']
SELECT `i`.`iditem`, `i`.`atacado`, `i`.`codigo_barras`, `i`.`descricao`, `i`.`disponivel`, `i`.`estoque`, `i`.`estoque_minimo`, `i`.`imagem`, `i`.`permite_combo`, `i`.`quantidade_atacado`, `i`.`tipo`, `i`.`unidade`, `i`.`unidade_inteira`, `i`.`valor`, `i`.`valor_atacado`, `i`.`visivel`
FROM `item` AS `i`
WHERE `i`.`visivel` = 1
2021-05-20 14:52:01.035 -03:00 [INF] Executing ObjectResult, writing value of type 'System.Collections.Generic.List`1[[FortalezaServer.Models.Item, FortalezaServer, Version=1.0.0.0, Culture=neutral, PublicKeyToken=null]]'.
2021-05-20 14:52:01.039 -03:00 [INF] Executed action FortalezaServer.Controllers.ItemsController.GetItem (FortalezaServer) in 15.412ms
2021-05-20 14:52:01.043 -03:00 [INF] Executed endpoint 'FortalezaServer.Controllers.ItemsController.GetItem (FortalezaServer)'
2021-05-20 14:52:01.045 -03:00 [INF] Request finished in 42.1764ms 200 application/json; charset=utf-8
