2021-02-20 00:34:12.499 -03:00 [INF] Starting web host
2021-02-20 00:34:13.552 -03:00 [INF] Now listening on: http://[::]:8000
2021-02-20 00:34:13.558 -03:00 [INF] Application started. Press Ctrl+C to shut down.
2021-02-20 00:34:13.559 -03:00 [INF] Hosting environment: Development
2021-02-20 00:34:13.560 -03:00 [INF] Content root path: C:\Users\felip\source\repos\FortalezaServer
2021-02-20 00:34:14.162 -03:00 [INF] Request starting HTTP/1.1 GET http://localhost:8000/api/status  
2021-02-20 00:34:14.207 -03:00 [INF] Executing endpoint 'FortalezaServer.Controllers.IndexController.GetStatus (FortalezaServer)'
2021-02-20 00:34:14.251 -03:00 [INF] Route matched with {action = "GetStatus", controller = "Index"}. Executing controller action with signature System.Threading.Tasks.Task`1[Microsoft.AspNetCore.Mvc.ActionResult`1[FortalezaServer.Controllers.IndexController+Status]] GetStatus() on controller FortalezaServer.Controllers.IndexController (FortalezaServer).
2021-02-20 00:34:15.042 -03:00 [INF] Entity Framework Core 3.1.10 initialized 'fortalezaitdbContext' using provider 'MySql.Data.EntityFrameworkCore' with options: None
2021-02-20 00:34:15.378 -03:00 [INF] Executing ObjectResult, writing value of type 'FortalezaServer.Controllers.IndexController+Status'.
2021-02-20 00:34:15.496 -03:00 [INF] Executed action FortalezaServer.Controllers.IndexController.GetStatus (FortalezaServer) in 1240.0942ms
2021-02-20 00:34:15.500 -03:00 [INF] Executed endpoint 'FortalezaServer.Controllers.IndexController.GetStatus (FortalezaServer)'
2021-02-20 00:34:15.505 -03:00 [INF] Request finished in 1344.8263ms 200 application/json; charset=utf-8
2021-02-20 00:34:20.668 -03:00 [INF] Request starting HTTP/1.1 GET http://localhost:8000/api  
2021-02-20 00:34:20.671 -03:00 [INF] Executing endpoint 'FortalezaServer.Controllers.IndexController.Get (FortalezaServer)'
2021-02-20 00:34:20.676 -03:00 [INF] Route matched with {action = "Get", controller = "Index"}. Executing controller action with signature System.String Get() on controller FortalezaServer.Controllers.IndexController (FortalezaServer).
2021-02-20 00:34:20.681 -03:00 [INF] Executing ObjectResult, writing value of type 'System.String'.
2021-02-20 00:34:20.684 -03:00 [INF] Executed action FortalezaServer.Controllers.IndexController.Get (FortalezaServer) in 4.7493ms
2021-02-20 00:34:20.686 -03:00 [INF] Executed endpoint 'FortalezaServer.Controllers.IndexController.Get (FortalezaServer)'
2021-02-20 00:34:20.687 -03:00 [INF] Request finished in 19.082ms 200 text/plain; charset=utf-8
2021-02-20 00:34:20.719 -03:00 [INF] Request starting HTTP/1.1 GET http://localhost:8000/api  
2021-02-20 00:34:20.720 -03:00 [INF] Executing endpoint 'FortalezaServer.Controllers.IndexController.Get (FortalezaServer)'
2021-02-20 00:34:20.722 -03:00 [INF] Route matched with {action = "Get", controller = "Index"}. Executing controller action with signature System.String Get() on controller FortalezaServer.Controllers.IndexController (FortalezaServer).
2021-02-20 00:34:20.726 -03:00 [INF] Executing ObjectResult, writing value of type 'System.String'.
2021-02-20 00:34:20.728 -03:00 [INF] Executed action FortalezaServer.Controllers.IndexController.Get (FortalezaServer) in 2.8732ms
2021-02-20 00:34:20.729 -03:00 [INF] Executed endpoint 'FortalezaServer.Controllers.IndexController.Get (FortalezaServer)'
2021-02-20 00:34:20.732 -03:00 [INF] Request finished in 12.6499ms 200 text/plain; charset=utf-8
2021-02-20 00:34:20.830 -03:00 [INF] Request starting HTTP/1.1 GET http://localhost:8000/api/vendas/actions/aberta  
2021-02-20 00:34:20.836 -03:00 [INF] Executing endpoint 'FortalezaServer.Controllers.VendasController.GetVendaAberta (FortalezaServer)'
2021-02-20 00:34:20.848 -03:00 [INF] Route matched with {action = "GetVendaAberta", controller = "Vendas"}. Executing controller action with signature System.Threading.Tasks.Task`1[Microsoft.AspNetCore.Mvc.ActionResult`1[System.Int32]] GetVendaAberta(Int32) on controller FortalezaServer.Controllers.VendasController (FortalezaServer).
2021-02-20 00:34:20.877 -03:00 [INF] Entity Framework Core 3.1.10 initialized 'fortalezaitdbContext' using provider 'MySql.Data.EntityFrameworkCore' with options: None
2021-02-20 00:34:20.991 -03:00 [INF] Request starting HTTP/1.1 GET http://localhost:8000/api/grupos  
2021-02-20 00:34:21.000 -03:00 [INF] Executing endpoint 'FortalezaServer.Controllers.GruposController.GetGrupo (FortalezaServer)'
2021-02-20 00:34:21.005 -03:00 [INF] Route matched with {action = "GetGrupo", controller = "Grupos"}. Executing controller action with signature System.Threading.Tasks.Task`1[Microsoft.AspNetCore.Mvc.ActionResult`1[System.Collections.Generic.IEnumerable`1[FortalezaServer.Models.Grupo]]] GetGrupo() on controller FortalezaServer.Controllers.GruposController (FortalezaServer).
2021-02-20 00:34:21.060 -03:00 [INF] Entity Framework Core 3.1.10 initialized 'fortalezaitdbContext' using provider 'MySql.Data.EntityFrameworkCore' with options: None
2021-02-20 00:34:21.165 -03:00 [INF] Executed DbCommand (5ms) [Parameters=[@__tipo_0='?' (DbType = Int32)], CommandType='"Text"', CommandTimeout='30']
SELECT `v`.`idvenda`, `v`.`aberta`, `v`.`acrescimo`, `v`.`desconto`, `v`.`descricao`, `v`.`hora_entrada`, `v`.`hora_fechamento`, `v`.`idcaixa`, `v`.`idcliente`, `v`.`idpdv`, `v`.`idresponsavel`, `v`.`numero_venda`, `v`.`paga`, `v`.`tipo`, `v`.`valor_pago`
FROM `venda` AS `v`
WHERE (`v`.`aberta` = 1) & (`v`.`tipo` = @__tipo_0)
LIMIT 1
2021-02-20 00:34:21.165 -03:00 [INF] Executed DbCommand (3ms) [Parameters=[], CommandType='"Text"', CommandTimeout='30']
SELECT `g`.`idgrupo`, `g`.`descricao`, `g`.`nome`, `g`.`visivel`
FROM `grupo` AS `g`
2021-02-20 00:34:21.190 -03:00 [INF] Executing ObjectResult, writing value of type 'System.Int32'.
2021-02-20 00:34:21.192 -03:00 [INF] Executed action FortalezaServer.Controllers.VendasController.GetVendaAberta (FortalezaServer) in 339.6706ms
2021-02-20 00:34:21.193 -03:00 [INF] Executed endpoint 'FortalezaServer.Controllers.VendasController.GetVendaAberta (FortalezaServer)'
2021-02-20 00:34:21.196 -03:00 [INF] Request finished in 365.9191ms 200 application/json; charset=utf-8
2021-02-20 00:34:21.226 -03:00 [INF] Executing ObjectResult, writing value of type 'System.Collections.Generic.List`1[[FortalezaServer.Models.Grupo, FortalezaServer, Version=1.0.0.0, Culture=neutral, PublicKeyToken=null]]'.
2021-02-20 00:34:21.241 -03:00 [INF] Executed action FortalezaServer.Controllers.GruposController.GetGrupo (FortalezaServer) in 220.6744ms
2021-02-20 00:34:21.242 -03:00 [INF] Executed endpoint 'FortalezaServer.Controllers.GruposController.GetGrupo (FortalezaServer)'
2021-02-20 00:34:21.244 -03:00 [INF] Request finished in 253.0277ms 200 application/json; charset=utf-8
2021-02-20 00:34:21.262 -03:00 [INF] Request starting HTTP/1.1 GET http://localhost:8000/api/items  
2021-02-20 00:34:21.263 -03:00 [INF] Executing endpoint 'FortalezaServer.Controllers.ItemsController.GetItem (FortalezaServer)'
2021-02-20 00:34:21.268 -03:00 [INF] Route matched with {action = "GetItem", controller = "Items"}. Executing controller action with signature System.Threading.Tasks.Task`1[Microsoft.AspNetCore.Mvc.ActionResult`1[System.Collections.Generic.IEnumerable`1[FortalezaServer.Models.Item]]] GetItem(Boolean, Boolean, Boolean, System.String) on controller FortalezaServer.Controllers.ItemsController (FortalezaServer).
2021-02-20 00:34:21.277 -03:00 [INF] Entity Framework Core 3.1.10 initialized 'fortalezaitdbContext' using provider 'MySql.Data.EntityFrameworkCore' with options: None
2021-02-20 00:34:21.308 -03:00 [INF] Executed DbCommand (1ms) [Parameters=[], CommandType='"Text"', CommandTimeout='30']
SELECT `i`.`iditem`, `i`.`atacado`, `i`.`codigo_barras`, `i`.`descricao`, `i`.`disponivel`, `i`.`estoque`, `i`.`estoque_minimo`, `i`.`imagem`, `i`.`permite_combo`, `i`.`quantidade_atacado`, `i`.`tipo`, `i`.`unidade`, `i`.`unidade_inteira`, `i`.`valor`, `i`.`valor_atacado`, `i`.`visivel`
FROM `item` AS `i`
WHERE `i`.`visivel` = 1
2021-02-20 00:34:21.339 -03:00 [INF] Executing ObjectResult, writing value of type 'System.Collections.Generic.List`1[[FortalezaServer.Models.Item, FortalezaServer, Version=1.0.0.0, Culture=neutral, PublicKeyToken=null]]'.
2021-02-20 00:34:21.358 -03:00 [INF] Executed action FortalezaServer.Controllers.ItemsController.GetItem (FortalezaServer) in 86.8421ms
2021-02-20 00:34:21.359 -03:00 [INF] Executed endpoint 'FortalezaServer.Controllers.ItemsController.GetItem (FortalezaServer)'
2021-02-20 00:34:21.361 -03:00 [INF] Request finished in 98.3558ms 200 application/json; charset=utf-8
2021-02-20 00:34:21.747 -03:00 [INF] Request starting HTTP/1.1 GET http://localhost:8000/api/caixas/actions/aberto?movimentos=true&idnomeCaixa=1  
2021-02-20 00:34:21.751 -03:00 [INF] Executing endpoint 'FortalezaServer.Controllers.CaixasController.GetCaixaAberto (FortalezaServer)'
2021-02-20 00:34:21.757 -03:00 [INF] Route matched with {action = "GetCaixaAberto", controller = "Caixas"}. Executing controller action with signature System.Threading.Tasks.Task`1[Microsoft.AspNetCore.Mvc.ActionResult`1[FortalezaServer.Models.Caixa]] GetCaixaAberto(Int32, Boolean) on controller FortalezaServer.Controllers.CaixasController (FortalezaServer).
2021-02-20 00:34:21.766 -03:00 [INF] Entity Framework Core 3.1.10 initialized 'fortalezaitdbContext' using provider 'MySql.Data.EntityFrameworkCore' with options: None
2021-02-20 00:34:21.824 -03:00 [INF] Executed DbCommand (1ms) [Parameters=[@__idnomeCaixa_0='?' (DbType = Int32)], CommandType='"Text"', CommandTimeout='30']
SELECT `c`.`idcaixa`, `c`.`aberto`, `c`.`idnome_caixa`, `n`.`idnome_caixa`, `n`.`nome`, `a`.`idcaixa`, `a`.`hora`, `a`.`idpdv`, `a`.`idusuario`, `p`.`idpdv`, `p`.`nome`, `u`.`idusuario`, `u`.`cpf`, `u`.`idendereco`, `u`.`login`, `u`.`nome`, `u`.`senha`, `u`.`telefone1`, `u`.`telefone2`
FROM `caixa` AS `c`
INNER JOIN `nome_caixa` AS `n` ON `c`.`idnome_caixa` = `n`.`idnome_caixa`
LEFT JOIN `abertura` AS `a` ON `c`.`idcaixa` = `a`.`idcaixa`
LEFT JOIN `pdv` AS `p` ON `a`.`idpdv` = `p`.`idpdv`
LEFT JOIN `usuario` AS `u` ON `a`.`idusuario` = `u`.`idusuario`
WHERE (`c`.`aberto` = 1) AND (`c`.`idnome_caixa` = @__idnomeCaixa_0)
LIMIT 1
2021-02-20 00:34:21.920 -03:00 [INF] Executed DbCommand (1ms) [Parameters=[@__p_0='?' (DbType = Int32)], CommandType='"Text"', CommandTimeout='30']
SELECT `m`.`idmovimento`, `m`.`descricao`, `m`.`hora_entrada`, `m`.`idbandeira`, `m`.`idcaixa`, `m`.`idforma_pagamento`, `m`.`idpdv`, `m`.`idusuario`, `m`.`tipo`, `m`.`valor`, `f`.`idforma_pagamento`, `f`.`bandeira`, `f`.`debitar_cliente`, `f`.`debito`, `f`.`gerar_contas_receber`, `f`.`nome`, `f`.`ordem`
FROM `movimento` AS `m`
LEFT JOIN `forma_pagamento` AS `f` ON `m`.`idforma_pagamento` = `f`.`idforma_pagamento`
WHERE `m`.`idcaixa` = @__p_0
2021-02-20 00:34:21.946 -03:00 [INF] Executing ObjectResult, writing value of type 'FortalezaServer.Models.Caixa'.
2021-02-20 00:34:21.978 -03:00 [INF] Executed action FortalezaServer.Controllers.CaixasController.GetCaixaAberto (FortalezaServer) in 217.8295ms
2021-02-20 00:34:21.980 -03:00 [INF] Executed endpoint 'FortalezaServer.Controllers.CaixasController.GetCaixaAberto (FortalezaServer)'
2021-02-20 00:34:21.981 -03:00 [INF] Request finished in 234.523ms 200 application/json; charset=utf-8
2021-02-20 00:34:22.037 -03:00 [INF] Request starting HTTP/1.1 GET http://localhost:8000/api/caixas?filtroData=true&dataInicial=2021-02-13&dataFinal=2021-02-20  
2021-02-20 00:34:22.039 -03:00 [INF] Executing endpoint 'FortalezaServer.Controllers.CaixasController.GetCaixa (FortalezaServer)'
2021-02-20 00:34:22.042 -03:00 [INF] Route matched with {action = "GetCaixa", controller = "Caixas"}. Executing controller action with signature System.Threading.Tasks.Task`1[Microsoft.AspNetCore.Mvc.ActionResult`1[System.Collections.Generic.IEnumerable`1[FortalezaServer.Models.Caixa]]] GetCaixa(Boolean, System.String, System.String) on controller FortalezaServer.Controllers.CaixasController (FortalezaServer).
2021-02-20 00:34:22.048 -03:00 [INF] Entity Framework Core 3.1.10 initialized 'fortalezaitdbContext' using provider 'MySql.Data.EntityFrameworkCore' with options: None
2021-02-20 00:34:22.076 -03:00 [INF] Executed DbCommand (2ms) [Parameters=[@___dataInicial_0='?' (DbType = DateTime), @___dataFinal_1='?' (DbType = DateTime)], CommandType='"Text"', CommandTimeout='30']
SELECT `c`.`idcaixa`, `c`.`aberto`, `c`.`idnome_caixa`, `n`.`idnome_caixa`, `n`.`nome`, `a`.`idcaixa`, `a`.`hora`, `a`.`idpdv`, `a`.`idusuario`, `p`.`idpdv`, `p`.`nome`, `u`.`idusuario`, `u`.`cpf`, `u`.`idendereco`, `u`.`login`, `u`.`nome`, `u`.`senha`, `u`.`telefone1`, `u`.`telefone2`, `f`.`idcaixa`, `f`.`hora`, `f`.`idpdv`, `f`.`idusuario`, `p0`.`idpdv`, `p0`.`nome`, `u0`.`idusuario`, `u0`.`cpf`, `u0`.`idendereco`, `u0`.`login`, `u0`.`nome`, `u0`.`senha`, `u0`.`telefone1`, `u0`.`telefone2`
FROM `caixa` AS `c`
LEFT JOIN `abertura` AS `a` ON `c`.`idcaixa` = `a`.`idcaixa`
INNER JOIN `nome_caixa` AS `n` ON `c`.`idnome_caixa` = `n`.`idnome_caixa`
LEFT JOIN `pdv` AS `p` ON `a`.`idpdv` = `p`.`idpdv`
LEFT JOIN `usuario` AS `u` ON `a`.`idusuario` = `u`.`idusuario`
LEFT JOIN `fechamento` AS `f` ON `c`.`idcaixa` = `f`.`idcaixa`
LEFT JOIN `pdv` AS `p0` ON `f`.`idpdv` = `p0`.`idpdv`
LEFT JOIN `usuario` AS `u0` ON `f`.`idusuario` = `u0`.`idusuario`
WHERE (`a`.`hora` > @___dataInicial_0) & (`a`.`hora` < @___dataFinal_1)
2021-02-20 00:34:22.095 -03:00 [INF] Executing ObjectResult, writing value of type 'System.Collections.Generic.List`1[[FortalezaServer.Models.Caixa, FortalezaServer, Version=1.0.0.0, Culture=neutral, PublicKeyToken=null]]'.
2021-02-20 00:34:22.100 -03:00 [INF] Executed action FortalezaServer.Controllers.CaixasController.GetCaixa (FortalezaServer) in 54.851ms
2021-02-20 00:34:22.101 -03:00 [INF] Executed endpoint 'FortalezaServer.Controllers.CaixasController.GetCaixa (FortalezaServer)'
2021-02-20 00:34:22.103 -03:00 [INF] Request finished in 65.5162ms 200 application/json; charset=utf-8
2021-02-20 00:34:24.129 -03:00 [INF] Request starting HTTP/1.1 GET http://localhost:8000/api/caixas/actions/aberto?idnomeCaixa=1  
2021-02-20 00:34:24.132 -03:00 [INF] Executing endpoint 'FortalezaServer.Controllers.CaixasController.GetCaixaAberto (FortalezaServer)'
2021-02-20 00:34:24.135 -03:00 [INF] Route matched with {action = "GetCaixaAberto", controller = "Caixas"}. Executing controller action with signature System.Threading.Tasks.Task`1[Microsoft.AspNetCore.Mvc.ActionResult`1[FortalezaServer.Models.Caixa]] GetCaixaAberto(Int32, Boolean) on controller FortalezaServer.Controllers.CaixasController (FortalezaServer).
2021-02-20 00:34:24.143 -03:00 [INF] Entity Framework Core 3.1.10 initialized 'fortalezaitdbContext' using provider 'MySql.Data.EntityFrameworkCore' with options: None
2021-02-20 00:34:24.154 -03:00 [INF] Executed DbCommand (2ms) [Parameters=[@__idnomeCaixa_0='?' (DbType = Int32)], CommandType='"Text"', CommandTimeout='30']
SELECT `c`.`idcaixa`, `c`.`aberto`, `c`.`idnome_caixa`, `n`.`idnome_caixa`, `n`.`nome`, `a`.`idcaixa`, `a`.`hora`, `a`.`idpdv`, `a`.`idusuario`, `p`.`idpdv`, `p`.`nome`, `u`.`idusuario`, `u`.`cpf`, `u`.`idendereco`, `u`.`login`, `u`.`nome`, `u`.`senha`, `u`.`telefone1`, `u`.`telefone2`
FROM `caixa` AS `c`
INNER JOIN `nome_caixa` AS `n` ON `c`.`idnome_caixa` = `n`.`idnome_caixa`
LEFT JOIN `abertura` AS `a` ON `c`.`idcaixa` = `a`.`idcaixa`
LEFT JOIN `pdv` AS `p` ON `a`.`idpdv` = `p`.`idpdv`
LEFT JOIN `usuario` AS `u` ON `a`.`idusuario` = `u`.`idusuario`
WHERE (`c`.`aberto` = 1) AND (`c`.`idnome_caixa` = @__idnomeCaixa_0)
LIMIT 1
2021-02-20 00:34:24.162 -03:00 [INF] Executing ObjectResult, writing value of type 'FortalezaServer.Models.Caixa'.
2021-02-20 00:34:24.165 -03:00 [INF] Executed action FortalezaServer.Controllers.CaixasController.GetCaixaAberto (FortalezaServer) in 25.7175ms
2021-02-20 00:34:24.168 -03:00 [INF] Executed endpoint 'FortalezaServer.Controllers.CaixasController.GetCaixaAberto (FortalezaServer)'
2021-02-20 00:34:24.170 -03:00 [INF] Request finished in 40.9918ms 200 application/json; charset=utf-8
2021-02-20 00:34:24.172 -03:00 [INF] Request starting HTTP/1.1 GET http://localhost:8000/api/pdvs/1  
2021-02-20 00:34:24.174 -03:00 [INF] Executing endpoint 'FortalezaServer.Controllers.PdvsController.GetPdv (FortalezaServer)'
2021-02-20 00:34:24.179 -03:00 [INF] Route matched with {action = "GetPdv", controller = "Pdvs"}. Executing controller action with signature System.Threading.Tasks.Task`1[Microsoft.AspNetCore.Mvc.ActionResult`1[FortalezaServer.Models.Pdv]] GetPdv(Int32) on controller FortalezaServer.Controllers.PdvsController (FortalezaServer).
2021-02-20 00:34:24.184 -03:00 [INF] Entity Framework Core 3.1.10 initialized 'fortalezaitdbContext' using provider 'MySql.Data.EntityFrameworkCore' with options: None
2021-02-20 00:34:24.193 -03:00 [INF] Executed DbCommand (0ms) [Parameters=[@__p_0='?' (DbType = Int32)], CommandType='"Text"', CommandTimeout='30']
SELECT `p`.`idpdv`, `p`.`nome`
FROM `pdv` AS `p`
WHERE `p`.`idpdv` = @__p_0
LIMIT 1
2021-02-20 00:34:24.198 -03:00 [INF] Executing ObjectResult, writing value of type 'FortalezaServer.Models.Pdv'.
2021-02-20 00:34:24.199 -03:00 [INF] Executed action FortalezaServer.Controllers.PdvsController.GetPdv (FortalezaServer) in 17.4939ms
2021-02-20 00:34:24.201 -03:00 [INF] Executed endpoint 'FortalezaServer.Controllers.PdvsController.GetPdv (FortalezaServer)'
2021-02-20 00:34:24.202 -03:00 [INF] Request finished in 30.0324ms 200 application/json; charset=utf-8
2021-02-20 00:34:24.205 -03:00 [INF] Request starting HTTP/1.1 GET http://localhost:8000/api/formapagamentos  
2021-02-20 00:34:24.206 -03:00 [INF] Executing endpoint 'FortalezaServer.Controllers.FormaPagamentosController.GetFormaPagamento (FortalezaServer)'
2021-02-20 00:34:24.211 -03:00 [INF] Route matched with {action = "GetFormaPagamento", controller = "FormaPagamentos"}. Executing controller action with signature System.Threading.Tasks.Task`1[Microsoft.AspNetCore.Mvc.ActionResult`1[System.Collections.Generic.IEnumerable`1[FortalezaServer.Models.FormaPagamento]]] GetFormaPagamento() on controller FortalezaServer.Controllers.FormaPagamentosController (FortalezaServer).
2021-02-20 00:34:24.215 -03:00 [INF] Entity Framework Core 3.1.10 initialized 'fortalezaitdbContext' using provider 'MySql.Data.EntityFrameworkCore' with options: None
2021-02-20 00:34:24.224 -03:00 [INF] Executed DbCommand (0ms) [Parameters=[], CommandType='"Text"', CommandTimeout='30']
SELECT `f`.`idforma_pagamento`, `f`.`bandeira`, `f`.`debitar_cliente`, `f`.`debito`, `f`.`gerar_contas_receber`, `f`.`nome`, `f`.`ordem`
FROM `forma_pagamento` AS `f`
ORDER BY `f`.`ordem`
2021-02-20 00:34:24.227 -03:00 [INF] Executing ObjectResult, writing value of type 'System.Collections.Generic.List`1[[FortalezaServer.Models.FormaPagamento, FortalezaServer, Version=1.0.0.0, Culture=neutral, PublicKeyToken=null]]'.
2021-02-20 00:34:24.230 -03:00 [INF] Executed action FortalezaServer.Controllers.FormaPagamentosController.GetFormaPagamento (FortalezaServer) in 15.8754ms
2021-02-20 00:34:24.231 -03:00 [INF] Executed endpoint 'FortalezaServer.Controllers.FormaPagamentosController.GetFormaPagamento (FortalezaServer)'
2021-02-20 00:34:24.233 -03:00 [INF] Request finished in 27.9711ms 200 application/json; charset=utf-8
2021-02-20 00:34:26.741 -03:00 [INF] Request starting HTTP/1.1 GET http://localhost:8000/api/bandeiras  
2021-02-20 00:34:26.742 -03:00 [INF] Executing endpoint 'FortalezaServer.Controllers.BandeirasController.GetBandeira (FortalezaServer)'
2021-02-20 00:34:26.748 -03:00 [INF] Route matched with {action = "GetBandeira", controller = "Bandeiras"}. Executing controller action with signature System.Threading.Tasks.Task`1[Microsoft.AspNetCore.Mvc.ActionResult`1[System.Collections.Generic.IEnumerable`1[FortalezaServer.Models.Bandeira]]] GetBandeira() on controller FortalezaServer.Controllers.BandeirasController (FortalezaServer).
2021-02-20 00:34:26.759 -03:00 [INF] Entity Framework Core 3.1.10 initialized 'fortalezaitdbContext' using provider 'MySql.Data.EntityFrameworkCore' with options: None
2021-02-20 00:34:26.771 -03:00 [INF] Executed DbCommand (1ms) [Parameters=[], CommandType='"Text"', CommandTimeout='30']
SELECT `b`.`idbandeira`, `b`.`nome`, `b`.`ordem`, `b`.`prazo1`, `b`.`prazo2`, `b`.`taxa1`, `b`.`taxa2`
FROM `bandeira` AS `b`
ORDER BY `b`.`ordem`
2021-02-20 00:34:26.781 -03:00 [INF] Executing ObjectResult, writing value of type 'System.Collections.Generic.List`1[[FortalezaServer.Models.Bandeira, FortalezaServer, Version=1.0.0.0, Culture=neutral, PublicKeyToken=null]]'.
2021-02-20 00:34:26.787 -03:00 [INF] Executed action FortalezaServer.Controllers.BandeirasController.GetBandeira (FortalezaServer) in 30.1562ms
2021-02-20 00:34:26.790 -03:00 [INF] Executed endpoint 'FortalezaServer.Controllers.BandeirasController.GetBandeira (FortalezaServer)'
2021-02-20 00:34:26.791 -03:00 [INF] Request finished in 50.5685ms 200 application/json; charset=utf-8
2021-02-20 00:34:29.577 -03:00 [INF] Request starting HTTP/1.1 POST http://localhost:8000/api/movimentos application/json; charset=utf-8 1547
2021-02-20 00:34:29.578 -03:00 [INF] Executing endpoint 'FortalezaServer.Controllers.MovimentosController.PostMovimento (FortalezaServer)'
2021-02-20 00:34:29.582 -03:00 [INF] Route matched with {action = "PostMovimento", controller = "Movimentos"}. Executing controller action with signature System.Threading.Tasks.Task`1[Microsoft.AspNetCore.Mvc.ActionResult`1[FortalezaServer.Models.Movimento]] PostMovimento(FortalezaServer.Models.Movimento) on controller FortalezaServer.Controllers.MovimentosController (FortalezaServer).
2021-02-20 00:34:29.666 -03:00 [INF] Entity Framework Core 3.1.10 initialized 'fortalezaitdbContext' using provider 'MySql.Data.EntityFrameworkCore' with options: None
2021-02-20 00:34:29.760 -03:00 [INF] Executed DbCommand (2ms) [Parameters=[@p0='?' (Size = 255), @p1='?' (DbType = DateTime), @p2='?' (DbType = Int32), @p3='?' (DbType = Int32), @p4='?' (DbType = Int32), @p5='?' (DbType = Int32), @p6='?' (DbType = Int32), @p7='?' (DbType = Int32), @p8='?' (DbType = Decimal)], CommandType='"Text"', CommandTimeout='30']
INSERT INTO `movimento` (`descricao`, `hora_entrada`, `idbandeira`, `idcaixa`, `idforma_pagamento`, `idpdv`, `idusuario`, `tipo`, `valor`)
VALUES (@p0, @p1, @p2, @p3, @p4, @p5, @p6, @p7, @p8);
SELECT `idmovimento`
FROM `movimento`
WHERE ROW_COUNT() = 1
 AND `idmovimento`=LAST_INSERT_ID();
2021-02-20 00:34:29.796 -03:00 [INF] Executing ObjectResult, writing value of type 'FortalezaServer.Models.Movimento'.
2021-02-20 00:34:29.823 -03:00 [INF] Executed action FortalezaServer.Controllers.MovimentosController.PostMovimento (FortalezaServer) in 237.9856ms
2021-02-20 00:34:29.826 -03:00 [INF] Executed endpoint 'FortalezaServer.Controllers.MovimentosController.PostMovimento (FortalezaServer)'
2021-02-20 00:34:29.827 -03:00 [INF] Request finished in 250.3291ms 201 application/json; charset=utf-8
2021-02-20 00:34:29.830 -03:00 [INF] Request starting HTTP/1.1 GET http://localhost:8000/api/caixas/actions/aberto?movimentos=true&idnomeCaixa=1  
2021-02-20 00:34:29.832 -03:00 [INF] Executing endpoint 'FortalezaServer.Controllers.CaixasController.GetCaixaAberto (FortalezaServer)'
2021-02-20 00:34:29.833 -03:00 [INF] Route matched with {action = "GetCaixaAberto", controller = "Caixas"}. Executing controller action with signature System.Threading.Tasks.Task`1[Microsoft.AspNetCore.Mvc.ActionResult`1[FortalezaServer.Models.Caixa]] GetCaixaAberto(Int32, Boolean) on controller FortalezaServer.Controllers.CaixasController (FortalezaServer).
2021-02-20 00:34:29.841 -03:00 [INF] Entity Framework Core 3.1.10 initialized 'fortalezaitdbContext' using provider 'MySql.Data.EntityFrameworkCore' with options: None
2021-02-20 00:34:29.849 -03:00 [INF] Executed DbCommand (1ms) [Parameters=[@__idnomeCaixa_0='?' (DbType = Int32)], CommandType='"Text"', CommandTimeout='30']
SELECT `c`.`idcaixa`, `c`.`aberto`, `c`.`idnome_caixa`, `n`.`idnome_caixa`, `n`.`nome`, `a`.`idcaixa`, `a`.`hora`, `a`.`idpdv`, `a`.`idusuario`, `p`.`idpdv`, `p`.`nome`, `u`.`idusuario`, `u`.`cpf`, `u`.`idendereco`, `u`.`login`, `u`.`nome`, `u`.`senha`, `u`.`telefone1`, `u`.`telefone2`
FROM `caixa` AS `c`
INNER JOIN `nome_caixa` AS `n` ON `c`.`idnome_caixa` = `n`.`idnome_caixa`
LEFT JOIN `abertura` AS `a` ON `c`.`idcaixa` = `a`.`idcaixa`
LEFT JOIN `pdv` AS `p` ON `a`.`idpdv` = `p`.`idpdv`
LEFT JOIN `usuario` AS `u` ON `a`.`idusuario` = `u`.`idusuario`
WHERE (`c`.`aberto` = 1) AND (`c`.`idnome_caixa` = @__idnomeCaixa_0)
LIMIT 1
2021-02-20 00:34:29.855 -03:00 [INF] Executed DbCommand (0ms) [Parameters=[@__p_0='?' (DbType = Int32)], CommandType='"Text"', CommandTimeout='30']
SELECT `m`.`idmovimento`, `m`.`descricao`, `m`.`hora_entrada`, `m`.`idbandeira`, `m`.`idcaixa`, `m`.`idforma_pagamento`, `m`.`idpdv`, `m`.`idusuario`, `m`.`tipo`, `m`.`valor`, `f`.`idforma_pagamento`, `f`.`bandeira`, `f`.`debitar_cliente`, `f`.`debito`, `f`.`gerar_contas_receber`, `f`.`nome`, `f`.`ordem`
FROM `movimento` AS `m`
LEFT JOIN `forma_pagamento` AS `f` ON `m`.`idforma_pagamento` = `f`.`idforma_pagamento`
WHERE `m`.`idcaixa` = @__p_0
2021-02-20 00:34:29.861 -03:00 [INF] Executing ObjectResult, writing value of type 'FortalezaServer.Models.Caixa'.
2021-02-20 00:34:29.863 -03:00 [INF] Executed action FortalezaServer.Controllers.CaixasController.GetCaixaAberto (FortalezaServer) in 23.0609ms
2021-02-20 00:34:29.865 -03:00 [INF] Executed endpoint 'FortalezaServer.Controllers.CaixasController.GetCaixaAberto (FortalezaServer)'
2021-02-20 00:34:29.867 -03:00 [INF] Request finished in 36.7653ms 200 application/json; charset=utf-8
2021-02-20 00:34:29.871 -03:00 [INF] Request starting HTTP/1.1 GET http://localhost:8000/api/caixas?filtroData=true&dataInicial=2021-02-13&dataFinal=2021-02-20  
2021-02-20 00:34:29.874 -03:00 [INF] Executing endpoint 'FortalezaServer.Controllers.CaixasController.GetCaixa (FortalezaServer)'
2021-02-20 00:34:29.875 -03:00 [INF] Route matched with {action = "GetCaixa", controller = "Caixas"}. Executing controller action with signature System.Threading.Tasks.Task`1[Microsoft.AspNetCore.Mvc.ActionResult`1[System.Collections.Generic.IEnumerable`1[FortalezaServer.Models.Caixa]]] GetCaixa(Boolean, System.String, System.String) on controller FortalezaServer.Controllers.CaixasController (FortalezaServer).
2021-02-20 00:34:29.878 -03:00 [INF] Entity Framework Core 3.1.10 initialized 'fortalezaitdbContext' using provider 'MySql.Data.EntityFrameworkCore' with options: None
2021-02-20 00:34:29.882 -03:00 [INF] Executed DbCommand (1ms) [Parameters=[@___dataInicial_0='?' (DbType = DateTime), @___dataFinal_1='?' (DbType = DateTime)], CommandType='"Text"', CommandTimeout='30']
SELECT `c`.`idcaixa`, `c`.`aberto`, `c`.`idnome_caixa`, `n`.`idnome_caixa`, `n`.`nome`, `a`.`idcaixa`, `a`.`hora`, `a`.`idpdv`, `a`.`idusuario`, `p`.`idpdv`, `p`.`nome`, `u`.`idusuario`, `u`.`cpf`, `u`.`idendereco`, `u`.`login`, `u`.`nome`, `u`.`senha`, `u`.`telefone1`, `u`.`telefone2`, `f`.`idcaixa`, `f`.`hora`, `f`.`idpdv`, `f`.`idusuario`, `p0`.`idpdv`, `p0`.`nome`, `u0`.`idusuario`, `u0`.`cpf`, `u0`.`idendereco`, `u0`.`login`, `u0`.`nome`, `u0`.`senha`, `u0`.`telefone1`, `u0`.`telefone2`
FROM `caixa` AS `c`
LEFT JOIN `abertura` AS `a` ON `c`.`idcaixa` = `a`.`idcaixa`
INNER JOIN `nome_caixa` AS `n` ON `c`.`idnome_caixa` = `n`.`idnome_caixa`
LEFT JOIN `pdv` AS `p` ON `a`.`idpdv` = `p`.`idpdv`
LEFT JOIN `usuario` AS `u` ON `a`.`idusuario` = `u`.`idusuario`
LEFT JOIN `fechamento` AS `f` ON `c`.`idcaixa` = `f`.`idcaixa`
LEFT JOIN `pdv` AS `p0` ON `f`.`idpdv` = `p0`.`idpdv`
LEFT JOIN `usuario` AS `u0` ON `f`.`idusuario` = `u0`.`idusuario`
WHERE (`a`.`hora` > @___dataInicial_0) & (`a`.`hora` < @___dataFinal_1)
2021-02-20 00:34:29.887 -03:00 [INF] Executing ObjectResult, writing value of type 'System.Collections.Generic.List`1[[FortalezaServer.Models.Caixa, FortalezaServer, Version=1.0.0.0, Culture=neutral, PublicKeyToken=null]]'.
2021-02-20 00:34:29.894 -03:00 [INF] Executed action FortalezaServer.Controllers.CaixasController.GetCaixa (FortalezaServer) in 16.1872ms
2021-02-20 00:34:29.897 -03:00 [INF] Executed endpoint 'FortalezaServer.Controllers.CaixasController.GetCaixa (FortalezaServer)'
2021-02-20 00:34:29.901 -03:00 [INF] Request finished in 30.0496ms 200 application/json; charset=utf-8
2021-02-20 00:34:36.770 -03:00 [INF] Request starting HTTP/1.1 GET http://localhost:8000/api/clientes  
2021-02-20 00:34:36.772 -03:00 [INF] Executing endpoint 'FortalezaServer.Controllers.ClientesController.GetCliente (FortalezaServer)'
2021-02-20 00:34:36.783 -03:00 [INF] Route matched with {action = "GetCliente", controller = "Clientes"}. Executing controller action with signature System.Threading.Tasks.Task`1[Microsoft.AspNetCore.Mvc.ActionResult`1[System.Collections.Generic.IEnumerable`1[FortalezaServer.Models.Cliente]]] GetCliente(System.String) on controller FortalezaServer.Controllers.ClientesController (FortalezaServer).
2021-02-20 00:34:36.791 -03:00 [INF] Entity Framework Core 3.1.10 initialized 'fortalezaitdbContext' using provider 'MySql.Data.EntityFrameworkCore' with options: None
2021-02-20 00:34:36.812 -03:00 [INF] Executed DbCommand (3ms) [Parameters=[], CommandType='"Text"', CommandTimeout='30']
SELECT `c`.`idcliente`, `c`.`celular`, `c`.`cpf`, `c`.`email`, `c`.`idendereco`, `c`.`nome`, `c`.`rg`, `c`.`telefone`, `e`.`idendereco`, `e`.`bairro`, `e`.`cep`, `e`.`complemento`, `e`.`descricao`, `e`.`logradouro`, `e`.`municipio`, `e`.`numero`, `e`.`tipo`, `e`.`UF`
FROM `cliente` AS `c`
LEFT JOIN `endereco` AS `e` ON `c`.`idendereco` = `e`.`idendereco`
2021-02-20 00:34:36.816 -03:00 [INF] Executing ObjectResult, writing value of type 'System.Collections.Generic.List`1[[FortalezaServer.Models.Cliente, FortalezaServer, Version=1.0.0.0, Culture=neutral, PublicKeyToken=null]]'.
2021-02-20 00:34:36.820 -03:00 [INF] Executed action FortalezaServer.Controllers.ClientesController.GetCliente (FortalezaServer) in 32.3291ms
2021-02-20 00:34:36.822 -03:00 [INF] Executed endpoint 'FortalezaServer.Controllers.ClientesController.GetCliente (FortalezaServer)'
2021-02-20 00:34:36.824 -03:00 [INF] Request finished in 54.061ms 200 application/json; charset=utf-8
2021-02-20 00:34:43.691 -03:00 [INF] Request starting HTTP/1.1 POST http://localhost:8000/api/clientes application/json; charset=utf-8 412
2021-02-20 00:34:43.693 -03:00 [INF] Executing endpoint 'FortalezaServer.Controllers.ClientesController.PostCliente (FortalezaServer)'
2021-02-20 00:34:43.699 -03:00 [INF] Route matched with {action = "PostCliente", controller = "Clientes"}. Executing controller action with signature System.Threading.Tasks.Task`1[Microsoft.AspNetCore.Mvc.ActionResult`1[FortalezaServer.Models.Cliente]] PostCliente(FortalezaServer.Models.Cliente) on controller FortalezaServer.Controllers.ClientesController (FortalezaServer).
2021-02-20 00:34:43.714 -03:00 [INF] Entity Framework Core 3.1.10 initialized 'fortalezaitdbContext' using provider 'MySql.Data.EntityFrameworkCore' with options: None
2021-02-20 00:34:43.750 -03:00 [INF] Executed DbCommand (1ms) [Parameters=[@p0='?' (Size = 255), @p1='?' (Size = 8), @p2='?' (Size = 255), @p3='?' (Size = 255), @p4='?' (Size = 255), @p5='?' (Size = 255), @p6='?' (Size = 255), @p7='?' (Size = 255), @p8='?' (Size = 2)], CommandType='"Text"', CommandTimeout='30']
INSERT INTO `endereco` (`bairro`, `cep`, `complemento`, `descricao`, `logradouro`, `municipio`, `numero`, `tipo`, `UF`)
VALUES (@p0, @p1, @p2, @p3, @p4, @p5, @p6, @p7, @p8);
SELECT `idendereco`
FROM `endereco`
WHERE ROW_COUNT() = 1
 AND `idendereco`=LAST_INSERT_ID();
2021-02-20 00:34:43.758 -03:00 [INF] Executed DbCommand (1ms) [Parameters=[@p9='?' (Size = 20), @p10='?' (Size = 14), @p11='?' (Size = 255), @p12='?' (DbType = Int32), @p13='?' (Size = 255), @p14='?' (Size = 9), @p15='?' (Size = 20)], CommandType='"Text"', CommandTimeout='30']
INSERT INTO `cliente` (`celular`, `cpf`, `email`, `idendereco`, `nome`, `rg`, `telefone`)
VALUES (@p9, @p10, @p11, @p12, @p13, @p14, @p15);
SELECT `idcliente`
FROM `cliente`
WHERE ROW_COUNT() = 1
 AND `idcliente`=LAST_INSERT_ID();
2021-02-20 00:34:43.765 -03:00 [INF] Executing ObjectResult, writing value of type 'FortalezaServer.Models.Cliente'.
2021-02-20 00:34:43.772 -03:00 [INF] Executed action FortalezaServer.Controllers.ClientesController.PostCliente (FortalezaServer) in 68.7308ms
2021-02-20 00:34:43.773 -03:00 [INF] Executed endpoint 'FortalezaServer.Controllers.ClientesController.PostCliente (FortalezaServer)'
2021-02-20 00:34:43.775 -03:00 [INF] Request finished in 83.2614ms 201 application/json; charset=utf-8
2021-02-20 00:34:43.791 -03:00 [INF] Request starting HTTP/1.1 GET http://localhost:8000/api/clientes  
2021-02-20 00:34:43.792 -03:00 [INF] Executing endpoint 'FortalezaServer.Controllers.ClientesController.GetCliente (FortalezaServer)'
2021-02-20 00:34:43.794 -03:00 [INF] Route matched with {action = "GetCliente", controller = "Clientes"}. Executing controller action with signature System.Threading.Tasks.Task`1[Microsoft.AspNetCore.Mvc.ActionResult`1[System.Collections.Generic.IEnumerable`1[FortalezaServer.Models.Cliente]]] GetCliente(System.String) on controller FortalezaServer.Controllers.ClientesController (FortalezaServer).
2021-02-20 00:34:43.801 -03:00 [INF] Entity Framework Core 3.1.10 initialized 'fortalezaitdbContext' using provider 'MySql.Data.EntityFrameworkCore' with options: None
2021-02-20 00:34:43.805 -03:00 [INF] Executed DbCommand (0ms) [Parameters=[], CommandType='"Text"', CommandTimeout='30']
SELECT `c`.`idcliente`, `c`.`celular`, `c`.`cpf`, `c`.`email`, `c`.`idendereco`, `c`.`nome`, `c`.`rg`, `c`.`telefone`, `e`.`idendereco`, `e`.`bairro`, `e`.`cep`, `e`.`complemento`, `e`.`descricao`, `e`.`logradouro`, `e`.`municipio`, `e`.`numero`, `e`.`tipo`, `e`.`UF`
FROM `cliente` AS `c`
LEFT JOIN `endereco` AS `e` ON `c`.`idendereco` = `e`.`idendereco`
2021-02-20 00:34:43.809 -03:00 [INF] Executing ObjectResult, writing value of type 'System.Collections.Generic.List`1[[FortalezaServer.Models.Cliente, FortalezaServer, Version=1.0.0.0, Culture=neutral, PublicKeyToken=null]]'.
2021-02-20 00:34:43.813 -03:00 [INF] Executed action FortalezaServer.Controllers.ClientesController.GetCliente (FortalezaServer) in 12.904ms
2021-02-20 00:34:43.815 -03:00 [INF] Executed endpoint 'FortalezaServer.Controllers.ClientesController.GetCliente (FortalezaServer)'
2021-02-20 00:34:43.817 -03:00 [INF] Request finished in 26.1796ms 200 application/json; charset=utf-8
2021-02-20 00:34:45.008 -03:00 [INF] Request starting HTTP/1.1 GET http://localhost:8000/api/clientes/1?movimentos=true  
2021-02-20 00:34:45.010 -03:00 [INF] Executing endpoint 'FortalezaServer.Controllers.ClientesController.GetCliente (FortalezaServer)'
2021-02-20 00:34:45.015 -03:00 [INF] Route matched with {action = "GetCliente", controller = "Clientes"}. Executing controller action with signature System.Threading.Tasks.Task`1[Microsoft.AspNetCore.Mvc.ActionResult`1[FortalezaServer.Models.Cliente]] GetCliente(System.String, Boolean, Boolean) on controller FortalezaServer.Controllers.ClientesController (FortalezaServer).
2021-02-20 00:34:45.020 -03:00 [INF] Entity Framework Core 3.1.10 initialized 'fortalezaitdbContext' using provider 'MySql.Data.EntityFrameworkCore' with options: None
2021-02-20 00:34:45.074 -03:00 [INF] Executed DbCommand (6ms) [Parameters=[@___id_0='?' (DbType = Int32)], CommandType='"Text"', CommandTimeout='30']
SELECT `t`.`idcliente`, `t`.`celular`, `t`.`cpf`, `t`.`email`, `t`.`idendereco`, `t`.`nome`, `t`.`rg`, `t`.`telefone`, `t`.`idendereco0`, `t`.`bairro`, `t`.`cep`, `t`.`complemento`, `t`.`descricao`, `t`.`logradouro`, `t`.`municipio`, `t`.`numero`, `t`.`tipo`, `t`.`UF`, `t0`.`idcliente`, `t0`.`idmovimento`, `t0`.`idmovimento0`, `t0`.`descricao`, `t0`.`hora_entrada`, `t0`.`idbandeira`, `t0`.`idcaixa`, `t0`.`idforma_pagamento`, `t0`.`idpdv`, `t0`.`idusuario`, `t0`.`tipo`, `t0`.`valor`
FROM (
    SELECT `c`.`idcliente`, `c`.`celular`, `c`.`cpf`, `c`.`email`, `c`.`idendereco`, `c`.`nome`, `c`.`rg`, `c`.`telefone`, `e`.`idendereco` AS `idendereco0`, `e`.`bairro`, `e`.`cep`, `e`.`complemento`, `e`.`descricao`, `e`.`logradouro`, `e`.`municipio`, `e`.`numero`, `e`.`tipo`, `e`.`UF`
    FROM `cliente` AS `c`
    LEFT JOIN `endereco` AS `e` ON `c`.`idendereco` = `e`.`idendereco`
    WHERE `c`.`idcliente` = @___id_0
    LIMIT 1
) AS `t`
LEFT JOIN (
    SELECT `c0`.`idcliente`, `c0`.`idmovimento`, `m`.`idmovimento` AS `idmovimento0`, `m`.`descricao`, `m`.`hora_entrada`, `m`.`idbandeira`, `m`.`idcaixa`, `m`.`idforma_pagamento`, `m`.`idpdv`, `m`.`idusuario`, `m`.`tipo`, `m`.`valor`
    FROM `cliente_has_movimento` AS `c0`
    INNER JOIN `movimento` AS `m` ON `c0`.`idmovimento` = `m`.`idmovimento`
) AS `t0` ON `t`.`idcliente` = `t0`.`idcliente`
ORDER BY `t`.`idcliente`, `t0`.`idcliente`, `t0`.`idmovimento`, `t0`.`idmovimento0`
2021-02-20 00:34:45.092 -03:00 [INF] Executing ObjectResult, writing value of type 'FortalezaServer.Models.Cliente'.
2021-02-20 00:34:45.096 -03:00 [INF] Executed action FortalezaServer.Controllers.ClientesController.GetCliente (FortalezaServer) in 77.6011ms
2021-02-20 00:34:45.098 -03:00 [INF] Executed endpoint 'FortalezaServer.Controllers.ClientesController.GetCliente (FortalezaServer)'
2021-02-20 00:34:45.099 -03:00 [INF] Request finished in 91.6918ms 200 application/json; charset=utf-8
2021-02-20 00:34:52.531 -03:00 [INF] Request starting HTTP/1.1 GET http://localhost:8000/api/pdvs/1  
2021-02-20 00:34:52.534 -03:00 [INF] Executing endpoint 'FortalezaServer.Controllers.PdvsController.GetPdv (FortalezaServer)'
2021-02-20 00:34:52.537 -03:00 [INF] Route matched with {action = "GetPdv", controller = "Pdvs"}. Executing controller action with signature System.Threading.Tasks.Task`1[Microsoft.AspNetCore.Mvc.ActionResult`1[FortalezaServer.Models.Pdv]] GetPdv(Int32) on controller FortalezaServer.Controllers.PdvsController (FortalezaServer).
2021-02-20 00:34:52.544 -03:00 [INF] Entity Framework Core 3.1.10 initialized 'fortalezaitdbContext' using provider 'MySql.Data.EntityFrameworkCore' with options: None
2021-02-20 00:34:52.553 -03:00 [INF] Executed DbCommand (2ms) [Parameters=[@__p_0='?' (DbType = Int32)], CommandType='"Text"', CommandTimeout='30']
SELECT `p`.`idpdv`, `p`.`nome`
FROM `pdv` AS `p`
WHERE `p`.`idpdv` = @__p_0
LIMIT 1
2021-02-20 00:34:52.563 -03:00 [INF] Executing ObjectResult, writing value of type 'FortalezaServer.Models.Pdv'.
2021-02-20 00:34:52.566 -03:00 [INF] Executed action FortalezaServer.Controllers.PdvsController.GetPdv (FortalezaServer) in 24.5244ms
2021-02-20 00:34:52.568 -03:00 [INF] Executed endpoint 'FortalezaServer.Controllers.PdvsController.GetPdv (FortalezaServer)'
2021-02-20 00:34:52.571 -03:00 [INF] Request finished in 40.7814ms 200 application/json; charset=utf-8
2021-02-20 00:34:52.628 -03:00 [INF] Request starting HTTP/1.1 GET http://localhost:8000/api/formapagamentos  
2021-02-20 00:34:52.629 -03:00 [INF] Executing endpoint 'FortalezaServer.Controllers.FormaPagamentosController.GetFormaPagamento (FortalezaServer)'
2021-02-20 00:34:52.633 -03:00 [INF] Route matched with {action = "GetFormaPagamento", controller = "FormaPagamentos"}. Executing controller action with signature System.Threading.Tasks.Task`1[Microsoft.AspNetCore.Mvc.ActionResult`1[System.Collections.Generic.IEnumerable`1[FortalezaServer.Models.FormaPagamento]]] GetFormaPagamento() on controller FortalezaServer.Controllers.FormaPagamentosController (FortalezaServer).
2021-02-20 00:34:52.640 -03:00 [INF] Entity Framework Core 3.1.10 initialized 'fortalezaitdbContext' using provider 'MySql.Data.EntityFrameworkCore' with options: None
2021-02-20 00:34:52.645 -03:00 [INF] Executed DbCommand (1ms) [Parameters=[], CommandType='"Text"', CommandTimeout='30']
SELECT `f`.`idforma_pagamento`, `f`.`bandeira`, `f`.`debitar_cliente`, `f`.`debito`, `f`.`gerar_contas_receber`, `f`.`nome`, `f`.`ordem`
FROM `forma_pagamento` AS `f`
ORDER BY `f`.`ordem`
2021-02-20 00:34:52.651 -03:00 [INF] Executing ObjectResult, writing value of type 'System.Collections.Generic.List`1[[FortalezaServer.Models.FormaPagamento, FortalezaServer, Version=1.0.0.0, Culture=neutral, PublicKeyToken=null]]'.
2021-02-20 00:34:52.656 -03:00 [INF] Executed action FortalezaServer.Controllers.FormaPagamentosController.GetFormaPagamento (FortalezaServer) in 16.4745ms
2021-02-20 00:34:52.658 -03:00 [INF] Executed endpoint 'FortalezaServer.Controllers.FormaPagamentosController.GetFormaPagamento (FortalezaServer)'
2021-02-20 00:34:52.660 -03:00 [INF] Request finished in 32.4702ms 200 application/json; charset=utf-8
2021-02-20 00:35:03.675 -03:00 [INF] Request starting HTTP/1.1 GET http://localhost:8000/api/bandeiras  
2021-02-20 00:35:03.676 -03:00 [INF] Executing endpoint 'FortalezaServer.Controllers.BandeirasController.GetBandeira (FortalezaServer)'
2021-02-20 00:35:03.678 -03:00 [INF] Route matched with {action = "GetBandeira", controller = "Bandeiras"}. Executing controller action with signature System.Threading.Tasks.Task`1[Microsoft.AspNetCore.Mvc.ActionResult`1[System.Collections.Generic.IEnumerable`1[FortalezaServer.Models.Bandeira]]] GetBandeira() on controller FortalezaServer.Controllers.BandeirasController (FortalezaServer).
2021-02-20 00:35:03.684 -03:00 [INF] Entity Framework Core 3.1.10 initialized 'fortalezaitdbContext' using provider 'MySql.Data.EntityFrameworkCore' with options: None
2021-02-20 00:35:03.692 -03:00 [INF] Executed DbCommand (1ms) [Parameters=[], CommandType='"Text"', CommandTimeout='30']
SELECT `b`.`idbandeira`, `b`.`nome`, `b`.`ordem`, `b`.`prazo1`, `b`.`prazo2`, `b`.`taxa1`, `b`.`taxa2`
FROM `bandeira` AS `b`
ORDER BY `b`.`ordem`
2021-02-20 00:35:03.697 -03:00 [INF] Executing ObjectResult, writing value of type 'System.Collections.Generic.List`1[[FortalezaServer.Models.Bandeira, FortalezaServer, Version=1.0.0.0, Culture=neutral, PublicKeyToken=null]]'.
2021-02-20 00:35:03.699 -03:00 [INF] Executed action FortalezaServer.Controllers.BandeirasController.GetBandeira (FortalezaServer) in 15.3656ms
2021-02-20 00:35:03.703 -03:00 [INF] Executed endpoint 'FortalezaServer.Controllers.BandeirasController.GetBandeira (FortalezaServer)'
2021-02-20 00:35:03.705 -03:00 [INF] Request finished in 30.639ms 200 application/json; charset=utf-8
2021-02-20 00:35:13.771 -03:00 [INF] Request starting HTTP/1.1 POST http://localhost:8000/api/clientes/1/movimento application/json; charset=utf-8 948
2021-02-20 00:35:13.772 -03:00 [INF] Executing endpoint 'FortalezaServer.Controllers.ClientesController.PostMovimento (FortalezaServer)'
2021-02-20 00:35:13.777 -03:00 [INF] Route matched with {action = "PostMovimento", controller = "Clientes"}. Executing controller action with signature System.Threading.Tasks.Task`1[Microsoft.AspNetCore.Mvc.IActionResult] PostMovimento(Int32, FortalezaServer.Models.Movimento) on controller FortalezaServer.Controllers.ClientesController (FortalezaServer).
2021-02-20 00:35:13.783 -03:00 [INF] Entity Framework Core 3.1.10 initialized 'fortalezaitdbContext' using provider 'MySql.Data.EntityFrameworkCore' with options: None
2021-02-20 00:35:13.791 -03:00 [INF] Executed DbCommand (0ms) [Parameters=[@__p_0='?' (DbType = Int32)], CommandType='"Text"', CommandTimeout='30']
SELECT `c`.`idcliente`, `c`.`celular`, `c`.`cpf`, `c`.`email`, `c`.`idendereco`, `c`.`nome`, `c`.`rg`, `c`.`telefone`
FROM `cliente` AS `c`
WHERE `c`.`idcliente` = @__p_0
LIMIT 1
