2021-02-19 17:57:41.425 -03:00 [INF] Starting web host
2021-02-19 17:57:42.612 -03:00 [INF] Now listening on: http://[::]:8000
2021-02-19 17:57:42.617 -03:00 [INF] Application started. Press Ctrl+C to shut down.
2021-02-19 17:57:42.618 -03:00 [INF] Hosting environment: Development
2021-02-19 17:57:42.619 -03:00 [INF] Content root path: C:\Users\felip\source\repos\FortalezaServer
2021-02-19 17:57:43.675 -03:00 [INF] Request starting HTTP/1.1 GET http://localhost:8000/api/status  
2021-02-19 17:57:43.728 -03:00 [INF] Executing endpoint 'FortalezaServer.Controllers.IndexController.GetStatus (FortalezaServer)'
2021-02-19 17:57:43.776 -03:00 [INF] Route matched with {action = "GetStatus", controller = "Index"}. Executing controller action with signature System.Threading.Tasks.Task`1[Microsoft.AspNetCore.Mvc.ActionResult`1[FortalezaServer.Controllers.IndexController+Status]] GetStatus() on controller FortalezaServer.Controllers.IndexController (FortalezaServer).
2021-02-19 17:57:44.730 -03:00 [INF] Entity Framework Core 3.1.10 initialized 'fortalezaitdbContext' using provider 'MySql.Data.EntityFrameworkCore' with options: None
2021-02-19 17:57:45.066 -03:00 [INF] Executing ObjectResult, writing value of type 'FortalezaServer.Controllers.IndexController+Status'.
2021-02-19 17:57:45.181 -03:00 [INF] Executed action FortalezaServer.Controllers.IndexController.GetStatus (FortalezaServer) in 1399.0576ms
2021-02-19 17:57:45.184 -03:00 [INF] Executed endpoint 'FortalezaServer.Controllers.IndexController.GetStatus (FortalezaServer)'
2021-02-19 17:57:45.189 -03:00 [INF] Request finished in 1518.1145ms 200 application/json; charset=utf-8
2021-02-19 17:57:48.336 -03:00 [INF] Request starting HTTP/1.1 GET http://localhost:8000/api  
2021-02-19 17:57:48.340 -03:00 [INF] Executing endpoint 'FortalezaServer.Controllers.IndexController.Get (FortalezaServer)'
2021-02-19 17:57:48.343 -03:00 [INF] Route matched with {action = "Get", controller = "Index"}. Executing controller action with signature System.String Get() on controller FortalezaServer.Controllers.IndexController (FortalezaServer).
2021-02-19 17:57:48.346 -03:00 [INF] Executing ObjectResult, writing value of type 'System.String'.
2021-02-19 17:57:48.347 -03:00 [INF] Executed action FortalezaServer.Controllers.IndexController.Get (FortalezaServer) in 2.6811ms
2021-02-19 17:57:48.349 -03:00 [INF] Executed endpoint 'FortalezaServer.Controllers.IndexController.Get (FortalezaServer)'
2021-02-19 17:57:48.351 -03:00 [INF] Request finished in 14.5389ms 200 text/plain; charset=utf-8
2021-02-19 17:57:48.376 -03:00 [INF] Request starting HTTP/1.1 GET http://localhost:8000/api  
2021-02-19 17:57:48.376 -03:00 [INF] Executing endpoint 'FortalezaServer.Controllers.IndexController.Get (FortalezaServer)'
2021-02-19 17:57:48.378 -03:00 [INF] Route matched with {action = "Get", controller = "Index"}. Executing controller action with signature System.String Get() on controller FortalezaServer.Controllers.IndexController (FortalezaServer).
2021-02-19 17:57:48.380 -03:00 [INF] Executing ObjectResult, writing value of type 'System.String'.
2021-02-19 17:57:48.381 -03:00 [INF] Executed action FortalezaServer.Controllers.IndexController.Get (FortalezaServer) in 2.2176ms
2021-02-19 17:57:48.384 -03:00 [INF] Executed endpoint 'FortalezaServer.Controllers.IndexController.Get (FortalezaServer)'
2021-02-19 17:57:48.386 -03:00 [INF] Request finished in 10.357ms 200 text/plain; charset=utf-8
2021-02-19 17:57:48.437 -03:00 [INF] Request starting HTTP/1.1 GET http://localhost:8000/api/vendas/actions/aberta  
2021-02-19 17:57:48.441 -03:00 [INF] Executing endpoint 'FortalezaServer.Controllers.VendasController.GetVendaAberta (FortalezaServer)'
2021-02-19 17:57:48.452 -03:00 [INF] Route matched with {action = "GetVendaAberta", controller = "Vendas"}. Executing controller action with signature System.Threading.Tasks.Task`1[Microsoft.AspNetCore.Mvc.ActionResult`1[System.Int32]] GetVendaAberta(Int32) on controller FortalezaServer.Controllers.VendasController (FortalezaServer).
2021-02-19 17:57:48.475 -03:00 [INF] Entity Framework Core 3.1.10 initialized 'fortalezaitdbContext' using provider 'MySql.Data.EntityFrameworkCore' with options: None
2021-02-19 17:57:48.557 -03:00 [INF] Request starting HTTP/1.1 GET http://localhost:8000/api/grupos  
2021-02-19 17:57:48.558 -03:00 [INF] Executing endpoint 'FortalezaServer.Controllers.GruposController.GetGrupo (FortalezaServer)'
2021-02-19 17:57:48.562 -03:00 [INF] Route matched with {action = "GetGrupo", controller = "Grupos"}. Executing controller action with signature System.Threading.Tasks.Task`1[Microsoft.AspNetCore.Mvc.ActionResult`1[System.Collections.Generic.IEnumerable`1[FortalezaServer.Models.Grupo]]] GetGrupo() on controller FortalezaServer.Controllers.GruposController (FortalezaServer).
2021-02-19 17:57:48.600 -03:00 [INF] Entity Framework Core 3.1.10 initialized 'fortalezaitdbContext' using provider 'MySql.Data.EntityFrameworkCore' with options: None
2021-02-19 17:57:48.686 -03:00 [INF] Executed DbCommand (4ms) [Parameters=[@__tipo_0='?' (DbType = Int32)], CommandType='"Text"', CommandTimeout='30']
SELECT `v`.`idvenda`, `v`.`aberta`, `v`.`acrescimo`, `v`.`desconto`, `v`.`descricao`, `v`.`hora_entrada`, `v`.`hora_fechamento`, `v`.`idcaixa`, `v`.`idcliente`, `v`.`idpdv`, `v`.`idresponsavel`, `v`.`numero_venda`, `v`.`paga`, `v`.`tipo`, `v`.`valor_pago`
FROM `venda` AS `v`
WHERE (`v`.`aberta` = 1) & (`v`.`tipo` = @__tipo_0)
LIMIT 1
2021-02-19 17:57:48.686 -03:00 [INF] Executed DbCommand (2ms) [Parameters=[], CommandType='"Text"', CommandTimeout='30']
SELECT `g`.`idgrupo`, `g`.`descricao`, `g`.`nome`, `g`.`visivel`
FROM `grupo` AS `g`
2021-02-19 17:57:48.700 -03:00 [INF] Executing ObjectResult, writing value of type 'System.Int32'.
2021-02-19 17:57:48.704 -03:00 [INF] Executed action FortalezaServer.Controllers.VendasController.GetVendaAberta (FortalezaServer) in 248.9625ms
2021-02-19 17:57:48.706 -03:00 [INF] Executed endpoint 'FortalezaServer.Controllers.VendasController.GetVendaAberta (FortalezaServer)'
2021-02-19 17:57:48.707 -03:00 [INF] Request finished in 270.9ms 200 application/json; charset=utf-8
2021-02-19 17:57:48.735 -03:00 [INF] Executing ObjectResult, writing value of type 'System.Collections.Generic.List`1[[FortalezaServer.Models.Grupo, FortalezaServer, Version=1.0.0.0, Culture=neutral, PublicKeyToken=null]]'.
2021-02-19 17:57:48.748 -03:00 [INF] Executed action FortalezaServer.Controllers.GruposController.GetGrupo (FortalezaServer) in 183.2043ms
2021-02-19 17:57:48.750 -03:00 [INF] Executed endpoint 'FortalezaServer.Controllers.GruposController.GetGrupo (FortalezaServer)'
2021-02-19 17:57:48.752 -03:00 [INF] Request finished in 194.992ms 200 application/json; charset=utf-8
2021-02-19 17:57:48.769 -03:00 [INF] Request starting HTTP/1.1 GET http://localhost:8000/api/items  
2021-02-19 17:57:48.770 -03:00 [INF] Executing endpoint 'FortalezaServer.Controllers.ItemsController.GetItem (FortalezaServer)'
2021-02-19 17:57:48.775 -03:00 [INF] Route matched with {action = "GetItem", controller = "Items"}. Executing controller action with signature System.Threading.Tasks.Task`1[Microsoft.AspNetCore.Mvc.ActionResult`1[System.Collections.Generic.IEnumerable`1[FortalezaServer.Models.Item]]] GetItem(Boolean, Boolean, Boolean) on controller FortalezaServer.Controllers.ItemsController (FortalezaServer).
2021-02-19 17:57:48.782 -03:00 [INF] Entity Framework Core 3.1.10 initialized 'fortalezaitdbContext' using provider 'MySql.Data.EntityFrameworkCore' with options: None
2021-02-19 17:57:48.814 -03:00 [INF] Executed DbCommand (1ms) [Parameters=[], CommandType='"Text"', CommandTimeout='30']
SELECT `i`.`iditem`, `i`.`atacado`, `i`.`codigo_barras`, `i`.`descricao`, `i`.`disponivel`, `i`.`estoque`, `i`.`estoque_minimo`, `i`.`imagem`, `i`.`permite_combo`, `i`.`quantidade_atacado`, `i`.`tipo`, `i`.`unidade`, `i`.`unidade_inteira`, `i`.`valor`, `i`.`valor_atacado`, `i`.`visivel`
FROM `item` AS `i`
WHERE `i`.`visivel` = 1
2021-02-19 17:57:48.846 -03:00 [INF] Executing ObjectResult, writing value of type 'System.Collections.Generic.List`1[[FortalezaServer.Models.Item, FortalezaServer, Version=1.0.0.0, Culture=neutral, PublicKeyToken=null]]'.
2021-02-19 17:57:48.863 -03:00 [INF] Executed action FortalezaServer.Controllers.ItemsController.GetItem (FortalezaServer) in 84.3614ms
2021-02-19 17:57:48.865 -03:00 [INF] Executed endpoint 'FortalezaServer.Controllers.ItemsController.GetItem (FortalezaServer)'
2021-02-19 17:57:48.867 -03:00 [INF] Request finished in 97.4282ms 200 application/json; charset=utf-8
2021-02-19 17:57:58.617 -03:00 [INF] Request starting HTTP/1.1 GET http://localhost:8000/api/clientes  
2021-02-19 17:57:58.618 -03:00 [INF] Executing endpoint 'FortalezaServer.Controllers.ClientesController.GetCliente (FortalezaServer)'
2021-02-19 17:57:58.622 -03:00 [INF] Route matched with {action = "GetCliente", controller = "Clientes"}. Executing controller action with signature System.Threading.Tasks.Task`1[Microsoft.AspNetCore.Mvc.ActionResult`1[System.Collections.Generic.IEnumerable`1[FortalezaServer.Models.Cliente]]] GetCliente(System.String) on controller FortalezaServer.Controllers.ClientesController (FortalezaServer).
2021-02-19 17:57:58.629 -03:00 [INF] Entity Framework Core 3.1.10 initialized 'fortalezaitdbContext' using provider 'MySql.Data.EntityFrameworkCore' with options: None
2021-02-19 17:57:58.667 -03:00 [INF] Executed DbCommand (1ms) [Parameters=[], CommandType='"Text"', CommandTimeout='30']
SELECT `c`.`idcliente`, `c`.`celular`, `c`.`cpf`, `c`.`email`, `c`.`idendereco`, `c`.`nome`, `c`.`telefone`, `e`.`idendereco`, `e`.`bairro`, `e`.`cep`, `e`.`complemento`, `e`.`descricao`, `e`.`logradouro`, `e`.`municipio`, `e`.`numero`, `e`.`tipo`, `e`.`UF`
FROM `cliente` AS `c`
LEFT JOIN `endereco` AS `e` ON `c`.`idendereco` = `e`.`idendereco`
2021-02-19 17:57:58.698 -03:00 [INF] Executing ObjectResult, writing value of type 'System.Collections.Generic.List`1[[FortalezaServer.Models.Cliente, FortalezaServer, Version=1.0.0.0, Culture=neutral, PublicKeyToken=null]]'.
2021-02-19 17:57:58.716 -03:00 [INF] Executed action FortalezaServer.Controllers.ClientesController.GetCliente (FortalezaServer) in 90.2008ms
2021-02-19 17:57:58.717 -03:00 [INF] Executed endpoint 'FortalezaServer.Controllers.ClientesController.GetCliente (FortalezaServer)'
2021-02-19 17:57:58.719 -03:00 [INF] Request finished in 102.7534ms 200 application/json; charset=utf-8
2021-02-19 17:58:06.226 -03:00 [INF] Request starting HTTP/1.1 GET http://localhost:8000/api/clientes?query=ped  
2021-02-19 17:58:06.227 -03:00 [INF] Executing endpoint 'FortalezaServer.Controllers.ClientesController.GetCliente (FortalezaServer)'
2021-02-19 17:58:06.228 -03:00 [INF] Route matched with {action = "GetCliente", controller = "Clientes"}. Executing controller action with signature System.Threading.Tasks.Task`1[Microsoft.AspNetCore.Mvc.ActionResult`1[System.Collections.Generic.IEnumerable`1[FortalezaServer.Models.Cliente]]] GetCliente(System.String) on controller FortalezaServer.Controllers.ClientesController (FortalezaServer).
2021-02-19 17:58:06.235 -03:00 [INF] Entity Framework Core 3.1.10 initialized 'fortalezaitdbContext' using provider 'MySql.Data.EntityFrameworkCore' with options: None
2021-02-19 17:58:06.265 -03:00 [INF] Executed DbCommand (2ms) [Parameters=[@__query_0='?' (Size = 4000)], CommandType='"Text"', CommandTimeout='30']
SELECT `c`.`idcliente`
FROM `cliente` AS `c`
WHERE (LOCATE(CONVERT(LCASE(@__query_0) USING utf8mb4) COLLATE utf8mb4_bin, LCASE(`c`.`nome`)) > 0) OR (@__query_0 = '')
2021-02-19 17:58:06.272 -03:00 [INF] Executed DbCommand (0ms) [Parameters=[@__query_0='?' (Size = 4000)], CommandType='"Text"', CommandTimeout='30']
SELECT `c`.`idcliente`
FROM `cliente` AS `c`
WHERE (LOCATE(CONVERT(LCASE(@__query_0) USING utf8mb4) COLLATE utf8mb4_bin, LCASE(`c`.`cpf`)) > 0) OR (@__query_0 = '')
2021-02-19 17:58:06.276 -03:00 [INF] Executed DbCommand (0ms) [Parameters=[@__query_0='?' (Size = 4000)], CommandType='"Text"', CommandTimeout='30']
SELECT `c`.`idcliente`
FROM `cliente` AS `c`
WHERE (LOCATE(CONVERT(LCASE(@__query_0) USING utf8mb4) COLLATE utf8mb4_bin, LCASE(`c`.`telefone`)) > 0) OR (@__query_0 = '')
2021-02-19 17:58:06.294 -03:00 [INF] Executed DbCommand (0ms) [Parameters=[@__p_0='?' (DbType = Int32)], CommandType='"Text"', CommandTimeout='30']
SELECT `c`.`idcliente`, `c`.`celular`, `c`.`cpf`, `c`.`email`, `c`.`idendereco`, `c`.`nome`, `c`.`telefone`
FROM `cliente` AS `c`
WHERE `c`.`idcliente` = @__p_0
LIMIT 1
2021-02-19 17:58:06.301 -03:00 [INF] Executed DbCommand (0ms) [Parameters=[@__p_0='?' (DbType = Int32)], CommandType='"Text"', CommandTimeout='30']
SELECT `c`.`idcliente`, `c`.`celular`, `c`.`cpf`, `c`.`email`, `c`.`idendereco`, `c`.`nome`, `c`.`telefone`
FROM `cliente` AS `c`
WHERE `c`.`idcliente` = @__p_0
LIMIT 1
2021-02-19 17:58:06.304 -03:00 [INF] Executing ObjectResult, writing value of type 'System.Collections.Generic.List`1[[FortalezaServer.Models.Cliente, FortalezaServer, Version=1.0.0.0, Culture=neutral, PublicKeyToken=null]]'.
2021-02-19 17:58:06.306 -03:00 [INF] Executed action FortalezaServer.Controllers.ClientesController.GetCliente (FortalezaServer) in 75.0058ms
2021-02-19 17:58:06.308 -03:00 [INF] Executed endpoint 'FortalezaServer.Controllers.ClientesController.GetCliente (FortalezaServer)'
2021-02-19 17:58:06.309 -03:00 [INF] Request finished in 83.1996ms 200 application/json; charset=utf-8
2021-02-19 17:58:12.689 -03:00 [INF] Request starting HTTP/1.1 GET http://localhost:8000/api/clientes?query=pedro  
2021-02-19 17:58:12.690 -03:00 [INF] Executing endpoint 'FortalezaServer.Controllers.ClientesController.GetCliente (FortalezaServer)'
2021-02-19 17:58:12.692 -03:00 [INF] Route matched with {action = "GetCliente", controller = "Clientes"}. Executing controller action with signature System.Threading.Tasks.Task`1[Microsoft.AspNetCore.Mvc.ActionResult`1[System.Collections.Generic.IEnumerable`1[FortalezaServer.Models.Cliente]]] GetCliente(System.String) on controller FortalezaServer.Controllers.ClientesController (FortalezaServer).
2021-02-19 17:58:12.697 -03:00 [INF] Entity Framework Core 3.1.10 initialized 'fortalezaitdbContext' using provider 'MySql.Data.EntityFrameworkCore' with options: None
2021-02-19 17:58:12.704 -03:00 [INF] Executed DbCommand (1ms) [Parameters=[@__query_0='?' (Size = 4000)], CommandType='"Text"', CommandTimeout='30']
SELECT `c`.`idcliente`
FROM `cliente` AS `c`
WHERE (LOCATE(CONVERT(LCASE(@__query_0) USING utf8mb4) COLLATE utf8mb4_bin, LCASE(`c`.`nome`)) > 0) OR (@__query_0 = '')
2021-02-19 17:58:12.708 -03:00 [INF] Executed DbCommand (0ms) [Parameters=[@__query_0='?' (Size = 4000)], CommandType='"Text"', CommandTimeout='30']
SELECT `c`.`idcliente`
FROM `cliente` AS `c`
WHERE (LOCATE(CONVERT(LCASE(@__query_0) USING utf8mb4) COLLATE utf8mb4_bin, LCASE(`c`.`cpf`)) > 0) OR (@__query_0 = '')
2021-02-19 17:58:12.711 -03:00 [INF] Executed DbCommand (0ms) [Parameters=[@__query_0='?' (Size = 4000)], CommandType='"Text"', CommandTimeout='30']
SELECT `c`.`idcliente`
FROM `cliente` AS `c`
WHERE (LOCATE(CONVERT(LCASE(@__query_0) USING utf8mb4) COLLATE utf8mb4_bin, LCASE(`c`.`telefone`)) > 0) OR (@__query_0 = '')
2021-02-19 17:58:12.718 -03:00 [INF] Executed DbCommand (0ms) [Parameters=[@__p_0='?' (DbType = Int32)], CommandType='"Text"', CommandTimeout='30']
SELECT `c`.`idcliente`, `c`.`celular`, `c`.`cpf`, `c`.`email`, `c`.`idendereco`, `c`.`nome`, `c`.`telefone`
FROM `cliente` AS `c`
WHERE `c`.`idcliente` = @__p_0
LIMIT 1
2021-02-19 17:58:12.724 -03:00 [INF] Executed DbCommand (0ms) [Parameters=[@__p_0='?' (DbType = Int32)], CommandType='"Text"', CommandTimeout='30']
SELECT `c`.`idcliente`, `c`.`celular`, `c`.`cpf`, `c`.`email`, `c`.`idendereco`, `c`.`nome`, `c`.`telefone`
FROM `cliente` AS `c`
WHERE `c`.`idcliente` = @__p_0
LIMIT 1
2021-02-19 17:58:12.728 -03:00 [INF] Executing ObjectResult, writing value of type 'System.Collections.Generic.List`1[[FortalezaServer.Models.Cliente, FortalezaServer, Version=1.0.0.0, Culture=neutral, PublicKeyToken=null]]'.
2021-02-19 17:58:12.732 -03:00 [INF] Executed action FortalezaServer.Controllers.ClientesController.GetCliente (FortalezaServer) in 37.7283ms
2021-02-19 17:58:12.734 -03:00 [INF] Executed endpoint 'FortalezaServer.Controllers.ClientesController.GetCliente (FortalezaServer)'
2021-02-19 17:58:12.737 -03:00 [INF] Request finished in 48.6157ms 200 application/json; charset=utf-8
2021-02-19 17:58:16.390 -03:00 [INF] Request starting HTTP/1.1 GET http://localhost:8000/api/clientes?query=p  
2021-02-19 17:58:16.392 -03:00 [INF] Executing endpoint 'FortalezaServer.Controllers.ClientesController.GetCliente (FortalezaServer)'
2021-02-19 17:58:16.393 -03:00 [INF] Route matched with {action = "GetCliente", controller = "Clientes"}. Executing controller action with signature System.Threading.Tasks.Task`1[Microsoft.AspNetCore.Mvc.ActionResult`1[System.Collections.Generic.IEnumerable`1[FortalezaServer.Models.Cliente]]] GetCliente(System.String) on controller FortalezaServer.Controllers.ClientesController (FortalezaServer).
2021-02-19 17:58:16.397 -03:00 [INF] Entity Framework Core 3.1.10 initialized 'fortalezaitdbContext' using provider 'MySql.Data.EntityFrameworkCore' with options: None
2021-02-19 17:58:16.400 -03:00 [INF] Executed DbCommand (0ms) [Parameters=[@__query_0='?' (Size = 4000)], CommandType='"Text"', CommandTimeout='30']
SELECT `c`.`idcliente`
FROM `cliente` AS `c`
WHERE (LOCATE(CONVERT(LCASE(@__query_0) USING utf8mb4) COLLATE utf8mb4_bin, LCASE(`c`.`nome`)) > 0) OR (@__query_0 = '')
2021-02-19 17:58:16.406 -03:00 [INF] Executed DbCommand (0ms) [Parameters=[@__query_0='?' (Size = 4000)], CommandType='"Text"', CommandTimeout='30']
SELECT `c`.`idcliente`
FROM `cliente` AS `c`
WHERE (LOCATE(CONVERT(LCASE(@__query_0) USING utf8mb4) COLLATE utf8mb4_bin, LCASE(`c`.`cpf`)) > 0) OR (@__query_0 = '')
2021-02-19 17:58:16.409 -03:00 [INF] Executed DbCommand (0ms) [Parameters=[@__query_0='?' (Size = 4000)], CommandType='"Text"', CommandTimeout='30']
SELECT `c`.`idcliente`
FROM `cliente` AS `c`
WHERE (LOCATE(CONVERT(LCASE(@__query_0) USING utf8mb4) COLLATE utf8mb4_bin, LCASE(`c`.`telefone`)) > 0) OR (@__query_0 = '')
2021-02-19 17:58:16.413 -03:00 [INF] Executed DbCommand (0ms) [Parameters=[@__p_0='?' (DbType = Int32)], CommandType='"Text"', CommandTimeout='30']
SELECT `c`.`idcliente`, `c`.`celular`, `c`.`cpf`, `c`.`email`, `c`.`idendereco`, `c`.`nome`, `c`.`telefone`
FROM `cliente` AS `c`
WHERE `c`.`idcliente` = @__p_0
LIMIT 1
2021-02-19 17:58:16.419 -03:00 [INF] Executed DbCommand (0ms) [Parameters=[@__p_0='?' (DbType = Int32)], CommandType='"Text"', CommandTimeout='30']
SELECT `c`.`idcliente`, `c`.`celular`, `c`.`cpf`, `c`.`email`, `c`.`idendereco`, `c`.`nome`, `c`.`telefone`
FROM `cliente` AS `c`
WHERE `c`.`idcliente` = @__p_0
LIMIT 1
2021-02-19 17:58:16.423 -03:00 [INF] Executing ObjectResult, writing value of type 'System.Collections.Generic.List`1[[FortalezaServer.Models.Cliente, FortalezaServer, Version=1.0.0.0, Culture=neutral, PublicKeyToken=null]]'.
2021-02-19 17:58:16.424 -03:00 [INF] Executed action FortalezaServer.Controllers.ClientesController.GetCliente (FortalezaServer) in 28.8667ms
2021-02-19 17:58:16.426 -03:00 [INF] Executed endpoint 'FortalezaServer.Controllers.ClientesController.GetCliente (FortalezaServer)'
2021-02-19 17:58:16.427 -03:00 [INF] Request finished in 37.0515ms 200 application/json; charset=utf-8
2021-02-19 17:58:19.390 -03:00 [INF] Request starting HTTP/1.1 GET http://localhost:8000/api/clientes?query=M  
2021-02-19 17:58:19.392 -03:00 [INF] Executing endpoint 'FortalezaServer.Controllers.ClientesController.GetCliente (FortalezaServer)'
2021-02-19 17:58:19.393 -03:00 [INF] Route matched with {action = "GetCliente", controller = "Clientes"}. Executing controller action with signature System.Threading.Tasks.Task`1[Microsoft.AspNetCore.Mvc.ActionResult`1[System.Collections.Generic.IEnumerable`1[FortalezaServer.Models.Cliente]]] GetCliente(System.String) on controller FortalezaServer.Controllers.ClientesController (FortalezaServer).
2021-02-19 17:58:19.400 -03:00 [INF] Entity Framework Core 3.1.10 initialized 'fortalezaitdbContext' using provider 'MySql.Data.EntityFrameworkCore' with options: None
2021-02-19 17:58:19.406 -03:00 [INF] Executed DbCommand (1ms) [Parameters=[@__query_0='?' (Size = 4000)], CommandType='"Text"', CommandTimeout='30']
SELECT `c`.`idcliente`
FROM `cliente` AS `c`
WHERE (LOCATE(CONVERT(LCASE(@__query_0) USING utf8mb4) COLLATE utf8mb4_bin, LCASE(`c`.`nome`)) > 0) OR (@__query_0 = '')
2021-02-19 17:58:19.411 -03:00 [INF] Executed DbCommand (1ms) [Parameters=[@__query_0='?' (Size = 4000)], CommandType='"Text"', CommandTimeout='30']
SELECT `c`.`idcliente`
FROM `cliente` AS `c`
WHERE (LOCATE(CONVERT(LCASE(@__query_0) USING utf8mb4) COLLATE utf8mb4_bin, LCASE(`c`.`cpf`)) > 0) OR (@__query_0 = '')
2021-02-19 17:58:19.420 -03:00 [INF] Executed DbCommand (0ms) [Parameters=[@__query_0='?' (Size = 4000)], CommandType='"Text"', CommandTimeout='30']
SELECT `c`.`idcliente`
FROM `cliente` AS `c`
WHERE (LOCATE(CONVERT(LCASE(@__query_0) USING utf8mb4) COLLATE utf8mb4_bin, LCASE(`c`.`telefone`)) > 0) OR (@__query_0 = '')
2021-02-19 17:58:19.426 -03:00 [INF] Executed DbCommand (1ms) [Parameters=[@__p_0='?' (DbType = Int32)], CommandType='"Text"', CommandTimeout='30']
SELECT `c`.`idcliente`, `c`.`celular`, `c`.`cpf`, `c`.`email`, `c`.`idendereco`, `c`.`nome`, `c`.`telefone`
FROM `cliente` AS `c`
WHERE `c`.`idcliente` = @__p_0
LIMIT 1
2021-02-19 17:58:19.433 -03:00 [INF] Executed DbCommand (1ms) [Parameters=[@__p_0='?' (DbType = Int32)], CommandType='"Text"', CommandTimeout='30']
SELECT `c`.`idcliente`, `c`.`celular`, `c`.`cpf`, `c`.`email`, `c`.`idendereco`, `c`.`nome`, `c`.`telefone`
FROM `cliente` AS `c`
WHERE `c`.`idcliente` = @__p_0
LIMIT 1
2021-02-19 17:58:19.437 -03:00 [INF] Executing ObjectResult, writing value of type 'System.Collections.Generic.List`1[[FortalezaServer.Models.Cliente, FortalezaServer, Version=1.0.0.0, Culture=neutral, PublicKeyToken=null]]'.
2021-02-19 17:58:19.440 -03:00 [INF] Executed action FortalezaServer.Controllers.ClientesController.GetCliente (FortalezaServer) in 41.9018ms
2021-02-19 17:58:19.441 -03:00 [INF] Executed endpoint 'FortalezaServer.Controllers.ClientesController.GetCliente (FortalezaServer)'
2021-02-19 17:58:19.443 -03:00 [INF] Request finished in 52.5452ms 200 application/json; charset=utf-8
