2021-02-19 17:01:32.697 -03:00 [INF] Starting web host
2021-02-19 17:01:33.938 -03:00 [INF] Now listening on: http://[::]:8000
2021-02-19 17:01:33.943 -03:00 [INF] Application started. Press Ctrl+C to shut down.
2021-02-19 17:01:33.944 -03:00 [INF] Hosting environment: Development
2021-02-19 17:01:33.945 -03:00 [INF] Content root path: C:\Users\felip\source\repos\FortalezaServer
2021-02-19 17:01:35.184 -03:00 [INF] Request starting HTTP/1.1 GET http://localhost:8000/api/status  
2021-02-19 17:01:35.274 -03:00 [INF] Executing endpoint 'FortalezaServer.Controllers.IndexController.GetStatus (FortalezaServer)'
2021-02-19 17:01:35.338 -03:00 [INF] Route matched with {action = "GetStatus", controller = "Index"}. Executing controller action with signature System.Threading.Tasks.Task`1[Microsoft.AspNetCore.Mvc.ActionResult`1[FortalezaServer.Controllers.IndexController+Status]] GetStatus() on controller FortalezaServer.Controllers.IndexController (FortalezaServer).
2021-02-19 17:01:36.512 -03:00 [INF] Entity Framework Core 3.1.10 initialized 'fortalezaitdbContext' using provider 'MySql.Data.EntityFrameworkCore' with options: None
2021-02-19 17:01:36.870 -03:00 [INF] Executing ObjectResult, writing value of type 'FortalezaServer.Controllers.IndexController+Status'.
2021-02-19 17:01:36.978 -03:00 [INF] Executed action FortalezaServer.Controllers.IndexController.GetStatus (FortalezaServer) in 1632.3932ms
2021-02-19 17:01:36.984 -03:00 [INF] Executed endpoint 'FortalezaServer.Controllers.IndexController.GetStatus (FortalezaServer)'
2021-02-19 17:01:36.993 -03:00 [INF] Request finished in 1813.8227ms 200 application/json; charset=utf-8
2021-02-19 17:02:24.542 -03:00 [INF] Request starting HTTP/1.1 GET http://localhost:8000/api  
2021-02-19 17:02:24.545 -03:00 [INF] Executing endpoint 'FortalezaServer.Controllers.IndexController.Get (FortalezaServer)'
2021-02-19 17:02:24.550 -03:00 [INF] Route matched with {action = "Get", controller = "Index"}. Executing controller action with signature System.String Get() on controller FortalezaServer.Controllers.IndexController (FortalezaServer).
2021-02-19 17:02:24.558 -03:00 [INF] Executing ObjectResult, writing value of type 'System.String'.
2021-02-19 17:02:24.561 -03:00 [INF] Executed action FortalezaServer.Controllers.IndexController.Get (FortalezaServer) in 8.4449ms
2021-02-19 17:02:24.563 -03:00 [INF] Executed endpoint 'FortalezaServer.Controllers.IndexController.Get (FortalezaServer)'
2021-02-19 17:02:24.568 -03:00 [INF] Request finished in 27.0789ms 200 text/plain; charset=utf-8
2021-02-19 17:02:24.608 -03:00 [INF] Request starting HTTP/1.1 GET http://localhost:8000/api  
2021-02-19 17:02:24.609 -03:00 [INF] Executing endpoint 'FortalezaServer.Controllers.IndexController.Get (FortalezaServer)'
2021-02-19 17:02:24.611 -03:00 [INF] Route matched with {action = "Get", controller = "Index"}. Executing controller action with signature System.String Get() on controller FortalezaServer.Controllers.IndexController (FortalezaServer).
2021-02-19 17:02:24.614 -03:00 [INF] Executing ObjectResult, writing value of type 'System.String'.
2021-02-19 17:02:24.616 -03:00 [INF] Executed action FortalezaServer.Controllers.IndexController.Get (FortalezaServer) in 3.0151ms
2021-02-19 17:02:24.618 -03:00 [INF] Executed endpoint 'FortalezaServer.Controllers.IndexController.Get (FortalezaServer)'
2021-02-19 17:02:24.623 -03:00 [INF] Request finished in 14.5874ms 200 text/plain; charset=utf-8
2021-02-19 17:02:24.724 -03:00 [INF] Request starting HTTP/1.1 GET http://localhost:8000/api/vendas/actions/aberta  
2021-02-19 17:02:24.729 -03:00 [INF] Executing endpoint 'FortalezaServer.Controllers.VendasController.GetVendaAberta (FortalezaServer)'
2021-02-19 17:02:24.743 -03:00 [INF] Route matched with {action = "GetVendaAberta", controller = "Vendas"}. Executing controller action with signature System.Threading.Tasks.Task`1[Microsoft.AspNetCore.Mvc.ActionResult`1[System.Int32]] GetVendaAberta(Int32) on controller FortalezaServer.Controllers.VendasController (FortalezaServer).
2021-02-19 17:02:24.771 -03:00 [INF] Entity Framework Core 3.1.10 initialized 'fortalezaitdbContext' using provider 'MySql.Data.EntityFrameworkCore' with options: None
2021-02-19 17:02:24.887 -03:00 [INF] Request starting HTTP/1.1 GET http://localhost:8000/api/grupos  
2021-02-19 17:02:24.888 -03:00 [INF] Executing endpoint 'FortalezaServer.Controllers.GruposController.GetGrupo (FortalezaServer)'
2021-02-19 17:02:24.894 -03:00 [INF] Route matched with {action = "GetGrupo", controller = "Grupos"}. Executing controller action with signature System.Threading.Tasks.Task`1[Microsoft.AspNetCore.Mvc.ActionResult`1[System.Collections.Generic.IEnumerable`1[FortalezaServer.Models.Grupo]]] GetGrupo() on controller FortalezaServer.Controllers.GruposController (FortalezaServer).
2021-02-19 17:02:24.940 -03:00 [INF] Entity Framework Core 3.1.10 initialized 'fortalezaitdbContext' using provider 'MySql.Data.EntityFrameworkCore' with options: None
2021-02-19 17:02:25.061 -03:00 [INF] Executed DbCommand (3ms) [Parameters=[], CommandType='"Text"', CommandTimeout='30']
SELECT `g`.`idgrupo`, `g`.`descricao`, `g`.`nome`, `g`.`visivel`
FROM `grupo` AS `g`
2021-02-19 17:02:25.061 -03:00 [INF] Executed DbCommand (5ms) [Parameters=[@__tipo_0='?' (DbType = Int32)], CommandType='"Text"', CommandTimeout='30']
SELECT `v`.`idvenda`, `v`.`aberta`, `v`.`acrescimo`, `v`.`desconto`, `v`.`descricao`, `v`.`hora_entrada`, `v`.`hora_fechamento`, `v`.`idcaixa`, `v`.`idcliente`, `v`.`idpdv`, `v`.`idresponsavel`, `v`.`numero_venda`, `v`.`paga`, `v`.`tipo`, `v`.`valor_pago`
FROM `venda` AS `v`
WHERE (`v`.`aberta` = 1) & (`v`.`tipo` = @__tipo_0)
LIMIT 1
2021-02-19 17:02:25.079 -03:00 [INF] Executing ObjectResult, writing value of type 'System.Int32'.
2021-02-19 17:02:25.081 -03:00 [INF] Executed action FortalezaServer.Controllers.VendasController.GetVendaAberta (FortalezaServer) in 335.0478ms
2021-02-19 17:02:25.083 -03:00 [INF] Executed endpoint 'FortalezaServer.Controllers.VendasController.GetVendaAberta (FortalezaServer)'
2021-02-19 17:02:25.085 -03:00 [INF] Request finished in 360.7649ms 200 application/json; charset=utf-8
2021-02-19 17:02:25.116 -03:00 [INF] Executing ObjectResult, writing value of type 'System.Collections.Generic.List`1[[FortalezaServer.Models.Grupo, FortalezaServer, Version=1.0.0.0, Culture=neutral, PublicKeyToken=null]]'.
2021-02-19 17:02:25.131 -03:00 [INF] Executed action FortalezaServer.Controllers.GruposController.GetGrupo (FortalezaServer) in 233.9883ms
2021-02-19 17:02:25.136 -03:00 [INF] Executed endpoint 'FortalezaServer.Controllers.GruposController.GetGrupo (FortalezaServer)'
2021-02-19 17:02:25.137 -03:00 [INF] Request finished in 250.1692ms 200 application/json; charset=utf-8
2021-02-19 17:02:25.156 -03:00 [INF] Request starting HTTP/1.1 GET http://localhost:8000/api/items  
2021-02-19 17:02:25.157 -03:00 [INF] Executing endpoint 'FortalezaServer.Controllers.ItemsController.GetItem (FortalezaServer)'
2021-02-19 17:02:25.163 -03:00 [INF] Route matched with {action = "GetItem", controller = "Items"}. Executing controller action with signature System.Threading.Tasks.Task`1[Microsoft.AspNetCore.Mvc.ActionResult`1[System.Collections.Generic.IEnumerable`1[FortalezaServer.Models.Item]]] GetItem(Boolean, Boolean, Boolean) on controller FortalezaServer.Controllers.ItemsController (FortalezaServer).
2021-02-19 17:02:25.169 -03:00 [INF] Entity Framework Core 3.1.10 initialized 'fortalezaitdbContext' using provider 'MySql.Data.EntityFrameworkCore' with options: None
2021-02-19 17:02:25.179 -03:00 [INF] Executed DbCommand (1ms) [Parameters=[], CommandType='"Text"', CommandTimeout='30']
SELECT `i`.`iditem`, `i`.`atacado`, `i`.`codigo_barras`, `i`.`descricao`, `i`.`disponivel`, `i`.`estoque`, `i`.`estoque_minimo`, `i`.`imagem`, `i`.`permite_combo`, `i`.`quantidade_atacado`, `i`.`tipo`, `i`.`unidade`, `i`.`unidade_inteira`, `i`.`valor`, `i`.`valor_atacado`, `i`.`visivel`
FROM `item` AS `i`
WHERE `i`.`visivel` = 1
2021-02-19 17:02:25.225 -03:00 [INF] Executing ObjectResult, writing value of type 'System.Collections.Generic.List`1[[FortalezaServer.Models.Item, FortalezaServer, Version=1.0.0.0, Culture=neutral, PublicKeyToken=null]]'.
2021-02-19 17:02:25.247 -03:00 [INF] Executed action FortalezaServer.Controllers.ItemsController.GetItem (FortalezaServer) in 81.005ms
2021-02-19 17:02:25.248 -03:00 [INF] Executed endpoint 'FortalezaServer.Controllers.ItemsController.GetItem (FortalezaServer)'
2021-02-19 17:02:25.253 -03:00 [INF] Request finished in 96.6471ms 200 application/json; charset=utf-8
2021-02-19 17:02:32.153 -03:00 [INF] Request starting HTTP/1.1 GET http://localhost:8000/api/formapagamentos  
2021-02-19 17:02:32.155 -03:00 [INF] Executing endpoint 'FortalezaServer.Controllers.FormaPagamentosController.GetFormaPagamento (FortalezaServer)'
2021-02-19 17:02:32.171 -03:00 [INF] Route matched with {action = "GetFormaPagamento", controller = "FormaPagamentos"}. Executing controller action with signature System.Threading.Tasks.Task`1[Microsoft.AspNetCore.Mvc.ActionResult`1[System.Collections.Generic.IEnumerable`1[FortalezaServer.Models.FormaPagamento]]] GetFormaPagamento() on controller FortalezaServer.Controllers.FormaPagamentosController (FortalezaServer).
2021-02-19 17:02:32.181 -03:00 [INF] Entity Framework Core 3.1.10 initialized 'fortalezaitdbContext' using provider 'MySql.Data.EntityFrameworkCore' with options: None
2021-02-19 17:02:32.194 -03:00 [INF] Executed DbCommand (1ms) [Parameters=[], CommandType='"Text"', CommandTimeout='30']
SELECT `f`.`idforma_pagamento`, `f`.`bandeira`, `f`.`debitar_cliente`, `f`.`debito`, `f`.`gerar_contas_receber`, `f`.`nome`, `f`.`ordem`
FROM `forma_pagamento` AS `f`
ORDER BY `f`.`ordem`
2021-02-19 17:02:32.206 -03:00 [INF] Executing ObjectResult, writing value of type 'System.Collections.Generic.List`1[[FortalezaServer.Models.FormaPagamento, FortalezaServer, Version=1.0.0.0, Culture=neutral, PublicKeyToken=null]]'.
2021-02-19 17:02:32.214 -03:00 [INF] Executed action FortalezaServer.Controllers.FormaPagamentosController.GetFormaPagamento (FortalezaServer) in 35.9901ms
2021-02-19 17:02:32.216 -03:00 [INF] Executed endpoint 'FortalezaServer.Controllers.FormaPagamentosController.GetFormaPagamento (FortalezaServer)'
2021-02-19 17:02:32.218 -03:00 [INF] Request finished in 64.3873ms 200 application/json; charset=utf-8
2021-02-19 17:02:32.294 -03:00 [INF] Request starting HTTP/1.1 GET http://localhost:8000/api/bandeiras  
2021-02-19 17:02:32.295 -03:00 [INF] Executing endpoint 'FortalezaServer.Controllers.BandeirasController.GetBandeira (FortalezaServer)'
2021-02-19 17:02:32.299 -03:00 [INF] Route matched with {action = "GetBandeira", controller = "Bandeiras"}. Executing controller action with signature System.Threading.Tasks.Task`1[Microsoft.AspNetCore.Mvc.ActionResult`1[System.Collections.Generic.IEnumerable`1[FortalezaServer.Models.Bandeira]]] GetBandeira() on controller FortalezaServer.Controllers.BandeirasController (FortalezaServer).
2021-02-19 17:02:32.305 -03:00 [INF] Entity Framework Core 3.1.10 initialized 'fortalezaitdbContext' using provider 'MySql.Data.EntityFrameworkCore' with options: None
2021-02-19 17:02:32.311 -03:00 [INF] Executed DbCommand (0ms) [Parameters=[], CommandType='"Text"', CommandTimeout='30']
SELECT `b`.`idbandeira`, `b`.`nome`, `b`.`ordem`, `b`.`prazo1`, `b`.`prazo2`, `b`.`taxa1`, `b`.`taxa2`
FROM `bandeira` AS `b`
ORDER BY `b`.`ordem`
2021-02-19 17:02:32.320 -03:00 [INF] Executing ObjectResult, writing value of type 'System.Collections.Generic.List`1[[FortalezaServer.Models.Bandeira, FortalezaServer, Version=1.0.0.0, Culture=neutral, PublicKeyToken=null]]'.
2021-02-19 17:02:32.326 -03:00 [INF] Executed action FortalezaServer.Controllers.BandeirasController.GetBandeira (FortalezaServer) in 22.4964ms
2021-02-19 17:02:32.328 -03:00 [INF] Executed endpoint 'FortalezaServer.Controllers.BandeirasController.GetBandeira (FortalezaServer)'
2021-02-19 17:02:32.329 -03:00 [INF] Request finished in 35.1848ms 200 application/json; charset=utf-8
2021-02-19 17:02:35.121 -03:00 [INF] Request starting HTTP/1.1 GET http://localhost:8000/api/bandeiras/3  
2021-02-19 17:02:35.123 -03:00 [INF] Executing endpoint 'FortalezaServer.Controllers.BandeirasController.GetBandeira (FortalezaServer)'
2021-02-19 17:02:35.129 -03:00 [INF] Route matched with {action = "GetBandeira", controller = "Bandeiras"}. Executing controller action with signature System.Threading.Tasks.Task`1[Microsoft.AspNetCore.Mvc.ActionResult`1[FortalezaServer.Models.Bandeira]] GetBandeira(Int32) on controller FortalezaServer.Controllers.BandeirasController (FortalezaServer).
2021-02-19 17:02:35.135 -03:00 [INF] Entity Framework Core 3.1.10 initialized 'fortalezaitdbContext' using provider 'MySql.Data.EntityFrameworkCore' with options: None
2021-02-19 17:02:35.151 -03:00 [INF] Executed DbCommand (1ms) [Parameters=[@__p_0='?' (DbType = Int32)], CommandType='"Text"', CommandTimeout='30']
SELECT `b`.`idbandeira`, `b`.`nome`, `b`.`ordem`, `b`.`prazo1`, `b`.`prazo2`, `b`.`taxa1`, `b`.`taxa2`
FROM `bandeira` AS `b`
WHERE `b`.`idbandeira` = @__p_0
LIMIT 1
2021-02-19 17:02:35.154 -03:00 [INF] Executing ObjectResult, writing value of type 'FortalezaServer.Models.Bandeira'.
2021-02-19 17:02:35.156 -03:00 [INF] Executed action FortalezaServer.Controllers.BandeirasController.GetBandeira (FortalezaServer) in 23.6611ms
2021-02-19 17:02:35.157 -03:00 [INF] Executed endpoint 'FortalezaServer.Controllers.BandeirasController.GetBandeira (FortalezaServer)'
2021-02-19 17:02:35.159 -03:00 [INF] Request finished in 37.556ms 200 application/json; charset=utf-8
2021-02-19 17:02:37.613 -03:00 [INF] Request starting HTTP/1.1 GET http://localhost:8000/api/bandeiras/2  
2021-02-19 17:02:37.615 -03:00 [INF] Executing endpoint 'FortalezaServer.Controllers.BandeirasController.GetBandeira (FortalezaServer)'
2021-02-19 17:02:37.616 -03:00 [INF] Route matched with {action = "GetBandeira", controller = "Bandeiras"}. Executing controller action with signature System.Threading.Tasks.Task`1[Microsoft.AspNetCore.Mvc.ActionResult`1[FortalezaServer.Models.Bandeira]] GetBandeira(Int32) on controller FortalezaServer.Controllers.BandeirasController (FortalezaServer).
2021-02-19 17:02:37.622 -03:00 [INF] Entity Framework Core 3.1.10 initialized 'fortalezaitdbContext' using provider 'MySql.Data.EntityFrameworkCore' with options: None
2021-02-19 17:02:37.628 -03:00 [INF] Executed DbCommand (0ms) [Parameters=[@__p_0='?' (DbType = Int32)], CommandType='"Text"', CommandTimeout='30']
SELECT `b`.`idbandeira`, `b`.`nome`, `b`.`ordem`, `b`.`prazo1`, `b`.`prazo2`, `b`.`taxa1`, `b`.`taxa2`
FROM `bandeira` AS `b`
WHERE `b`.`idbandeira` = @__p_0
LIMIT 1
2021-02-19 17:02:37.632 -03:00 [INF] Executing ObjectResult, writing value of type 'FortalezaServer.Models.Bandeira'.
2021-02-19 17:02:37.633 -03:00 [INF] Executed action FortalezaServer.Controllers.BandeirasController.GetBandeira (FortalezaServer) in 13.0992ms
2021-02-19 17:02:37.639 -03:00 [INF] Executed endpoint 'FortalezaServer.Controllers.BandeirasController.GetBandeira (FortalezaServer)'
2021-02-19 17:02:37.642 -03:00 [INF] Request finished in 29.2722ms 200 application/json; charset=utf-8
2021-02-19 17:02:42.463 -03:00 [INF] Request starting HTTP/1.1 GET http://localhost:8000/api/bandeiras/3  
2021-02-19 17:02:42.464 -03:00 [INF] Executing endpoint 'FortalezaServer.Controllers.BandeirasController.GetBandeira (FortalezaServer)'
2021-02-19 17:02:42.465 -03:00 [INF] Route matched with {action = "GetBandeira", controller = "Bandeiras"}. Executing controller action with signature System.Threading.Tasks.Task`1[Microsoft.AspNetCore.Mvc.ActionResult`1[FortalezaServer.Models.Bandeira]] GetBandeira(Int32) on controller FortalezaServer.Controllers.BandeirasController (FortalezaServer).
2021-02-19 17:02:42.469 -03:00 [INF] Entity Framework Core 3.1.10 initialized 'fortalezaitdbContext' using provider 'MySql.Data.EntityFrameworkCore' with options: None
2021-02-19 17:02:42.473 -03:00 [INF] Executed DbCommand (0ms) [Parameters=[@__p_0='?' (DbType = Int32)], CommandType='"Text"', CommandTimeout='30']
SELECT `b`.`idbandeira`, `b`.`nome`, `b`.`ordem`, `b`.`prazo1`, `b`.`prazo2`, `b`.`taxa1`, `b`.`taxa2`
FROM `bandeira` AS `b`
WHERE `b`.`idbandeira` = @__p_0
LIMIT 1
2021-02-19 17:02:42.477 -03:00 [INF] Executing ObjectResult, writing value of type 'FortalezaServer.Models.Bandeira'.
2021-02-19 17:02:42.479 -03:00 [INF] Executed action FortalezaServer.Controllers.BandeirasController.GetBandeira (FortalezaServer) in 12.0661ms
2021-02-19 17:02:42.481 -03:00 [INF] Executed endpoint 'FortalezaServer.Controllers.BandeirasController.GetBandeira (FortalezaServer)'
2021-02-19 17:02:42.483 -03:00 [INF] Request finished in 20.8813ms 200 application/json; charset=utf-8
2021-02-19 17:02:44.380 -03:00 [INF] Request starting HTTP/1.1 PUT http://localhost:8000/api/bandeiras/3 application/json; charset=utf-8 110
2021-02-19 17:02:44.381 -03:00 [INF] Executing endpoint 'FortalezaServer.Controllers.BandeirasController.PutBandeira (FortalezaServer)'
2021-02-19 17:02:44.387 -03:00 [INF] Route matched with {action = "PutBandeira", controller = "Bandeiras"}. Executing controller action with signature System.Threading.Tasks.Task`1[Microsoft.AspNetCore.Mvc.IActionResult] PutBandeira(Int32, FortalezaServer.Models.Bandeira) on controller FortalezaServer.Controllers.BandeirasController (FortalezaServer).
2021-02-19 17:02:44.453 -03:00 [INF] Entity Framework Core 3.1.10 initialized 'fortalezaitdbContext' using provider 'MySql.Data.EntityFrameworkCore' with options: None
2021-02-19 17:02:44.465 -03:00 [INF] Executed DbCommand (1ms) [Parameters=[@__bandeira_Ordem_0='?' (DbType = Int32)], CommandType='"Text"', CommandTimeout='30']
SELECT `b`.`idbandeira`, `b`.`nome`, `b`.`ordem`, `b`.`prazo1`, `b`.`prazo2`, `b`.`taxa1`, `b`.`taxa2`
FROM `bandeira` AS `b`
WHERE `b`.`ordem` = @__bandeira_Ordem_0
LIMIT 1
2021-02-19 17:02:44.471 -03:00 [INF] Executed DbCommand (0ms) [Parameters=[@__p_0='?' (DbType = Int32)], CommandType='"Text"', CommandTimeout='30']
SELECT `b`.`idbandeira`, `b`.`nome`, `b`.`ordem`, `b`.`prazo1`, `b`.`prazo2`, `b`.`taxa1`, `b`.`taxa2`
FROM `bandeira` AS `b`
WHERE `b`.`idbandeira` = @__p_0
LIMIT 1
2021-02-19 17:02:44.560 -03:00 [INF] Executed DbCommand (2ms) [Parameters=[@p6='?' (DbType = Int32), @p0='?' (Size = 255), @p1='?' (DbType = Int32), @p2='?' (DbType = Int32), @p3='?' (DbType = Int32), @p4='?' (DbType = AnsiString), @p5='?' (DbType = AnsiString)], CommandType='"Text"', CommandTimeout='30']
UPDATE `bandeira` SET `nome` = @p0, `ordem` = @p1, `prazo1` = @p2, `prazo2` = @p3, `taxa1` = @p4, `taxa2` = @p5
WHERE `idbandeira` = @p6;
SELECT ROW_COUNT();
2021-02-19 17:02:44.569 -03:00 [INF] Executed DbCommand (1ms) [Parameters=[@p6='?' (DbType = Int32), @p0='?' (Size = 255), @p1='?' (DbType = Int32), @p2='?' (DbType = Int32), @p3='?' (DbType = Int32), @p4='?' (DbType = AnsiString), @p5='?' (DbType = AnsiString)], CommandType='"Text"', CommandTimeout='30']
UPDATE `bandeira` SET `nome` = @p0, `ordem` = @p1, `prazo1` = @p2, `prazo2` = @p3, `taxa1` = @p4, `taxa2` = @p5
WHERE `idbandeira` = @p6;
SELECT ROW_COUNT();
2021-02-19 17:02:44.590 -03:00 [INF] Executing HttpStatusCodeResult, setting HTTP status code 204
2021-02-19 17:02:44.591 -03:00 [INF] Executed action FortalezaServer.Controllers.BandeirasController.PutBandeira (FortalezaServer) in 201.3649ms
2021-02-19 17:02:44.593 -03:00 [INF] Executed endpoint 'FortalezaServer.Controllers.BandeirasController.PutBandeira (FortalezaServer)'
2021-02-19 17:02:44.595 -03:00 [INF] Request finished in 215.1111ms 204 
2021-02-19 17:02:44.613 -03:00 [INF] Request starting HTTP/1.1 GET http://localhost:8000/api/bandeiras  
2021-02-19 17:02:44.614 -03:00 [INF] Executing endpoint 'FortalezaServer.Controllers.BandeirasController.GetBandeira (FortalezaServer)'
2021-02-19 17:02:44.617 -03:00 [INF] Route matched with {action = "GetBandeira", controller = "Bandeiras"}. Executing controller action with signature System.Threading.Tasks.Task`1[Microsoft.AspNetCore.Mvc.ActionResult`1[System.Collections.Generic.IEnumerable`1[FortalezaServer.Models.Bandeira]]] GetBandeira() on controller FortalezaServer.Controllers.BandeirasController (FortalezaServer).
2021-02-19 17:02:44.625 -03:00 [INF] Entity Framework Core 3.1.10 initialized 'fortalezaitdbContext' using provider 'MySql.Data.EntityFrameworkCore' with options: None
2021-02-19 17:02:44.628 -03:00 [INF] Executed DbCommand (0ms) [Parameters=[], CommandType='"Text"', CommandTimeout='30']
SELECT `b`.`idbandeira`, `b`.`nome`, `b`.`ordem`, `b`.`prazo1`, `b`.`prazo2`, `b`.`taxa1`, `b`.`taxa2`
FROM `bandeira` AS `b`
ORDER BY `b`.`ordem`
2021-02-19 17:02:44.631 -03:00 [INF] Executing ObjectResult, writing value of type 'System.Collections.Generic.List`1[[FortalezaServer.Models.Bandeira, FortalezaServer, Version=1.0.0.0, Culture=neutral, PublicKeyToken=null]]'.
2021-02-19 17:02:44.633 -03:00 [INF] Executed action FortalezaServer.Controllers.BandeirasController.GetBandeira (FortalezaServer) in 8.2541ms
2021-02-19 17:02:44.634 -03:00 [INF] Executed endpoint 'FortalezaServer.Controllers.BandeirasController.GetBandeira (FortalezaServer)'
2021-02-19 17:02:44.638 -03:00 [INF] Request finished in 25.331ms 200 application/json; charset=utf-8
2021-02-19 17:02:48.386 -03:00 [INF] Request starting HTTP/1.1 GET http://localhost:8000/api/bandeiras/5  
2021-02-19 17:02:48.387 -03:00 [INF] Executing endpoint 'FortalezaServer.Controllers.BandeirasController.GetBandeira (FortalezaServer)'
2021-02-19 17:02:48.388 -03:00 [INF] Route matched with {action = "GetBandeira", controller = "Bandeiras"}. Executing controller action with signature System.Threading.Tasks.Task`1[Microsoft.AspNetCore.Mvc.ActionResult`1[FortalezaServer.Models.Bandeira]] GetBandeira(Int32) on controller FortalezaServer.Controllers.BandeirasController (FortalezaServer).
2021-02-19 17:02:48.392 -03:00 [INF] Entity Framework Core 3.1.10 initialized 'fortalezaitdbContext' using provider 'MySql.Data.EntityFrameworkCore' with options: None
2021-02-19 17:02:48.400 -03:00 [INF] Executed DbCommand (1ms) [Parameters=[@__p_0='?' (DbType = Int32)], CommandType='"Text"', CommandTimeout='30']
SELECT `b`.`idbandeira`, `b`.`nome`, `b`.`ordem`, `b`.`prazo1`, `b`.`prazo2`, `b`.`taxa1`, `b`.`taxa2`
FROM `bandeira` AS `b`
WHERE `b`.`idbandeira` = @__p_0
LIMIT 1
2021-02-19 17:02:48.404 -03:00 [INF] Executing ObjectResult, writing value of type 'FortalezaServer.Models.Bandeira'.
2021-02-19 17:02:48.405 -03:00 [INF] Executed action FortalezaServer.Controllers.BandeirasController.GetBandeira (FortalezaServer) in 14.2994ms
2021-02-19 17:02:48.407 -03:00 [INF] Executed endpoint 'FortalezaServer.Controllers.BandeirasController.GetBandeira (FortalezaServer)'
2021-02-19 17:02:48.414 -03:00 [INF] Request finished in 27.6845ms 200 application/json; charset=utf-8
2021-02-19 17:02:52.979 -03:00 [INF] Request starting HTTP/1.1 GET http://localhost:8000/api/bandeiras/actions/ordem  
2021-02-19 17:02:52.980 -03:00 [INF] Executing endpoint 'FortalezaServer.Controllers.BandeirasController.GetOrdem (FortalezaServer)'
2021-02-19 17:02:52.988 -03:00 [INF] Route matched with {action = "GetOrdem", controller = "Bandeiras"}. Executing controller action with signature System.Threading.Tasks.Task`1[Microsoft.AspNetCore.Mvc.ActionResult`1[System.Int32]] GetOrdem() on controller FortalezaServer.Controllers.BandeirasController (FortalezaServer).
2021-02-19 17:02:53.001 -03:00 [INF] Entity Framework Core 3.1.10 initialized 'fortalezaitdbContext' using provider 'MySql.Data.EntityFrameworkCore' with options: None
2021-02-19 17:02:53.017 -03:00 [INF] Executed DbCommand (0ms) [Parameters=[], CommandType='"Text"', CommandTimeout='30']
SELECT `b`.`idbandeira`, `b`.`nome`, `b`.`ordem`, `b`.`prazo1`, `b`.`prazo2`, `b`.`taxa1`, `b`.`taxa2`
FROM `bandeira` AS `b`
ORDER BY `b`.`ordem` DESC
LIMIT 1
2021-02-19 17:02:53.024 -03:00 [INF] Executing ObjectResult, writing value of type 'System.Int32'.
2021-02-19 17:02:53.025 -03:00 [INF] Executed action FortalezaServer.Controllers.BandeirasController.GetOrdem (FortalezaServer) in 26.4622ms
2021-02-19 17:02:53.027 -03:00 [INF] Executed endpoint 'FortalezaServer.Controllers.BandeirasController.GetOrdem (FortalezaServer)'
2021-02-19 17:02:53.031 -03:00 [INF] Request finished in 52.2309ms 200 application/json; charset=utf-8
2021-02-19 17:02:56.515 -03:00 [INF] Request starting HTTP/1.1 GET http://localhost:8000/api/bandeiras/3  
2021-02-19 17:02:56.517 -03:00 [INF] Executing endpoint 'FortalezaServer.Controllers.BandeirasController.GetBandeira (FortalezaServer)'
2021-02-19 17:02:56.518 -03:00 [INF] Route matched with {action = "GetBandeira", controller = "Bandeiras"}. Executing controller action with signature System.Threading.Tasks.Task`1[Microsoft.AspNetCore.Mvc.ActionResult`1[FortalezaServer.Models.Bandeira]] GetBandeira(Int32) on controller FortalezaServer.Controllers.BandeirasController (FortalezaServer).
2021-02-19 17:02:56.524 -03:00 [INF] Entity Framework Core 3.1.10 initialized 'fortalezaitdbContext' using provider 'MySql.Data.EntityFrameworkCore' with options: None
2021-02-19 17:02:56.529 -03:00 [INF] Executed DbCommand (1ms) [Parameters=[@__p_0='?' (DbType = Int32)], CommandType='"Text"', CommandTimeout='30']
SELECT `b`.`idbandeira`, `b`.`nome`, `b`.`ordem`, `b`.`prazo1`, `b`.`prazo2`, `b`.`taxa1`, `b`.`taxa2`
FROM `bandeira` AS `b`
WHERE `b`.`idbandeira` = @__p_0
LIMIT 1
2021-02-19 17:02:56.533 -03:00 [INF] Executing ObjectResult, writing value of type 'FortalezaServer.Models.Bandeira'.
2021-02-19 17:02:56.535 -03:00 [INF] Executed action FortalezaServer.Controllers.BandeirasController.GetBandeira (FortalezaServer) in 12.1948ms
2021-02-19 17:02:56.540 -03:00 [INF] Executed endpoint 'FortalezaServer.Controllers.BandeirasController.GetBandeira (FortalezaServer)'
2021-02-19 17:02:56.543 -03:00 [INF] Request finished in 27.9259ms 200 application/json; charset=utf-8
2021-02-19 17:02:58.996 -03:00 [INF] Request starting HTTP/1.1 PUT http://localhost:8000/api/bandeiras/3 application/json; charset=utf-8 110
2021-02-19 17:02:58.997 -03:00 [INF] Executing endpoint 'FortalezaServer.Controllers.BandeirasController.PutBandeira (FortalezaServer)'
2021-02-19 17:02:58.999 -03:00 [INF] Route matched with {action = "PutBandeira", controller = "Bandeiras"}. Executing controller action with signature System.Threading.Tasks.Task`1[Microsoft.AspNetCore.Mvc.IActionResult] PutBandeira(Int32, FortalezaServer.Models.Bandeira) on controller FortalezaServer.Controllers.BandeirasController (FortalezaServer).
2021-02-19 17:02:59.005 -03:00 [INF] Entity Framework Core 3.1.10 initialized 'fortalezaitdbContext' using provider 'MySql.Data.EntityFrameworkCore' with options: None
2021-02-19 17:02:59.010 -03:00 [INF] Executed DbCommand (1ms) [Parameters=[@__bandeira_Ordem_0='?' (DbType = Int32)], CommandType='"Text"', CommandTimeout='30']
SELECT `b`.`idbandeira`, `b`.`nome`, `b`.`ordem`, `b`.`prazo1`, `b`.`prazo2`, `b`.`taxa1`, `b`.`taxa2`
FROM `bandeira` AS `b`
WHERE `b`.`ordem` = @__bandeira_Ordem_0
LIMIT 1
2021-02-19 17:02:59.022 -03:00 [INF] Executed DbCommand (1ms) [Parameters=[@p6='?' (DbType = Int32), @p0='?' (Size = 255), @p1='?' (DbType = Int32), @p2='?' (DbType = Int32), @p3='?' (DbType = Int32), @p4='?' (DbType = AnsiString), @p5='?' (DbType = AnsiString)], CommandType='"Text"', CommandTimeout='30']
UPDATE `bandeira` SET `nome` = @p0, `ordem` = @p1, `prazo1` = @p2, `prazo2` = @p3, `taxa1` = @p4, `taxa2` = @p5
WHERE `idbandeira` = @p6;
SELECT ROW_COUNT();
2021-02-19 17:02:59.028 -03:00 [INF] Executing HttpStatusCodeResult, setting HTTP status code 204
2021-02-19 17:02:59.029 -03:00 [INF] Executed action FortalezaServer.Controllers.BandeirasController.PutBandeira (FortalezaServer) in 27.6021ms
2021-02-19 17:02:59.032 -03:00 [INF] Executed endpoint 'FortalezaServer.Controllers.BandeirasController.PutBandeira (FortalezaServer)'
2021-02-19 17:02:59.034 -03:00 [INF] Request finished in 37.5631ms 204 
2021-02-19 17:02:59.055 -03:00 [INF] Request starting HTTP/1.1 GET http://localhost:8000/api/bandeiras  
2021-02-19 17:02:59.056 -03:00 [INF] Executing endpoint 'FortalezaServer.Controllers.BandeirasController.GetBandeira (FortalezaServer)'
2021-02-19 17:02:59.059 -03:00 [INF] Route matched with {action = "GetBandeira", controller = "Bandeiras"}. Executing controller action with signature System.Threading.Tasks.Task`1[Microsoft.AspNetCore.Mvc.ActionResult`1[System.Collections.Generic.IEnumerable`1[FortalezaServer.Models.Bandeira]]] GetBandeira() on controller FortalezaServer.Controllers.BandeirasController (FortalezaServer).
2021-02-19 17:02:59.065 -03:00 [INF] Entity Framework Core 3.1.10 initialized 'fortalezaitdbContext' using provider 'MySql.Data.EntityFrameworkCore' with options: None
2021-02-19 17:02:59.069 -03:00 [INF] Executed DbCommand (0ms) [Parameters=[], CommandType='"Text"', CommandTimeout='30']
SELECT `b`.`idbandeira`, `b`.`nome`, `b`.`ordem`, `b`.`prazo1`, `b`.`prazo2`, `b`.`taxa1`, `b`.`taxa2`
FROM `bandeira` AS `b`
ORDER BY `b`.`ordem`
2021-02-19 17:02:59.073 -03:00 [INF] Executing ObjectResult, writing value of type 'System.Collections.Generic.List`1[[FortalezaServer.Models.Bandeira, FortalezaServer, Version=1.0.0.0, Culture=neutral, PublicKeyToken=null]]'.
2021-02-19 17:02:59.077 -03:00 [INF] Executed action FortalezaServer.Controllers.BandeirasController.GetBandeira (FortalezaServer) in 13.2796ms
2021-02-19 17:02:59.079 -03:00 [INF] Executed endpoint 'FortalezaServer.Controllers.BandeirasController.GetBandeira (FortalezaServer)'
2021-02-19 17:02:59.080 -03:00 [INF] Request finished in 25.2377ms 200 application/json; charset=utf-8
2021-02-19 17:03:00.333 -03:00 [INF] Request starting HTTP/1.1 GET http://localhost:8000/api/bandeiras/3  
2021-02-19 17:03:00.334 -03:00 [INF] Executing endpoint 'FortalezaServer.Controllers.BandeirasController.GetBandeira (FortalezaServer)'
2021-02-19 17:03:00.336 -03:00 [INF] Route matched with {action = "GetBandeira", controller = "Bandeiras"}. Executing controller action with signature System.Threading.Tasks.Task`1[Microsoft.AspNetCore.Mvc.ActionResult`1[FortalezaServer.Models.Bandeira]] GetBandeira(Int32) on controller FortalezaServer.Controllers.BandeirasController (FortalezaServer).
2021-02-19 17:03:00.340 -03:00 [INF] Entity Framework Core 3.1.10 initialized 'fortalezaitdbContext' using provider 'MySql.Data.EntityFrameworkCore' with options: None
2021-02-19 17:03:00.344 -03:00 [INF] Executed DbCommand (0ms) [Parameters=[@__p_0='?' (DbType = Int32)], CommandType='"Text"', CommandTimeout='30']
SELECT `b`.`idbandeira`, `b`.`nome`, `b`.`ordem`, `b`.`prazo1`, `b`.`prazo2`, `b`.`taxa1`, `b`.`taxa2`
FROM `bandeira` AS `b`
WHERE `b`.`idbandeira` = @__p_0
LIMIT 1
2021-02-19 17:03:00.347 -03:00 [INF] Executing ObjectResult, writing value of type 'FortalezaServer.Models.Bandeira'.
2021-02-19 17:03:00.348 -03:00 [INF] Executed action FortalezaServer.Controllers.BandeirasController.GetBandeira (FortalezaServer) in 9.6372ms
2021-02-19 17:03:00.350 -03:00 [INF] Executed endpoint 'FortalezaServer.Controllers.BandeirasController.GetBandeira (FortalezaServer)'
2021-02-19 17:03:00.354 -03:00 [INF] Request finished in 20.882ms 200 application/json; charset=utf-8
2021-02-19 17:03:05.690 -03:00 [INF] Request starting HTTP/1.1 PUT http://localhost:8000/api/bandeiras/3 application/json; charset=utf-8 110
2021-02-19 17:03:05.691 -03:00 [INF] Executing endpoint 'FortalezaServer.Controllers.BandeirasController.PutBandeira (FortalezaServer)'
2021-02-19 17:03:05.692 -03:00 [INF] Route matched with {action = "PutBandeira", controller = "Bandeiras"}. Executing controller action with signature System.Threading.Tasks.Task`1[Microsoft.AspNetCore.Mvc.IActionResult] PutBandeira(Int32, FortalezaServer.Models.Bandeira) on controller FortalezaServer.Controllers.BandeirasController (FortalezaServer).
2021-02-19 17:03:05.696 -03:00 [INF] Entity Framework Core 3.1.10 initialized 'fortalezaitdbContext' using provider 'MySql.Data.EntityFrameworkCore' with options: None
2021-02-19 17:03:05.699 -03:00 [INF] Executed DbCommand (0ms) [Parameters=[@__bandeira_Ordem_0='?' (DbType = Int32)], CommandType='"Text"', CommandTimeout='30']
SELECT `b`.`idbandeira`, `b`.`nome`, `b`.`ordem`, `b`.`prazo1`, `b`.`prazo2`, `b`.`taxa1`, `b`.`taxa2`
FROM `bandeira` AS `b`
WHERE `b`.`ordem` = @__bandeira_Ordem_0
LIMIT 1
2021-02-19 17:03:05.706 -03:00 [INF] Executed DbCommand (0ms) [Parameters=[@p6='?' (DbType = Int32), @p0='?' (Size = 255), @p1='?' (DbType = Int32), @p2='?' (DbType = Int32), @p3='?' (DbType = Int32), @p4='?' (DbType = AnsiString), @p5='?' (DbType = AnsiString)], CommandType='"Text"', CommandTimeout='30']
UPDATE `bandeira` SET `nome` = @p0, `ordem` = @p1, `prazo1` = @p2, `prazo2` = @p3, `taxa1` = @p4, `taxa2` = @p5
WHERE `idbandeira` = @p6;
SELECT ROW_COUNT();
2021-02-19 17:03:05.712 -03:00 [INF] Executing HttpStatusCodeResult, setting HTTP status code 204
2021-02-19 17:03:05.713 -03:00 [INF] Executed action FortalezaServer.Controllers.BandeirasController.PutBandeira (FortalezaServer) in 18.4951ms
2021-02-19 17:03:05.715 -03:00 [INF] Executed endpoint 'FortalezaServer.Controllers.BandeirasController.PutBandeira (FortalezaServer)'
2021-02-19 17:03:05.716 -03:00 [INF] Request finished in 26.6284ms 204 
2021-02-19 17:03:05.734 -03:00 [INF] Request starting HTTP/1.1 GET http://localhost:8000/api/bandeiras  
2021-02-19 17:03:05.735 -03:00 [INF] Executing endpoint 'FortalezaServer.Controllers.BandeirasController.GetBandeira (FortalezaServer)'
2021-02-19 17:03:05.738 -03:00 [INF] Route matched with {action = "GetBandeira", controller = "Bandeiras"}. Executing controller action with signature System.Threading.Tasks.Task`1[Microsoft.AspNetCore.Mvc.ActionResult`1[System.Collections.Generic.IEnumerable`1[FortalezaServer.Models.Bandeira]]] GetBandeira() on controller FortalezaServer.Controllers.BandeirasController (FortalezaServer).
2021-02-19 17:03:05.743 -03:00 [INF] Entity Framework Core 3.1.10 initialized 'fortalezaitdbContext' using provider 'MySql.Data.EntityFrameworkCore' with options: None
2021-02-19 17:03:05.747 -03:00 [INF] Executed DbCommand (0ms) [Parameters=[], CommandType='"Text"', CommandTimeout='30']
SELECT `b`.`idbandeira`, `b`.`nome`, `b`.`ordem`, `b`.`prazo1`, `b`.`prazo2`, `b`.`taxa1`, `b`.`taxa2`
FROM `bandeira` AS `b`
ORDER BY `b`.`ordem`
2021-02-19 17:03:05.751 -03:00 [INF] Executing ObjectResult, writing value of type 'System.Collections.Generic.List`1[[FortalezaServer.Models.Bandeira, FortalezaServer, Version=1.0.0.0, Culture=neutral, PublicKeyToken=null]]'.
2021-02-19 17:03:05.756 -03:00 [INF] Executed action FortalezaServer.Controllers.BandeirasController.GetBandeira (FortalezaServer) in 14.204ms
2021-02-19 17:03:05.758 -03:00 [INF] Executed endpoint 'FortalezaServer.Controllers.BandeirasController.GetBandeira (FortalezaServer)'
2021-02-19 17:03:05.759 -03:00 [INF] Request finished in 24.9092ms 200 application/json; charset=utf-8
2021-02-19 17:03:08.756 -03:00 [INF] Request starting HTTP/1.1 GET http://localhost:8000/api/bandeiras/actions/ordem  
2021-02-19 17:03:08.758 -03:00 [INF] Executing endpoint 'FortalezaServer.Controllers.BandeirasController.GetOrdem (FortalezaServer)'
2021-02-19 17:03:08.761 -03:00 [INF] Route matched with {action = "GetOrdem", controller = "Bandeiras"}. Executing controller action with signature System.Threading.Tasks.Task`1[Microsoft.AspNetCore.Mvc.ActionResult`1[System.Int32]] GetOrdem() on controller FortalezaServer.Controllers.BandeirasController (FortalezaServer).
2021-02-19 17:03:08.781 -03:00 [INF] Entity Framework Core 3.1.10 initialized 'fortalezaitdbContext' using provider 'MySql.Data.EntityFrameworkCore' with options: None
2021-02-19 17:03:08.793 -03:00 [INF] Executed DbCommand (1ms) [Parameters=[], CommandType='"Text"', CommandTimeout='30']
SELECT `b`.`idbandeira`, `b`.`nome`, `b`.`ordem`, `b`.`prazo1`, `b`.`prazo2`, `b`.`taxa1`, `b`.`taxa2`
FROM `bandeira` AS `b`
ORDER BY `b`.`ordem` DESC
LIMIT 1
2021-02-19 17:03:08.807 -03:00 [INF] Executing ObjectResult, writing value of type 'System.Int32'.
2021-02-19 17:03:08.810 -03:00 [INF] Executed action FortalezaServer.Controllers.BandeirasController.GetOrdem (FortalezaServer) in 29.8163ms
2021-02-19 17:03:08.811 -03:00 [INF] Executed endpoint 'FortalezaServer.Controllers.BandeirasController.GetOrdem (FortalezaServer)'
2021-02-19 17:03:08.815 -03:00 [INF] Request finished in 59.0265ms 200 application/json; charset=utf-8
2021-02-19 17:03:43.194 -03:00 [INF] Request starting HTTP/1.1 POST http://localhost:8000/api/bandeiras application/json; charset=utf-8 110
2021-02-19 17:03:43.195 -03:00 [INF] Executing endpoint 'FortalezaServer.Controllers.BandeirasController.PostBandeira (FortalezaServer)'
2021-02-19 17:03:43.201 -03:00 [INF] Route matched with {action = "PostBandeira", controller = "Bandeiras"}. Executing controller action with signature System.Threading.Tasks.Task`1[Microsoft.AspNetCore.Mvc.ActionResult`1[FortalezaServer.Models.Bandeira]] PostBandeira(FortalezaServer.Models.Bandeira) on controller FortalezaServer.Controllers.BandeirasController (FortalezaServer).
2021-02-19 17:03:43.211 -03:00 [INF] Entity Framework Core 3.1.10 initialized 'fortalezaitdbContext' using provider 'MySql.Data.EntityFrameworkCore' with options: None
2021-02-19 17:03:43.214 -03:00 [INF] Executed DbCommand (0ms) [Parameters=[@__bandeira_Ordem_0='?' (DbType = Int32)], CommandType='"Text"', CommandTimeout='30']
SELECT `b`.`idbandeira`, `b`.`nome`, `b`.`ordem`, `b`.`prazo1`, `b`.`prazo2`, `b`.`taxa1`, `b`.`taxa2`
FROM `bandeira` AS `b`
WHERE `b`.`ordem` = @__bandeira_Ordem_0
LIMIT 1
2021-02-19 17:03:43.222 -03:00 [INF] Executed DbCommand (0ms) [Parameters=[], CommandType='"Text"', CommandTimeout='30']
SELECT `b`.`idbandeira`, `b`.`nome`, `b`.`ordem`, `b`.`prazo1`, `b`.`prazo2`, `b`.`taxa1`, `b`.`taxa2`
FROM `bandeira` AS `b`
ORDER BY `b`.`ordem` DESC
LIMIT 1
2021-02-19 17:03:43.247 -03:00 [INF] Executed DbCommand (0ms) [Parameters=[@p6='?' (DbType = Int32), @p0='?' (Size = 255), @p1='?' (DbType = Int32), @p2='?' (DbType = Int32), @p3='?' (DbType = Int32), @p4='?' (DbType = AnsiString), @p5='?' (DbType = AnsiString)], CommandType='"Text"', CommandTimeout='30']
UPDATE `bandeira` SET `nome` = @p0, `ordem` = @p1, `prazo1` = @p2, `prazo2` = @p3, `taxa1` = @p4, `taxa2` = @p5
WHERE `idbandeira` = @p6;
SELECT ROW_COUNT();
2021-02-19 17:03:43.255 -03:00 [INF] Executed DbCommand (0ms) [Parameters=[@p0='?' (Size = 255), @p1='?' (DbType = Int32), @p2='?' (DbType = Int32), @p3='?' (DbType = Int32), @p4='?' (DbType = AnsiString), @p5='?' (DbType = AnsiString)], CommandType='"Text"', CommandTimeout='30']
INSERT INTO `bandeira` (`nome`, `ordem`, `prazo1`, `prazo2`, `taxa1`, `taxa2`)
VALUES (@p0, @p1, @p2, @p3, @p4, @p5);
SELECT `idbandeira`
FROM `bandeira`
WHERE ROW_COUNT() = 1
 AND `idbandeira`=LAST_INSERT_ID();
2021-02-19 17:03:43.278 -03:00 [INF] Executing ObjectResult, writing value of type 'FortalezaServer.Models.Bandeira'.
2021-02-19 17:03:43.306 -03:00 [INF] Executed action FortalezaServer.Controllers.BandeirasController.PostBandeira (FortalezaServer) in 100.5961ms
2021-02-19 17:03:43.312 -03:00 [INF] Executed endpoint 'FortalezaServer.Controllers.BandeirasController.PostBandeira (FortalezaServer)'
2021-02-19 17:03:43.315 -03:00 [INF] Request finished in 120.8138ms 201 application/json; charset=utf-8
2021-02-19 17:03:43.321 -03:00 [INF] Request starting HTTP/1.1 GET http://localhost:8000/api/bandeiras  
2021-02-19 17:03:43.322 -03:00 [INF] Executing endpoint 'FortalezaServer.Controllers.BandeirasController.GetBandeira (FortalezaServer)'
2021-02-19 17:03:43.323 -03:00 [INF] Route matched with {action = "GetBandeira", controller = "Bandeiras"}. Executing controller action with signature System.Threading.Tasks.Task`1[Microsoft.AspNetCore.Mvc.ActionResult`1[System.Collections.Generic.IEnumerable`1[FortalezaServer.Models.Bandeira]]] GetBandeira() on controller FortalezaServer.Controllers.BandeirasController (FortalezaServer).
2021-02-19 17:03:43.329 -03:00 [INF] Entity Framework Core 3.1.10 initialized 'fortalezaitdbContext' using provider 'MySql.Data.EntityFrameworkCore' with options: None
2021-02-19 17:03:43.332 -03:00 [INF] Executed DbCommand (0ms) [Parameters=[], CommandType='"Text"', CommandTimeout='30']
SELECT `b`.`idbandeira`, `b`.`nome`, `b`.`ordem`, `b`.`prazo1`, `b`.`prazo2`, `b`.`taxa1`, `b`.`taxa2`
FROM `bandeira` AS `b`
ORDER BY `b`.`ordem`
2021-02-19 17:03:43.335 -03:00 [INF] Executing ObjectResult, writing value of type 'System.Collections.Generic.List`1[[FortalezaServer.Models.Bandeira, FortalezaServer, Version=1.0.0.0, Culture=neutral, PublicKeyToken=null]]'.
2021-02-19 17:03:43.337 -03:00 [INF] Executed action FortalezaServer.Controllers.BandeirasController.GetBandeira (FortalezaServer) in 8.4501ms
2021-02-19 17:03:43.339 -03:00 [INF] Executed endpoint 'FortalezaServer.Controllers.BandeirasController.GetBandeira (FortalezaServer)'
2021-02-19 17:03:43.341 -03:00 [INF] Request finished in 22.4538ms 200 application/json; charset=utf-8
2021-02-19 17:03:49.295 -03:00 [INF] Request starting HTTP/1.1 GET http://localhost:8000/api/bandeiras/6  
2021-02-19 17:03:49.296 -03:00 [INF] Executing endpoint 'FortalezaServer.Controllers.BandeirasController.GetBandeira (FortalezaServer)'
2021-02-19 17:03:49.297 -03:00 [INF] Route matched with {action = "GetBandeira", controller = "Bandeiras"}. Executing controller action with signature System.Threading.Tasks.Task`1[Microsoft.AspNetCore.Mvc.ActionResult`1[FortalezaServer.Models.Bandeira]] GetBandeira(Int32) on controller FortalezaServer.Controllers.BandeirasController (FortalezaServer).
2021-02-19 17:03:49.300 -03:00 [INF] Entity Framework Core 3.1.10 initialized 'fortalezaitdbContext' using provider 'MySql.Data.EntityFrameworkCore' with options: None
2021-02-19 17:03:49.304 -03:00 [INF] Executed DbCommand (0ms) [Parameters=[@__p_0='?' (DbType = Int32)], CommandType='"Text"', CommandTimeout='30']
SELECT `b`.`idbandeira`, `b`.`nome`, `b`.`ordem`, `b`.`prazo1`, `b`.`prazo2`, `b`.`taxa1`, `b`.`taxa2`
FROM `bandeira` AS `b`
WHERE `b`.`idbandeira` = @__p_0
LIMIT 1
2021-02-19 17:03:49.309 -03:00 [INF] Executing ObjectResult, writing value of type 'FortalezaServer.Models.Bandeira'.
2021-02-19 17:03:49.310 -03:00 [INF] Executed action FortalezaServer.Controllers.BandeirasController.GetBandeira (FortalezaServer) in 10.4545ms
2021-02-19 17:03:49.312 -03:00 [INF] Executed endpoint 'FortalezaServer.Controllers.BandeirasController.GetBandeira (FortalezaServer)'
2021-02-19 17:03:49.313 -03:00 [INF] Request finished in 18.5685ms 200 application/json; charset=utf-8
2021-02-19 17:03:51.098 -03:00 [INF] Request starting HTTP/1.1 DELETE http://localhost:8000/api/bandeiras/6  
2021-02-19 17:03:51.100 -03:00 [INF] Executing endpoint 'FortalezaServer.Controllers.BandeirasController.DeleteBandeira (FortalezaServer)'
2021-02-19 17:03:51.105 -03:00 [INF] Route matched with {action = "DeleteBandeira", controller = "Bandeiras"}. Executing controller action with signature System.Threading.Tasks.Task`1[Microsoft.AspNetCore.Mvc.ActionResult`1[FortalezaServer.Models.Bandeira]] DeleteBandeira(Int32) on controller FortalezaServer.Controllers.BandeirasController (FortalezaServer).
2021-02-19 17:03:51.109 -03:00 [INF] Entity Framework Core 3.1.10 initialized 'fortalezaitdbContext' using provider 'MySql.Data.EntityFrameworkCore' with options: None
2021-02-19 17:03:51.112 -03:00 [INF] Executed DbCommand (0ms) [Parameters=[@__p_0='?' (DbType = Int32)], CommandType='"Text"', CommandTimeout='30']
SELECT `b`.`idbandeira`, `b`.`nome`, `b`.`ordem`, `b`.`prazo1`, `b`.`prazo2`, `b`.`taxa1`, `b`.`taxa2`
FROM `bandeira` AS `b`
WHERE `b`.`idbandeira` = @__p_0
LIMIT 1
2021-02-19 17:03:51.121 -03:00 [INF] Executed DbCommand (1ms) [Parameters=[@p0='?' (DbType = Int32)], CommandType='"Text"', CommandTimeout='30']
DELETE FROM `bandeira`
WHERE `idbandeira` = @p0;
SELECT ROW_COUNT();
2021-02-19 17:03:51.126 -03:00 [INF] Executing ObjectResult, writing value of type 'FortalezaServer.Models.Bandeira'.
2021-02-19 17:03:51.128 -03:00 [INF] Executed action FortalezaServer.Controllers.BandeirasController.DeleteBandeira (FortalezaServer) in 20.6663ms
2021-02-19 17:03:51.130 -03:00 [INF] Executed endpoint 'FortalezaServer.Controllers.BandeirasController.DeleteBandeira (FortalezaServer)'
2021-02-19 17:03:51.131 -03:00 [INF] Request starting HTTP/1.1 GET http://localhost:8000/api/bandeiras  
2021-02-19 17:03:51.131 -03:00 [INF] Request finished in 32.8384ms 200 application/json; charset=utf-8
2021-02-19 17:03:51.132 -03:00 [INF] Executing endpoint 'FortalezaServer.Controllers.BandeirasController.GetBandeira (FortalezaServer)'
2021-02-19 17:03:51.134 -03:00 [INF] Route matched with {action = "GetBandeira", controller = "Bandeiras"}. Executing controller action with signature System.Threading.Tasks.Task`1[Microsoft.AspNetCore.Mvc.ActionResult`1[System.Collections.Generic.IEnumerable`1[FortalezaServer.Models.Bandeira]]] GetBandeira() on controller FortalezaServer.Controllers.BandeirasController (FortalezaServer).
2021-02-19 17:03:51.140 -03:00 [INF] Entity Framework Core 3.1.10 initialized 'fortalezaitdbContext' using provider 'MySql.Data.EntityFrameworkCore' with options: None
2021-02-19 17:03:51.142 -03:00 [INF] Executed DbCommand (0ms) [Parameters=[], CommandType='"Text"', CommandTimeout='30']
SELECT `b`.`idbandeira`, `b`.`nome`, `b`.`ordem`, `b`.`prazo1`, `b`.`prazo2`, `b`.`taxa1`, `b`.`taxa2`
FROM `bandeira` AS `b`
ORDER BY `b`.`ordem`
2021-02-19 17:03:51.145 -03:00 [INF] Executing ObjectResult, writing value of type 'System.Collections.Generic.List`1[[FortalezaServer.Models.Bandeira, FortalezaServer, Version=1.0.0.0, Culture=neutral, PublicKeyToken=null]]'.
2021-02-19 17:03:51.146 -03:00 [INF] Executed action FortalezaServer.Controllers.BandeirasController.GetBandeira (FortalezaServer) in 6.9456ms
2021-02-19 17:03:51.148 -03:00 [INF] Executed endpoint 'FortalezaServer.Controllers.BandeirasController.GetBandeira (FortalezaServer)'
2021-02-19 17:03:51.149 -03:00 [INF] Request finished in 18.0119ms 200 application/json; charset=utf-8
2021-02-19 17:03:52.561 -03:00 [INF] Request starting HTTP/1.1 GET http://localhost:8000/api/bandeiras/4  
2021-02-19 17:03:52.562 -03:00 [INF] Executing endpoint 'FortalezaServer.Controllers.BandeirasController.GetBandeira (FortalezaServer)'
2021-02-19 17:03:52.564 -03:00 [INF] Route matched with {action = "GetBandeira", controller = "Bandeiras"}. Executing controller action with signature System.Threading.Tasks.Task`1[Microsoft.AspNetCore.Mvc.ActionResult`1[FortalezaServer.Models.Bandeira]] GetBandeira(Int32) on controller FortalezaServer.Controllers.BandeirasController (FortalezaServer).
2021-02-19 17:03:52.567 -03:00 [INF] Entity Framework Core 3.1.10 initialized 'fortalezaitdbContext' using provider 'MySql.Data.EntityFrameworkCore' with options: None
2021-02-19 17:03:52.571 -03:00 [INF] Executed DbCommand (0ms) [Parameters=[@__p_0='?' (DbType = Int32)], CommandType='"Text"', CommandTimeout='30']
SELECT `b`.`idbandeira`, `b`.`nome`, `b`.`ordem`, `b`.`prazo1`, `b`.`prazo2`, `b`.`taxa1`, `b`.`taxa2`
FROM `bandeira` AS `b`
WHERE `b`.`idbandeira` = @__p_0
LIMIT 1
2021-02-19 17:03:52.574 -03:00 [INF] Executing ObjectResult, writing value of type 'FortalezaServer.Models.Bandeira'.
2021-02-19 17:03:52.575 -03:00 [INF] Executed action FortalezaServer.Controllers.BandeirasController.GetBandeira (FortalezaServer) in 9.3039ms
2021-02-19 17:03:52.577 -03:00 [INF] Executed endpoint 'FortalezaServer.Controllers.BandeirasController.GetBandeira (FortalezaServer)'
2021-02-19 17:03:52.579 -03:00 [INF] Request finished in 17.8948ms 200 application/json; charset=utf-8
2021-02-19 17:03:54.952 -03:00 [INF] Request starting HTTP/1.1 PUT http://localhost:8000/api/bandeiras/4 application/json; charset=utf-8 111
2021-02-19 17:03:54.954 -03:00 [INF] Executing endpoint 'FortalezaServer.Controllers.BandeirasController.PutBandeira (FortalezaServer)'
2021-02-19 17:03:54.956 -03:00 [INF] Route matched with {action = "PutBandeira", controller = "Bandeiras"}. Executing controller action with signature System.Threading.Tasks.Task`1[Microsoft.AspNetCore.Mvc.IActionResult] PutBandeira(Int32, FortalezaServer.Models.Bandeira) on controller FortalezaServer.Controllers.BandeirasController (FortalezaServer).
2021-02-19 17:03:54.962 -03:00 [INF] Entity Framework Core 3.1.10 initialized 'fortalezaitdbContext' using provider 'MySql.Data.EntityFrameworkCore' with options: None
2021-02-19 17:03:54.966 -03:00 [INF] Executed DbCommand (0ms) [Parameters=[@__bandeira_Ordem_0='?' (DbType = Int32)], CommandType='"Text"', CommandTimeout='30']
SELECT `b`.`idbandeira`, `b`.`nome`, `b`.`ordem`, `b`.`prazo1`, `b`.`prazo2`, `b`.`taxa1`, `b`.`taxa2`
FROM `bandeira` AS `b`
WHERE `b`.`ordem` = @__bandeira_Ordem_0
LIMIT 1
2021-02-19 17:03:54.974 -03:00 [INF] Executed DbCommand (0ms) [Parameters=[@p6='?' (DbType = Int32), @p0='?' (Size = 255), @p1='?' (DbType = Int32), @p2='?' (DbType = Int32), @p3='?' (DbType = Int32), @p4='?' (DbType = AnsiString), @p5='?' (DbType = AnsiString)], CommandType='"Text"', CommandTimeout='30']
UPDATE `bandeira` SET `nome` = @p0, `ordem` = @p1, `prazo1` = @p2, `prazo2` = @p3, `taxa1` = @p4, `taxa2` = @p5
WHERE `idbandeira` = @p6;
SELECT ROW_COUNT();
2021-02-19 17:03:54.980 -03:00 [INF] Executing HttpStatusCodeResult, setting HTTP status code 204
2021-02-19 17:03:54.981 -03:00 [INF] Executed action FortalezaServer.Controllers.BandeirasController.PutBandeira (FortalezaServer) in 22.1752ms
2021-02-19 17:03:54.983 -03:00 [INF] Executed endpoint 'FortalezaServer.Controllers.BandeirasController.PutBandeira (FortalezaServer)'
2021-02-19 17:03:54.985 -03:00 [INF] Request finished in 32.4556ms 204 
2021-02-19 17:03:55.005 -03:00 [INF] Request starting HTTP/1.1 GET http://localhost:8000/api/bandeiras  
2021-02-19 17:03:55.007 -03:00 [INF] Executing endpoint 'FortalezaServer.Controllers.BandeirasController.GetBandeira (FortalezaServer)'
2021-02-19 17:03:55.009 -03:00 [INF] Route matched with {action = "GetBandeira", controller = "Bandeiras"}. Executing controller action with signature System.Threading.Tasks.Task`1[Microsoft.AspNetCore.Mvc.ActionResult`1[System.Collections.Generic.IEnumerable`1[FortalezaServer.Models.Bandeira]]] GetBandeira() on controller FortalezaServer.Controllers.BandeirasController (FortalezaServer).
2021-02-19 17:03:55.013 -03:00 [INF] Entity Framework Core 3.1.10 initialized 'fortalezaitdbContext' using provider 'MySql.Data.EntityFrameworkCore' with options: None
2021-02-19 17:03:55.016 -03:00 [INF] Executed DbCommand (0ms) [Parameters=[], CommandType='"Text"', CommandTimeout='30']
SELECT `b`.`idbandeira`, `b`.`nome`, `b`.`ordem`, `b`.`prazo1`, `b`.`prazo2`, `b`.`taxa1`, `b`.`taxa2`
FROM `bandeira` AS `b`
ORDER BY `b`.`ordem`
2021-02-19 17:03:55.019 -03:00 [INF] Executing ObjectResult, writing value of type 'System.Collections.Generic.List`1[[FortalezaServer.Models.Bandeira, FortalezaServer, Version=1.0.0.0, Culture=neutral, PublicKeyToken=null]]'.
2021-02-19 17:03:55.023 -03:00 [INF] Executed action FortalezaServer.Controllers.BandeirasController.GetBandeira (FortalezaServer) in 10.6512ms
2021-02-19 17:03:55.025 -03:00 [INF] Executed endpoint 'FortalezaServer.Controllers.BandeirasController.GetBandeira (FortalezaServer)'
2021-02-19 17:03:55.027 -03:00 [INF] Request finished in 21.7295ms 200 application/json; charset=utf-8
2021-02-19 17:04:00.077 -03:00 [INF] Request starting HTTP/1.1 GET http://localhost:8000/api/formapagamentos  
2021-02-19 17:04:00.079 -03:00 [INF] Executing endpoint 'FortalezaServer.Controllers.FormaPagamentosController.GetFormaPagamento (FortalezaServer)'
2021-02-19 17:04:00.084 -03:00 [INF] Route matched with {action = "GetFormaPagamento", controller = "FormaPagamentos"}. Executing controller action with signature System.Threading.Tasks.Task`1[Microsoft.AspNetCore.Mvc.ActionResult`1[System.Collections.Generic.IEnumerable`1[FortalezaServer.Models.FormaPagamento]]] GetFormaPagamento() on controller FortalezaServer.Controllers.FormaPagamentosController (FortalezaServer).
2021-02-19 17:04:00.091 -03:00 [INF] Entity Framework Core 3.1.10 initialized 'fortalezaitdbContext' using provider 'MySql.Data.EntityFrameworkCore' with options: None
2021-02-19 17:04:00.104 -03:00 [INF] Executed DbCommand (0ms) [Parameters=[], CommandType='"Text"', CommandTimeout='30']
SELECT `f`.`idforma_pagamento`, `f`.`bandeira`, `f`.`debitar_cliente`, `f`.`debito`, `f`.`gerar_contas_receber`, `f`.`nome`, `f`.`ordem`
FROM `forma_pagamento` AS `f`
ORDER BY `f`.`ordem`
2021-02-19 17:04:00.111 -03:00 [INF] Executing ObjectResult, writing value of type 'System.Collections.Generic.List`1[[FortalezaServer.Models.FormaPagamento, FortalezaServer, Version=1.0.0.0, Culture=neutral, PublicKeyToken=null]]'.
2021-02-19 17:04:00.118 -03:00 [INF] Executed action FortalezaServer.Controllers.FormaPagamentosController.GetFormaPagamento (FortalezaServer) in 26.7528ms
2021-02-19 17:04:00.120 -03:00 [INF] Executed endpoint 'FortalezaServer.Controllers.FormaPagamentosController.GetFormaPagamento (FortalezaServer)'
2021-02-19 17:04:00.122 -03:00 [INF] Request finished in 44.4183ms 200 application/json; charset=utf-8
2021-02-19 17:04:00.179 -03:00 [INF] Request starting HTTP/1.1 GET http://localhost:8000/api/bandeiras  
2021-02-19 17:04:00.180 -03:00 [INF] Executing endpoint 'FortalezaServer.Controllers.BandeirasController.GetBandeira (FortalezaServer)'
2021-02-19 17:04:00.182 -03:00 [INF] Route matched with {action = "GetBandeira", controller = "Bandeiras"}. Executing controller action with signature System.Threading.Tasks.Task`1[Microsoft.AspNetCore.Mvc.ActionResult`1[System.Collections.Generic.IEnumerable`1[FortalezaServer.Models.Bandeira]]] GetBandeira() on controller FortalezaServer.Controllers.BandeirasController (FortalezaServer).
2021-02-19 17:04:00.186 -03:00 [INF] Entity Framework Core 3.1.10 initialized 'fortalezaitdbContext' using provider 'MySql.Data.EntityFrameworkCore' with options: None
2021-02-19 17:04:00.191 -03:00 [INF] Executed DbCommand (0ms) [Parameters=[], CommandType='"Text"', CommandTimeout='30']
SELECT `b`.`idbandeira`, `b`.`nome`, `b`.`ordem`, `b`.`prazo1`, `b`.`prazo2`, `b`.`taxa1`, `b`.`taxa2`
FROM `bandeira` AS `b`
ORDER BY `b`.`ordem`
2021-02-19 17:04:00.196 -03:00 [INF] Executing ObjectResult, writing value of type 'System.Collections.Generic.List`1[[FortalezaServer.Models.Bandeira, FortalezaServer, Version=1.0.0.0, Culture=neutral, PublicKeyToken=null]]'.
2021-02-19 17:04:00.198 -03:00 [INF] Executed action FortalezaServer.Controllers.BandeirasController.GetBandeira (FortalezaServer) in 12.6001ms
2021-02-19 17:04:00.199 -03:00 [INF] Executed endpoint 'FortalezaServer.Controllers.BandeirasController.GetBandeira (FortalezaServer)'
2021-02-19 17:04:00.201 -03:00 [INF] Request finished in 21.3687ms 200 application/json; charset=utf-8
2021-02-19 17:04:03.123 -03:00 [INF] Request starting HTTP/1.1 GET http://localhost:8000/api/bandeiras/actions/ordem  
2021-02-19 17:04:03.124 -03:00 [INF] Executing endpoint 'FortalezaServer.Controllers.BandeirasController.GetOrdem (FortalezaServer)'
2021-02-19 17:04:03.131 -03:00 [INF] Route matched with {action = "GetOrdem", controller = "Bandeiras"}. Executing controller action with signature System.Threading.Tasks.Task`1[Microsoft.AspNetCore.Mvc.ActionResult`1[System.Int32]] GetOrdem() on controller FortalezaServer.Controllers.BandeirasController (FortalezaServer).
2021-02-19 17:04:03.144 -03:00 [INF] Entity Framework Core 3.1.10 initialized 'fortalezaitdbContext' using provider 'MySql.Data.EntityFrameworkCore' with options: None
2021-02-19 17:04:03.152 -03:00 [INF] Executed DbCommand (1ms) [Parameters=[], CommandType='"Text"', CommandTimeout='30']
SELECT `b`.`idbandeira`, `b`.`nome`, `b`.`ordem`, `b`.`prazo1`, `b`.`prazo2`, `b`.`taxa1`, `b`.`taxa2`
FROM `bandeira` AS `b`
ORDER BY `b`.`ordem` DESC
LIMIT 1
2021-02-19 17:04:03.159 -03:00 [INF] Executing ObjectResult, writing value of type 'System.Int32'.
2021-02-19 17:04:03.161 -03:00 [INF] Executed action FortalezaServer.Controllers.BandeirasController.GetOrdem (FortalezaServer) in 17.3365ms
2021-02-19 17:04:03.162 -03:00 [INF] Executed endpoint 'FortalezaServer.Controllers.BandeirasController.GetOrdem (FortalezaServer)'
2021-02-19 17:04:03.164 -03:00 [INF] Request finished in 41.2377ms 200 application/json; charset=utf-8
2021-02-19 17:04:06.251 -03:00 [INF] Request starting HTTP/1.1 POST http://localhost:8000/api/bandeiras application/json; charset=utf-8 110
2021-02-19 17:04:06.253 -03:00 [INF] Executing endpoint 'FortalezaServer.Controllers.BandeirasController.PostBandeira (FortalezaServer)'
2021-02-19 17:04:06.255 -03:00 [INF] Route matched with {action = "PostBandeira", controller = "Bandeiras"}. Executing controller action with signature System.Threading.Tasks.Task`1[Microsoft.AspNetCore.Mvc.ActionResult`1[FortalezaServer.Models.Bandeira]] PostBandeira(FortalezaServer.Models.Bandeira) on controller FortalezaServer.Controllers.BandeirasController (FortalezaServer).
2021-02-19 17:04:06.258 -03:00 [INF] Entity Framework Core 3.1.10 initialized 'fortalezaitdbContext' using provider 'MySql.Data.EntityFrameworkCore' with options: None
2021-02-19 17:04:06.261 -03:00 [INF] Executed DbCommand (0ms) [Parameters=[@__bandeira_Ordem_0='?' (DbType = Int32)], CommandType='"Text"', CommandTimeout='30']
SELECT `b`.`idbandeira`, `b`.`nome`, `b`.`ordem`, `b`.`prazo1`, `b`.`prazo2`, `b`.`taxa1`, `b`.`taxa2`
FROM `bandeira` AS `b`
WHERE `b`.`ordem` = @__bandeira_Ordem_0
LIMIT 1
2021-02-19 17:04:06.267 -03:00 [INF] Executed DbCommand (0ms) [Parameters=[@p0='?' (Size = 255), @p1='?' (DbType = Int32), @p2='?' (DbType = Int32), @p3='?' (DbType = Int32), @p4='?' (DbType = AnsiString), @p5='?' (DbType = AnsiString)], CommandType='"Text"', CommandTimeout='30']
INSERT INTO `bandeira` (`nome`, `ordem`, `prazo1`, `prazo2`, `taxa1`, `taxa2`)
VALUES (@p0, @p1, @p2, @p3, @p4, @p5);
SELECT `idbandeira`
FROM `bandeira`
WHERE ROW_COUNT() = 1
 AND `idbandeira`=LAST_INSERT_ID();
2021-02-19 17:04:06.276 -03:00 [INF] Executing ObjectResult, writing value of type 'FortalezaServer.Models.Bandeira'.
2021-02-19 17:04:06.277 -03:00 [INF] Executed action FortalezaServer.Controllers.BandeirasController.PostBandeira (FortalezaServer) in 20.052ms
2021-02-19 17:04:06.280 -03:00 [INF] Executed endpoint 'FortalezaServer.Controllers.BandeirasController.PostBandeira (FortalezaServer)'
2021-02-19 17:04:06.282 -03:00 [INF] Request finished in 31.7822ms 201 application/json; charset=utf-8
2021-02-19 17:04:06.294 -03:00 [INF] Request starting HTTP/1.1 GET http://localhost:8000/api/bandeiras  
2021-02-19 17:04:06.295 -03:00 [INF] Executing endpoint 'FortalezaServer.Controllers.BandeirasController.GetBandeira (FortalezaServer)'
2021-02-19 17:04:06.297 -03:00 [INF] Route matched with {action = "GetBandeira", controller = "Bandeiras"}. Executing controller action with signature System.Threading.Tasks.Task`1[Microsoft.AspNetCore.Mvc.ActionResult`1[System.Collections.Generic.IEnumerable`1[FortalezaServer.Models.Bandeira]]] GetBandeira() on controller FortalezaServer.Controllers.BandeirasController (FortalezaServer).
2021-02-19 17:04:06.301 -03:00 [INF] Entity Framework Core 3.1.10 initialized 'fortalezaitdbContext' using provider 'MySql.Data.EntityFrameworkCore' with options: None
2021-02-19 17:04:06.306 -03:00 [INF] Executed DbCommand (0ms) [Parameters=[], CommandType='"Text"', CommandTimeout='30']
SELECT `b`.`idbandeira`, `b`.`nome`, `b`.`ordem`, `b`.`prazo1`, `b`.`prazo2`, `b`.`taxa1`, `b`.`taxa2`
FROM `bandeira` AS `b`
ORDER BY `b`.`ordem`
2021-02-19 17:04:06.309 -03:00 [INF] Executing ObjectResult, writing value of type 'System.Collections.Generic.List`1[[FortalezaServer.Models.Bandeira, FortalezaServer, Version=1.0.0.0, Culture=neutral, PublicKeyToken=null]]'.
2021-02-19 17:04:06.310 -03:00 [INF] Executed action FortalezaServer.Controllers.BandeirasController.GetBandeira (FortalezaServer) in 10.1344ms
2021-02-19 17:04:06.313 -03:00 [INF] Executed endpoint 'FortalezaServer.Controllers.BandeirasController.GetBandeira (FortalezaServer)'
2021-02-19 17:04:06.314 -03:00 [INF] Request finished in 20.4636ms 200 application/json; charset=utf-8
2021-02-19 17:04:09.120 -03:00 [INF] Request starting HTTP/1.1 GET http://localhost:8000/api/bandeiras/7  
2021-02-19 17:04:09.121 -03:00 [INF] Executing endpoint 'FortalezaServer.Controllers.BandeirasController.GetBandeira (FortalezaServer)'
2021-02-19 17:04:09.123 -03:00 [INF] Route matched with {action = "GetBandeira", controller = "Bandeiras"}. Executing controller action with signature System.Threading.Tasks.Task`1[Microsoft.AspNetCore.Mvc.ActionResult`1[FortalezaServer.Models.Bandeira]] GetBandeira(Int32) on controller FortalezaServer.Controllers.BandeirasController (FortalezaServer).
2021-02-19 17:04:09.126 -03:00 [INF] Entity Framework Core 3.1.10 initialized 'fortalezaitdbContext' using provider 'MySql.Data.EntityFrameworkCore' with options: None
2021-02-19 17:04:09.129 -03:00 [INF] Executed DbCommand (0ms) [Parameters=[@__p_0='?' (DbType = Int32)], CommandType='"Text"', CommandTimeout='30']
SELECT `b`.`idbandeira`, `b`.`nome`, `b`.`ordem`, `b`.`prazo1`, `b`.`prazo2`, `b`.`taxa1`, `b`.`taxa2`
FROM `bandeira` AS `b`
WHERE `b`.`idbandeira` = @__p_0
LIMIT 1
2021-02-19 17:04:09.135 -03:00 [INF] Executing ObjectResult, writing value of type 'FortalezaServer.Models.Bandeira'.
2021-02-19 17:04:09.137 -03:00 [INF] Executed action FortalezaServer.Controllers.BandeirasController.GetBandeira (FortalezaServer) in 11.4755ms
2021-02-19 17:04:09.141 -03:00 [INF] Executed endpoint 'FortalezaServer.Controllers.BandeirasController.GetBandeira (FortalezaServer)'
2021-02-19 17:04:09.143 -03:00 [INF] Request finished in 23.3092ms 200 application/json; charset=utf-8
2021-02-19 17:04:13.482 -03:00 [INF] Request starting HTTP/1.1 PUT http://localhost:8000/api/bandeiras/7 application/json; charset=utf-8 112
2021-02-19 17:04:13.483 -03:00 [INF] Executing endpoint 'FortalezaServer.Controllers.BandeirasController.PutBandeira (FortalezaServer)'
2021-02-19 17:04:13.485 -03:00 [INF] Route matched with {action = "PutBandeira", controller = "Bandeiras"}. Executing controller action with signature System.Threading.Tasks.Task`1[Microsoft.AspNetCore.Mvc.IActionResult] PutBandeira(Int32, FortalezaServer.Models.Bandeira) on controller FortalezaServer.Controllers.BandeirasController (FortalezaServer).
2021-02-19 17:04:13.489 -03:00 [INF] Entity Framework Core 3.1.10 initialized 'fortalezaitdbContext' using provider 'MySql.Data.EntityFrameworkCore' with options: None
2021-02-19 17:04:13.492 -03:00 [INF] Executed DbCommand (0ms) [Parameters=[@__bandeira_Ordem_0='?' (DbType = Int32)], CommandType='"Text"', CommandTimeout='30']
SELECT `b`.`idbandeira`, `b`.`nome`, `b`.`ordem`, `b`.`prazo1`, `b`.`prazo2`, `b`.`taxa1`, `b`.`taxa2`
FROM `bandeira` AS `b`
WHERE `b`.`ordem` = @__bandeira_Ordem_0
LIMIT 1
2021-02-19 17:04:13.571 -03:00 [INF] Executed action FortalezaServer.Controllers.BandeirasController.PutBandeira (FortalezaServer) in 82.7217ms
2021-02-19 17:04:13.574 -03:00 [INF] Executed endpoint 'FortalezaServer.Controllers.BandeirasController.PutBandeira (FortalezaServer)'
2021-02-19 17:04:13.578 -03:00 [ERR] An unhandled exception has occurred while executing the request.
System.InvalidOperationException: The instance of entity type 'Bandeira' cannot be tracked because another instance with the same key value for {'Idbandeira'} is already being tracked. When attaching existing entities, ensure that only one entity instance with a given key value is attached. Consider using 'DbContextOptionsBuilder.EnableSensitiveDataLogging' to see the conflicting key values.
   at Microsoft.EntityFrameworkCore.ChangeTracking.Internal.IdentityMap`1.ThrowIdentityConflict(InternalEntityEntry entry)
   at Microsoft.EntityFrameworkCore.ChangeTracking.Internal.IdentityMap`1.Add(TKey key, InternalEntityEntry entry, Boolean updateDuplicate)
   at Microsoft.EntityFrameworkCore.ChangeTracking.Internal.IdentityMap`1.Add(TKey key, InternalEntityEntry entry)
   at Microsoft.EntityFrameworkCore.ChangeTracking.Internal.IdentityMap`1.Add(InternalEntityEntry entry)
   at Microsoft.EntityFrameworkCore.ChangeTracking.Internal.StateManager.StartTracking(InternalEntityEntry entry)
   at Microsoft.EntityFrameworkCore.ChangeTracking.Internal.InternalEntityEntry.SetEntityState(EntityState oldState, EntityState newState, Boolean acceptChanges, Boolean modifyProperties)
   at Microsoft.EntityFrameworkCore.ChangeTracking.Internal.InternalEntityEntry.SetEntityState(EntityState entityState, Boolean acceptChanges, Boolean modifyProperties, Nullable`1 forceStateWhenUnknownKey)
   at Microsoft.EntityFrameworkCore.ChangeTracking.EntityEntry.set_State(EntityState value)
   at FortalezaServer.Controllers.BandeirasController.PutBandeira(Int32 id, Bandeira bandeira) in C:\Users\felip\source\repos\FortalezaServer\Controllers\BandeirasController.cs:line 74
   at Microsoft.AspNetCore.Mvc.Infrastructure.ActionMethodExecutor.TaskOfIActionResultExecutor.Execute(IActionResultTypeMapper mapper, ObjectMethodExecutor executor, Object controller, Object[] arguments)
   at Microsoft.AspNetCore.Mvc.Infrastructure.ControllerActionInvoker.<InvokeActionMethodAsync>g__Awaited|12_0(ControllerActionInvoker invoker, ValueTask`1 actionResultValueTask)
   at Microsoft.AspNetCore.Mvc.Infrastructure.ControllerActionInvoker.<InvokeNextActionFilterAsync>g__Awaited|10_0(ControllerActionInvoker invoker, Task lastTask, State next, Scope scope, Object state, Boolean isCompleted)
   at Microsoft.AspNetCore.Mvc.Infrastructure.ControllerActionInvoker.Rethrow(ActionExecutedContextSealed context)
   at Microsoft.AspNetCore.Mvc.Infrastructure.ControllerActionInvoker.Next(State& next, Scope& scope, Object& state, Boolean& isCompleted)
   at Microsoft.AspNetCore.Mvc.Infrastructure.ControllerActionInvoker.InvokeInnerFilterAsync()
--- End of stack trace from previous location where exception was thrown ---
   at Microsoft.AspNetCore.Mvc.Infrastructure.ResourceInvoker.<InvokeFilterPipelineAsync>g__Awaited|19_0(ResourceInvoker invoker, Task lastTask, State next, Scope scope, Object state, Boolean isCompleted)
   at Microsoft.AspNetCore.Mvc.Infrastructure.ResourceInvoker.<InvokeAsync>g__Logged|17_1(ResourceInvoker invoker)
   at Microsoft.AspNetCore.Routing.EndpointMiddleware.<Invoke>g__AwaitRequestTask|6_0(Endpoint endpoint, Task requestTask, ILogger logger)
   at Microsoft.AspNetCore.Authorization.AuthorizationMiddleware.Invoke(HttpContext context)
   at Microsoft.AspNetCore.Diagnostics.DeveloperExceptionPageMiddleware.Invoke(HttpContext context)
2021-02-19 17:04:13.657 -03:00 [INF] Request finished in 174.8757ms 500 text/plain
