2021-03-01 19:55:36.215 -03:00 [INF] Starting web host
2021-03-01 19:55:37.589 -03:00 [INF] Now listening on: http://[::]:8000
2021-03-01 19:55:37.593 -03:00 [INF] Application started. Press Ctrl+C to shut down.
2021-03-01 19:55:37.594 -03:00 [INF] Hosting environment: Development
2021-03-01 19:55:37.595 -03:00 [INF] Content root path: C:\Users\felip\source\repos\FortalezaServer
2021-03-01 19:55:38.175 -03:00 [INF] Request starting HTTP/1.1 GET http://localhost:8000/api  
2021-03-01 19:55:38.237 -03:00 [INF] Executing endpoint 'FortalezaServer.Controllers.IndexController.Get (FortalezaServer)'
2021-03-01 19:55:38.282 -03:00 [INF] Route matched with {action = "Get", controller = "Index"}. Executing controller action with signature System.String Get() on controller FortalezaServer.Controllers.IndexController (FortalezaServer).
2021-03-01 19:55:38.818 -03:00 [INF] Executing ObjectResult, writing value of type 'System.String'.
2021-03-01 19:55:38.981 -03:00 [INF] Request starting HTTP/1.1 GET http://localhost:8000/api/status  
2021-03-01 19:55:38.984 -03:00 [INF] Executing endpoint 'FortalezaServer.Controllers.IndexController.GetStatus (FortalezaServer)'
2021-03-01 19:55:38.988 -03:00 [INF] Executed action FortalezaServer.Controllers.IndexController.Get (FortalezaServer) in 698.7669ms
2021-03-01 19:55:38.994 -03:00 [INF] Executed endpoint 'FortalezaServer.Controllers.IndexController.Get (FortalezaServer)'
2021-03-01 19:55:39.000 -03:00 [INF] Request finished in 829.1013ms 200 text/plain; charset=utf-8
2021-03-01 19:55:39.013 -03:00 [INF] Route matched with {action = "GetStatus", controller = "Index"}. Executing controller action with signature System.Threading.Tasks.Task`1[Microsoft.AspNetCore.Mvc.ActionResult`1[FortalezaServer.Controllers.IndexController+Status]] GetStatus() on controller FortalezaServer.Controllers.IndexController (FortalezaServer).
2021-03-01 19:55:39.037 -03:00 [INF] Request starting HTTP/1.1 GET http://localhost:8000/api  
2021-03-01 19:55:39.038 -03:00 [INF] Executing endpoint 'FortalezaServer.Controllers.IndexController.Get (FortalezaServer)'
2021-03-01 19:55:39.039 -03:00 [INF] Route matched with {action = "Get", controller = "Index"}. Executing controller action with signature System.String Get() on controller FortalezaServer.Controllers.IndexController (FortalezaServer).
2021-03-01 19:55:39.043 -03:00 [INF] Executing ObjectResult, writing value of type 'System.String'.
2021-03-01 19:55:39.045 -03:00 [INF] Executed action FortalezaServer.Controllers.IndexController.Get (FortalezaServer) in 3.2142ms
2021-03-01 19:55:39.047 -03:00 [INF] Executed endpoint 'FortalezaServer.Controllers.IndexController.Get (FortalezaServer)'
2021-03-01 19:55:39.048 -03:00 [INF] Request finished in 11.3296ms 200 text/plain; charset=utf-8
2021-03-01 19:55:39.128 -03:00 [INF] Request starting HTTP/1.1 GET http://localhost:8000/api/vendas/actions/aberta  
2021-03-01 19:55:39.136 -03:00 [INF] Executing endpoint 'FortalezaServer.Controllers.VendasController.GetVendaAberta (FortalezaServer)'
2021-03-01 19:55:39.181 -03:00 [INF] Route matched with {action = "GetVendaAberta", controller = "Vendas"}. Executing controller action with signature System.Threading.Tasks.Task`1[Microsoft.AspNetCore.Mvc.ActionResult`1[System.Int32]] GetVendaAberta(Int32) on controller FortalezaServer.Controllers.VendasController (FortalezaServer).
2021-03-01 19:55:39.344 -03:00 [INF] Request starting HTTP/1.1 GET http://localhost:8000/api/grupos  
2021-03-01 19:55:39.346 -03:00 [INF] Executing endpoint 'FortalezaServer.Controllers.GruposController.GetGrupo (FortalezaServer)'
2021-03-01 19:55:39.351 -03:00 [INF] Route matched with {action = "GetGrupo", controller = "Grupos"}. Executing controller action with signature System.Threading.Tasks.Task`1[Microsoft.AspNetCore.Mvc.ActionResult`1[System.Collections.Generic.IEnumerable`1[FortalezaServer.Models.Grupo]]] GetGrupo() on controller FortalezaServer.Controllers.GruposController (FortalezaServer).
2021-03-01 19:55:39.842 -03:00 [INF] Entity Framework Core 3.1.10 initialized 'fortalezaitdbContext' using provider 'MySql.Data.EntityFrameworkCore' with options: None
2021-03-01 19:55:39.842 -03:00 [INF] Entity Framework Core 3.1.10 initialized 'fortalezaitdbContext' using provider 'MySql.Data.EntityFrameworkCore' with options: None
2021-03-01 19:55:39.842 -03:00 [INF] Entity Framework Core 3.1.10 initialized 'fortalezaitdbContext' using provider 'MySql.Data.EntityFrameworkCore' with options: None
2021-03-01 19:55:40.319 -03:00 [INF] Executing ObjectResult, writing value of type 'FortalezaServer.Controllers.IndexController+Status'.
2021-03-01 19:55:40.353 -03:00 [INF] Executed DbCommand (37ms) [Parameters=[], CommandType='"Text"', CommandTimeout='30']
SELECT `g`.`idgrupo`, `g`.`descricao`, `g`.`nome`, `g`.`visivel`
FROM `grupo` AS `g`
2021-03-01 19:55:40.353 -03:00 [INF] Executed DbCommand (30ms) [Parameters=[@__tipo_0='?' (DbType = Int32)], CommandType='"Text"', CommandTimeout='30']
SELECT `v`.`idvenda`, `v`.`aberta`, `v`.`acrescimo`, `v`.`desconto`, `v`.`descricao`, `v`.`hora_entrada`, `v`.`hora_fechamento`, `v`.`idcaixa`, `v`.`idcliente`, `v`.`idpdv`, `v`.`idresponsavel`, `v`.`numero_venda`, `v`.`paga`, `v`.`tipo`, `v`.`valor_pago`
FROM `venda` AS `v`
WHERE (`v`.`aberta` = 1) & (`v`.`tipo` = @__tipo_0)
LIMIT 1
2021-03-01 19:55:40.368 -03:00 [INF] Executing ObjectResult, writing value of type 'System.Int32'.
2021-03-01 19:55:40.403 -03:00 [INF] Executed action FortalezaServer.Controllers.VendasController.GetVendaAberta (FortalezaServer) in 1214.9463ms
2021-03-01 19:55:40.406 -03:00 [INF] Executed endpoint 'FortalezaServer.Controllers.VendasController.GetVendaAberta (FortalezaServer)'
2021-03-01 19:55:40.409 -03:00 [INF] Executing ObjectResult, writing value of type 'System.Collections.Generic.List`1[[FortalezaServer.Models.Grupo, FortalezaServer, Version=1.0.0.0, Culture=neutral, PublicKeyToken=null]]'.
2021-03-01 19:55:40.410 -03:00 [INF] Request finished in 1282.4468ms 200 application/json; charset=utf-8
2021-03-01 19:55:40.432 -03:00 [INF] Executed action FortalezaServer.Controllers.IndexController.GetStatus (FortalezaServer) in 1417.018ms
2021-03-01 19:55:40.434 -03:00 [INF] Executed action FortalezaServer.Controllers.GruposController.GetGrupo (FortalezaServer) in 1078.4766ms
2021-03-01 19:55:40.434 -03:00 [INF] Executed endpoint 'FortalezaServer.Controllers.IndexController.GetStatus (FortalezaServer)'
2021-03-01 19:55:40.439 -03:00 [INF] Request finished in 1458.1001ms 200 application/json; charset=utf-8
2021-03-01 19:55:40.437 -03:00 [INF] Executed endpoint 'FortalezaServer.Controllers.GruposController.GetGrupo (FortalezaServer)'
2021-03-01 19:55:40.441 -03:00 [INF] Request finished in 1097.5182ms 200 application/json; charset=utf-8
2021-03-01 19:55:40.463 -03:00 [INF] Request starting HTTP/1.1 GET http://localhost:8000/api/items  
2021-03-01 19:55:40.464 -03:00 [INF] Executing endpoint 'FortalezaServer.Controllers.ItemsController.GetItem (FortalezaServer)'
2021-03-01 19:55:40.470 -03:00 [INF] Route matched with {action = "GetItem", controller = "Items"}. Executing controller action with signature System.Threading.Tasks.Task`1[Microsoft.AspNetCore.Mvc.ActionResult`1[System.Collections.Generic.IEnumerable`1[FortalezaServer.Models.Item]]] GetItem(Boolean, Boolean, Boolean, System.String) on controller FortalezaServer.Controllers.ItemsController (FortalezaServer).
2021-03-01 19:55:40.513 -03:00 [INF] Entity Framework Core 3.1.10 initialized 'fortalezaitdbContext' using provider 'MySql.Data.EntityFrameworkCore' with options: None
2021-03-01 19:55:40.539 -03:00 [INF] Executed DbCommand (13ms) [Parameters=[], CommandType='"Text"', CommandTimeout='30']
SELECT `i`.`iditem`, `i`.`atacado`, `i`.`codigo_barras`, `i`.`descricao`, `i`.`disponivel`, `i`.`estoque`, `i`.`estoque_minimo`, `i`.`imagem`, `i`.`permite_combo`, `i`.`quantidade_atacado`, `i`.`tipo`, `i`.`unidade`, `i`.`unidade_inteira`, `i`.`valor`, `i`.`valor_atacado`, `i`.`visivel`
FROM `item` AS `i`
WHERE `i`.`visivel` = 1
2021-03-01 19:55:40.578 -03:00 [INF] Request starting HTTP/1.1 GET http://localhost:8000/favicon.ico  
2021-03-01 19:55:40.578 -03:00 [INF] Executing ObjectResult, writing value of type 'System.Collections.Generic.List`1[[FortalezaServer.Models.Item, FortalezaServer, Version=1.0.0.0, Culture=neutral, PublicKeyToken=null]]'.
2021-03-01 19:55:40.588 -03:00 [INF] Request finished in 10.4752ms 404 
2021-03-01 19:55:40.605 -03:00 [INF] Executed action FortalezaServer.Controllers.ItemsController.GetItem (FortalezaServer) in 131.5035ms
2021-03-01 19:55:40.607 -03:00 [INF] Executed endpoint 'FortalezaServer.Controllers.ItemsController.GetItem (FortalezaServer)'
2021-03-01 19:55:40.609 -03:00 [INF] Request finished in 146.5427ms 200 application/json; charset=utf-8
2021-03-01 19:55:44.996 -03:00 [INF] Request starting HTTP/1.1 GET http://localhost:8000/api/items/actions/exists/333  
2021-03-01 19:55:44.998 -03:00 [INF] Request finished in 2.2248ms 404 
2021-03-01 19:57:09.239 -03:00 [INF] Request starting HTTP/1.1 GET http://localhost:8000/api/items?query=333  
2021-03-01 19:57:09.240 -03:00 [INF] Executing endpoint 'FortalezaServer.Controllers.ItemsController.GetItem (FortalezaServer)'
2021-03-01 19:57:09.242 -03:00 [INF] Route matched with {action = "GetItem", controller = "Items"}. Executing controller action with signature System.Threading.Tasks.Task`1[Microsoft.AspNetCore.Mvc.ActionResult`1[System.Collections.Generic.IEnumerable`1[FortalezaServer.Models.Item]]] GetItem(Boolean, Boolean, Boolean, System.String) on controller FortalezaServer.Controllers.ItemsController (FortalezaServer).
2021-03-01 19:57:09.249 -03:00 [INF] Entity Framework Core 3.1.10 initialized 'fortalezaitdbContext' using provider 'MySql.Data.EntityFrameworkCore' with options: None
2021-03-01 19:57:09.287 -03:00 [INF] Request starting HTTP/1.1 GET http://localhost:8000/api/grupos  
2021-03-01 19:57:09.289 -03:00 [INF] Executing endpoint 'FortalezaServer.Controllers.GruposController.GetGrupo (FortalezaServer)'
2021-03-01 19:57:09.292 -03:00 [INF] Route matched with {action = "GetGrupo", controller = "Grupos"}. Executing controller action with signature System.Threading.Tasks.Task`1[Microsoft.AspNetCore.Mvc.ActionResult`1[System.Collections.Generic.IEnumerable`1[FortalezaServer.Models.Grupo]]] GetGrupo() on controller FortalezaServer.Controllers.GruposController (FortalezaServer).
2021-03-01 19:57:09.293 -03:00 [INF] Executed DbCommand (4ms) [Parameters=[@__8__locals1_query_0='?' (Size = 4000)], CommandType='"Text"', CommandTimeout='30']
SELECT `i`.`iditem`
FROM `item` AS `i`
WHERE (LOCATE(CONVERT(LCASE(@__8__locals1_query_0) USING utf8mb4) COLLATE utf8mb4_bin, LCASE(`i`.`descricao`)) > 0) OR (@__8__locals1_query_0 = '')
2021-03-01 19:57:09.298 -03:00 [INF] Entity Framework Core 3.1.10 initialized 'fortalezaitdbContext' using provider 'MySql.Data.EntityFrameworkCore' with options: None
2021-03-01 19:57:09.307 -03:00 [INF] Executed DbCommand (0ms) [Parameters=[], CommandType='"Text"', CommandTimeout='30']
SELECT `g`.`idgrupo`, `g`.`descricao`, `g`.`nome`, `g`.`visivel`
FROM `grupo` AS `g`
2021-03-01 19:57:09.307 -03:00 [INF] Executed DbCommand (0ms) [Parameters=[@__Substring_0='?' (Size = 4000)], CommandType='"Text"', CommandTimeout='30']
SELECT `i`.`iditem`
FROM `item` AS `i`
WHERE (LOCATE(CONVERT(LCASE(@__Substring_0) USING utf8mb4) COLLATE utf8mb4_bin, LCASE(CONVERT(`i`.`iditem`, CHAR(11)))) > 0) OR (@__Substring_0 = '')
2021-03-01 19:57:09.310 -03:00 [INF] Executing ObjectResult, writing value of type 'System.Collections.Generic.List`1[[FortalezaServer.Models.Grupo, FortalezaServer, Version=1.0.0.0, Culture=neutral, PublicKeyToken=null]]'.
2021-03-01 19:57:09.316 -03:00 [INF] Executed action FortalezaServer.Controllers.GruposController.GetGrupo (FortalezaServer) in 18.7335ms
2021-03-01 19:57:09.318 -03:00 [INF] Executed DbCommand (1ms) [Parameters=[@__8__locals1_query_1='?' (Size = 4000), @__ldzAux_0='?' (Size = 4000)], CommandType='"Text"', CommandTimeout='30']
SELECT `i`.`iditem`
FROM `item` AS `i`
WHERE (LOCATE(CONVERT(LCASE(@__8__locals1_query_1) USING utf8mb4) COLLATE utf8mb4_bin, LCASE(@__ldzAux_0 + CONVERT(`i`.`iditem`, CHAR(11)))) > 0) OR (@__8__locals1_query_1 = '')
2021-03-01 19:57:09.318 -03:00 [INF] Executed endpoint 'FortalezaServer.Controllers.GruposController.GetGrupo (FortalezaServer)'
2021-03-01 19:57:09.325 -03:00 [INF] Request finished in 37.5795ms 200 application/json; charset=utf-8
2021-03-01 19:57:09.326 -03:00 [INF] Executed DbCommand (1ms) [Parameters=[@__8__locals1_query_0='?' (Size = 4000)], CommandType='"Text"', CommandTimeout='30']
SELECT `i`.`iditem`
FROM `item` AS `i`
WHERE (LOCATE(CONVERT(LCASE(@__8__locals1_query_0) USING utf8mb4) COLLATE utf8mb4_bin, LCASE(`i`.`codigo_barras`)) > 0) OR (@__8__locals1_query_0 = '')
2021-03-01 19:57:09.334 -03:00 [INF] Request starting HTTP/1.1 GET http://localhost:8000/api/items  
2021-03-01 19:57:09.339 -03:00 [INF] Executing ObjectResult, writing value of type 'null'.
2021-03-01 19:57:09.341 -03:00 [INF] Executing endpoint 'FortalezaServer.Controllers.ItemsController.GetItem (FortalezaServer)'
2021-03-01 19:57:09.343 -03:00 [INF] Executed action FortalezaServer.Controllers.ItemsController.GetItem (FortalezaServer) in 97.2327ms
2021-03-01 19:57:09.347 -03:00 [INF] Route matched with {action = "GetItem", controller = "Items"}. Executing controller action with signature System.Threading.Tasks.Task`1[Microsoft.AspNetCore.Mvc.ActionResult`1[System.Collections.Generic.IEnumerable`1[FortalezaServer.Models.Item]]] GetItem(Boolean, Boolean, Boolean, System.String) on controller FortalezaServer.Controllers.ItemsController (FortalezaServer).
2021-03-01 19:57:09.351 -03:00 [INF] Executed endpoint 'FortalezaServer.Controllers.ItemsController.GetItem (FortalezaServer)'
2021-03-01 19:57:09.354 -03:00 [INF] Entity Framework Core 3.1.10 initialized 'fortalezaitdbContext' using provider 'MySql.Data.EntityFrameworkCore' with options: None
2021-03-01 19:57:09.355 -03:00 [INF] Request finished in 116.3662ms 204 
2021-03-01 19:57:09.366 -03:00 [INF] Executed DbCommand (0ms) [Parameters=[], CommandType='"Text"', CommandTimeout='30']
SELECT `i`.`iditem`, `i`.`atacado`, `i`.`codigo_barras`, `i`.`descricao`, `i`.`disponivel`, `i`.`estoque`, `i`.`estoque_minimo`, `i`.`imagem`, `i`.`permite_combo`, `i`.`quantidade_atacado`, `i`.`tipo`, `i`.`unidade`, `i`.`unidade_inteira`, `i`.`valor`, `i`.`valor_atacado`, `i`.`visivel`
FROM `item` AS `i`
WHERE `i`.`visivel` = 1
2021-03-01 19:57:09.371 -03:00 [INF] Executing ObjectResult, writing value of type 'System.Collections.Generic.List`1[[FortalezaServer.Models.Item, FortalezaServer, Version=1.0.0.0, Culture=neutral, PublicKeyToken=null]]'.
2021-03-01 19:57:09.373 -03:00 [INF] Executed action FortalezaServer.Controllers.ItemsController.GetItem (FortalezaServer) in 18.9993ms
2021-03-01 19:57:09.374 -03:00 [INF] Executed endpoint 'FortalezaServer.Controllers.ItemsController.GetItem (FortalezaServer)'
2021-03-01 19:57:09.377 -03:00 [INF] Request finished in 42.8504ms 200 application/json; charset=utf-8
2021-03-01 19:57:48.701 -03:00 [INF] Request starting HTTP/1.1 GET http://localhost:8000/api  
2021-03-01 19:57:48.706 -03:00 [INF] Executing endpoint 'FortalezaServer.Controllers.IndexController.Get (FortalezaServer)'
2021-03-01 19:57:48.714 -03:00 [INF] Route matched with {action = "Get", controller = "Index"}. Executing controller action with signature System.String Get() on controller FortalezaServer.Controllers.IndexController (FortalezaServer).
2021-03-01 19:57:48.717 -03:00 [INF] Executing ObjectResult, writing value of type 'System.String'.
2021-03-01 19:57:48.721 -03:00 [INF] Executed action FortalezaServer.Controllers.IndexController.Get (FortalezaServer) in 4.2829ms
2021-03-01 19:57:48.726 -03:00 [INF] Executed endpoint 'FortalezaServer.Controllers.IndexController.Get (FortalezaServer)'
2021-03-01 19:57:48.728 -03:00 [INF] Request finished in 26.795ms 200 text/plain; charset=utf-8
2021-03-01 19:57:48.758 -03:00 [INF] Request starting HTTP/1.1 GET http://localhost:8000/api  
2021-03-01 19:57:48.759 -03:00 [INF] Executing endpoint 'FortalezaServer.Controllers.IndexController.Get (FortalezaServer)'
2021-03-01 19:57:48.761 -03:00 [INF] Route matched with {action = "Get", controller = "Index"}. Executing controller action with signature System.String Get() on controller FortalezaServer.Controllers.IndexController (FortalezaServer).
2021-03-01 19:57:48.764 -03:00 [INF] Executing ObjectResult, writing value of type 'System.String'.
2021-03-01 19:57:48.766 -03:00 [INF] Executed action FortalezaServer.Controllers.IndexController.Get (FortalezaServer) in 2.41ms
2021-03-01 19:57:48.768 -03:00 [INF] Executed endpoint 'FortalezaServer.Controllers.IndexController.Get (FortalezaServer)'
2021-03-01 19:57:48.769 -03:00 [INF] Request finished in 11.2036ms 200 text/plain; charset=utf-8
2021-03-01 19:57:48.847 -03:00 [INF] Request starting HTTP/1.1 GET http://localhost:8000/api/vendas/actions/aberta  
2021-03-01 19:57:48.850 -03:00 [INF] Executing endpoint 'FortalezaServer.Controllers.VendasController.GetVendaAberta (FortalezaServer)'
2021-03-01 19:57:48.851 -03:00 [INF] Route matched with {action = "GetVendaAberta", controller = "Vendas"}. Executing controller action with signature System.Threading.Tasks.Task`1[Microsoft.AspNetCore.Mvc.ActionResult`1[System.Int32]] GetVendaAberta(Int32) on controller FortalezaServer.Controllers.VendasController (FortalezaServer).
2021-03-01 19:57:48.854 -03:00 [INF] Entity Framework Core 3.1.10 initialized 'fortalezaitdbContext' using provider 'MySql.Data.EntityFrameworkCore' with options: None
2021-03-01 19:57:48.859 -03:00 [INF] Executed DbCommand (1ms) [Parameters=[@__tipo_0='?' (DbType = Int32)], CommandType='"Text"', CommandTimeout='30']
SELECT `v`.`idvenda`, `v`.`aberta`, `v`.`acrescimo`, `v`.`desconto`, `v`.`descricao`, `v`.`hora_entrada`, `v`.`hora_fechamento`, `v`.`idcaixa`, `v`.`idcliente`, `v`.`idpdv`, `v`.`idresponsavel`, `v`.`numero_venda`, `v`.`paga`, `v`.`tipo`, `v`.`valor_pago`
FROM `venda` AS `v`
WHERE (`v`.`aberta` = 1) & (`v`.`tipo` = @__tipo_0)
LIMIT 1
2021-03-01 19:57:48.863 -03:00 [INF] Executing ObjectResult, writing value of type 'System.Int32'.
2021-03-01 19:57:48.864 -03:00 [INF] Executed action FortalezaServer.Controllers.VendasController.GetVendaAberta (FortalezaServer) in 10.7914ms
2021-03-01 19:57:48.866 -03:00 [INF] Executed endpoint 'FortalezaServer.Controllers.VendasController.GetVendaAberta (FortalezaServer)'
2021-03-01 19:57:48.867 -03:00 [INF] Request finished in 19.5228ms 200 application/json; charset=utf-8
2021-03-01 19:57:48.964 -03:00 [INF] Request starting HTTP/1.1 GET http://localhost:8000/api/grupos  
2021-03-01 19:57:48.965 -03:00 [INF] Executing endpoint 'FortalezaServer.Controllers.GruposController.GetGrupo (FortalezaServer)'
2021-03-01 19:57:48.966 -03:00 [INF] Route matched with {action = "GetGrupo", controller = "Grupos"}. Executing controller action with signature System.Threading.Tasks.Task`1[Microsoft.AspNetCore.Mvc.ActionResult`1[System.Collections.Generic.IEnumerable`1[FortalezaServer.Models.Grupo]]] GetGrupo() on controller FortalezaServer.Controllers.GruposController (FortalezaServer).
2021-03-01 19:57:48.970 -03:00 [INF] Entity Framework Core 3.1.10 initialized 'fortalezaitdbContext' using provider 'MySql.Data.EntityFrameworkCore' with options: None
2021-03-01 19:57:48.973 -03:00 [INF] Executed DbCommand (0ms) [Parameters=[], CommandType='"Text"', CommandTimeout='30']
SELECT `g`.`idgrupo`, `g`.`descricao`, `g`.`nome`, `g`.`visivel`
FROM `grupo` AS `g`
2021-03-01 19:57:48.980 -03:00 [INF] Executing ObjectResult, writing value of type 'System.Collections.Generic.List`1[[FortalezaServer.Models.Grupo, FortalezaServer, Version=1.0.0.0, Culture=neutral, PublicKeyToken=null]]'.
2021-03-01 19:57:48.982 -03:00 [INF] Executed action FortalezaServer.Controllers.GruposController.GetGrupo (FortalezaServer) in 12.294ms
2021-03-01 19:57:48.984 -03:00 [INF] Executed endpoint 'FortalezaServer.Controllers.GruposController.GetGrupo (FortalezaServer)'
2021-03-01 19:57:48.985 -03:00 [INF] Request finished in 21.2868ms 200 application/json; charset=utf-8
2021-03-01 19:57:49.010 -03:00 [INF] Request starting HTTP/1.1 GET http://localhost:8000/api/items  
2021-03-01 19:57:49.011 -03:00 [INF] Executing endpoint 'FortalezaServer.Controllers.ItemsController.GetItem (FortalezaServer)'
2021-03-01 19:57:49.013 -03:00 [INF] Route matched with {action = "GetItem", controller = "Items"}. Executing controller action with signature System.Threading.Tasks.Task`1[Microsoft.AspNetCore.Mvc.ActionResult`1[System.Collections.Generic.IEnumerable`1[FortalezaServer.Models.Item]]] GetItem(Boolean, Boolean, Boolean, System.String) on controller FortalezaServer.Controllers.ItemsController (FortalezaServer).
2021-03-01 19:57:49.016 -03:00 [INF] Entity Framework Core 3.1.10 initialized 'fortalezaitdbContext' using provider 'MySql.Data.EntityFrameworkCore' with options: None
2021-03-01 19:57:49.019 -03:00 [INF] Executed DbCommand (0ms) [Parameters=[], CommandType='"Text"', CommandTimeout='30']
SELECT `i`.`iditem`, `i`.`atacado`, `i`.`codigo_barras`, `i`.`descricao`, `i`.`disponivel`, `i`.`estoque`, `i`.`estoque_minimo`, `i`.`imagem`, `i`.`permite_combo`, `i`.`quantidade_atacado`, `i`.`tipo`, `i`.`unidade`, `i`.`unidade_inteira`, `i`.`valor`, `i`.`valor_atacado`, `i`.`visivel`
FROM `item` AS `i`
WHERE `i`.`visivel` = 1
2021-03-01 19:57:49.023 -03:00 [INF] Executing ObjectResult, writing value of type 'System.Collections.Generic.List`1[[FortalezaServer.Models.Item, FortalezaServer, Version=1.0.0.0, Culture=neutral, PublicKeyToken=null]]'.
2021-03-01 19:57:49.027 -03:00 [INF] Executed action FortalezaServer.Controllers.ItemsController.GetItem (FortalezaServer) in 11.1893ms
2021-03-01 19:57:49.028 -03:00 [INF] Executed endpoint 'FortalezaServer.Controllers.ItemsController.GetItem (FortalezaServer)'
2021-03-01 19:57:49.030 -03:00 [INF] Request finished in 20.0382ms 200 application/json; charset=utf-8
2021-03-01 19:57:58.505 -03:00 [INF] Request starting HTTP/1.1 GET http://localhost:8000/api/items/actions/exists/3  
2021-03-01 19:57:58.507 -03:00 [INF] Request finished in 2.6244ms 404 
2021-03-01 19:58:26.276 -03:00 [INF] Request starting HTTP/1.1 GET http://localhost:8000/api/items?query=3  
2021-03-01 19:58:26.278 -03:00 [INF] Executing endpoint 'FortalezaServer.Controllers.ItemsController.GetItem (FortalezaServer)'
2021-03-01 19:58:26.280 -03:00 [INF] Route matched with {action = "GetItem", controller = "Items"}. Executing controller action with signature System.Threading.Tasks.Task`1[Microsoft.AspNetCore.Mvc.ActionResult`1[System.Collections.Generic.IEnumerable`1[FortalezaServer.Models.Item]]] GetItem(Boolean, Boolean, Boolean, System.String) on controller FortalezaServer.Controllers.ItemsController (FortalezaServer).
2021-03-01 19:58:26.286 -03:00 [INF] Entity Framework Core 3.1.10 initialized 'fortalezaitdbContext' using provider 'MySql.Data.EntityFrameworkCore' with options: None
2021-03-01 19:58:26.290 -03:00 [INF] Executed DbCommand (1ms) [Parameters=[@__8__locals1_query_0='?' (Size = 4000)], CommandType='"Text"', CommandTimeout='30']
SELECT `i`.`iditem`
FROM `item` AS `i`
WHERE (LOCATE(CONVERT(LCASE(@__8__locals1_query_0) USING utf8mb4) COLLATE utf8mb4_bin, LCASE(`i`.`descricao`)) > 0) OR (@__8__locals1_query_0 = '')
2021-03-01 19:58:26.298 -03:00 [INF] Executed DbCommand (0ms) [Parameters=[@__Substring_0='?' (Size = 4000)], CommandType='"Text"', CommandTimeout='30']
SELECT `i`.`iditem`
FROM `item` AS `i`
WHERE (LOCATE(CONVERT(LCASE(@__Substring_0) USING utf8mb4) COLLATE utf8mb4_bin, LCASE(CONVERT(`i`.`iditem`, CHAR(11)))) > 0) OR (@__Substring_0 = '')
2021-03-01 19:58:26.303 -03:00 [INF] Executed DbCommand (0ms) [Parameters=[@__8__locals1_query_1='?' (Size = 4000), @__ldzAux_0='?' (Size = 4000)], CommandType='"Text"', CommandTimeout='30']
SELECT `i`.`iditem`
FROM `item` AS `i`
WHERE (LOCATE(CONVERT(LCASE(@__8__locals1_query_1) USING utf8mb4) COLLATE utf8mb4_bin, LCASE(@__ldzAux_0 + CONVERT(`i`.`iditem`, CHAR(11)))) > 0) OR (@__8__locals1_query_1 = '')
2021-03-01 19:58:26.318 -03:00 [INF] Executed DbCommand (0ms) [Parameters=[@__8__locals1_query_0='?' (Size = 4000)], CommandType='"Text"', CommandTimeout='30']
SELECT `i`.`iditem`
FROM `item` AS `i`
WHERE (LOCATE(CONVERT(LCASE(@__8__locals1_query_0) USING utf8mb4) COLLATE utf8mb4_bin, LCASE(`i`.`codigo_barras`)) > 0) OR (@__8__locals1_query_0 = '')
2021-03-01 19:58:26.344 -03:00 [INF] Request starting HTTP/1.1 GET http://localhost:8000/api/grupos  
2021-03-01 19:58:26.346 -03:00 [INF] Executing endpoint 'FortalezaServer.Controllers.GruposController.GetGrupo (FortalezaServer)'
2021-03-01 19:58:26.351 -03:00 [INF] Route matched with {action = "GetGrupo", controller = "Grupos"}. Executing controller action with signature System.Threading.Tasks.Task`1[Microsoft.AspNetCore.Mvc.ActionResult`1[System.Collections.Generic.IEnumerable`1[FortalezaServer.Models.Grupo]]] GetGrupo() on controller FortalezaServer.Controllers.GruposController (FortalezaServer).
2021-03-01 19:58:26.359 -03:00 [INF] Entity Framework Core 3.1.10 initialized 'fortalezaitdbContext' using provider 'MySql.Data.EntityFrameworkCore' with options: None
2021-03-01 19:58:26.362 -03:00 [INF] Executed DbCommand (0ms) [Parameters=[], CommandType='"Text"', CommandTimeout='30']
SELECT `g`.`idgrupo`, `g`.`descricao`, `g`.`nome`, `g`.`visivel`
FROM `grupo` AS `g`
2021-03-01 19:58:26.366 -03:00 [INF] Executed DbCommand (1ms) [Parameters=[@__p_0='?' (DbType = Int32)], CommandType='"Text"', CommandTimeout='30']
SELECT `i`.`iditem`, `i`.`atacado`, `i`.`codigo_barras`, `i`.`descricao`, `i`.`disponivel`, `i`.`estoque`, `i`.`estoque_minimo`, `i`.`imagem`, `i`.`permite_combo`, `i`.`quantidade_atacado`, `i`.`tipo`, `i`.`unidade`, `i`.`unidade_inteira`, `i`.`valor`, `i`.`valor_atacado`, `i`.`visivel`
FROM `item` AS `i`
WHERE `i`.`iditem` = @__p_0
LIMIT 1
2021-03-01 19:58:26.368 -03:00 [INF] Executing ObjectResult, writing value of type 'System.Collections.Generic.List`1[[FortalezaServer.Models.Grupo, FortalezaServer, Version=1.0.0.0, Culture=neutral, PublicKeyToken=null]]'.
2021-03-01 19:58:26.380 -03:00 [INF] Executed DbCommand (0ms) [Parameters=[@__p_0='?' (DbType = Int32)], CommandType='"Text"', CommandTimeout='30']
SELECT `i`.`iditem`, `i`.`atacado`, `i`.`codigo_barras`, `i`.`descricao`, `i`.`disponivel`, `i`.`estoque`, `i`.`estoque_minimo`, `i`.`imagem`, `i`.`permite_combo`, `i`.`quantidade_atacado`, `i`.`tipo`, `i`.`unidade`, `i`.`unidade_inteira`, `i`.`valor`, `i`.`valor_atacado`, `i`.`visivel`
FROM `item` AS `i`
WHERE `i`.`iditem` = @__p_0
LIMIT 1
2021-03-01 19:58:26.382 -03:00 [INF] Executed action FortalezaServer.Controllers.GruposController.GetGrupo (FortalezaServer) in 23.3185ms
2021-03-01 19:58:26.395 -03:00 [INF] Executed endpoint 'FortalezaServer.Controllers.GruposController.GetGrupo (FortalezaServer)'
2021-03-01 19:58:26.395 -03:00 [INF] Executed DbCommand (0ms) [Parameters=[@__p_0='?' (DbType = Int32)], CommandType='"Text"', CommandTimeout='30']
SELECT `i`.`iditem`, `i`.`atacado`, `i`.`codigo_barras`, `i`.`descricao`, `i`.`disponivel`, `i`.`estoque`, `i`.`estoque_minimo`, `i`.`imagem`, `i`.`permite_combo`, `i`.`quantidade_atacado`, `i`.`tipo`, `i`.`unidade`, `i`.`unidade_inteira`, `i`.`valor`, `i`.`valor_atacado`, `i`.`visivel`
FROM `item` AS `i`
WHERE `i`.`iditem` = @__p_0
LIMIT 1
2021-03-01 19:58:26.396 -03:00 [INF] Request finished in 52.4474ms 200 application/json; charset=utf-8
2021-03-01 19:58:26.400 -03:00 [INF] Executing ObjectResult, writing value of type 'System.Collections.Generic.List`1[[FortalezaServer.Models.Item, FortalezaServer, Version=1.0.0.0, Culture=neutral, PublicKeyToken=null]]'.
2021-03-01 19:58:26.406 -03:00 [INF] Executed action FortalezaServer.Controllers.ItemsController.GetItem (FortalezaServer) in 121.4401ms
2021-03-01 19:58:26.407 -03:00 [INF] Executed endpoint 'FortalezaServer.Controllers.ItemsController.GetItem (FortalezaServer)'
2021-03-01 19:58:26.409 -03:00 [INF] Request finished in 132.2608ms 200 application/json; charset=utf-8
2021-03-01 19:58:26.477 -03:00 [INF] Request starting HTTP/1.1 GET http://localhost:8000/api/items  
2021-03-01 19:58:26.478 -03:00 [INF] Executing endpoint 'FortalezaServer.Controllers.ItemsController.GetItem (FortalezaServer)'
2021-03-01 19:58:26.479 -03:00 [INF] Route matched with {action = "GetItem", controller = "Items"}. Executing controller action with signature System.Threading.Tasks.Task`1[Microsoft.AspNetCore.Mvc.ActionResult`1[System.Collections.Generic.IEnumerable`1[FortalezaServer.Models.Item]]] GetItem(Boolean, Boolean, Boolean, System.String) on controller FortalezaServer.Controllers.ItemsController (FortalezaServer).
2021-03-01 19:58:26.486 -03:00 [INF] Entity Framework Core 3.1.10 initialized 'fortalezaitdbContext' using provider 'MySql.Data.EntityFrameworkCore' with options: None
2021-03-01 19:58:26.489 -03:00 [INF] Executed DbCommand (0ms) [Parameters=[], CommandType='"Text"', CommandTimeout='30']
SELECT `i`.`iditem`, `i`.`atacado`, `i`.`codigo_barras`, `i`.`descricao`, `i`.`disponivel`, `i`.`estoque`, `i`.`estoque_minimo`, `i`.`imagem`, `i`.`permite_combo`, `i`.`quantidade_atacado`, `i`.`tipo`, `i`.`unidade`, `i`.`unidade_inteira`, `i`.`valor`, `i`.`valor_atacado`, `i`.`visivel`
FROM `item` AS `i`
WHERE `i`.`visivel` = 1
2021-03-01 19:58:26.493 -03:00 [INF] Executing ObjectResult, writing value of type 'System.Collections.Generic.List`1[[FortalezaServer.Models.Item, FortalezaServer, Version=1.0.0.0, Culture=neutral, PublicKeyToken=null]]'.
2021-03-01 19:58:26.495 -03:00 [INF] Executed action FortalezaServer.Controllers.ItemsController.GetItem (FortalezaServer) in 9.2878ms
2021-03-01 19:58:26.501 -03:00 [INF] Executed endpoint 'FortalezaServer.Controllers.ItemsController.GetItem (FortalezaServer)'
2021-03-01 19:58:26.504 -03:00 [INF] Request finished in 26.612ms 200 application/json; charset=utf-8
