2021-02-19 16:56:53.599 -03:00 [INF] Starting web host
2021-02-19 16:56:55.187 -03:00 [INF] Now listening on: http://[::]:8000
2021-02-19 16:56:55.192 -03:00 [INF] Application started. Press Ctrl+C to shut down.
2021-02-19 16:56:55.193 -03:00 [INF] Hosting environment: Development
2021-02-19 16:56:55.194 -03:00 [INF] Content root path: C:\Users\felip\source\repos\FortalezaServer
2021-02-19 16:57:03.210 -03:00 [INF] Request starting HTTP/1.1 GET http://localhost:8000/api  
2021-02-19 16:57:03.259 -03:00 [INF] Executing endpoint 'FortalezaServer.Controllers.IndexController.Get (FortalezaServer)'
2021-02-19 16:57:03.321 -03:00 [INF] Route matched with {action = "Get", controller = "Index"}. Executing controller action with signature System.String Get() on controller FortalezaServer.Controllers.IndexController (FortalezaServer).
2021-02-19 16:57:03.429 -03:00 [INF] Request starting HTTP/1.1 GET http://localhost:8000/api/status  
2021-02-19 16:57:03.432 -03:00 [INF] Executing endpoint 'FortalezaServer.Controllers.IndexController.GetStatus (FortalezaServer)'
2021-02-19 16:57:03.451 -03:00 [INF] Route matched with {action = "GetStatus", controller = "Index"}. Executing controller action with signature System.Threading.Tasks.Task`1[Microsoft.AspNetCore.Mvc.ActionResult`1[FortalezaServer.Controllers.IndexController+Status]] GetStatus() on controller FortalezaServer.Controllers.IndexController (FortalezaServer).
2021-02-19 16:57:03.553 -03:00 [INF] Executing ObjectResult, writing value of type 'System.String'.
2021-02-19 16:57:03.611 -03:00 [INF] Executed action FortalezaServer.Controllers.IndexController.Get (FortalezaServer) in 274.6335ms
2021-02-19 16:57:03.619 -03:00 [INF] Executed endpoint 'FortalezaServer.Controllers.IndexController.Get (FortalezaServer)'
2021-02-19 16:57:03.623 -03:00 [INF] Request finished in 415.0245ms 200 text/plain; charset=utf-8
2021-02-19 16:57:03.674 -03:00 [INF] Request starting HTTP/1.1 GET http://localhost:8000/api  
2021-02-19 16:57:03.683 -03:00 [INF] Executing endpoint 'FortalezaServer.Controllers.IndexController.Get (FortalezaServer)'
2021-02-19 16:57:03.685 -03:00 [INF] Route matched with {action = "Get", controller = "Index"}. Executing controller action with signature System.String Get() on controller FortalezaServer.Controllers.IndexController (FortalezaServer).
2021-02-19 16:57:03.688 -03:00 [INF] Executing ObjectResult, writing value of type 'System.String'.
2021-02-19 16:57:03.690 -03:00 [INF] Executed action FortalezaServer.Controllers.IndexController.Get (FortalezaServer) in 2.8522ms
2021-02-19 16:57:03.691 -03:00 [INF] Executed endpoint 'FortalezaServer.Controllers.IndexController.Get (FortalezaServer)'
2021-02-19 16:57:03.693 -03:00 [INF] Request finished in 18.4317ms 200 text/plain; charset=utf-8
2021-02-19 16:57:03.768 -03:00 [INF] Request starting HTTP/1.1 GET http://localhost:8000/api/vendas/actions/aberta  
2021-02-19 16:57:03.778 -03:00 [INF] Executing endpoint 'FortalezaServer.Controllers.VendasController.GetVendaAberta (FortalezaServer)'
2021-02-19 16:57:03.795 -03:00 [INF] Route matched with {action = "GetVendaAberta", controller = "Vendas"}. Executing controller action with signature System.Threading.Tasks.Task`1[Microsoft.AspNetCore.Mvc.ActionResult`1[System.Int32]] GetVendaAberta(Int32) on controller FortalezaServer.Controllers.VendasController (FortalezaServer).
2021-02-19 16:57:03.946 -03:00 [INF] Request starting HTTP/1.1 GET http://localhost:8000/api/grupos  
2021-02-19 16:57:03.948 -03:00 [INF] Executing endpoint 'FortalezaServer.Controllers.GruposController.GetGrupo (FortalezaServer)'
2021-02-19 16:57:03.956 -03:00 [INF] Route matched with {action = "GetGrupo", controller = "Grupos"}. Executing controller action with signature System.Threading.Tasks.Task`1[Microsoft.AspNetCore.Mvc.ActionResult`1[System.Collections.Generic.IEnumerable`1[FortalezaServer.Models.Grupo]]] GetGrupo() on controller FortalezaServer.Controllers.GruposController (FortalezaServer).
2021-02-19 16:57:04.653 -03:00 [INF] Entity Framework Core 3.1.10 initialized 'fortalezaitdbContext' using provider 'MySql.Data.EntityFrameworkCore' with options: None
2021-02-19 16:57:04.653 -03:00 [INF] Entity Framework Core 3.1.10 initialized 'fortalezaitdbContext' using provider 'MySql.Data.EntityFrameworkCore' with options: None
2021-02-19 16:57:04.653 -03:00 [INF] Entity Framework Core 3.1.10 initialized 'fortalezaitdbContext' using provider 'MySql.Data.EntityFrameworkCore' with options: None
2021-02-19 16:57:05.034 -03:00 [INF] Executing ObjectResult, writing value of type 'FortalezaServer.Controllers.IndexController+Status'.
2021-02-19 16:57:05.043 -03:00 [INF] Executed DbCommand (3ms) [Parameters=[], CommandType='"Text"', CommandTimeout='30']
SELECT `g`.`idgrupo`, `g`.`descricao`, `g`.`nome`, `g`.`visivel`
FROM `grupo` AS `g`
2021-02-19 16:57:05.043 -03:00 [INF] Executed DbCommand (6ms) [Parameters=[@__tipo_0='?' (DbType = Int32)], CommandType='"Text"', CommandTimeout='30']
SELECT `v`.`idvenda`, `v`.`aberta`, `v`.`acrescimo`, `v`.`desconto`, `v`.`descricao`, `v`.`hora_entrada`, `v`.`hora_fechamento`, `v`.`idcaixa`, `v`.`idcliente`, `v`.`idpdv`, `v`.`idresponsavel`, `v`.`numero_venda`, `v`.`paga`, `v`.`tipo`, `v`.`valor_pago`
FROM `venda` AS `v`
WHERE (`v`.`aberta` = 1) & (`v`.`tipo` = @__tipo_0)
LIMIT 1
2021-02-19 16:57:05.069 -03:00 [INF] Executing ObjectResult, writing value of type 'System.Int32'.
2021-02-19 16:57:05.112 -03:00 [INF] Executing ObjectResult, writing value of type 'System.Collections.Generic.List`1[[FortalezaServer.Models.Grupo, FortalezaServer, Version=1.0.0.0, Culture=neutral, PublicKeyToken=null]]'.
2021-02-19 16:57:05.119 -03:00 [INF] Executed action FortalezaServer.Controllers.VendasController.GetVendaAberta (FortalezaServer) in 1316.2967ms
2021-02-19 16:57:05.131 -03:00 [INF] Executed endpoint 'FortalezaServer.Controllers.VendasController.GetVendaAberta (FortalezaServer)'
2021-02-19 16:57:05.139 -03:00 [INF] Request finished in 1370.6609ms 200 application/json; charset=utf-8
2021-02-19 16:57:05.153 -03:00 [INF] Executed action FortalezaServer.Controllers.IndexController.GetStatus (FortalezaServer) in 1697.2779ms
2021-02-19 16:57:05.154 -03:00 [INF] Executed action FortalezaServer.Controllers.GruposController.GetGrupo (FortalezaServer) in 1189.8248ms
2021-02-19 16:57:05.154 -03:00 [INF] Executed endpoint 'FortalezaServer.Controllers.IndexController.GetStatus (FortalezaServer)'
2021-02-19 16:57:05.158 -03:00 [INF] Executed endpoint 'FortalezaServer.Controllers.GruposController.GetGrupo (FortalezaServer)'
2021-02-19 16:57:05.160 -03:00 [INF] Request finished in 1730.5463ms 200 application/json; charset=utf-8
2021-02-19 16:57:05.161 -03:00 [INF] Request finished in 1215.1166ms 200 application/json; charset=utf-8
2021-02-19 16:57:05.185 -03:00 [INF] Request starting HTTP/1.1 GET http://localhost:8000/api/items  
2021-02-19 16:57:05.186 -03:00 [INF] Executing endpoint 'FortalezaServer.Controllers.ItemsController.GetItem (FortalezaServer)'
2021-02-19 16:57:05.193 -03:00 [INF] Route matched with {action = "GetItem", controller = "Items"}. Executing controller action with signature System.Threading.Tasks.Task`1[Microsoft.AspNetCore.Mvc.ActionResult`1[System.Collections.Generic.IEnumerable`1[FortalezaServer.Models.Item]]] GetItem(Boolean, Boolean, Boolean) on controller FortalezaServer.Controllers.ItemsController (FortalezaServer).
2021-02-19 16:57:05.237 -03:00 [INF] Entity Framework Core 3.1.10 initialized 'fortalezaitdbContext' using provider 'MySql.Data.EntityFrameworkCore' with options: None
2021-02-19 16:57:05.253 -03:00 [INF] Executed DbCommand (1ms) [Parameters=[], CommandType='"Text"', CommandTimeout='30']
SELECT `i`.`iditem`, `i`.`atacado`, `i`.`codigo_barras`, `i`.`descricao`, `i`.`disponivel`, `i`.`estoque`, `i`.`estoque_minimo`, `i`.`imagem`, `i`.`permite_combo`, `i`.`quantidade_atacado`, `i`.`tipo`, `i`.`unidade`, `i`.`unidade_inteira`, `i`.`valor`, `i`.`valor_atacado`, `i`.`visivel`
FROM `item` AS `i`
WHERE `i`.`visivel` = 1
2021-02-19 16:57:05.299 -03:00 [INF] Executing ObjectResult, writing value of type 'System.Collections.Generic.List`1[[FortalezaServer.Models.Item, FortalezaServer, Version=1.0.0.0, Culture=neutral, PublicKeyToken=null]]'.
2021-02-19 16:57:05.326 -03:00 [INF] Executed action FortalezaServer.Controllers.ItemsController.GetItem (FortalezaServer) in 129.1246ms
2021-02-19 16:57:05.328 -03:00 [INF] Executed endpoint 'FortalezaServer.Controllers.ItemsController.GetItem (FortalezaServer)'
2021-02-19 16:57:05.329 -03:00 [INF] Request finished in 143.9528ms 200 application/json; charset=utf-8
2021-02-19 16:57:11.847 -03:00 [INF] Request starting HTTP/1.1 GET http://localhost:8000/api/formapagamentos  
2021-02-19 16:57:11.850 -03:00 [INF] Executing endpoint 'FortalezaServer.Controllers.FormaPagamentosController.GetFormaPagamento (FortalezaServer)'
2021-02-19 16:57:11.864 -03:00 [INF] Route matched with {action = "GetFormaPagamento", controller = "FormaPagamentos"}. Executing controller action with signature System.Threading.Tasks.Task`1[Microsoft.AspNetCore.Mvc.ActionResult`1[System.Collections.Generic.IEnumerable`1[FortalezaServer.Models.FormaPagamento]]] GetFormaPagamento() on controller FortalezaServer.Controllers.FormaPagamentosController (FortalezaServer).
2021-02-19 16:57:11.875 -03:00 [INF] Entity Framework Core 3.1.10 initialized 'fortalezaitdbContext' using provider 'MySql.Data.EntityFrameworkCore' with options: None
2021-02-19 16:57:11.888 -03:00 [INF] Executed DbCommand (1ms) [Parameters=[], CommandType='"Text"', CommandTimeout='30']
SELECT `f`.`idforma_pagamento`, `f`.`bandeira`, `f`.`debitar_cliente`, `f`.`debito`, `f`.`gerar_contas_receber`, `f`.`nome`, `f`.`ordem`
FROM `forma_pagamento` AS `f`
ORDER BY `f`.`ordem`
2021-02-19 16:57:11.898 -03:00 [INF] Executing ObjectResult, writing value of type 'System.Collections.Generic.List`1[[FortalezaServer.Models.FormaPagamento, FortalezaServer, Version=1.0.0.0, Culture=neutral, PublicKeyToken=null]]'.
2021-02-19 16:57:11.918 -03:00 [INF] Executed action FortalezaServer.Controllers.FormaPagamentosController.GetFormaPagamento (FortalezaServer) in 46.8606ms
2021-02-19 16:57:11.922 -03:00 [INF] Executed endpoint 'FortalezaServer.Controllers.FormaPagamentosController.GetFormaPagamento (FortalezaServer)'
2021-02-19 16:57:11.924 -03:00 [INF] Request finished in 77.3539ms 200 application/json; charset=utf-8
2021-02-19 16:57:11.985 -03:00 [INF] Request starting HTTP/1.1 GET http://localhost:8000/api/bandeiras  
2021-02-19 16:57:11.987 -03:00 [INF] Executing endpoint 'FortalezaServer.Controllers.BandeirasController.GetBandeira (FortalezaServer)'
2021-02-19 16:57:11.991 -03:00 [INF] Route matched with {action = "GetBandeira", controller = "Bandeiras"}. Executing controller action with signature System.Threading.Tasks.Task`1[Microsoft.AspNetCore.Mvc.ActionResult`1[System.Collections.Generic.IEnumerable`1[FortalezaServer.Models.Bandeira]]] GetBandeira() on controller FortalezaServer.Controllers.BandeirasController (FortalezaServer).
2021-02-19 16:57:11.995 -03:00 [INF] Entity Framework Core 3.1.10 initialized 'fortalezaitdbContext' using provider 'MySql.Data.EntityFrameworkCore' with options: None
2021-02-19 16:57:12.004 -03:00 [INF] Executed DbCommand (1ms) [Parameters=[], CommandType='"Text"', CommandTimeout='30']
SELECT `b`.`idbandeira`, `b`.`nome`, `b`.`ordem`, `b`.`prazo1`, `b`.`prazo2`, `b`.`taxa1`, `b`.`taxa2`
FROM `bandeira` AS `b`
2021-02-19 16:57:12.015 -03:00 [INF] Executing ObjectResult, writing value of type 'System.Collections.Generic.List`1[[FortalezaServer.Models.Bandeira, FortalezaServer, Version=1.0.0.0, Culture=neutral, PublicKeyToken=null]]'.
2021-02-19 16:57:12.020 -03:00 [INF] Executed action FortalezaServer.Controllers.BandeirasController.GetBandeira (FortalezaServer) in 26.0735ms
2021-02-19 16:57:12.022 -03:00 [INF] Executed endpoint 'FortalezaServer.Controllers.BandeirasController.GetBandeira (FortalezaServer)'
2021-02-19 16:57:12.023 -03:00 [INF] Request finished in 37.8643ms 200 application/json; charset=utf-8
2021-02-19 16:57:19.674 -03:00 [INF] Request starting HTTP/1.1 GET http://localhost:8000/api/formapagamentos/10  
2021-02-19 16:57:19.676 -03:00 [INF] Executing endpoint 'FortalezaServer.Controllers.FormaPagamentosController.GetFormaPagamento (FortalezaServer)'
2021-02-19 16:57:19.682 -03:00 [INF] Route matched with {action = "GetFormaPagamento", controller = "FormaPagamentos"}. Executing controller action with signature System.Threading.Tasks.Task`1[Microsoft.AspNetCore.Mvc.ActionResult`1[FortalezaServer.Models.FormaPagamento]] GetFormaPagamento(Int32) on controller FortalezaServer.Controllers.FormaPagamentosController (FortalezaServer).
2021-02-19 16:57:19.687 -03:00 [INF] Entity Framework Core 3.1.10 initialized 'fortalezaitdbContext' using provider 'MySql.Data.EntityFrameworkCore' with options: None
2021-02-19 16:57:19.704 -03:00 [INF] Executed DbCommand (1ms) [Parameters=[@__p_0='?' (DbType = Int32)], CommandType='"Text"', CommandTimeout='30']
SELECT `f`.`idforma_pagamento`, `f`.`bandeira`, `f`.`debitar_cliente`, `f`.`debito`, `f`.`gerar_contas_receber`, `f`.`nome`, `f`.`ordem`
FROM `forma_pagamento` AS `f`
WHERE `f`.`idforma_pagamento` = @__p_0
LIMIT 1
2021-02-19 16:57:19.707 -03:00 [INF] Executing ObjectResult, writing value of type 'FortalezaServer.Models.FormaPagamento'.
2021-02-19 16:57:19.708 -03:00 [INF] Executed action FortalezaServer.Controllers.FormaPagamentosController.GetFormaPagamento (FortalezaServer) in 23.6094ms
2021-02-19 16:57:19.710 -03:00 [INF] Executed endpoint 'FortalezaServer.Controllers.FormaPagamentosController.GetFormaPagamento (FortalezaServer)'
2021-02-19 16:57:19.714 -03:00 [INF] Request finished in 40.3863ms 200 application/json; charset=utf-8
2021-02-19 16:57:24.039 -03:00 [INF] Request starting HTTP/1.1 PUT http://localhost:8000/api/formapagamentos/10 application/json; charset=utf-8 239
2021-02-19 16:57:24.041 -03:00 [INF] Executing endpoint 'FortalezaServer.Controllers.FormaPagamentosController.PutFormaPagamento (FortalezaServer)'
2021-02-19 16:57:24.046 -03:00 [INF] Route matched with {action = "PutFormaPagamento", controller = "FormaPagamentos"}. Executing controller action with signature System.Threading.Tasks.Task`1[Microsoft.AspNetCore.Mvc.IActionResult] PutFormaPagamento(Int32, FortalezaServer.Models.FormaPagamento) on controller FortalezaServer.Controllers.FormaPagamentosController (FortalezaServer).
2021-02-19 16:57:24.118 -03:00 [INF] Entity Framework Core 3.1.10 initialized 'fortalezaitdbContext' using provider 'MySql.Data.EntityFrameworkCore' with options: None
2021-02-19 16:57:24.130 -03:00 [INF] Executed DbCommand (1ms) [Parameters=[@__formaPagamento_Ordem_0='?' (DbType = Int32)], CommandType='"Text"', CommandTimeout='30']
SELECT `f`.`idforma_pagamento`, `f`.`bandeira`, `f`.`debitar_cliente`, `f`.`debito`, `f`.`gerar_contas_receber`, `f`.`nome`, `f`.`ordem`
FROM `forma_pagamento` AS `f`
WHERE `f`.`ordem` = @__formaPagamento_Ordem_0
LIMIT 1
2021-02-19 16:57:24.139 -03:00 [INF] Executed DbCommand (0ms) [Parameters=[@__p_0='?' (DbType = Int32)], CommandType='"Text"', CommandTimeout='30']
SELECT `f`.`idforma_pagamento`, `f`.`bandeira`, `f`.`debitar_cliente`, `f`.`debito`, `f`.`gerar_contas_receber`, `f`.`nome`, `f`.`ordem`
FROM `forma_pagamento` AS `f`
WHERE `f`.`idforma_pagamento` = @__p_0
LIMIT 1
2021-02-19 16:57:24.226 -03:00 [INF] Executed DbCommand (2ms) [Parameters=[@p6='?' (DbType = Int32), @p0='?' (DbType = SByte), @p1='?' (DbType = SByte), @p2='?' (DbType = SByte), @p3='?' (DbType = SByte), @p4='?' (Size = 255), @p5='?' (DbType = Int32)], CommandType='"Text"', CommandTimeout='30']
UPDATE `forma_pagamento` SET `bandeira` = @p0, `debitar_cliente` = @p1, `debito` = @p2, `gerar_contas_receber` = @p3, `nome` = @p4, `ordem` = @p5
WHERE `idforma_pagamento` = @p6;
SELECT ROW_COUNT();
2021-02-19 16:57:24.235 -03:00 [INF] Executed DbCommand (0ms) [Parameters=[@p6='?' (DbType = Int32), @p0='?' (DbType = SByte), @p1='?' (DbType = SByte), @p2='?' (DbType = SByte), @p3='?' (DbType = SByte), @p4='?' (Size = 255), @p5='?' (DbType = Int32)], CommandType='"Text"', CommandTimeout='30']
UPDATE `forma_pagamento` SET `bandeira` = @p0, `debitar_cliente` = @p1, `debito` = @p2, `gerar_contas_receber` = @p3, `nome` = @p4, `ordem` = @p5
WHERE `idforma_pagamento` = @p6;
SELECT ROW_COUNT();
2021-02-19 16:57:24.255 -03:00 [INF] Executing HttpStatusCodeResult, setting HTTP status code 204
2021-02-19 16:57:24.256 -03:00 [INF] Executed action FortalezaServer.Controllers.FormaPagamentosController.PutFormaPagamento (FortalezaServer) in 205.6212ms
2021-02-19 16:57:24.258 -03:00 [INF] Executed endpoint 'FortalezaServer.Controllers.FormaPagamentosController.PutFormaPagamento (FortalezaServer)'
2021-02-19 16:57:24.260 -03:00 [INF] Request finished in 220.8523ms 204 
2021-02-19 16:57:24.283 -03:00 [INF] Request starting HTTP/1.1 GET http://localhost:8000/api/formapagamentos  
2021-02-19 16:57:24.285 -03:00 [INF] Executing endpoint 'FortalezaServer.Controllers.FormaPagamentosController.GetFormaPagamento (FortalezaServer)'
2021-02-19 16:57:24.288 -03:00 [INF] Route matched with {action = "GetFormaPagamento", controller = "FormaPagamentos"}. Executing controller action with signature System.Threading.Tasks.Task`1[Microsoft.AspNetCore.Mvc.ActionResult`1[System.Collections.Generic.IEnumerable`1[FortalezaServer.Models.FormaPagamento]]] GetFormaPagamento() on controller FortalezaServer.Controllers.FormaPagamentosController (FortalezaServer).
2021-02-19 16:57:24.292 -03:00 [INF] Entity Framework Core 3.1.10 initialized 'fortalezaitdbContext' using provider 'MySql.Data.EntityFrameworkCore' with options: None
2021-02-19 16:57:24.295 -03:00 [INF] Executed DbCommand (0ms) [Parameters=[], CommandType='"Text"', CommandTimeout='30']
SELECT `f`.`idforma_pagamento`, `f`.`bandeira`, `f`.`debitar_cliente`, `f`.`debito`, `f`.`gerar_contas_receber`, `f`.`nome`, `f`.`ordem`
FROM `forma_pagamento` AS `f`
ORDER BY `f`.`ordem`
2021-02-19 16:57:24.301 -03:00 [INF] Executing ObjectResult, writing value of type 'System.Collections.Generic.List`1[[FortalezaServer.Models.FormaPagamento, FortalezaServer, Version=1.0.0.0, Culture=neutral, PublicKeyToken=null]]'.
2021-02-19 16:57:24.304 -03:00 [INF] Executed action FortalezaServer.Controllers.FormaPagamentosController.GetFormaPagamento (FortalezaServer) in 11.9595ms
2021-02-19 16:57:24.305 -03:00 [INF] Executed endpoint 'FortalezaServer.Controllers.FormaPagamentosController.GetFormaPagamento (FortalezaServer)'
2021-02-19 16:57:24.307 -03:00 [INF] Request finished in 23.7584ms 200 application/json; charset=utf-8
2021-02-19 16:57:26.040 -03:00 [INF] Request starting HTTP/1.1 GET http://localhost:8000/api/formapagamentos/10  
2021-02-19 16:57:26.041 -03:00 [INF] Executing endpoint 'FortalezaServer.Controllers.FormaPagamentosController.GetFormaPagamento (FortalezaServer)'
2021-02-19 16:57:26.043 -03:00 [INF] Route matched with {action = "GetFormaPagamento", controller = "FormaPagamentos"}. Executing controller action with signature System.Threading.Tasks.Task`1[Microsoft.AspNetCore.Mvc.ActionResult`1[FortalezaServer.Models.FormaPagamento]] GetFormaPagamento(Int32) on controller FortalezaServer.Controllers.FormaPagamentosController (FortalezaServer).
2021-02-19 16:57:26.047 -03:00 [INF] Entity Framework Core 3.1.10 initialized 'fortalezaitdbContext' using provider 'MySql.Data.EntityFrameworkCore' with options: None
2021-02-19 16:57:26.052 -03:00 [INF] Executed DbCommand (0ms) [Parameters=[@__p_0='?' (DbType = Int32)], CommandType='"Text"', CommandTimeout='30']
SELECT `f`.`idforma_pagamento`, `f`.`bandeira`, `f`.`debitar_cliente`, `f`.`debito`, `f`.`gerar_contas_receber`, `f`.`nome`, `f`.`ordem`
FROM `forma_pagamento` AS `f`
WHERE `f`.`idforma_pagamento` = @__p_0
LIMIT 1
2021-02-19 16:57:26.056 -03:00 [INF] Executing ObjectResult, writing value of type 'FortalezaServer.Models.FormaPagamento'.
2021-02-19 16:57:26.057 -03:00 [INF] Executed action FortalezaServer.Controllers.FormaPagamentosController.GetFormaPagamento (FortalezaServer) in 11.3147ms
2021-02-19 16:57:26.061 -03:00 [INF] Executed endpoint 'FortalezaServer.Controllers.FormaPagamentosController.GetFormaPagamento (FortalezaServer)'
2021-02-19 16:57:26.064 -03:00 [INF] Request finished in 24.8705ms 200 application/json; charset=utf-8
2021-02-19 16:57:30.475 -03:00 [INF] Request starting HTTP/1.1 PUT http://localhost:8000/api/formapagamentos/10 application/json; charset=utf-8 240
2021-02-19 16:57:30.476 -03:00 [INF] Executing endpoint 'FortalezaServer.Controllers.FormaPagamentosController.PutFormaPagamento (FortalezaServer)'
2021-02-19 16:57:30.478 -03:00 [INF] Route matched with {action = "PutFormaPagamento", controller = "FormaPagamentos"}. Executing controller action with signature System.Threading.Tasks.Task`1[Microsoft.AspNetCore.Mvc.IActionResult] PutFormaPagamento(Int32, FortalezaServer.Models.FormaPagamento) on controller FortalezaServer.Controllers.FormaPagamentosController (FortalezaServer).
2021-02-19 16:57:30.484 -03:00 [INF] Entity Framework Core 3.1.10 initialized 'fortalezaitdbContext' using provider 'MySql.Data.EntityFrameworkCore' with options: None
2021-02-19 16:57:30.488 -03:00 [INF] Executed DbCommand (0ms) [Parameters=[@__formaPagamento_Ordem_0='?' (DbType = Int32)], CommandType='"Text"', CommandTimeout='30']
SELECT `f`.`idforma_pagamento`, `f`.`bandeira`, `f`.`debitar_cliente`, `f`.`debito`, `f`.`gerar_contas_receber`, `f`.`nome`, `f`.`ordem`
FROM `forma_pagamento` AS `f`
WHERE `f`.`ordem` = @__formaPagamento_Ordem_0
LIMIT 1
2021-02-19 16:57:30.493 -03:00 [INF] Executed DbCommand (0ms) [Parameters=[@__p_0='?' (DbType = Int32)], CommandType='"Text"', CommandTimeout='30']
SELECT `f`.`idforma_pagamento`, `f`.`bandeira`, `f`.`debitar_cliente`, `f`.`debito`, `f`.`gerar_contas_receber`, `f`.`nome`, `f`.`ordem`
FROM `forma_pagamento` AS `f`
WHERE `f`.`idforma_pagamento` = @__p_0
LIMIT 1
2021-02-19 16:57:30.501 -03:00 [INF] Executed DbCommand (1ms) [Parameters=[@p6='?' (DbType = Int32), @p0='?' (DbType = SByte), @p1='?' (DbType = SByte), @p2='?' (DbType = SByte), @p3='?' (DbType = SByte), @p4='?' (Size = 255), @p5='?' (DbType = Int32)], CommandType='"Text"', CommandTimeout='30']
UPDATE `forma_pagamento` SET `bandeira` = @p0, `debitar_cliente` = @p1, `debito` = @p2, `gerar_contas_receber` = @p3, `nome` = @p4, `ordem` = @p5
WHERE `idforma_pagamento` = @p6;
SELECT ROW_COUNT();
2021-02-19 16:57:30.506 -03:00 [INF] Executed DbCommand (0ms) [Parameters=[@p6='?' (DbType = Int32), @p0='?' (DbType = SByte), @p1='?' (DbType = SByte), @p2='?' (DbType = SByte), @p3='?' (DbType = SByte), @p4='?' (Size = 255), @p5='?' (DbType = Int32)], CommandType='"Text"', CommandTimeout='30']
UPDATE `forma_pagamento` SET `bandeira` = @p0, `debitar_cliente` = @p1, `debito` = @p2, `gerar_contas_receber` = @p3, `nome` = @p4, `ordem` = @p5
WHERE `idforma_pagamento` = @p6;
SELECT ROW_COUNT();
2021-02-19 16:57:30.511 -03:00 [INF] Executing HttpStatusCodeResult, setting HTTP status code 204
2021-02-19 16:57:30.524 -03:00 [INF] Executed action FortalezaServer.Controllers.FormaPagamentosController.PutFormaPagamento (FortalezaServer) in 41.4219ms
2021-02-19 16:57:30.527 -03:00 [INF] Executed endpoint 'FortalezaServer.Controllers.FormaPagamentosController.PutFormaPagamento (FortalezaServer)'
2021-02-19 16:57:30.530 -03:00 [INF] Request finished in 55.9085ms 204 
2021-02-19 16:57:30.552 -03:00 [INF] Request starting HTTP/1.1 GET http://localhost:8000/api/formapagamentos  
2021-02-19 16:57:30.553 -03:00 [INF] Executing endpoint 'FortalezaServer.Controllers.FormaPagamentosController.GetFormaPagamento (FortalezaServer)'
2021-02-19 16:57:30.556 -03:00 [INF] Route matched with {action = "GetFormaPagamento", controller = "FormaPagamentos"}. Executing controller action with signature System.Threading.Tasks.Task`1[Microsoft.AspNetCore.Mvc.ActionResult`1[System.Collections.Generic.IEnumerable`1[FortalezaServer.Models.FormaPagamento]]] GetFormaPagamento() on controller FortalezaServer.Controllers.FormaPagamentosController (FortalezaServer).
2021-02-19 16:57:30.565 -03:00 [INF] Entity Framework Core 3.1.10 initialized 'fortalezaitdbContext' using provider 'MySql.Data.EntityFrameworkCore' with options: None
2021-02-19 16:57:30.569 -03:00 [INF] Executed DbCommand (0ms) [Parameters=[], CommandType='"Text"', CommandTimeout='30']
SELECT `f`.`idforma_pagamento`, `f`.`bandeira`, `f`.`debitar_cliente`, `f`.`debito`, `f`.`gerar_contas_receber`, `f`.`nome`, `f`.`ordem`
FROM `forma_pagamento` AS `f`
ORDER BY `f`.`ordem`
2021-02-19 16:57:30.574 -03:00 [INF] Executing ObjectResult, writing value of type 'System.Collections.Generic.List`1[[FortalezaServer.Models.FormaPagamento, FortalezaServer, Version=1.0.0.0, Culture=neutral, PublicKeyToken=null]]'.
2021-02-19 16:57:30.579 -03:00 [INF] Executed action FortalezaServer.Controllers.FormaPagamentosController.GetFormaPagamento (FortalezaServer) in 15.3677ms
2021-02-19 16:57:30.584 -03:00 [INF] Executed endpoint 'FortalezaServer.Controllers.FormaPagamentosController.GetFormaPagamento (FortalezaServer)'
2021-02-19 16:57:30.586 -03:00 [INF] Request finished in 34.539ms 200 application/json; charset=utf-8
2021-02-19 16:58:39.160 -03:00 [INF] Request starting HTTP/1.1 GET http://localhost:8000/api  
2021-02-19 16:58:39.162 -03:00 [INF] Executing endpoint 'FortalezaServer.Controllers.IndexController.Get (FortalezaServer)'
2021-02-19 16:58:39.164 -03:00 [INF] Route matched with {action = "Get", controller = "Index"}. Executing controller action with signature System.String Get() on controller FortalezaServer.Controllers.IndexController (FortalezaServer).
2021-02-19 16:58:39.171 -03:00 [INF] Executing ObjectResult, writing value of type 'System.String'.
2021-02-19 16:58:39.174 -03:00 [INF] Executed action FortalezaServer.Controllers.IndexController.Get (FortalezaServer) in 2.6246ms
2021-02-19 16:58:39.179 -03:00 [INF] Executed endpoint 'FortalezaServer.Controllers.IndexController.Get (FortalezaServer)'
2021-02-19 16:58:39.182 -03:00 [INF] Request finished in 22.6055ms 200 text/plain; charset=utf-8
2021-02-19 16:58:39.222 -03:00 [INF] Request starting HTTP/1.1 GET http://localhost:8000/api  
2021-02-19 16:58:39.224 -03:00 [INF] Executing endpoint 'FortalezaServer.Controllers.IndexController.Get (FortalezaServer)'
2021-02-19 16:58:39.226 -03:00 [INF] Route matched with {action = "Get", controller = "Index"}. Executing controller action with signature System.String Get() on controller FortalezaServer.Controllers.IndexController (FortalezaServer).
2021-02-19 16:58:39.229 -03:00 [INF] Executing ObjectResult, writing value of type 'System.String'.
2021-02-19 16:58:39.231 -03:00 [INF] Executed action FortalezaServer.Controllers.IndexController.Get (FortalezaServer) in 2.0918ms
2021-02-19 16:58:39.233 -03:00 [INF] Executed endpoint 'FortalezaServer.Controllers.IndexController.Get (FortalezaServer)'
2021-02-19 16:58:39.235 -03:00 [INF] Request finished in 12.2561ms 200 text/plain; charset=utf-8
2021-02-19 16:58:39.330 -03:00 [INF] Request starting HTTP/1.1 GET http://localhost:8000/api/vendas/actions/aberta  
2021-02-19 16:58:39.333 -03:00 [INF] Executing endpoint 'FortalezaServer.Controllers.VendasController.GetVendaAberta (FortalezaServer)'
2021-02-19 16:58:39.335 -03:00 [INF] Route matched with {action = "GetVendaAberta", controller = "Vendas"}. Executing controller action with signature System.Threading.Tasks.Task`1[Microsoft.AspNetCore.Mvc.ActionResult`1[System.Int32]] GetVendaAberta(Int32) on controller FortalezaServer.Controllers.VendasController (FortalezaServer).
2021-02-19 16:58:39.341 -03:00 [INF] Entity Framework Core 3.1.10 initialized 'fortalezaitdbContext' using provider 'MySql.Data.EntityFrameworkCore' with options: None
2021-02-19 16:58:39.347 -03:00 [INF] Executed DbCommand (1ms) [Parameters=[@__tipo_0='?' (DbType = Int32)], CommandType='"Text"', CommandTimeout='30']
SELECT `v`.`idvenda`, `v`.`aberta`, `v`.`acrescimo`, `v`.`desconto`, `v`.`descricao`, `v`.`hora_entrada`, `v`.`hora_fechamento`, `v`.`idcaixa`, `v`.`idcliente`, `v`.`idpdv`, `v`.`idresponsavel`, `v`.`numero_venda`, `v`.`paga`, `v`.`tipo`, `v`.`valor_pago`
FROM `venda` AS `v`
WHERE (`v`.`aberta` = 1) & (`v`.`tipo` = @__tipo_0)
LIMIT 1
2021-02-19 16:58:39.354 -03:00 [INF] Executing ObjectResult, writing value of type 'System.Int32'.
2021-02-19 16:58:39.355 -03:00 [INF] Executed action FortalezaServer.Controllers.VendasController.GetVendaAberta (FortalezaServer) in 16.4157ms
2021-02-19 16:58:39.357 -03:00 [INF] Executed endpoint 'FortalezaServer.Controllers.VendasController.GetVendaAberta (FortalezaServer)'
2021-02-19 16:58:39.359 -03:00 [INF] Request finished in 28.5283ms 200 application/json; charset=utf-8
2021-02-19 16:58:39.488 -03:00 [INF] Request starting HTTP/1.1 GET http://localhost:8000/api/grupos  
2021-02-19 16:58:39.499 -03:00 [INF] Executing endpoint 'FortalezaServer.Controllers.GruposController.GetGrupo (FortalezaServer)'
2021-02-19 16:58:39.502 -03:00 [INF] Route matched with {action = "GetGrupo", controller = "Grupos"}. Executing controller action with signature System.Threading.Tasks.Task`1[Microsoft.AspNetCore.Mvc.ActionResult`1[System.Collections.Generic.IEnumerable`1[FortalezaServer.Models.Grupo]]] GetGrupo() on controller FortalezaServer.Controllers.GruposController (FortalezaServer).
2021-02-19 16:58:39.509 -03:00 [INF] Entity Framework Core 3.1.10 initialized 'fortalezaitdbContext' using provider 'MySql.Data.EntityFrameworkCore' with options: None
2021-02-19 16:58:39.514 -03:00 [INF] Executed DbCommand (0ms) [Parameters=[], CommandType='"Text"', CommandTimeout='30']
SELECT `g`.`idgrupo`, `g`.`descricao`, `g`.`nome`, `g`.`visivel`
FROM `grupo` AS `g`
2021-02-19 16:58:39.520 -03:00 [INF] Executing ObjectResult, writing value of type 'System.Collections.Generic.List`1[[FortalezaServer.Models.Grupo, FortalezaServer, Version=1.0.0.0, Culture=neutral, PublicKeyToken=null]]'.
2021-02-19 16:58:39.523 -03:00 [INF] Executed action FortalezaServer.Controllers.GruposController.GetGrupo (FortalezaServer) in 14.6739ms
2021-02-19 16:58:39.526 -03:00 [INF] Executed endpoint 'FortalezaServer.Controllers.GruposController.GetGrupo (FortalezaServer)'
2021-02-19 16:58:39.527 -03:00 [INF] Request finished in 39.3848ms 200 application/json; charset=utf-8
2021-02-19 16:58:39.550 -03:00 [INF] Request starting HTTP/1.1 GET http://localhost:8000/api/items  
2021-02-19 16:58:39.552 -03:00 [INF] Executing endpoint 'FortalezaServer.Controllers.ItemsController.GetItem (FortalezaServer)'
2021-02-19 16:58:39.555 -03:00 [INF] Route matched with {action = "GetItem", controller = "Items"}. Executing controller action with signature System.Threading.Tasks.Task`1[Microsoft.AspNetCore.Mvc.ActionResult`1[System.Collections.Generic.IEnumerable`1[FortalezaServer.Models.Item]]] GetItem(Boolean, Boolean, Boolean) on controller FortalezaServer.Controllers.ItemsController (FortalezaServer).
2021-02-19 16:58:39.561 -03:00 [INF] Entity Framework Core 3.1.10 initialized 'fortalezaitdbContext' using provider 'MySql.Data.EntityFrameworkCore' with options: None
2021-02-19 16:58:39.568 -03:00 [INF] Executed DbCommand (1ms) [Parameters=[], CommandType='"Text"', CommandTimeout='30']
SELECT `i`.`iditem`, `i`.`atacado`, `i`.`codigo_barras`, `i`.`descricao`, `i`.`disponivel`, `i`.`estoque`, `i`.`estoque_minimo`, `i`.`imagem`, `i`.`permite_combo`, `i`.`quantidade_atacado`, `i`.`tipo`, `i`.`unidade`, `i`.`unidade_inteira`, `i`.`valor`, `i`.`valor_atacado`, `i`.`visivel`
FROM `item` AS `i`
WHERE `i`.`visivel` = 1
2021-02-19 16:58:39.583 -03:00 [INF] Executing ObjectResult, writing value of type 'System.Collections.Generic.List`1[[FortalezaServer.Models.Item, FortalezaServer, Version=1.0.0.0, Culture=neutral, PublicKeyToken=null]]'.
2021-02-19 16:58:39.591 -03:00 [INF] Executed action FortalezaServer.Controllers.ItemsController.GetItem (FortalezaServer) in 30.1959ms
2021-02-19 16:58:39.592 -03:00 [INF] Executed endpoint 'FortalezaServer.Controllers.ItemsController.GetItem (FortalezaServer)'
2021-02-19 16:58:39.594 -03:00 [INF] Request finished in 43.8097ms 200 application/json; charset=utf-8
2021-02-19 16:58:41.751 -03:00 [INF] Request starting HTTP/1.1 GET http://localhost:8000/api/formapagamentos  
2021-02-19 16:58:41.753 -03:00 [INF] Executing endpoint 'FortalezaServer.Controllers.FormaPagamentosController.GetFormaPagamento (FortalezaServer)'
2021-02-19 16:58:41.756 -03:00 [INF] Route matched with {action = "GetFormaPagamento", controller = "FormaPagamentos"}. Executing controller action with signature System.Threading.Tasks.Task`1[Microsoft.AspNetCore.Mvc.ActionResult`1[System.Collections.Generic.IEnumerable`1[FortalezaServer.Models.FormaPagamento]]] GetFormaPagamento() on controller FortalezaServer.Controllers.FormaPagamentosController (FortalezaServer).
2021-02-19 16:58:41.761 -03:00 [INF] Entity Framework Core 3.1.10 initialized 'fortalezaitdbContext' using provider 'MySql.Data.EntityFrameworkCore' with options: None
2021-02-19 16:58:41.769 -03:00 [INF] Executed DbCommand (2ms) [Parameters=[], CommandType='"Text"', CommandTimeout='30']
SELECT `f`.`idforma_pagamento`, `f`.`bandeira`, `f`.`debitar_cliente`, `f`.`debito`, `f`.`gerar_contas_receber`, `f`.`nome`, `f`.`ordem`
FROM `forma_pagamento` AS `f`
ORDER BY `f`.`ordem`
2021-02-19 16:58:41.774 -03:00 [INF] Executing ObjectResult, writing value of type 'System.Collections.Generic.List`1[[FortalezaServer.Models.FormaPagamento, FortalezaServer, Version=1.0.0.0, Culture=neutral, PublicKeyToken=null]]'.
2021-02-19 16:58:41.782 -03:00 [INF] Executed action FortalezaServer.Controllers.FormaPagamentosController.GetFormaPagamento (FortalezaServer) in 22.4401ms
2021-02-19 16:58:41.785 -03:00 [INF] Executed endpoint 'FortalezaServer.Controllers.FormaPagamentosController.GetFormaPagamento (FortalezaServer)'
2021-02-19 16:58:41.789 -03:00 [INF] Request finished in 37.9158ms 200 application/json; charset=utf-8
2021-02-19 16:58:41.885 -03:00 [INF] Request starting HTTP/1.1 GET http://localhost:8000/api/bandeiras  
2021-02-19 16:58:41.886 -03:00 [INF] Executing endpoint 'FortalezaServer.Controllers.BandeirasController.GetBandeira (FortalezaServer)'
2021-02-19 16:58:41.888 -03:00 [INF] Route matched with {action = "GetBandeira", controller = "Bandeiras"}. Executing controller action with signature System.Threading.Tasks.Task`1[Microsoft.AspNetCore.Mvc.ActionResult`1[System.Collections.Generic.IEnumerable`1[FortalezaServer.Models.Bandeira]]] GetBandeira() on controller FortalezaServer.Controllers.BandeirasController (FortalezaServer).
2021-02-19 16:58:41.892 -03:00 [INF] Entity Framework Core 3.1.10 initialized 'fortalezaitdbContext' using provider 'MySql.Data.EntityFrameworkCore' with options: None
2021-02-19 16:58:41.895 -03:00 [INF] Executed DbCommand (0ms) [Parameters=[], CommandType='"Text"', CommandTimeout='30']
SELECT `b`.`idbandeira`, `b`.`nome`, `b`.`ordem`, `b`.`prazo1`, `b`.`prazo2`, `b`.`taxa1`, `b`.`taxa2`
FROM `bandeira` AS `b`
2021-02-19 16:58:41.899 -03:00 [INF] Executing ObjectResult, writing value of type 'System.Collections.Generic.List`1[[FortalezaServer.Models.Bandeira, FortalezaServer, Version=1.0.0.0, Culture=neutral, PublicKeyToken=null]]'.
2021-02-19 16:58:41.901 -03:00 [INF] Executed action FortalezaServer.Controllers.BandeirasController.GetBandeira (FortalezaServer) in 10.3046ms
2021-02-19 16:58:41.906 -03:00 [INF] Executed endpoint 'FortalezaServer.Controllers.BandeirasController.GetBandeira (FortalezaServer)'
2021-02-19 16:58:41.907 -03:00 [INF] Request finished in 22.3312ms 200 application/json; charset=utf-8
2021-02-19 16:58:44.300 -03:00 [INF] Request starting HTTP/1.1 GET http://localhost:8000/api/formapagamentos/2  
2021-02-19 16:58:44.302 -03:00 [INF] Executing endpoint 'FortalezaServer.Controllers.FormaPagamentosController.GetFormaPagamento (FortalezaServer)'
2021-02-19 16:58:44.303 -03:00 [INF] Route matched with {action = "GetFormaPagamento", controller = "FormaPagamentos"}. Executing controller action with signature System.Threading.Tasks.Task`1[Microsoft.AspNetCore.Mvc.ActionResult`1[FortalezaServer.Models.FormaPagamento]] GetFormaPagamento(Int32) on controller FortalezaServer.Controllers.FormaPagamentosController (FortalezaServer).
2021-02-19 16:58:44.307 -03:00 [INF] Entity Framework Core 3.1.10 initialized 'fortalezaitdbContext' using provider 'MySql.Data.EntityFrameworkCore' with options: None
2021-02-19 16:58:44.312 -03:00 [INF] Executed DbCommand (1ms) [Parameters=[@__p_0='?' (DbType = Int32)], CommandType='"Text"', CommandTimeout='30']
SELECT `f`.`idforma_pagamento`, `f`.`bandeira`, `f`.`debitar_cliente`, `f`.`debito`, `f`.`gerar_contas_receber`, `f`.`nome`, `f`.`ordem`
FROM `forma_pagamento` AS `f`
WHERE `f`.`idforma_pagamento` = @__p_0
LIMIT 1
2021-02-19 16:58:44.316 -03:00 [INF] Executing ObjectResult, writing value of type 'FortalezaServer.Models.FormaPagamento'.
2021-02-19 16:58:44.317 -03:00 [INF] Executed action FortalezaServer.Controllers.FormaPagamentosController.GetFormaPagamento (FortalezaServer) in 10.5707ms
2021-02-19 16:58:44.319 -03:00 [INF] Executed endpoint 'FortalezaServer.Controllers.FormaPagamentosController.GetFormaPagamento (FortalezaServer)'
2021-02-19 16:58:44.320 -03:00 [INF] Request finished in 19.9783ms 200 application/json; charset=utf-8
2021-02-19 16:59:30.768 -03:00 [INF] Request starting HTTP/1.1 GET http://localhost:8000/api  
2021-02-19 16:59:30.772 -03:00 [INF] Executing endpoint 'FortalezaServer.Controllers.IndexController.Get (FortalezaServer)'
2021-02-19 16:59:30.773 -03:00 [INF] Route matched with {action = "Get", controller = "Index"}. Executing controller action with signature System.String Get() on controller FortalezaServer.Controllers.IndexController (FortalezaServer).
2021-02-19 16:59:30.777 -03:00 [INF] Executing ObjectResult, writing value of type 'System.String'.
2021-02-19 16:59:30.780 -03:00 [INF] Executed action FortalezaServer.Controllers.IndexController.Get (FortalezaServer) in 3.2469ms
2021-02-19 16:59:30.782 -03:00 [INF] Executed endpoint 'FortalezaServer.Controllers.IndexController.Get (FortalezaServer)'
2021-02-19 16:59:30.784 -03:00 [INF] Request finished in 15.7536ms 200 text/plain; charset=utf-8
2021-02-19 16:59:30.832 -03:00 [INF] Request starting HTTP/1.1 GET http://localhost:8000/api  
2021-02-19 16:59:30.834 -03:00 [INF] Executing endpoint 'FortalezaServer.Controllers.IndexController.Get (FortalezaServer)'
2021-02-19 16:59:30.835 -03:00 [INF] Route matched with {action = "Get", controller = "Index"}. Executing controller action with signature System.String Get() on controller FortalezaServer.Controllers.IndexController (FortalezaServer).
2021-02-19 16:59:30.838 -03:00 [INF] Executing ObjectResult, writing value of type 'System.String'.
2021-02-19 16:59:30.839 -03:00 [INF] Executed action FortalezaServer.Controllers.IndexController.Get (FortalezaServer) in 1.7583ms
2021-02-19 16:59:30.846 -03:00 [INF] Executed endpoint 'FortalezaServer.Controllers.IndexController.Get (FortalezaServer)'
2021-02-19 16:59:30.848 -03:00 [INF] Request finished in 16.4929ms 200 text/plain; charset=utf-8
2021-02-19 16:59:31.051 -03:00 [INF] Request starting HTTP/1.1 GET http://localhost:8000/api/vendas/actions/aberta  
2021-02-19 16:59:31.053 -03:00 [INF] Executing endpoint 'FortalezaServer.Controllers.VendasController.GetVendaAberta (FortalezaServer)'
2021-02-19 16:59:31.055 -03:00 [INF] Route matched with {action = "GetVendaAberta", controller = "Vendas"}. Executing controller action with signature System.Threading.Tasks.Task`1[Microsoft.AspNetCore.Mvc.ActionResult`1[System.Int32]] GetVendaAberta(Int32) on controller FortalezaServer.Controllers.VendasController (FortalezaServer).
2021-02-19 16:59:31.060 -03:00 [INF] Entity Framework Core 3.1.10 initialized 'fortalezaitdbContext' using provider 'MySql.Data.EntityFrameworkCore' with options: None
2021-02-19 16:59:31.066 -03:00 [INF] Executed DbCommand (1ms) [Parameters=[@__tipo_0='?' (DbType = Int32)], CommandType='"Text"', CommandTimeout='30']
SELECT `v`.`idvenda`, `v`.`aberta`, `v`.`acrescimo`, `v`.`desconto`, `v`.`descricao`, `v`.`hora_entrada`, `v`.`hora_fechamento`, `v`.`idcaixa`, `v`.`idcliente`, `v`.`idpdv`, `v`.`idresponsavel`, `v`.`numero_venda`, `v`.`paga`, `v`.`tipo`, `v`.`valor_pago`
FROM `venda` AS `v`
WHERE (`v`.`aberta` = 1) & (`v`.`tipo` = @__tipo_0)
LIMIT 1
2021-02-19 16:59:31.073 -03:00 [INF] Executing ObjectResult, writing value of type 'System.Int32'.
2021-02-19 16:59:31.076 -03:00 [INF] Executed action FortalezaServer.Controllers.VendasController.GetVendaAberta (FortalezaServer) in 17.3947ms
2021-02-19 16:59:31.078 -03:00 [INF] Executed endpoint 'FortalezaServer.Controllers.VendasController.GetVendaAberta (FortalezaServer)'
2021-02-19 16:59:31.079 -03:00 [INF] Request finished in 27.7907ms 200 application/json; charset=utf-8
2021-02-19 16:59:31.212 -03:00 [INF] Request starting HTTP/1.1 GET http://localhost:8000/api/grupos  
2021-02-19 16:59:31.214 -03:00 [INF] Executing endpoint 'FortalezaServer.Controllers.GruposController.GetGrupo (FortalezaServer)'
2021-02-19 16:59:31.215 -03:00 [INF] Route matched with {action = "GetGrupo", controller = "Grupos"}. Executing controller action with signature System.Threading.Tasks.Task`1[Microsoft.AspNetCore.Mvc.ActionResult`1[System.Collections.Generic.IEnumerable`1[FortalezaServer.Models.Grupo]]] GetGrupo() on controller FortalezaServer.Controllers.GruposController (FortalezaServer).
2021-02-19 16:59:31.221 -03:00 [INF] Entity Framework Core 3.1.10 initialized 'fortalezaitdbContext' using provider 'MySql.Data.EntityFrameworkCore' with options: None
2021-02-19 16:59:31.225 -03:00 [INF] Executed DbCommand (0ms) [Parameters=[], CommandType='"Text"', CommandTimeout='30']
SELECT `g`.`idgrupo`, `g`.`descricao`, `g`.`nome`, `g`.`visivel`
FROM `grupo` AS `g`
2021-02-19 16:59:31.232 -03:00 [INF] Executing ObjectResult, writing value of type 'System.Collections.Generic.List`1[[FortalezaServer.Models.Grupo, FortalezaServer, Version=1.0.0.0, Culture=neutral, PublicKeyToken=null]]'.
2021-02-19 16:59:31.235 -03:00 [INF] Executed action FortalezaServer.Controllers.GruposController.GetGrupo (FortalezaServer) in 14.4262ms
2021-02-19 16:59:31.236 -03:00 [INF] Executed endpoint 'FortalezaServer.Controllers.GruposController.GetGrupo (FortalezaServer)'
2021-02-19 16:59:31.238 -03:00 [INF] Request finished in 26.541ms 200 application/json; charset=utf-8
2021-02-19 16:59:31.272 -03:00 [INF] Request starting HTTP/1.1 GET http://localhost:8000/api/items  
2021-02-19 16:59:31.274 -03:00 [INF] Executing endpoint 'FortalezaServer.Controllers.ItemsController.GetItem (FortalezaServer)'
2021-02-19 16:59:31.275 -03:00 [INF] Route matched with {action = "GetItem", controller = "Items"}. Executing controller action with signature System.Threading.Tasks.Task`1[Microsoft.AspNetCore.Mvc.ActionResult`1[System.Collections.Generic.IEnumerable`1[FortalezaServer.Models.Item]]] GetItem(Boolean, Boolean, Boolean) on controller FortalezaServer.Controllers.ItemsController (FortalezaServer).
2021-02-19 16:59:31.280 -03:00 [INF] Entity Framework Core 3.1.10 initialized 'fortalezaitdbContext' using provider 'MySql.Data.EntityFrameworkCore' with options: None
2021-02-19 16:59:31.283 -03:00 [INF] Executed DbCommand (1ms) [Parameters=[], CommandType='"Text"', CommandTimeout='30']
SELECT `i`.`iditem`, `i`.`atacado`, `i`.`codigo_barras`, `i`.`descricao`, `i`.`disponivel`, `i`.`estoque`, `i`.`estoque_minimo`, `i`.`imagem`, `i`.`permite_combo`, `i`.`quantidade_atacado`, `i`.`tipo`, `i`.`unidade`, `i`.`unidade_inteira`, `i`.`valor`, `i`.`valor_atacado`, `i`.`visivel`
FROM `item` AS `i`
WHERE `i`.`visivel` = 1
2021-02-19 16:59:31.288 -03:00 [INF] Executing ObjectResult, writing value of type 'System.Collections.Generic.List`1[[FortalezaServer.Models.Item, FortalezaServer, Version=1.0.0.0, Culture=neutral, PublicKeyToken=null]]'.
2021-02-19 16:59:31.294 -03:00 [INF] Executed action FortalezaServer.Controllers.ItemsController.GetItem (FortalezaServer) in 15.0933ms
2021-02-19 16:59:31.296 -03:00 [INF] Executed endpoint 'FortalezaServer.Controllers.ItemsController.GetItem (FortalezaServer)'
2021-02-19 16:59:31.298 -03:00 [INF] Request finished in 25.6551ms 200 application/json; charset=utf-8
2021-02-19 16:59:37.591 -03:00 [INF] Request starting HTTP/1.1 GET http://localhost:8000/api/formapagamentos  
2021-02-19 16:59:37.593 -03:00 [INF] Executing endpoint 'FortalezaServer.Controllers.FormaPagamentosController.GetFormaPagamento (FortalezaServer)'
2021-02-19 16:59:37.600 -03:00 [INF] Route matched with {action = "GetFormaPagamento", controller = "FormaPagamentos"}. Executing controller action with signature System.Threading.Tasks.Task`1[Microsoft.AspNetCore.Mvc.ActionResult`1[System.Collections.Generic.IEnumerable`1[FortalezaServer.Models.FormaPagamento]]] GetFormaPagamento() on controller FortalezaServer.Controllers.FormaPagamentosController (FortalezaServer).
2021-02-19 16:59:37.606 -03:00 [INF] Entity Framework Core 3.1.10 initialized 'fortalezaitdbContext' using provider 'MySql.Data.EntityFrameworkCore' with options: None
2021-02-19 16:59:37.612 -03:00 [INF] Executed DbCommand (0ms) [Parameters=[], CommandType='"Text"', CommandTimeout='30']
SELECT `f`.`idforma_pagamento`, `f`.`bandeira`, `f`.`debitar_cliente`, `f`.`debito`, `f`.`gerar_contas_receber`, `f`.`nome`, `f`.`ordem`
FROM `forma_pagamento` AS `f`
ORDER BY `f`.`ordem`
2021-02-19 16:59:37.616 -03:00 [INF] Executing ObjectResult, writing value of type 'System.Collections.Generic.List`1[[FortalezaServer.Models.FormaPagamento, FortalezaServer, Version=1.0.0.0, Culture=neutral, PublicKeyToken=null]]'.
2021-02-19 16:59:37.619 -03:00 [INF] Executed action FortalezaServer.Controllers.FormaPagamentosController.GetFormaPagamento (FortalezaServer) in 13.6714ms
2021-02-19 16:59:37.621 -03:00 [INF] Executed endpoint 'FortalezaServer.Controllers.FormaPagamentosController.GetFormaPagamento (FortalezaServer)'
2021-02-19 16:59:37.623 -03:00 [INF] Request finished in 32.0147ms 200 application/json; charset=utf-8
2021-02-19 16:59:37.638 -03:00 [INF] Request starting HTTP/1.1 GET http://localhost:8000/api/bandeiras  
2021-02-19 16:59:37.639 -03:00 [INF] Executing endpoint 'FortalezaServer.Controllers.BandeirasController.GetBandeira (FortalezaServer)'
2021-02-19 16:59:37.642 -03:00 [INF] Route matched with {action = "GetBandeira", controller = "Bandeiras"}. Executing controller action with signature System.Threading.Tasks.Task`1[Microsoft.AspNetCore.Mvc.ActionResult`1[System.Collections.Generic.IEnumerable`1[FortalezaServer.Models.Bandeira]]] GetBandeira() on controller FortalezaServer.Controllers.BandeirasController (FortalezaServer).
2021-02-19 16:59:37.646 -03:00 [INF] Entity Framework Core 3.1.10 initialized 'fortalezaitdbContext' using provider 'MySql.Data.EntityFrameworkCore' with options: None
2021-02-19 16:59:37.650 -03:00 [INF] Executed DbCommand (1ms) [Parameters=[], CommandType='"Text"', CommandTimeout='30']
SELECT `b`.`idbandeira`, `b`.`nome`, `b`.`ordem`, `b`.`prazo1`, `b`.`prazo2`, `b`.`taxa1`, `b`.`taxa2`
FROM `bandeira` AS `b`
2021-02-19 16:59:37.653 -03:00 [INF] Executing ObjectResult, writing value of type 'System.Collections.Generic.List`1[[FortalezaServer.Models.Bandeira, FortalezaServer, Version=1.0.0.0, Culture=neutral, PublicKeyToken=null]]'.
2021-02-19 16:59:37.655 -03:00 [INF] Executed action FortalezaServer.Controllers.BandeirasController.GetBandeira (FortalezaServer) in 9.79ms
2021-02-19 16:59:37.658 -03:00 [INF] Executed endpoint 'FortalezaServer.Controllers.BandeirasController.GetBandeira (FortalezaServer)'
2021-02-19 16:59:37.659 -03:00 [INF] Request finished in 21.3098ms 200 application/json; charset=utf-8
2021-02-19 17:00:40.302 -03:00 [INF] Request starting HTTP/1.1 GET http://localhost:8000/api  
2021-02-19 17:00:40.303 -03:00 [INF] Executing endpoint 'FortalezaServer.Controllers.IndexController.Get (FortalezaServer)'
2021-02-19 17:00:40.305 -03:00 [INF] Route matched with {action = "Get", controller = "Index"}. Executing controller action with signature System.String Get() on controller FortalezaServer.Controllers.IndexController (FortalezaServer).
2021-02-19 17:00:40.311 -03:00 [INF] Executing ObjectResult, writing value of type 'System.String'.
2021-02-19 17:00:40.318 -03:00 [INF] Executed action FortalezaServer.Controllers.IndexController.Get (FortalezaServer) in 7.114ms
2021-02-19 17:00:40.325 -03:00 [INF] Executed endpoint 'FortalezaServer.Controllers.IndexController.Get (FortalezaServer)'
2021-02-19 17:00:40.332 -03:00 [INF] Request finished in 30.1942ms 200 text/plain; charset=utf-8
2021-02-19 17:00:40.371 -03:00 [INF] Request starting HTTP/1.1 GET http://localhost:8000/api  
2021-02-19 17:00:40.374 -03:00 [INF] Executing endpoint 'FortalezaServer.Controllers.IndexController.Get (FortalezaServer)'
2021-02-19 17:00:40.376 -03:00 [INF] Route matched with {action = "Get", controller = "Index"}. Executing controller action with signature System.String Get() on controller FortalezaServer.Controllers.IndexController (FortalezaServer).
2021-02-19 17:00:40.383 -03:00 [INF] Executing ObjectResult, writing value of type 'System.String'.
2021-02-19 17:00:40.386 -03:00 [INF] Executed action FortalezaServer.Controllers.IndexController.Get (FortalezaServer) in 4.5664ms
2021-02-19 17:00:40.393 -03:00 [INF] Executed endpoint 'FortalezaServer.Controllers.IndexController.Get (FortalezaServer)'
2021-02-19 17:00:40.399 -03:00 [INF] Request finished in 27.0722ms 200 text/plain; charset=utf-8
2021-02-19 17:00:40.516 -03:00 [INF] Request starting HTTP/1.1 GET http://localhost:8000/api/vendas/actions/aberta  
2021-02-19 17:00:40.518 -03:00 [INF] Executing endpoint 'FortalezaServer.Controllers.VendasController.GetVendaAberta (FortalezaServer)'
2021-02-19 17:00:40.520 -03:00 [INF] Route matched with {action = "GetVendaAberta", controller = "Vendas"}. Executing controller action with signature System.Threading.Tasks.Task`1[Microsoft.AspNetCore.Mvc.ActionResult`1[System.Int32]] GetVendaAberta(Int32) on controller FortalezaServer.Controllers.VendasController (FortalezaServer).
2021-02-19 17:00:40.528 -03:00 [INF] Entity Framework Core 3.1.10 initialized 'fortalezaitdbContext' using provider 'MySql.Data.EntityFrameworkCore' with options: None
2021-02-19 17:00:40.538 -03:00 [INF] Executed DbCommand (1ms) [Parameters=[@__tipo_0='?' (DbType = Int32)], CommandType='"Text"', CommandTimeout='30']
SELECT `v`.`idvenda`, `v`.`aberta`, `v`.`acrescimo`, `v`.`desconto`, `v`.`descricao`, `v`.`hora_entrada`, `v`.`hora_fechamento`, `v`.`idcaixa`, `v`.`idcliente`, `v`.`idpdv`, `v`.`idresponsavel`, `v`.`numero_venda`, `v`.`paga`, `v`.`tipo`, `v`.`valor_pago`
FROM `venda` AS `v`
WHERE (`v`.`aberta` = 1) & (`v`.`tipo` = @__tipo_0)
LIMIT 1
2021-02-19 17:00:40.543 -03:00 [INF] Executing ObjectResult, writing value of type 'System.Int32'.
2021-02-19 17:00:40.545 -03:00 [INF] Executed action FortalezaServer.Controllers.VendasController.GetVendaAberta (FortalezaServer) in 18.4854ms
2021-02-19 17:00:40.547 -03:00 [INF] Executed endpoint 'FortalezaServer.Controllers.VendasController.GetVendaAberta (FortalezaServer)'
2021-02-19 17:00:40.549 -03:00 [INF] Request finished in 33.5015ms 200 application/json; charset=utf-8
2021-02-19 17:00:40.694 -03:00 [INF] Request starting HTTP/1.1 GET http://localhost:8000/api/grupos  
2021-02-19 17:00:40.695 -03:00 [INF] Executing endpoint 'FortalezaServer.Controllers.GruposController.GetGrupo (FortalezaServer)'
2021-02-19 17:00:40.716 -03:00 [INF] Route matched with {action = "GetGrupo", controller = "Grupos"}. Executing controller action with signature System.Threading.Tasks.Task`1[Microsoft.AspNetCore.Mvc.ActionResult`1[System.Collections.Generic.IEnumerable`1[FortalezaServer.Models.Grupo]]] GetGrupo() on controller FortalezaServer.Controllers.GruposController (FortalezaServer).
2021-02-19 17:00:40.723 -03:00 [INF] Entity Framework Core 3.1.10 initialized 'fortalezaitdbContext' using provider 'MySql.Data.EntityFrameworkCore' with options: None
2021-02-19 17:00:40.727 -03:00 [INF] Executed DbCommand (0ms) [Parameters=[], CommandType='"Text"', CommandTimeout='30']
SELECT `g`.`idgrupo`, `g`.`descricao`, `g`.`nome`, `g`.`visivel`
FROM `grupo` AS `g`
2021-02-19 17:00:40.734 -03:00 [INF] Executing ObjectResult, writing value of type 'System.Collections.Generic.List`1[[FortalezaServer.Models.Grupo, FortalezaServer, Version=1.0.0.0, Culture=neutral, PublicKeyToken=null]]'.
2021-02-19 17:00:40.738 -03:00 [INF] Executed action FortalezaServer.Controllers.GruposController.GetGrupo (FortalezaServer) in 15.7002ms
2021-02-19 17:00:40.739 -03:00 [INF] Executed endpoint 'FortalezaServer.Controllers.GruposController.GetGrupo (FortalezaServer)'
2021-02-19 17:00:40.741 -03:00 [INF] Request finished in 46.5948ms 200 application/json; charset=utf-8
2021-02-19 17:00:40.764 -03:00 [INF] Request starting HTTP/1.1 GET http://localhost:8000/api/items  
2021-02-19 17:00:40.765 -03:00 [INF] Executing endpoint 'FortalezaServer.Controllers.ItemsController.GetItem (FortalezaServer)'
2021-02-19 17:00:40.768 -03:00 [INF] Route matched with {action = "GetItem", controller = "Items"}. Executing controller action with signature System.Threading.Tasks.Task`1[Microsoft.AspNetCore.Mvc.ActionResult`1[System.Collections.Generic.IEnumerable`1[FortalezaServer.Models.Item]]] GetItem(Boolean, Boolean, Boolean) on controller FortalezaServer.Controllers.ItemsController (FortalezaServer).
2021-02-19 17:00:40.773 -03:00 [INF] Entity Framework Core 3.1.10 initialized 'fortalezaitdbContext' using provider 'MySql.Data.EntityFrameworkCore' with options: None
2021-02-19 17:00:40.776 -03:00 [INF] Executed DbCommand (0ms) [Parameters=[], CommandType='"Text"', CommandTimeout='30']
SELECT `i`.`iditem`, `i`.`atacado`, `i`.`codigo_barras`, `i`.`descricao`, `i`.`disponivel`, `i`.`estoque`, `i`.`estoque_minimo`, `i`.`imagem`, `i`.`permite_combo`, `i`.`quantidade_atacado`, `i`.`tipo`, `i`.`unidade`, `i`.`unidade_inteira`, `i`.`valor`, `i`.`valor_atacado`, `i`.`visivel`
FROM `item` AS `i`
WHERE `i`.`visivel` = 1
2021-02-19 17:00:40.779 -03:00 [INF] Executing ObjectResult, writing value of type 'System.Collections.Generic.List`1[[FortalezaServer.Models.Item, FortalezaServer, Version=1.0.0.0, Culture=neutral, PublicKeyToken=null]]'.
2021-02-19 17:00:40.781 -03:00 [INF] Executed action FortalezaServer.Controllers.ItemsController.GetItem (FortalezaServer) in 9.6244ms
2021-02-19 17:00:40.786 -03:00 [INF] Executed endpoint 'FortalezaServer.Controllers.ItemsController.GetItem (FortalezaServer)'
2021-02-19 17:00:40.788 -03:00 [INF] Request finished in 23.6402ms 200 application/json; charset=utf-8
2021-02-19 17:00:47.044 -03:00 [INF] Request starting HTTP/1.1 GET http://localhost:8000/api/formapagamentos  
2021-02-19 17:00:47.046 -03:00 [INF] Executing endpoint 'FortalezaServer.Controllers.FormaPagamentosController.GetFormaPagamento (FortalezaServer)'
2021-02-19 17:00:47.052 -03:00 [INF] Route matched with {action = "GetFormaPagamento", controller = "FormaPagamentos"}. Executing controller action with signature System.Threading.Tasks.Task`1[Microsoft.AspNetCore.Mvc.ActionResult`1[System.Collections.Generic.IEnumerable`1[FortalezaServer.Models.FormaPagamento]]] GetFormaPagamento() on controller FortalezaServer.Controllers.FormaPagamentosController (FortalezaServer).
2021-02-19 17:00:47.059 -03:00 [INF] Entity Framework Core 3.1.10 initialized 'fortalezaitdbContext' using provider 'MySql.Data.EntityFrameworkCore' with options: None
2021-02-19 17:00:47.067 -03:00 [INF] Executed DbCommand (1ms) [Parameters=[], CommandType='"Text"', CommandTimeout='30']
SELECT `f`.`idforma_pagamento`, `f`.`bandeira`, `f`.`debitar_cliente`, `f`.`debito`, `f`.`gerar_contas_receber`, `f`.`nome`, `f`.`ordem`
FROM `forma_pagamento` AS `f`
ORDER BY `f`.`ordem`
2021-02-19 17:00:47.074 -03:00 [INF] Executing ObjectResult, writing value of type 'System.Collections.Generic.List`1[[FortalezaServer.Models.FormaPagamento, FortalezaServer, Version=1.0.0.0, Culture=neutral, PublicKeyToken=null]]'.
2021-02-19 17:00:47.077 -03:00 [INF] Executed action FortalezaServer.Controllers.FormaPagamentosController.GetFormaPagamento (FortalezaServer) in 18.1039ms
2021-02-19 17:00:47.079 -03:00 [INF] Executed endpoint 'FortalezaServer.Controllers.FormaPagamentosController.GetFormaPagamento (FortalezaServer)'
2021-02-19 17:00:47.080 -03:00 [INF] Request finished in 36.3139ms 200 application/json; charset=utf-8
2021-02-19 17:00:47.186 -03:00 [INF] Request starting HTTP/1.1 GET http://localhost:8000/api/bandeiras  
2021-02-19 17:00:47.187 -03:00 [INF] Executing endpoint 'FortalezaServer.Controllers.BandeirasController.GetBandeira (FortalezaServer)'
2021-02-19 17:00:47.189 -03:00 [INF] Route matched with {action = "GetBandeira", controller = "Bandeiras"}. Executing controller action with signature System.Threading.Tasks.Task`1[Microsoft.AspNetCore.Mvc.ActionResult`1[System.Collections.Generic.IEnumerable`1[FortalezaServer.Models.Bandeira]]] GetBandeira() on controller FortalezaServer.Controllers.BandeirasController (FortalezaServer).
2021-02-19 17:00:47.193 -03:00 [INF] Entity Framework Core 3.1.10 initialized 'fortalezaitdbContext' using provider 'MySql.Data.EntityFrameworkCore' with options: None
2021-02-19 17:00:47.196 -03:00 [INF] Executed DbCommand (0ms) [Parameters=[], CommandType='"Text"', CommandTimeout='30']
SELECT `b`.`idbandeira`, `b`.`nome`, `b`.`ordem`, `b`.`prazo1`, `b`.`prazo2`, `b`.`taxa1`, `b`.`taxa2`
FROM `bandeira` AS `b`
2021-02-19 17:00:47.200 -03:00 [INF] Executing ObjectResult, writing value of type 'System.Collections.Generic.List`1[[FortalezaServer.Models.Bandeira, FortalezaServer, Version=1.0.0.0, Culture=neutral, PublicKeyToken=null]]'.
2021-02-19 17:00:47.203 -03:00 [INF] Executed action FortalezaServer.Controllers.BandeirasController.GetBandeira (FortalezaServer) in 10.1613ms
2021-02-19 17:00:47.204 -03:00 [INF] Executed endpoint 'FortalezaServer.Controllers.BandeirasController.GetBandeira (FortalezaServer)'
2021-02-19 17:00:47.206 -03:00 [INF] Request finished in 19.7725ms 200 application/json; charset=utf-8
2021-02-19 17:00:49.432 -03:00 [INF] Request starting HTTP/1.1 GET http://localhost:8000/api/bandeiras/2  
2021-02-19 17:00:49.434 -03:00 [INF] Executing endpoint 'FortalezaServer.Controllers.BandeirasController.GetBandeira (FortalezaServer)'
2021-02-19 17:00:49.439 -03:00 [INF] Route matched with {action = "GetBandeira", controller = "Bandeiras"}. Executing controller action with signature System.Threading.Tasks.Task`1[Microsoft.AspNetCore.Mvc.ActionResult`1[FortalezaServer.Models.Bandeira]] GetBandeira(Int32) on controller FortalezaServer.Controllers.BandeirasController (FortalezaServer).
2021-02-19 17:00:49.443 -03:00 [INF] Entity Framework Core 3.1.10 initialized 'fortalezaitdbContext' using provider 'MySql.Data.EntityFrameworkCore' with options: None
2021-02-19 17:00:49.454 -03:00 [INF] Executed DbCommand (0ms) [Parameters=[@__p_0='?' (DbType = Int32)], CommandType='"Text"', CommandTimeout='30']
SELECT `b`.`idbandeira`, `b`.`nome`, `b`.`ordem`, `b`.`prazo1`, `b`.`prazo2`, `b`.`taxa1`, `b`.`taxa2`
FROM `bandeira` AS `b`
WHERE `b`.`idbandeira` = @__p_0
LIMIT 1
2021-02-19 17:00:49.457 -03:00 [INF] Executing ObjectResult, writing value of type 'FortalezaServer.Models.Bandeira'.
2021-02-19 17:00:49.459 -03:00 [INF] Executed action FortalezaServer.Controllers.BandeirasController.GetBandeira (FortalezaServer) in 16.9474ms
2021-02-19 17:00:49.460 -03:00 [INF] Executed endpoint 'FortalezaServer.Controllers.BandeirasController.GetBandeira (FortalezaServer)'
2021-02-19 17:00:49.462 -03:00 [INF] Request finished in 29.2981ms 200 application/json; charset=utf-8
2021-02-19 17:00:49.484 -03:00 [INF] Request starting HTTP/1.1 GET http://localhost:8000/api/bandeiras/actions/ordem  
2021-02-19 17:00:49.485 -03:00 [INF] Executing endpoint 'FortalezaServer.Controllers.BandeirasController.GetOrdem (FortalezaServer)'
2021-02-19 17:00:49.492 -03:00 [INF] Route matched with {action = "GetOrdem", controller = "Bandeiras"}. Executing controller action with signature System.Threading.Tasks.Task`1[Microsoft.AspNetCore.Mvc.ActionResult`1[System.Int32]] GetOrdem() on controller FortalezaServer.Controllers.BandeirasController (FortalezaServer).
2021-02-19 17:00:49.505 -03:00 [INF] Entity Framework Core 3.1.10 initialized 'fortalezaitdbContext' using provider 'MySql.Data.EntityFrameworkCore' with options: None
2021-02-19 17:00:49.516 -03:00 [INF] Executed DbCommand (0ms) [Parameters=[], CommandType='"Text"', CommandTimeout='30']
SELECT `b`.`idbandeira`, `b`.`nome`, `b`.`ordem`, `b`.`prazo1`, `b`.`prazo2`, `b`.`taxa1`, `b`.`taxa2`
FROM `bandeira` AS `b`
ORDER BY `b`.`ordem` DESC
LIMIT 1
2021-02-19 17:00:49.521 -03:00 [INF] Executing ObjectResult, writing value of type 'System.Int32'.
2021-02-19 17:00:49.522 -03:00 [INF] Executed action FortalezaServer.Controllers.BandeirasController.GetOrdem (FortalezaServer) in 19.7651ms
2021-02-19 17:00:49.524 -03:00 [INF] Executed endpoint 'FortalezaServer.Controllers.BandeirasController.GetOrdem (FortalezaServer)'
2021-02-19 17:00:49.526 -03:00 [INF] Request finished in 41.6137ms 200 application/json; charset=utf-8
2021-02-19 17:00:55.952 -03:00 [INF] Request starting HTTP/1.1 GET http://localhost:8000/api/bandeiras/3  
2021-02-19 17:00:55.953 -03:00 [INF] Executing endpoint 'FortalezaServer.Controllers.BandeirasController.GetBandeira (FortalezaServer)'
2021-02-19 17:00:55.955 -03:00 [INF] Route matched with {action = "GetBandeira", controller = "Bandeiras"}. Executing controller action with signature System.Threading.Tasks.Task`1[Microsoft.AspNetCore.Mvc.ActionResult`1[FortalezaServer.Models.Bandeira]] GetBandeira(Int32) on controller FortalezaServer.Controllers.BandeirasController (FortalezaServer).
2021-02-19 17:00:55.958 -03:00 [INF] Entity Framework Core 3.1.10 initialized 'fortalezaitdbContext' using provider 'MySql.Data.EntityFrameworkCore' with options: None
2021-02-19 17:00:55.962 -03:00 [INF] Executed DbCommand (0ms) [Parameters=[@__p_0='?' (DbType = Int32)], CommandType='"Text"', CommandTimeout='30']
SELECT `b`.`idbandeira`, `b`.`nome`, `b`.`ordem`, `b`.`prazo1`, `b`.`prazo2`, `b`.`taxa1`, `b`.`taxa2`
FROM `bandeira` AS `b`
WHERE `b`.`idbandeira` = @__p_0
LIMIT 1
2021-02-19 17:00:55.966 -03:00 [INF] Executing ObjectResult, writing value of type 'FortalezaServer.Models.Bandeira'.
2021-02-19 17:00:55.968 -03:00 [INF] Executed action FortalezaServer.Controllers.BandeirasController.GetBandeira (FortalezaServer) in 10.718ms
2021-02-19 17:00:55.970 -03:00 [INF] Executed endpoint 'FortalezaServer.Controllers.BandeirasController.GetBandeira (FortalezaServer)'
2021-02-19 17:00:55.973 -03:00 [INF] Request finished in 21.5127ms 200 application/json; charset=utf-8
2021-02-19 17:00:55.994 -03:00 [INF] Request starting HTTP/1.1 GET http://localhost:8000/api/bandeiras/actions/ordem  
2021-02-19 17:00:55.996 -03:00 [INF] Executing endpoint 'FortalezaServer.Controllers.BandeirasController.GetOrdem (FortalezaServer)'
2021-02-19 17:00:55.998 -03:00 [INF] Route matched with {action = "GetOrdem", controller = "Bandeiras"}. Executing controller action with signature System.Threading.Tasks.Task`1[Microsoft.AspNetCore.Mvc.ActionResult`1[System.Int32]] GetOrdem() on controller FortalezaServer.Controllers.BandeirasController (FortalezaServer).
2021-02-19 17:00:56.006 -03:00 [INF] Entity Framework Core 3.1.10 initialized 'fortalezaitdbContext' using provider 'MySql.Data.EntityFrameworkCore' with options: None
2021-02-19 17:00:56.016 -03:00 [INF] Executed DbCommand (0ms) [Parameters=[], CommandType='"Text"', CommandTimeout='30']
SELECT `b`.`idbandeira`, `b`.`nome`, `b`.`ordem`, `b`.`prazo1`, `b`.`prazo2`, `b`.`taxa1`, `b`.`taxa2`
FROM `bandeira` AS `b`
ORDER BY `b`.`ordem` DESC
LIMIT 1
2021-02-19 17:00:56.024 -03:00 [INF] Executing ObjectResult, writing value of type 'System.Int32'.
2021-02-19 17:00:56.026 -03:00 [INF] Executed action FortalezaServer.Controllers.BandeirasController.GetOrdem (FortalezaServer) in 20.5873ms
2021-02-19 17:00:56.031 -03:00 [INF] Executed endpoint 'FortalezaServer.Controllers.BandeirasController.GetOrdem (FortalezaServer)'
2021-02-19 17:00:56.034 -03:00 [INF] Request finished in 39.6591ms 200 application/json; charset=utf-8
2021-02-19 17:00:58.288 -03:00 [INF] Request starting HTTP/1.1 GET http://localhost:8000/api/bandeiras/4  
2021-02-19 17:00:58.290 -03:00 [INF] Executing endpoint 'FortalezaServer.Controllers.BandeirasController.GetBandeira (FortalezaServer)'
2021-02-19 17:00:58.292 -03:00 [INF] Route matched with {action = "GetBandeira", controller = "Bandeiras"}. Executing controller action with signature System.Threading.Tasks.Task`1[Microsoft.AspNetCore.Mvc.ActionResult`1[FortalezaServer.Models.Bandeira]] GetBandeira(Int32) on controller FortalezaServer.Controllers.BandeirasController (FortalezaServer).
2021-02-19 17:00:58.300 -03:00 [INF] Entity Framework Core 3.1.10 initialized 'fortalezaitdbContext' using provider 'MySql.Data.EntityFrameworkCore' with options: None
2021-02-19 17:00:58.305 -03:00 [INF] Executed DbCommand (1ms) [Parameters=[@__p_0='?' (DbType = Int32)], CommandType='"Text"', CommandTimeout='30']
SELECT `b`.`idbandeira`, `b`.`nome`, `b`.`ordem`, `b`.`prazo1`, `b`.`prazo2`, `b`.`taxa1`, `b`.`taxa2`
FROM `bandeira` AS `b`
WHERE `b`.`idbandeira` = @__p_0
LIMIT 1
2021-02-19 17:00:58.310 -03:00 [INF] Executing ObjectResult, writing value of type 'FortalezaServer.Models.Bandeira'.
2021-02-19 17:00:58.311 -03:00 [INF] Executed action FortalezaServer.Controllers.BandeirasController.GetBandeira (FortalezaServer) in 11.4981ms
2021-02-19 17:00:58.313 -03:00 [INF] Executed endpoint 'FortalezaServer.Controllers.BandeirasController.GetBandeira (FortalezaServer)'
2021-02-19 17:00:58.316 -03:00 [INF] Request finished in 27.4185ms 200 application/json; charset=utf-8
2021-02-19 17:00:58.335 -03:00 [INF] Request starting HTTP/1.1 GET http://localhost:8000/api/bandeiras/actions/ordem  
2021-02-19 17:00:58.336 -03:00 [INF] Executing endpoint 'FortalezaServer.Controllers.BandeirasController.GetOrdem (FortalezaServer)'
2021-02-19 17:00:58.339 -03:00 [INF] Route matched with {action = "GetOrdem", controller = "Bandeiras"}. Executing controller action with signature System.Threading.Tasks.Task`1[Microsoft.AspNetCore.Mvc.ActionResult`1[System.Int32]] GetOrdem() on controller FortalezaServer.Controllers.BandeirasController (FortalezaServer).
2021-02-19 17:00:58.345 -03:00 [INF] Entity Framework Core 3.1.10 initialized 'fortalezaitdbContext' using provider 'MySql.Data.EntityFrameworkCore' with options: None
2021-02-19 17:00:58.353 -03:00 [INF] Executed DbCommand (1ms) [Parameters=[], CommandType='"Text"', CommandTimeout='30']
SELECT `b`.`idbandeira`, `b`.`nome`, `b`.`ordem`, `b`.`prazo1`, `b`.`prazo2`, `b`.`taxa1`, `b`.`taxa2`
FROM `bandeira` AS `b`
ORDER BY `b`.`ordem` DESC
LIMIT 1
2021-02-19 17:00:58.365 -03:00 [INF] Executing ObjectResult, writing value of type 'System.Int32'.
2021-02-19 17:00:58.368 -03:00 [INF] Executed action FortalezaServer.Controllers.BandeirasController.GetOrdem (FortalezaServer) in 22.8767ms
2021-02-19 17:00:58.372 -03:00 [INF] Executed endpoint 'FortalezaServer.Controllers.BandeirasController.GetOrdem (FortalezaServer)'
2021-02-19 17:00:58.377 -03:00 [INF] Request finished in 42.2011ms 200 application/json; charset=utf-8
2021-02-19 17:01:02.447 -03:00 [INF] Request starting HTTP/1.1 GET http://localhost:8000/api/bandeiras/1  
2021-02-19 17:01:02.448 -03:00 [INF] Executing endpoint 'FortalezaServer.Controllers.BandeirasController.GetBandeira (FortalezaServer)'
2021-02-19 17:01:02.450 -03:00 [INF] Route matched with {action = "GetBandeira", controller = "Bandeiras"}. Executing controller action with signature System.Threading.Tasks.Task`1[Microsoft.AspNetCore.Mvc.ActionResult`1[FortalezaServer.Models.Bandeira]] GetBandeira(Int32) on controller FortalezaServer.Controllers.BandeirasController (FortalezaServer).
2021-02-19 17:01:02.454 -03:00 [INF] Entity Framework Core 3.1.10 initialized 'fortalezaitdbContext' using provider 'MySql.Data.EntityFrameworkCore' with options: None
2021-02-19 17:01:02.457 -03:00 [INF] Executed DbCommand (0ms) [Parameters=[@__p_0='?' (DbType = Int32)], CommandType='"Text"', CommandTimeout='30']
SELECT `b`.`idbandeira`, `b`.`nome`, `b`.`ordem`, `b`.`prazo1`, `b`.`prazo2`, `b`.`taxa1`, `b`.`taxa2`
FROM `bandeira` AS `b`
WHERE `b`.`idbandeira` = @__p_0
LIMIT 1
2021-02-19 17:01:02.460 -03:00 [INF] Executing ObjectResult, writing value of type 'FortalezaServer.Models.Bandeira'.
2021-02-19 17:01:02.462 -03:00 [INF] Executed action FortalezaServer.Controllers.BandeirasController.GetBandeira (FortalezaServer) in 8.6849ms
2021-02-19 17:01:02.463 -03:00 [INF] Executed endpoint 'FortalezaServer.Controllers.BandeirasController.GetBandeira (FortalezaServer)'
2021-02-19 17:01:02.465 -03:00 [INF] Request finished in 17.1281ms 200 application/json; charset=utf-8
2021-02-19 17:01:02.483 -03:00 [INF] Request starting HTTP/1.1 GET http://localhost:8000/api/bandeiras/actions/ordem  
2021-02-19 17:01:02.484 -03:00 [INF] Executing endpoint 'FortalezaServer.Controllers.BandeirasController.GetOrdem (FortalezaServer)'
2021-02-19 17:01:02.487 -03:00 [INF] Route matched with {action = "GetOrdem", controller = "Bandeiras"}. Executing controller action with signature System.Threading.Tasks.Task`1[Microsoft.AspNetCore.Mvc.ActionResult`1[System.Int32]] GetOrdem() on controller FortalezaServer.Controllers.BandeirasController (FortalezaServer).
2021-02-19 17:01:02.497 -03:00 [INF] Entity Framework Core 3.1.10 initialized 'fortalezaitdbContext' using provider 'MySql.Data.EntityFrameworkCore' with options: None
2021-02-19 17:01:02.509 -03:00 [INF] Executed DbCommand (0ms) [Parameters=[], CommandType='"Text"', CommandTimeout='30']
SELECT `b`.`idbandeira`, `b`.`nome`, `b`.`ordem`, `b`.`prazo1`, `b`.`prazo2`, `b`.`taxa1`, `b`.`taxa2`
FROM `bandeira` AS `b`
ORDER BY `b`.`ordem` DESC
LIMIT 1
2021-02-19 17:01:02.517 -03:00 [INF] Executing ObjectResult, writing value of type 'System.Int32'.
2021-02-19 17:01:02.519 -03:00 [INF] Executed action FortalezaServer.Controllers.BandeirasController.GetOrdem (FortalezaServer) in 22.554ms
2021-02-19 17:01:02.521 -03:00 [INF] Executed endpoint 'FortalezaServer.Controllers.BandeirasController.GetOrdem (FortalezaServer)'
2021-02-19 17:01:02.523 -03:00 [INF] Request finished in 40.0803ms 200 application/json; charset=utf-8
2021-02-19 17:01:04.738 -03:00 [INF] Request starting HTTP/1.1 GET http://localhost:8000/api  
2021-02-19 17:01:04.739 -03:00 [INF] Executing endpoint 'FortalezaServer.Controllers.IndexController.Get (FortalezaServer)'
2021-02-19 17:01:04.742 -03:00 [INF] Route matched with {action = "Get", controller = "Index"}. Executing controller action with signature System.String Get() on controller FortalezaServer.Controllers.IndexController (FortalezaServer).
2021-02-19 17:01:04.746 -03:00 [INF] Executing ObjectResult, writing value of type 'System.String'.
2021-02-19 17:01:04.747 -03:00 [INF] Executed action FortalezaServer.Controllers.IndexController.Get (FortalezaServer) in 1.7588ms
2021-02-19 17:01:04.749 -03:00 [INF] Executed endpoint 'FortalezaServer.Controllers.IndexController.Get (FortalezaServer)'
2021-02-19 17:01:04.750 -03:00 [INF] Request finished in 12.6728ms 200 text/plain; charset=utf-8
2021-02-19 17:01:04.769 -03:00 [INF] Request starting HTTP/1.1 GET http://localhost:8000/api/vendas/actions/aberta  
2021-02-19 17:01:04.770 -03:00 [INF] Executing endpoint 'FortalezaServer.Controllers.VendasController.GetVendaAberta (FortalezaServer)'
2021-02-19 17:01:04.772 -03:00 [INF] Route matched with {action = "GetVendaAberta", controller = "Vendas"}. Executing controller action with signature System.Threading.Tasks.Task`1[Microsoft.AspNetCore.Mvc.ActionResult`1[System.Int32]] GetVendaAberta(Int32) on controller FortalezaServer.Controllers.VendasController (FortalezaServer).
2021-02-19 17:01:04.775 -03:00 [INF] Entity Framework Core 3.1.10 initialized 'fortalezaitdbContext' using provider 'MySql.Data.EntityFrameworkCore' with options: None
2021-02-19 17:01:04.780 -03:00 [INF] Executed DbCommand (1ms) [Parameters=[@__tipo_0='?' (DbType = Int32)], CommandType='"Text"', CommandTimeout='30']
SELECT `v`.`idvenda`, `v`.`aberta`, `v`.`acrescimo`, `v`.`desconto`, `v`.`descricao`, `v`.`hora_entrada`, `v`.`hora_fechamento`, `v`.`idcaixa`, `v`.`idcliente`, `v`.`idpdv`, `v`.`idresponsavel`, `v`.`numero_venda`, `v`.`paga`, `v`.`tipo`, `v`.`valor_pago`
FROM `venda` AS `v`
WHERE (`v`.`aberta` = 1) & (`v`.`tipo` = @__tipo_0)
LIMIT 1
2021-02-19 17:01:04.787 -03:00 [INF] Executing ObjectResult, writing value of type 'System.Int32'.
2021-02-19 17:01:04.789 -03:00 [INF] Executed action FortalezaServer.Controllers.VendasController.GetVendaAberta (FortalezaServer) in 13.8261ms
2021-02-19 17:01:04.797 -03:00 [INF] Executed endpoint 'FortalezaServer.Controllers.VendasController.GetVendaAberta (FortalezaServer)'
2021-02-19 17:01:04.802 -03:00 [INF] Request finished in 33.119ms 200 application/json; charset=utf-8
2021-02-19 17:01:04.809 -03:00 [INF] Request starting HTTP/1.1 GET http://localhost:8000/api/grupos  
2021-02-19 17:01:04.811 -03:00 [INF] Executing endpoint 'FortalezaServer.Controllers.GruposController.GetGrupo (FortalezaServer)'
2021-02-19 17:01:04.813 -03:00 [INF] Route matched with {action = "GetGrupo", controller = "Grupos"}. Executing controller action with signature System.Threading.Tasks.Task`1[Microsoft.AspNetCore.Mvc.ActionResult`1[System.Collections.Generic.IEnumerable`1[FortalezaServer.Models.Grupo]]] GetGrupo() on controller FortalezaServer.Controllers.GruposController (FortalezaServer).
2021-02-19 17:01:04.818 -03:00 [INF] Entity Framework Core 3.1.10 initialized 'fortalezaitdbContext' using provider 'MySql.Data.EntityFrameworkCore' with options: None
2021-02-19 17:01:04.822 -03:00 [INF] Executed DbCommand (0ms) [Parameters=[], CommandType='"Text"', CommandTimeout='30']
SELECT `g`.`idgrupo`, `g`.`descricao`, `g`.`nome`, `g`.`visivel`
FROM `grupo` AS `g`
2021-02-19 17:01:04.827 -03:00 [INF] Executing ObjectResult, writing value of type 'System.Collections.Generic.List`1[[FortalezaServer.Models.Grupo, FortalezaServer, Version=1.0.0.0, Culture=neutral, PublicKeyToken=null]]'.
2021-02-19 17:01:04.829 -03:00 [INF] Executed action FortalezaServer.Controllers.GruposController.GetGrupo (FortalezaServer) in 11.3845ms
2021-02-19 17:01:04.830 -03:00 [INF] Executed endpoint 'FortalezaServer.Controllers.GruposController.GetGrupo (FortalezaServer)'
2021-02-19 17:01:04.832 -03:00 [INF] Request starting HTTP/1.1 GET http://localhost:8000/api/items  
2021-02-19 17:01:04.832 -03:00 [INF] Request finished in 23.2485ms 200 application/json; charset=utf-8
2021-02-19 17:01:04.833 -03:00 [INF] Executing endpoint 'FortalezaServer.Controllers.ItemsController.GetItem (FortalezaServer)'
2021-02-19 17:01:04.837 -03:00 [INF] Route matched with {action = "GetItem", controller = "Items"}. Executing controller action with signature System.Threading.Tasks.Task`1[Microsoft.AspNetCore.Mvc.ActionResult`1[System.Collections.Generic.IEnumerable`1[FortalezaServer.Models.Item]]] GetItem(Boolean, Boolean, Boolean) on controller FortalezaServer.Controllers.ItemsController (FortalezaServer).
2021-02-19 17:01:04.845 -03:00 [INF] Entity Framework Core 3.1.10 initialized 'fortalezaitdbContext' using provider 'MySql.Data.EntityFrameworkCore' with options: None
2021-02-19 17:01:04.848 -03:00 [INF] Executed DbCommand (0ms) [Parameters=[], CommandType='"Text"', CommandTimeout='30']
SELECT `i`.`iditem`, `i`.`atacado`, `i`.`codigo_barras`, `i`.`descricao`, `i`.`disponivel`, `i`.`estoque`, `i`.`estoque_minimo`, `i`.`imagem`, `i`.`permite_combo`, `i`.`quantidade_atacado`, `i`.`tipo`, `i`.`unidade`, `i`.`unidade_inteira`, `i`.`valor`, `i`.`valor_atacado`, `i`.`visivel`
FROM `item` AS `i`
WHERE `i`.`visivel` = 1
2021-02-19 17:01:04.853 -03:00 [INF] Executing ObjectResult, writing value of type 'System.Collections.Generic.List`1[[FortalezaServer.Models.Item, FortalezaServer, Version=1.0.0.0, Culture=neutral, PublicKeyToken=null]]'.
2021-02-19 17:01:04.855 -03:00 [INF] Executed action FortalezaServer.Controllers.ItemsController.GetItem (FortalezaServer) in 11.1524ms
2021-02-19 17:01:04.858 -03:00 [INF] Executed endpoint 'FortalezaServer.Controllers.ItemsController.GetItem (FortalezaServer)'
2021-02-19 17:01:04.859 -03:00 [INF] Request finished in 27.4785ms 200 application/json; charset=utf-8
