2021-01-25 19:26:55.109 -03:00 [INF] Starting web host
2021-01-25 19:26:56.204 -03:00 [INF] Now listening on: http://[::]:8000
2021-01-25 19:26:56.210 -03:00 [INF] Application started. Press Ctrl+C to shut down.
2021-01-25 19:26:56.212 -03:00 [INF] Hosting environment: Development
2021-01-25 19:26:56.214 -03:00 [INF] Content root path: C:\Users\felip\source\repos\FortalezaServer
2021-01-25 19:26:57.479 -03:00 [INF] Request starting HTTP/1.1 GET http://localhost:8000/api/status  
2021-01-25 19:26:57.598 -03:00 [INF] Executing endpoint 'FortalezaServer.Controllers.IndexController.GetStatus (FortalezaServer)'
2021-01-25 19:26:57.664 -03:00 [INF] Route matched with {action = "GetStatus", controller = "Index"}. Executing controller action with signature System.Threading.Tasks.Task`1[Microsoft.AspNetCore.Mvc.ActionResult`1[FortalezaServer.Controllers.IndexController+Status]] GetStatus() on controller FortalezaServer.Controllers.IndexController (FortalezaServer).
2021-01-25 19:26:58.548 -03:00 [INF] Entity Framework Core 3.1.10 initialized 'fortalezaitdbContext' using provider 'MySql.Data.EntityFrameworkCore' with options: None
2021-01-25 19:26:58.879 -03:00 [INF] Executing ObjectResult, writing value of type 'FortalezaServer.Controllers.IndexController+Status'.
2021-01-25 19:26:59.016 -03:00 [INF] Executed action FortalezaServer.Controllers.IndexController.GetStatus (FortalezaServer) in 1343.0118ms
2021-01-25 19:26:59.021 -03:00 [INF] Executed endpoint 'FortalezaServer.Controllers.IndexController.GetStatus (FortalezaServer)'
2021-01-25 19:26:59.026 -03:00 [INF] Request finished in 1554.9996ms 200 application/json; charset=utf-8
2021-01-25 19:27:25.274 -03:00 [INF] Request starting HTTP/1.1 GET http://localhost:8000/api  
2021-01-25 19:27:25.277 -03:00 [INF] Executing endpoint 'FortalezaServer.Controllers.IndexController.Get (FortalezaServer)'
2021-01-25 19:27:25.282 -03:00 [INF] Route matched with {action = "Get", controller = "Index"}. Executing controller action with signature System.String Get() on controller FortalezaServer.Controllers.IndexController (FortalezaServer).
2021-01-25 19:27:25.295 -03:00 [INF] Executing ObjectResult, writing value of type 'System.String'.
2021-01-25 19:27:25.299 -03:00 [INF] Executed action FortalezaServer.Controllers.IndexController.Get (FortalezaServer) in 13.1931ms
2021-01-25 19:27:25.305 -03:00 [INF] Executed endpoint 'FortalezaServer.Controllers.IndexController.Get (FortalezaServer)'
2021-01-25 19:27:25.308 -03:00 [INF] Request finished in 34.5099ms 200 text/plain; charset=utf-8
2021-01-25 19:27:25.342 -03:00 [INF] Request starting HTTP/1.1 GET http://localhost:8000/api  
2021-01-25 19:27:25.344 -03:00 [INF] Executing endpoint 'FortalezaServer.Controllers.IndexController.Get (FortalezaServer)'
2021-01-25 19:27:25.345 -03:00 [INF] Route matched with {action = "Get", controller = "Index"}. Executing controller action with signature System.String Get() on controller FortalezaServer.Controllers.IndexController (FortalezaServer).
2021-01-25 19:27:25.350 -03:00 [INF] Executing ObjectResult, writing value of type 'System.String'.
2021-01-25 19:27:25.359 -03:00 [INF] Executed action FortalezaServer.Controllers.IndexController.Get (FortalezaServer) in 11.5211ms
2021-01-25 19:27:25.363 -03:00 [INF] Executed endpoint 'FortalezaServer.Controllers.IndexController.Get (FortalezaServer)'
2021-01-25 19:27:25.364 -03:00 [INF] Request finished in 22.105ms 200 text/plain; charset=utf-8
2021-01-25 19:27:25.451 -03:00 [INF] Request starting HTTP/1.1 GET http://localhost:8000/api/vendas/actions/aberta  
2021-01-25 19:27:25.455 -03:00 [INF] Executing endpoint 'FortalezaServer.Controllers.VendasController.GetVendaAberta (FortalezaServer)'
2021-01-25 19:27:25.468 -03:00 [INF] Route matched with {action = "GetVendaAberta", controller = "Vendas"}. Executing controller action with signature System.Threading.Tasks.Task`1[Microsoft.AspNetCore.Mvc.ActionResult`1[System.Int32]] GetVendaAberta(Int32) on controller FortalezaServer.Controllers.VendasController (FortalezaServer).
2021-01-25 19:27:25.494 -03:00 [INF] Entity Framework Core 3.1.10 initialized 'fortalezaitdbContext' using provider 'MySql.Data.EntityFrameworkCore' with options: None
2021-01-25 19:27:25.545 -03:00 [INF] Request starting HTTP/1.1 GET http://localhost:8000/api/grupos  
2021-01-25 19:27:25.548 -03:00 [INF] Executing endpoint 'FortalezaServer.Controllers.GruposController.GetGrupo (FortalezaServer)'
2021-01-25 19:27:25.554 -03:00 [INF] Route matched with {action = "GetGrupo", controller = "Grupos"}. Executing controller action with signature System.Threading.Tasks.Task`1[Microsoft.AspNetCore.Mvc.ActionResult`1[System.Collections.Generic.IEnumerable`1[FortalezaServer.Models.Grupo]]] GetGrupo() on controller FortalezaServer.Controllers.GruposController (FortalezaServer).
2021-01-25 19:27:25.628 -03:00 [INF] Entity Framework Core 3.1.10 initialized 'fortalezaitdbContext' using provider 'MySql.Data.EntityFrameworkCore' with options: None
2021-01-25 19:27:25.870 -03:00 [INF] Executed DbCommand (3ms) [Parameters=[], CommandType='"Text"', CommandTimeout='30']
SELECT `g`.`idgrupo`, `g`.`descricao`, `g`.`nome`, `g`.`visivel`
FROM `grupo` AS `g`
2021-01-25 19:27:25.870 -03:00 [INF] Executed DbCommand (6ms) [Parameters=[@__tipo_0='?' (DbType = Int32)], CommandType='"Text"', CommandTimeout='30']
SELECT `v`.`idvenda`, `v`.`aberta`, `v`.`acrescimo`, `v`.`desconto`, `v`.`descricao`, `v`.`hora_entrada`, `v`.`hora_fechamento`, `v`.`idcaixa`, `v`.`idcliente`, `v`.`idpdv`, `v`.`idresponsavel`, `v`.`numero_venda`, `v`.`paga`, `v`.`tipo`, `v`.`valor_pago`
FROM `venda` AS `v`
WHERE (`v`.`aberta` = 1) & (`v`.`tipo` = @__tipo_0)
LIMIT 1
2021-01-25 19:27:25.888 -03:00 [INF] Executing ObjectResult, writing value of type 'System.Int32'.
2021-01-25 19:27:25.891 -03:00 [INF] Executed action FortalezaServer.Controllers.VendasController.GetVendaAberta (FortalezaServer) in 420.537ms
2021-01-25 19:27:25.893 -03:00 [INF] Executed endpoint 'FortalezaServer.Controllers.VendasController.GetVendaAberta (FortalezaServer)'
2021-01-25 19:27:25.895 -03:00 [INF] Request finished in 444.2226ms 200 application/json; charset=utf-8
2021-01-25 19:27:25.931 -03:00 [INF] Executing ObjectResult, writing value of type 'System.Collections.Generic.List`1[[FortalezaServer.Models.Grupo, FortalezaServer, Version=1.0.0.0, Culture=neutral, PublicKeyToken=null]]'.
2021-01-25 19:27:25.952 -03:00 [INF] Executed action FortalezaServer.Controllers.GruposController.GetGrupo (FortalezaServer) in 370.6005ms
2021-01-25 19:27:25.954 -03:00 [INF] Executed endpoint 'FortalezaServer.Controllers.GruposController.GetGrupo (FortalezaServer)'
2021-01-25 19:27:25.956 -03:00 [INF] Request finished in 410.0873ms 200 application/json; charset=utf-8
2021-01-25 19:27:25.979 -03:00 [INF] Request starting HTTP/1.1 GET http://localhost:8000/api/items  
2021-01-25 19:27:25.980 -03:00 [INF] Executing endpoint 'FortalezaServer.Controllers.ItemsController.GetItem (FortalezaServer)'
2021-01-25 19:27:25.984 -03:00 [INF] Route matched with {action = "GetItem", controller = "Items"}. Executing controller action with signature System.Threading.Tasks.Task`1[Microsoft.AspNetCore.Mvc.ActionResult`1[System.Collections.Generic.IEnumerable`1[FortalezaServer.Models.Item]]] GetItem(Boolean, Boolean, Boolean) on controller FortalezaServer.Controllers.ItemsController (FortalezaServer).
2021-01-25 19:27:25.990 -03:00 [INF] Entity Framework Core 3.1.10 initialized 'fortalezaitdbContext' using provider 'MySql.Data.EntityFrameworkCore' with options: None
2021-01-25 19:27:25.999 -03:00 [INF] Executed DbCommand (1ms) [Parameters=[], CommandType='"Text"', CommandTimeout='30']
SELECT `i`.`iditem`, `i`.`atacado`, `i`.`codigo_barras`, `i`.`descricao`, `i`.`disponivel`, `i`.`estoque`, `i`.`estoque_minimo`, `i`.`imagem`, `i`.`permite_combo`, `i`.`quantidade_atacado`, `i`.`tipo`, `i`.`unidade`, `i`.`unidade_inteira`, `i`.`valor`, `i`.`valor_atacado`, `i`.`visivel`
FROM `item` AS `i`
WHERE `i`.`visivel` = 1
2021-01-25 19:27:26.047 -03:00 [INF] Executing ObjectResult, writing value of type 'System.Collections.Generic.List`1[[FortalezaServer.Models.Item, FortalezaServer, Version=1.0.0.0, Culture=neutral, PublicKeyToken=null]]'.
2021-01-25 19:27:26.081 -03:00 [INF] Executed action FortalezaServer.Controllers.ItemsController.GetItem (FortalezaServer) in 94.1753ms
2021-01-25 19:27:26.083 -03:00 [INF] Executed endpoint 'FortalezaServer.Controllers.ItemsController.GetItem (FortalezaServer)'
2021-01-25 19:27:26.085 -03:00 [INF] Request finished in 105.9821ms 200 application/json; charset=utf-8
2021-01-25 19:27:28.050 -03:00 [INF] Request starting HTTP/1.1 GET http://localhost:8000/api/clientes  
2021-01-25 19:27:28.053 -03:00 [INF] Executing endpoint 'FortalezaServer.Controllers.ClientesController.GetCliente (FortalezaServer)'
2021-01-25 19:27:28.070 -03:00 [INF] Route matched with {action = "GetCliente", controller = "Clientes"}. Executing controller action with signature System.Threading.Tasks.Task`1[Microsoft.AspNetCore.Mvc.ActionResult`1[System.Collections.Generic.IEnumerable`1[FortalezaServer.Models.Cliente]]] GetCliente() on controller FortalezaServer.Controllers.ClientesController (FortalezaServer).
2021-01-25 19:27:28.078 -03:00 [INF] Entity Framework Core 3.1.10 initialized 'fortalezaitdbContext' using provider 'MySql.Data.EntityFrameworkCore' with options: None
2021-01-25 19:27:28.121 -03:00 [INF] Executed DbCommand (1ms) [Parameters=[], CommandType='"Text"', CommandTimeout='30']
SELECT `c`.`idcliente`, `c`.`celular`, `c`.`cpf`, `c`.`email`, `c`.`idendereco`, `c`.`nome`, `c`.`telefone`, `e`.`idendereco`, `e`.`bairro`, `e`.`cep`, `e`.`complemento`, `e`.`descricao`, `e`.`logradouro`, `e`.`municipio`, `e`.`numero`, `e`.`tipo`, `e`.`UF`
FROM `cliente` AS `c`
LEFT JOIN `endereco` AS `e` ON `c`.`idendereco` = `e`.`idendereco`
2021-01-25 19:27:28.155 -03:00 [INF] Executing ObjectResult, writing value of type 'System.Collections.Generic.List`1[[FortalezaServer.Models.Cliente, FortalezaServer, Version=1.0.0.0, Culture=neutral, PublicKeyToken=null]]'.
2021-01-25 19:27:28.177 -03:00 [INF] Executed action FortalezaServer.Controllers.ClientesController.GetCliente (FortalezaServer) in 101.1289ms
2021-01-25 19:27:28.178 -03:00 [INF] Executed endpoint 'FortalezaServer.Controllers.ClientesController.GetCliente (FortalezaServer)'
2021-01-25 19:27:28.180 -03:00 [INF] Request finished in 130.5317ms 200 application/json; charset=utf-8
2021-01-25 19:27:29.529 -03:00 [INF] Request starting HTTP/1.1 GET http://localhost:8000/api/clientes/1  
2021-01-25 19:27:29.532 -03:00 [INF] Executing endpoint 'FortalezaServer.Controllers.ClientesController.GetCliente (FortalezaServer)'
2021-01-25 19:27:29.538 -03:00 [INF] Route matched with {action = "GetCliente", controller = "Clientes"}. Executing controller action with signature System.Threading.Tasks.Task`1[Microsoft.AspNetCore.Mvc.ActionResult`1[FortalezaServer.Models.Cliente]] GetCliente(System.String, Boolean, Boolean) on controller FortalezaServer.Controllers.ClientesController (FortalezaServer).
2021-01-25 19:27:29.547 -03:00 [INF] Entity Framework Core 3.1.10 initialized 'fortalezaitdbContext' using provider 'MySql.Data.EntityFrameworkCore' with options: None
2021-01-25 19:27:29.562 -03:00 [INF] Executed DbCommand (1ms) [Parameters=[@__p_0='?' (DbType = Int32)], CommandType='"Text"', CommandTimeout='30']
SELECT `c`.`idcliente`, `c`.`celular`, `c`.`cpf`, `c`.`email`, `c`.`idendereco`, `c`.`nome`, `c`.`telefone`
FROM `cliente` AS `c`
WHERE `c`.`idcliente` = @__p_0
LIMIT 1
2021-01-25 19:27:29.600 -03:00 [INF] Executed DbCommand (0ms) [Parameters=[@__p_0='?' (DbType = Int32)], CommandType='"Text"', CommandTimeout='30']
SELECT `e`.`idendereco`, `e`.`bairro`, `e`.`cep`, `e`.`complemento`, `e`.`descricao`, `e`.`logradouro`, `e`.`municipio`, `e`.`numero`, `e`.`tipo`, `e`.`UF`
FROM `endereco` AS `e`
WHERE `e`.`idendereco` = @__p_0
2021-01-25 19:27:29.607 -03:00 [INF] Executing ObjectResult, writing value of type 'FortalezaServer.Models.Cliente'.
2021-01-25 19:27:29.609 -03:00 [INF] Executed action FortalezaServer.Controllers.ClientesController.GetCliente (FortalezaServer) in 67.1271ms
2021-01-25 19:27:29.612 -03:00 [INF] Executed endpoint 'FortalezaServer.Controllers.ClientesController.GetCliente (FortalezaServer)'
2021-01-25 19:27:29.614 -03:00 [INF] Request finished in 84.7823ms 200 application/json; charset=utf-8
2021-01-25 19:27:36.552 -03:00 [INF] Request starting HTTP/1.1 GET http://localhost:8000/api/pdvs/1  
2021-01-25 19:27:36.554 -03:00 [INF] Executing endpoint 'FortalezaServer.Controllers.PdvsController.GetPdv (FortalezaServer)'
2021-01-25 19:27:36.564 -03:00 [INF] Route matched with {action = "GetPdv", controller = "Pdvs"}. Executing controller action with signature System.Threading.Tasks.Task`1[Microsoft.AspNetCore.Mvc.ActionResult`1[FortalezaServer.Models.Pdv]] GetPdv(Int32) on controller FortalezaServer.Controllers.PdvsController (FortalezaServer).
2021-01-25 19:27:36.570 -03:00 [INF] Entity Framework Core 3.1.10 initialized 'fortalezaitdbContext' using provider 'MySql.Data.EntityFrameworkCore' with options: None
2021-01-25 19:27:36.580 -03:00 [INF] Executed DbCommand (0ms) [Parameters=[@__p_0='?' (DbType = Int32)], CommandType='"Text"', CommandTimeout='30']
SELECT `p`.`idpdv`, `p`.`nome`
FROM `pdv` AS `p`
WHERE `p`.`idpdv` = @__p_0
LIMIT 1
2021-01-25 19:27:36.595 -03:00 [INF] Executing ObjectResult, writing value of type 'FortalezaServer.Models.Pdv'.
2021-01-25 19:27:36.608 -03:00 [INF] Executed action FortalezaServer.Controllers.PdvsController.GetPdv (FortalezaServer) in 41.1129ms
2021-01-25 19:27:36.610 -03:00 [INF] Executed endpoint 'FortalezaServer.Controllers.PdvsController.GetPdv (FortalezaServer)'
2021-01-25 19:27:36.612 -03:00 [INF] Request finished in 61.1022ms 200 application/json; charset=utf-8
2021-01-25 19:27:36.707 -03:00 [INF] Request starting HTTP/1.1 GET http://localhost:8000/api/formapagamentos  
2021-01-25 19:27:36.708 -03:00 [INF] Executing endpoint 'FortalezaServer.Controllers.FormaPagamentosController.GetFormaPagamento (FortalezaServer)'
2021-01-25 19:27:36.712 -03:00 [INF] Route matched with {action = "GetFormaPagamento", controller = "FormaPagamentos"}. Executing controller action with signature System.Threading.Tasks.Task`1[Microsoft.AspNetCore.Mvc.ActionResult`1[System.Collections.Generic.IEnumerable`1[FortalezaServer.Models.FormaPagamento]]] GetFormaPagamento() on controller FortalezaServer.Controllers.FormaPagamentosController (FortalezaServer).
2021-01-25 19:27:36.720 -03:00 [INF] Entity Framework Core 3.1.10 initialized 'fortalezaitdbContext' using provider 'MySql.Data.EntityFrameworkCore' with options: None
2021-01-25 19:27:36.725 -03:00 [INF] Executed DbCommand (0ms) [Parameters=[], CommandType='"Text"', CommandTimeout='30']
SELECT `f`.`idforma_pagamento`, `f`.`bandeira`, `f`.`debitar_cliente`, `f`.`debito`, `f`.`gerar_contas_receber`, `f`.`nome`, `f`.`ordem`
FROM `forma_pagamento` AS `f`
2021-01-25 19:27:36.735 -03:00 [INF] Executing ObjectResult, writing value of type 'System.Collections.Generic.List`1[[FortalezaServer.Models.FormaPagamento, FortalezaServer, Version=1.0.0.0, Culture=neutral, PublicKeyToken=null]]'.
2021-01-25 19:27:36.741 -03:00 [INF] Executed action FortalezaServer.Controllers.FormaPagamentosController.GetFormaPagamento (FortalezaServer) in 22.6824ms
2021-01-25 19:27:36.743 -03:00 [INF] Executed endpoint 'FortalezaServer.Controllers.FormaPagamentosController.GetFormaPagamento (FortalezaServer)'
2021-01-25 19:27:36.745 -03:00 [INF] Request finished in 37.6783ms 200 application/json; charset=utf-8
2021-01-25 19:27:41.179 -03:00 [INF] Request starting HTTP/1.1 GET http://localhost:8000/api/caixas/actions/aberto?idnomeCaixa=1  
2021-01-25 19:27:41.180 -03:00 [INF] Executing endpoint 'FortalezaServer.Controllers.CaixasController.GetCaixaAberto (FortalezaServer)'
2021-01-25 19:27:41.186 -03:00 [INF] Route matched with {action = "GetCaixaAberto", controller = "Caixas"}. Executing controller action with signature System.Threading.Tasks.Task`1[Microsoft.AspNetCore.Mvc.ActionResult`1[FortalezaServer.Models.Caixa]] GetCaixaAberto(Int32, Boolean) on controller FortalezaServer.Controllers.CaixasController (FortalezaServer).
2021-01-25 19:27:41.193 -03:00 [INF] Entity Framework Core 3.1.10 initialized 'fortalezaitdbContext' using provider 'MySql.Data.EntityFrameworkCore' with options: None
2021-01-25 19:27:41.216 -03:00 [INF] Executed DbCommand (1ms) [Parameters=[@__idnomeCaixa_0='?' (DbType = Int32)], CommandType='"Text"', CommandTimeout='30']
SELECT `c`.`idcaixa`, `c`.`aberto`, `c`.`idnome_caixa`, `n`.`idnome_caixa`, `n`.`nome`, `a`.`idcaixa`, `a`.`hora`, `a`.`idpdv`, `a`.`idusuario`, `p`.`idpdv`, `p`.`nome`, `u`.`idusuario`, `u`.`cpf`, `u`.`idendereco`, `u`.`login`, `u`.`nome`, `u`.`senha`, `u`.`telefone1`, `u`.`telefone2`
FROM `caixa` AS `c`
INNER JOIN `nome_caixa` AS `n` ON `c`.`idnome_caixa` = `n`.`idnome_caixa`
LEFT JOIN `abertura` AS `a` ON `c`.`idcaixa` = `a`.`idcaixa`
LEFT JOIN `pdv` AS `p` ON `a`.`idpdv` = `p`.`idpdv`
LEFT JOIN `usuario` AS `u` ON `a`.`idusuario` = `u`.`idusuario`
WHERE (`c`.`aberto` = 1) AND (`c`.`idnome_caixa` = @__idnomeCaixa_0)
LIMIT 1
2021-01-25 19:27:41.253 -03:00 [INF] Executing ObjectResult, writing value of type 'FortalezaServer.Models.Caixa'.
2021-01-25 19:27:41.264 -03:00 [INF] Executed action FortalezaServer.Controllers.CaixasController.GetCaixaAberto (FortalezaServer) in 74.8665ms
2021-01-25 19:27:41.266 -03:00 [INF] Executed endpoint 'FortalezaServer.Controllers.CaixasController.GetCaixaAberto (FortalezaServer)'
2021-01-25 19:27:41.267 -03:00 [INF] Request finished in 88.4798ms 200 application/json; charset=utf-8
2021-01-25 19:27:41.283 -03:00 [INF] Request starting HTTP/1.1 GET http://localhost:8000/api/pdvs/1  
2021-01-25 19:27:41.284 -03:00 [INF] Executing endpoint 'FortalezaServer.Controllers.PdvsController.GetPdv (FortalezaServer)'
2021-01-25 19:27:41.286 -03:00 [INF] Route matched with {action = "GetPdv", controller = "Pdvs"}. Executing controller action with signature System.Threading.Tasks.Task`1[Microsoft.AspNetCore.Mvc.ActionResult`1[FortalezaServer.Models.Pdv]] GetPdv(Int32) on controller FortalezaServer.Controllers.PdvsController (FortalezaServer).
2021-01-25 19:27:41.289 -03:00 [INF] Entity Framework Core 3.1.10 initialized 'fortalezaitdbContext' using provider 'MySql.Data.EntityFrameworkCore' with options: None
2021-01-25 19:27:41.299 -03:00 [INF] Executed DbCommand (1ms) [Parameters=[@__p_0='?' (DbType = Int32)], CommandType='"Text"', CommandTimeout='30']
SELECT `p`.`idpdv`, `p`.`nome`
FROM `pdv` AS `p`
WHERE `p`.`idpdv` = @__p_0
LIMIT 1
2021-01-25 19:27:41.304 -03:00 [INF] Executing ObjectResult, writing value of type 'FortalezaServer.Models.Pdv'.
2021-01-25 19:27:41.305 -03:00 [INF] Executed action FortalezaServer.Controllers.PdvsController.GetPdv (FortalezaServer) in 16.475ms
2021-01-25 19:27:41.307 -03:00 [INF] Executed endpoint 'FortalezaServer.Controllers.PdvsController.GetPdv (FortalezaServer)'
2021-01-25 19:27:41.308 -03:00 [INF] Request finished in 25.5434ms 200 application/json; charset=utf-8
2021-01-25 19:27:41.366 -03:00 [INF] Request starting HTTP/1.1 POST http://localhost:8000/api/movimentos application/json; charset=utf-8 1446
2021-01-25 19:27:41.367 -03:00 [INF] Executing endpoint 'FortalezaServer.Controllers.MovimentosController.PostMovimento (FortalezaServer)'
2021-01-25 19:27:41.372 -03:00 [INF] Route matched with {action = "PostMovimento", controller = "Movimentos"}. Executing controller action with signature System.Threading.Tasks.Task`1[Microsoft.AspNetCore.Mvc.ActionResult`1[FortalezaServer.Models.Movimento]] PostMovimento(FortalezaServer.Models.Movimento) on controller FortalezaServer.Controllers.MovimentosController (FortalezaServer).
2021-01-25 19:27:41.452 -03:00 [INF] Entity Framework Core 3.1.10 initialized 'fortalezaitdbContext' using provider 'MySql.Data.EntityFrameworkCore' with options: None
2021-01-25 19:27:41.565 -03:00 [INF] Executed DbCommand (4ms) [Parameters=[@p0='?' (Size = 255), @p1='?' (DbType = DateTime), @p2='?' (DbType = Int32), @p3='?' (DbType = Int32), @p4='?' (DbType = Int32), @p5='?' (DbType = Int32), @p6='?' (DbType = Int32), @p7='?' (DbType = Int32), @p8='?' (DbType = Decimal)], CommandType='"Text"', CommandTimeout='30']
INSERT INTO `movimento` (`descricao`, `hora_entrada`, `idbandeira`, `idcaixa`, `idforma_pagamento`, `idpdv`, `idusuario`, `tipo`, `valor`)
VALUES (@p0, @p1, @p2, @p3, @p4, @p5, @p6, @p7, @p8);
SELECT `idmovimento`
FROM `movimento`
WHERE ROW_COUNT() = 1
 AND `idmovimento`=LAST_INSERT_ID();
2021-01-25 19:27:41.603 -03:00 [INF] Executing ObjectResult, writing value of type 'FortalezaServer.Models.Movimento'.
2021-01-25 19:27:41.633 -03:00 [INF] Executed action FortalezaServer.Controllers.MovimentosController.PostMovimento (FortalezaServer) in 258.7265ms
2021-01-25 19:27:41.635 -03:00 [INF] Executed endpoint 'FortalezaServer.Controllers.MovimentosController.PostMovimento (FortalezaServer)'
2021-01-25 19:27:41.637 -03:00 [INF] Request finished in 271.337ms 201 application/json; charset=utf-8
2021-01-25 19:27:41.659 -03:00 [INF] Request starting HTTP/1.1 POST http://localhost:8000/api/clientes/1/movimento application/json; charset=utf-8 831
2021-01-25 19:27:41.660 -03:00 [INF] Executing endpoint 'FortalezaServer.Controllers.ClientesController.PostMovimento (FortalezaServer)'
2021-01-25 19:27:41.664 -03:00 [INF] Route matched with {action = "PostMovimento", controller = "Clientes"}. Executing controller action with signature System.Threading.Tasks.Task`1[Microsoft.AspNetCore.Mvc.IActionResult] PostMovimento(Int32, FortalezaServer.Models.Movimento) on controller FortalezaServer.Controllers.ClientesController (FortalezaServer).
2021-01-25 19:27:41.669 -03:00 [INF] Entity Framework Core 3.1.10 initialized 'fortalezaitdbContext' using provider 'MySql.Data.EntityFrameworkCore' with options: None
2021-01-25 19:27:41.672 -03:00 [INF] Executed DbCommand (0ms) [Parameters=[@__p_0='?' (DbType = Int32)], CommandType='"Text"', CommandTimeout='30']
SELECT `c`.`idcliente`, `c`.`celular`, `c`.`cpf`, `c`.`email`, `c`.`idendereco`, `c`.`nome`, `c`.`telefone`
FROM `cliente` AS `c`
WHERE `c`.`idcliente` = @__p_0
LIMIT 1
2021-01-25 19:28:21.034 -03:00 [INF] Executed action FortalezaServer.Controllers.ClientesController.PostMovimento (FortalezaServer) in 39367.6557ms
2021-01-25 19:28:21.040 -03:00 [INF] Executed endpoint 'FortalezaServer.Controllers.ClientesController.PostMovimento (FortalezaServer)'
2021-01-25 19:28:21.046 -03:00 [ERR] An unhandled exception has occurred while executing the request.
System.NullReferenceException: Object reference not set to an instance of an object.
   at FortalezaServer.Controllers.ClientesController.PostMovimento(Int32 id, Movimento movimento)
   at Microsoft.AspNetCore.Mvc.Infrastructure.ActionMethodExecutor.TaskOfIActionResultExecutor.Execute(IActionResultTypeMapper mapper, ObjectMethodExecutor executor, Object controller, Object[] arguments)
   at Microsoft.AspNetCore.Mvc.Infrastructure.ControllerActionInvoker.<InvokeActionMethodAsync>g__Awaited|12_0(ControllerActionInvoker invoker, ValueTask`1 actionResultValueTask)
   at Microsoft.AspNetCore.Mvc.Infrastructure.ControllerActionInvoker.<InvokeNextActionFilterAsync>g__Awaited|10_0(ControllerActionInvoker invoker, Task lastTask, State next, Scope scope, Object state, Boolean isCompleted)
   at Microsoft.AspNetCore.Mvc.Infrastructure.ControllerActionInvoker.Rethrow(ActionExecutedContextSealed context)
   at Microsoft.AspNetCore.Mvc.Infrastructure.ControllerActionInvoker.Next(State& next, Scope& scope, Object& state, Boolean& isCompleted)
   at Microsoft.AspNetCore.Mvc.Infrastructure.ControllerActionInvoker.InvokeInnerFilterAsync()
--- End of stack trace from previous location where exception was thrown ---
   at Microsoft.AspNetCore.Mvc.Infrastructure.ResourceInvoker.<InvokeFilterPipelineAsync>g__Awaited|19_0(ResourceInvoker invoker, Task lastTask, State next, Scope scope, Object state, Boolean isCompleted)
   at Microsoft.AspNetCore.Mvc.Infrastructure.ResourceInvoker.<InvokeAsync>g__Logged|17_1(ResourceInvoker invoker)
   at Microsoft.AspNetCore.Routing.EndpointMiddleware.<Invoke>g__AwaitRequestTask|6_0(Endpoint endpoint, Task requestTask, ILogger logger)
   at Microsoft.AspNetCore.Authorization.AuthorizationMiddleware.Invoke(HttpContext context)
   at Microsoft.AspNetCore.Diagnostics.DeveloperExceptionPageMiddleware.Invoke(HttpContext context)
2021-01-25 19:28:21.082 -03:00 [INF] Request finished in 39422.6986ms 500 text/plain
2021-01-25 19:28:31.101 -03:00 [INF] Request starting HTTP/1.1 GET http://localhost:8000/api/clientes/1  
2021-01-25 19:28:31.104 -03:00 [INF] Executing endpoint 'FortalezaServer.Controllers.ClientesController.GetCliente (FortalezaServer)'
2021-01-25 19:28:31.108 -03:00 [INF] Route matched with {action = "GetCliente", controller = "Clientes"}. Executing controller action with signature System.Threading.Tasks.Task`1[Microsoft.AspNetCore.Mvc.ActionResult`1[FortalezaServer.Models.Cliente]] GetCliente(System.String, Boolean, Boolean) on controller FortalezaServer.Controllers.ClientesController (FortalezaServer).
2021-01-25 19:28:31.118 -03:00 [INF] Entity Framework Core 3.1.10 initialized 'fortalezaitdbContext' using provider 'MySql.Data.EntityFrameworkCore' with options: None
2021-01-25 19:28:31.125 -03:00 [INF] Executed DbCommand (1ms) [Parameters=[@__p_0='?' (DbType = Int32)], CommandType='"Text"', CommandTimeout='30']
SELECT `c`.`idcliente`, `c`.`celular`, `c`.`cpf`, `c`.`email`, `c`.`idendereco`, `c`.`nome`, `c`.`telefone`
FROM `cliente` AS `c`
WHERE `c`.`idcliente` = @__p_0
LIMIT 1
2021-01-25 19:28:31.132 -03:00 [INF] Executed DbCommand (0ms) [Parameters=[@__p_0='?' (DbType = Int32)], CommandType='"Text"', CommandTimeout='30']
SELECT `e`.`idendereco`, `e`.`bairro`, `e`.`cep`, `e`.`complemento`, `e`.`descricao`, `e`.`logradouro`, `e`.`municipio`, `e`.`numero`, `e`.`tipo`, `e`.`UF`
FROM `endereco` AS `e`
WHERE `e`.`idendereco` = @__p_0
2021-01-25 19:28:31.137 -03:00 [INF] Executing ObjectResult, writing value of type 'FortalezaServer.Models.Cliente'.
2021-01-25 19:28:31.139 -03:00 [INF] Executed action FortalezaServer.Controllers.ClientesController.GetCliente (FortalezaServer) in 23.7463ms
2021-01-25 19:28:31.140 -03:00 [INF] Executed endpoint 'FortalezaServer.Controllers.ClientesController.GetCliente (FortalezaServer)'
2021-01-25 19:28:31.142 -03:00 [INF] Request finished in 40.4186ms 200 application/json; charset=utf-8
