2021-02-20 00:36:34.116 -03:00 [INF] Starting web host
2021-02-20 00:36:35.459 -03:00 [INF] Now listening on: http://[::]:8000
2021-02-20 00:36:35.464 -03:00 [INF] Application started. Press Ctrl+C to shut down.
2021-02-20 00:36:35.466 -03:00 [INF] Hosting environment: Development
2021-02-20 00:36:35.468 -03:00 [INF] Content root path: C:\Users\felip\source\repos\FortalezaServer
2021-02-20 00:36:39.915 -03:00 [INF] Request starting HTTP/1.1 GET http://localhost:8000/api/status  
2021-02-20 00:36:39.954 -03:00 [INF] Executing endpoint 'FortalezaServer.Controllers.IndexController.GetStatus (FortalezaServer)'
2021-02-20 00:36:39.991 -03:00 [INF] Route matched with {action = "GetStatus", controller = "Index"}. Executing controller action with signature System.Threading.Tasks.Task`1[Microsoft.AspNetCore.Mvc.ActionResult`1[FortalezaServer.Controllers.IndexController+Status]] GetStatus() on controller FortalezaServer.Controllers.IndexController (FortalezaServer).
2021-02-20 00:36:40.819 -03:00 [INF] Entity Framework Core 3.1.10 initialized 'fortalezaitdbContext' using provider 'MySql.Data.EntityFrameworkCore' with options: None
2021-02-20 00:36:41.156 -03:00 [INF] Executing ObjectResult, writing value of type 'FortalezaServer.Controllers.IndexController+Status'.
2021-02-20 00:36:41.268 -03:00 [INF] Executed action FortalezaServer.Controllers.IndexController.GetStatus (FortalezaServer) in 1271.8999ms
2021-02-20 00:36:41.273 -03:00 [INF] Executed endpoint 'FortalezaServer.Controllers.IndexController.GetStatus (FortalezaServer)'
2021-02-20 00:36:41.277 -03:00 [INF] Request finished in 1364.5053ms 200 application/json; charset=utf-8
2021-02-20 00:36:54.724 -03:00 [INF] Request starting HTTP/1.1 GET http://localhost:8000/api  
2021-02-20 00:36:54.727 -03:00 [INF] Executing endpoint 'FortalezaServer.Controllers.IndexController.Get (FortalezaServer)'
2021-02-20 00:36:54.731 -03:00 [INF] Route matched with {action = "Get", controller = "Index"}. Executing controller action with signature System.String Get() on controller FortalezaServer.Controllers.IndexController (FortalezaServer).
2021-02-20 00:36:54.736 -03:00 [INF] Executing ObjectResult, writing value of type 'System.String'.
2021-02-20 00:36:54.739 -03:00 [INF] Executed action FortalezaServer.Controllers.IndexController.Get (FortalezaServer) in 4.5467ms
2021-02-20 00:36:54.741 -03:00 [INF] Executed endpoint 'FortalezaServer.Controllers.IndexController.Get (FortalezaServer)'
2021-02-20 00:36:54.742 -03:00 [INF] Request finished in 18.5422ms 200 text/plain; charset=utf-8
2021-02-20 00:36:54.779 -03:00 [INF] Request starting HTTP/1.1 GET http://localhost:8000/api  
2021-02-20 00:36:54.780 -03:00 [INF] Executing endpoint 'FortalezaServer.Controllers.IndexController.Get (FortalezaServer)'
2021-02-20 00:36:54.782 -03:00 [INF] Route matched with {action = "Get", controller = "Index"}. Executing controller action with signature System.String Get() on controller FortalezaServer.Controllers.IndexController (FortalezaServer).
2021-02-20 00:36:54.789 -03:00 [INF] Executing ObjectResult, writing value of type 'System.String'.
2021-02-20 00:36:54.790 -03:00 [INF] Executed action FortalezaServer.Controllers.IndexController.Get (FortalezaServer) in 3.8572ms
2021-02-20 00:36:54.792 -03:00 [INF] Executed endpoint 'FortalezaServer.Controllers.IndexController.Get (FortalezaServer)'
2021-02-20 00:36:54.796 -03:00 [INF] Request finished in 17.119ms 200 text/plain; charset=utf-8
2021-02-20 00:36:54.901 -03:00 [INF] Request starting HTTP/1.1 GET http://localhost:8000/api/vendas/actions/aberta  
2021-02-20 00:36:54.905 -03:00 [INF] Executing endpoint 'FortalezaServer.Controllers.VendasController.GetVendaAberta (FortalezaServer)'
2021-02-20 00:36:54.919 -03:00 [INF] Route matched with {action = "GetVendaAberta", controller = "Vendas"}. Executing controller action with signature System.Threading.Tasks.Task`1[Microsoft.AspNetCore.Mvc.ActionResult`1[System.Int32]] GetVendaAberta(Int32) on controller FortalezaServer.Controllers.VendasController (FortalezaServer).
2021-02-20 00:36:54.942 -03:00 [INF] Entity Framework Core 3.1.10 initialized 'fortalezaitdbContext' using provider 'MySql.Data.EntityFrameworkCore' with options: None
2021-02-20 00:36:55.061 -03:00 [INF] Request starting HTTP/1.1 GET http://localhost:8000/api/grupos  
2021-02-20 00:36:55.067 -03:00 [INF] Executing endpoint 'FortalezaServer.Controllers.GruposController.GetGrupo (FortalezaServer)'
2021-02-20 00:36:55.072 -03:00 [INF] Route matched with {action = "GetGrupo", controller = "Grupos"}. Executing controller action with signature System.Threading.Tasks.Task`1[Microsoft.AspNetCore.Mvc.ActionResult`1[System.Collections.Generic.IEnumerable`1[FortalezaServer.Models.Grupo]]] GetGrupo() on controller FortalezaServer.Controllers.GruposController (FortalezaServer).
2021-02-20 00:36:55.111 -03:00 [INF] Entity Framework Core 3.1.10 initialized 'fortalezaitdbContext' using provider 'MySql.Data.EntityFrameworkCore' with options: None
2021-02-20 00:36:55.229 -03:00 [INF] Executed DbCommand (2ms) [Parameters=[], CommandType='"Text"', CommandTimeout='30']
SELECT `g`.`idgrupo`, `g`.`descricao`, `g`.`nome`, `g`.`visivel`
FROM `grupo` AS `g`
2021-02-20 00:36:55.229 -03:00 [INF] Executed DbCommand (5ms) [Parameters=[@__tipo_0='?' (DbType = Int32)], CommandType='"Text"', CommandTimeout='30']
SELECT `v`.`idvenda`, `v`.`aberta`, `v`.`acrescimo`, `v`.`desconto`, `v`.`descricao`, `v`.`hora_entrada`, `v`.`hora_fechamento`, `v`.`idcaixa`, `v`.`idcliente`, `v`.`idpdv`, `v`.`idresponsavel`, `v`.`numero_venda`, `v`.`paga`, `v`.`tipo`, `v`.`valor_pago`
FROM `venda` AS `v`
WHERE (`v`.`aberta` = 1) & (`v`.`tipo` = @__tipo_0)
LIMIT 1
2021-02-20 00:36:55.244 -03:00 [INF] Executing ObjectResult, writing value of type 'System.Int32'.
2021-02-20 00:36:55.246 -03:00 [INF] Executed action FortalezaServer.Controllers.VendasController.GetVendaAberta (FortalezaServer) in 324.2817ms
2021-02-20 00:36:55.249 -03:00 [INF] Executed endpoint 'FortalezaServer.Controllers.VendasController.GetVendaAberta (FortalezaServer)'
2021-02-20 00:36:55.251 -03:00 [INF] Request finished in 349.3976ms 200 application/json; charset=utf-8
2021-02-20 00:36:55.284 -03:00 [INF] Executing ObjectResult, writing value of type 'System.Collections.Generic.List`1[[FortalezaServer.Models.Grupo, FortalezaServer, Version=1.0.0.0, Culture=neutral, PublicKeyToken=null]]'.
2021-02-20 00:36:55.298 -03:00 [INF] Executed action FortalezaServer.Controllers.GruposController.GetGrupo (FortalezaServer) in 221.6209ms
2021-02-20 00:36:55.300 -03:00 [INF] Executed endpoint 'FortalezaServer.Controllers.GruposController.GetGrupo (FortalezaServer)'
2021-02-20 00:36:55.302 -03:00 [INF] Request finished in 240.7456ms 200 application/json; charset=utf-8
2021-02-20 00:36:55.321 -03:00 [INF] Request starting HTTP/1.1 GET http://localhost:8000/api/items  
2021-02-20 00:36:55.322 -03:00 [INF] Executing endpoint 'FortalezaServer.Controllers.ItemsController.GetItem (FortalezaServer)'
2021-02-20 00:36:55.327 -03:00 [INF] Route matched with {action = "GetItem", controller = "Items"}. Executing controller action with signature System.Threading.Tasks.Task`1[Microsoft.AspNetCore.Mvc.ActionResult`1[System.Collections.Generic.IEnumerable`1[FortalezaServer.Models.Item]]] GetItem(Boolean, Boolean, Boolean, System.String) on controller FortalezaServer.Controllers.ItemsController (FortalezaServer).
2021-02-20 00:36:55.336 -03:00 [INF] Entity Framework Core 3.1.10 initialized 'fortalezaitdbContext' using provider 'MySql.Data.EntityFrameworkCore' with options: None
2021-02-20 00:36:55.345 -03:00 [INF] Executed DbCommand (1ms) [Parameters=[], CommandType='"Text"', CommandTimeout='30']
SELECT `i`.`iditem`, `i`.`atacado`, `i`.`codigo_barras`, `i`.`descricao`, `i`.`disponivel`, `i`.`estoque`, `i`.`estoque_minimo`, `i`.`imagem`, `i`.`permite_combo`, `i`.`quantidade_atacado`, `i`.`tipo`, `i`.`unidade`, `i`.`unidade_inteira`, `i`.`valor`, `i`.`valor_atacado`, `i`.`visivel`
FROM `item` AS `i`
WHERE `i`.`visivel` = 1
2021-02-20 00:36:55.380 -03:00 [INF] Executing ObjectResult, writing value of type 'System.Collections.Generic.List`1[[FortalezaServer.Models.Item, FortalezaServer, Version=1.0.0.0, Culture=neutral, PublicKeyToken=null]]'.
2021-02-20 00:36:55.408 -03:00 [INF] Executed action FortalezaServer.Controllers.ItemsController.GetItem (FortalezaServer) in 77.9941ms
2021-02-20 00:36:55.409 -03:00 [INF] Executed endpoint 'FortalezaServer.Controllers.ItemsController.GetItem (FortalezaServer)'
2021-02-20 00:36:55.412 -03:00 [INF] Request finished in 91.6336ms 200 application/json; charset=utf-8
2021-02-20 00:36:57.608 -03:00 [INF] Request starting HTTP/1.1 GET http://localhost:8000/api/clientes  
2021-02-20 00:36:57.610 -03:00 [INF] Executing endpoint 'FortalezaServer.Controllers.ClientesController.GetCliente (FortalezaServer)'
2021-02-20 00:36:57.621 -03:00 [INF] Route matched with {action = "GetCliente", controller = "Clientes"}. Executing controller action with signature System.Threading.Tasks.Task`1[Microsoft.AspNetCore.Mvc.ActionResult`1[System.Collections.Generic.IEnumerable`1[FortalezaServer.Models.Cliente]]] GetCliente(System.String) on controller FortalezaServer.Controllers.ClientesController (FortalezaServer).
2021-02-20 00:36:57.631 -03:00 [INF] Entity Framework Core 3.1.10 initialized 'fortalezaitdbContext' using provider 'MySql.Data.EntityFrameworkCore' with options: None
2021-02-20 00:36:57.683 -03:00 [INF] Executed DbCommand (1ms) [Parameters=[], CommandType='"Text"', CommandTimeout='30']
SELECT `c`.`idcliente`, `c`.`celular`, `c`.`cpf`, `c`.`email`, `c`.`idendereco`, `c`.`nome`, `c`.`rg`, `c`.`telefone`, `e`.`idendereco`, `e`.`bairro`, `e`.`cep`, `e`.`complemento`, `e`.`descricao`, `e`.`logradouro`, `e`.`municipio`, `e`.`numero`, `e`.`tipo`, `e`.`UF`
FROM `cliente` AS `c`
LEFT JOIN `endereco` AS `e` ON `c`.`idendereco` = `e`.`idendereco`
2021-02-20 00:36:57.713 -03:00 [INF] Executing ObjectResult, writing value of type 'System.Collections.Generic.List`1[[FortalezaServer.Models.Cliente, FortalezaServer, Version=1.0.0.0, Culture=neutral, PublicKeyToken=null]]'.
2021-02-20 00:36:57.733 -03:00 [INF] Executed action FortalezaServer.Controllers.ClientesController.GetCliente (FortalezaServer) in 106.0432ms
2021-02-20 00:36:57.734 -03:00 [INF] Executed endpoint 'FortalezaServer.Controllers.ClientesController.GetCliente (FortalezaServer)'
2021-02-20 00:36:57.736 -03:00 [INF] Request finished in 128.2018ms 200 application/json; charset=utf-8
2021-02-20 00:36:59.308 -03:00 [INF] Request starting HTTP/1.1 GET http://localhost:8000/api/clientes/1?movimentos=true  
2021-02-20 00:36:59.310 -03:00 [INF] Executing endpoint 'FortalezaServer.Controllers.ClientesController.GetCliente (FortalezaServer)'
2021-02-20 00:36:59.318 -03:00 [INF] Route matched with {action = "GetCliente", controller = "Clientes"}. Executing controller action with signature System.Threading.Tasks.Task`1[Microsoft.AspNetCore.Mvc.ActionResult`1[FortalezaServer.Models.Cliente]] GetCliente(System.String, Boolean, Boolean) on controller FortalezaServer.Controllers.ClientesController (FortalezaServer).
2021-02-20 00:36:59.327 -03:00 [INF] Entity Framework Core 3.1.10 initialized 'fortalezaitdbContext' using provider 'MySql.Data.EntityFrameworkCore' with options: None
2021-02-20 00:36:59.380 -03:00 [INF] Executed DbCommand (2ms) [Parameters=[@___id_0='?' (DbType = Int32)], CommandType='"Text"', CommandTimeout='30']
SELECT `t`.`idcliente`, `t`.`celular`, `t`.`cpf`, `t`.`email`, `t`.`idendereco`, `t`.`nome`, `t`.`rg`, `t`.`telefone`, `t`.`idendereco0`, `t`.`bairro`, `t`.`cep`, `t`.`complemento`, `t`.`descricao`, `t`.`logradouro`, `t`.`municipio`, `t`.`numero`, `t`.`tipo`, `t`.`UF`, `t0`.`idcliente`, `t0`.`idmovimento`, `t0`.`idmovimento0`, `t0`.`descricao`, `t0`.`hora_entrada`, `t0`.`idbandeira`, `t0`.`idcaixa`, `t0`.`idforma_pagamento`, `t0`.`idpdv`, `t0`.`idusuario`, `t0`.`tipo`, `t0`.`valor`
FROM (
    SELECT `c`.`idcliente`, `c`.`celular`, `c`.`cpf`, `c`.`email`, `c`.`idendereco`, `c`.`nome`, `c`.`rg`, `c`.`telefone`, `e`.`idendereco` AS `idendereco0`, `e`.`bairro`, `e`.`cep`, `e`.`complemento`, `e`.`descricao`, `e`.`logradouro`, `e`.`municipio`, `e`.`numero`, `e`.`tipo`, `e`.`UF`
    FROM `cliente` AS `c`
    LEFT JOIN `endereco` AS `e` ON `c`.`idendereco` = `e`.`idendereco`
    WHERE `c`.`idcliente` = @___id_0
    LIMIT 1
) AS `t`
LEFT JOIN (
    SELECT `c0`.`idcliente`, `c0`.`idmovimento`, `m`.`idmovimento` AS `idmovimento0`, `m`.`descricao`, `m`.`hora_entrada`, `m`.`idbandeira`, `m`.`idcaixa`, `m`.`idforma_pagamento`, `m`.`idpdv`, `m`.`idusuario`, `m`.`tipo`, `m`.`valor`
    FROM `cliente_has_movimento` AS `c0`
    INNER JOIN `movimento` AS `m` ON `c0`.`idmovimento` = `m`.`idmovimento`
) AS `t0` ON `t`.`idcliente` = `t0`.`idcliente`
ORDER BY `t`.`idcliente`, `t0`.`idcliente`, `t0`.`idmovimento`, `t0`.`idmovimento0`
2021-02-20 00:36:59.393 -03:00 [INF] Executing ObjectResult, writing value of type 'FortalezaServer.Models.Cliente'.
2021-02-20 00:36:59.395 -03:00 [INF] Executed action FortalezaServer.Controllers.ClientesController.GetCliente (FortalezaServer) in 74.0476ms
2021-02-20 00:36:59.398 -03:00 [INF] Executed endpoint 'FortalezaServer.Controllers.ClientesController.GetCliente (FortalezaServer)'
2021-02-20 00:36:59.400 -03:00 [INF] Request finished in 91.7682ms 200 application/json; charset=utf-8
2021-02-20 00:37:02.534 -03:00 [INF] Request starting HTTP/1.1 GET http://localhost:8000/api/pdvs/1  
2021-02-20 00:37:02.535 -03:00 [INF] Executing endpoint 'FortalezaServer.Controllers.PdvsController.GetPdv (FortalezaServer)'
2021-02-20 00:37:02.543 -03:00 [INF] Route matched with {action = "GetPdv", controller = "Pdvs"}. Executing controller action with signature System.Threading.Tasks.Task`1[Microsoft.AspNetCore.Mvc.ActionResult`1[FortalezaServer.Models.Pdv]] GetPdv(Int32) on controller FortalezaServer.Controllers.PdvsController (FortalezaServer).
2021-02-20 00:37:02.553 -03:00 [INF] Entity Framework Core 3.1.10 initialized 'fortalezaitdbContext' using provider 'MySql.Data.EntityFrameworkCore' with options: None
2021-02-20 00:37:02.569 -03:00 [INF] Executed DbCommand (1ms) [Parameters=[@__p_0='?' (DbType = Int32)], CommandType='"Text"', CommandTimeout='30']
SELECT `p`.`idpdv`, `p`.`nome`
FROM `pdv` AS `p`
WHERE `p`.`idpdv` = @__p_0
LIMIT 1
2021-02-20 00:37:02.585 -03:00 [INF] Executing ObjectResult, writing value of type 'FortalezaServer.Models.Pdv'.
2021-02-20 00:37:02.609 -03:00 [INF] Executed action FortalezaServer.Controllers.PdvsController.GetPdv (FortalezaServer) in 60.978ms
2021-02-20 00:37:02.611 -03:00 [INF] Executed endpoint 'FortalezaServer.Controllers.PdvsController.GetPdv (FortalezaServer)'
2021-02-20 00:37:02.612 -03:00 [INF] Request finished in 78.9305ms 200 application/json; charset=utf-8
2021-02-20 00:37:02.672 -03:00 [INF] Request starting HTTP/1.1 GET http://localhost:8000/api/formapagamentos  
2021-02-20 00:37:02.673 -03:00 [INF] Executing endpoint 'FortalezaServer.Controllers.FormaPagamentosController.GetFormaPagamento (FortalezaServer)'
2021-02-20 00:37:02.680 -03:00 [INF] Route matched with {action = "GetFormaPagamento", controller = "FormaPagamentos"}. Executing controller action with signature System.Threading.Tasks.Task`1[Microsoft.AspNetCore.Mvc.ActionResult`1[System.Collections.Generic.IEnumerable`1[FortalezaServer.Models.FormaPagamento]]] GetFormaPagamento() on controller FortalezaServer.Controllers.FormaPagamentosController (FortalezaServer).
2021-02-20 00:37:02.684 -03:00 [INF] Entity Framework Core 3.1.10 initialized 'fortalezaitdbContext' using provider 'MySql.Data.EntityFrameworkCore' with options: None
2021-02-20 00:37:02.695 -03:00 [INF] Executed DbCommand (0ms) [Parameters=[], CommandType='"Text"', CommandTimeout='30']
SELECT `f`.`idforma_pagamento`, `f`.`bandeira`, `f`.`debitar_cliente`, `f`.`debito`, `f`.`gerar_contas_receber`, `f`.`nome`, `f`.`ordem`
FROM `forma_pagamento` AS `f`
ORDER BY `f`.`ordem`
2021-02-20 00:37:02.704 -03:00 [INF] Executing ObjectResult, writing value of type 'System.Collections.Generic.List`1[[FortalezaServer.Models.FormaPagamento, FortalezaServer, Version=1.0.0.0, Culture=neutral, PublicKeyToken=null]]'.
2021-02-20 00:37:02.709 -03:00 [INF] Executed action FortalezaServer.Controllers.FormaPagamentosController.GetFormaPagamento (FortalezaServer) in 26.1883ms
2021-02-20 00:37:02.710 -03:00 [INF] Executed endpoint 'FortalezaServer.Controllers.FormaPagamentosController.GetFormaPagamento (FortalezaServer)'
2021-02-20 00:37:02.712 -03:00 [INF] Request finished in 39.4794ms 200 application/json; charset=utf-8
2021-02-20 00:37:04.472 -03:00 [INF] Request starting HTTP/1.1 GET http://localhost:8000/api/bandeiras  
2021-02-20 00:37:04.479 -03:00 [INF] Executing endpoint 'FortalezaServer.Controllers.BandeirasController.GetBandeira (FortalezaServer)'
2021-02-20 00:37:04.496 -03:00 [INF] Route matched with {action = "GetBandeira", controller = "Bandeiras"}. Executing controller action with signature System.Threading.Tasks.Task`1[Microsoft.AspNetCore.Mvc.ActionResult`1[System.Collections.Generic.IEnumerable`1[FortalezaServer.Models.Bandeira]]] GetBandeira() on controller FortalezaServer.Controllers.BandeirasController (FortalezaServer).
2021-02-20 00:37:04.512 -03:00 [INF] Entity Framework Core 3.1.10 initialized 'fortalezaitdbContext' using provider 'MySql.Data.EntityFrameworkCore' with options: None
2021-02-20 00:37:04.534 -03:00 [INF] Executed DbCommand (1ms) [Parameters=[], CommandType='"Text"', CommandTimeout='30']
SELECT `b`.`idbandeira`, `b`.`nome`, `b`.`ordem`, `b`.`prazo1`, `b`.`prazo2`, `b`.`taxa1`, `b`.`taxa2`
FROM `bandeira` AS `b`
ORDER BY `b`.`ordem`
2021-02-20 00:37:04.547 -03:00 [INF] Executing ObjectResult, writing value of type 'System.Collections.Generic.List`1[[FortalezaServer.Models.Bandeira, FortalezaServer, Version=1.0.0.0, Culture=neutral, PublicKeyToken=null]]'.
2021-02-20 00:37:04.554 -03:00 [INF] Executed action FortalezaServer.Controllers.BandeirasController.GetBandeira (FortalezaServer) in 45.8734ms
2021-02-20 00:37:04.556 -03:00 [INF] Executed endpoint 'FortalezaServer.Controllers.BandeirasController.GetBandeira (FortalezaServer)'
2021-02-20 00:37:04.558 -03:00 [INF] Request finished in 87.0004ms 200 application/json; charset=utf-8
2021-02-20 00:37:09.240 -03:00 [INF] Request starting HTTP/1.1 POST http://localhost:8000/api/clientes/1/movimento application/json; charset=utf-8 948
2021-02-20 00:37:09.242 -03:00 [INF] Executing endpoint 'FortalezaServer.Controllers.ClientesController.PostMovimento (FortalezaServer)'
2021-02-20 00:37:09.247 -03:00 [INF] Route matched with {action = "PostMovimento", controller = "Clientes"}. Executing controller action with signature System.Threading.Tasks.Task`1[Microsoft.AspNetCore.Mvc.IActionResult] PostMovimento(Int32, FortalezaServer.Models.Movimento) on controller FortalezaServer.Controllers.ClientesController (FortalezaServer).
2021-02-20 00:37:09.327 -03:00 [INF] Entity Framework Core 3.1.10 initialized 'fortalezaitdbContext' using provider 'MySql.Data.EntityFrameworkCore' with options: None
2021-02-20 00:37:09.335 -03:00 [INF] Executed DbCommand (1ms) [Parameters=[@__p_0='?' (DbType = Int32)], CommandType='"Text"', CommandTimeout='30']
SELECT `c`.`idcliente`, `c`.`celular`, `c`.`cpf`, `c`.`email`, `c`.`idendereco`, `c`.`nome`, `c`.`rg`, `c`.`telefone`
FROM `cliente` AS `c`
WHERE `c`.`idcliente` = @__p_0
LIMIT 1
2021-02-20 00:37:09.482 -03:00 [INF] Executed DbCommand (4ms) [Parameters=[@p0='?' (Size = 255), @p1='?' (DbType = DateTime), @p2='?' (DbType = Int32), @p3='?' (DbType = Int32), @p4='?' (DbType = Int32), @p5='?' (DbType = Int32), @p6='?' (DbType = Int32), @p7='?' (DbType = Int32), @p8='?' (DbType = Decimal)], CommandType='"Text"', CommandTimeout='30']
INSERT INTO `movimento` (`descricao`, `hora_entrada`, `idbandeira`, `idcaixa`, `idforma_pagamento`, `idpdv`, `idusuario`, `tipo`, `valor`)
VALUES (@p0, @p1, @p2, @p3, @p4, @p5, @p6, @p7, @p8);
SELECT `idmovimento`
FROM `movimento`
WHERE ROW_COUNT() = 1
 AND `idmovimento`=LAST_INSERT_ID();
2021-02-20 00:37:09.503 -03:00 [INF] Executed DbCommand (0ms) [Parameters=[@p9='?' (DbType = Int32), @p10='?' (DbType = Int32)], CommandType='"Text"', CommandTimeout='30']
INSERT INTO `cliente_has_movimento` (`idcliente`, `idmovimento`)
VALUES (@p9, @p10);
2021-02-20 00:37:09.524 -03:00 [INF] Executing HttpStatusCodeResult, setting HTTP status code 204
2021-02-20 00:37:09.525 -03:00 [INF] Executed action FortalezaServer.Controllers.ClientesController.PostMovimento (FortalezaServer) in 275.6319ms
2021-02-20 00:37:09.526 -03:00 [INF] Executed endpoint 'FortalezaServer.Controllers.ClientesController.PostMovimento (FortalezaServer)'
2021-02-20 00:37:09.528 -03:00 [INF] Request finished in 287.6249ms 204 
2021-02-20 00:37:09.536 -03:00 [INF] Request starting HTTP/1.1 GET http://localhost:8000/api/clientes/1?movimentos=true  
2021-02-20 00:37:09.537 -03:00 [INF] Executing endpoint 'FortalezaServer.Controllers.ClientesController.GetCliente (FortalezaServer)'
2021-02-20 00:37:09.539 -03:00 [INF] Route matched with {action = "GetCliente", controller = "Clientes"}. Executing controller action with signature System.Threading.Tasks.Task`1[Microsoft.AspNetCore.Mvc.ActionResult`1[FortalezaServer.Models.Cliente]] GetCliente(System.String, Boolean, Boolean) on controller FortalezaServer.Controllers.ClientesController (FortalezaServer).
2021-02-20 00:37:09.550 -03:00 [INF] Entity Framework Core 3.1.10 initialized 'fortalezaitdbContext' using provider 'MySql.Data.EntityFrameworkCore' with options: None
2021-02-20 00:37:09.559 -03:00 [INF] Executed DbCommand (1ms) [Parameters=[@___id_0='?' (DbType = Int32)], CommandType='"Text"', CommandTimeout='30']
SELECT `t`.`idcliente`, `t`.`celular`, `t`.`cpf`, `t`.`email`, `t`.`idendereco`, `t`.`nome`, `t`.`rg`, `t`.`telefone`, `t`.`idendereco0`, `t`.`bairro`, `t`.`cep`, `t`.`complemento`, `t`.`descricao`, `t`.`logradouro`, `t`.`municipio`, `t`.`numero`, `t`.`tipo`, `t`.`UF`, `t0`.`idcliente`, `t0`.`idmovimento`, `t0`.`idmovimento0`, `t0`.`descricao`, `t0`.`hora_entrada`, `t0`.`idbandeira`, `t0`.`idcaixa`, `t0`.`idforma_pagamento`, `t0`.`idpdv`, `t0`.`idusuario`, `t0`.`tipo`, `t0`.`valor`
FROM (
    SELECT `c`.`idcliente`, `c`.`celular`, `c`.`cpf`, `c`.`email`, `c`.`idendereco`, `c`.`nome`, `c`.`rg`, `c`.`telefone`, `e`.`idendereco` AS `idendereco0`, `e`.`bairro`, `e`.`cep`, `e`.`complemento`, `e`.`descricao`, `e`.`logradouro`, `e`.`municipio`, `e`.`numero`, `e`.`tipo`, `e`.`UF`
    FROM `cliente` AS `c`
    LEFT JOIN `endereco` AS `e` ON `c`.`idendereco` = `e`.`idendereco`
    WHERE `c`.`idcliente` = @___id_0
    LIMIT 1
) AS `t`
LEFT JOIN (
    SELECT `c0`.`idcliente`, `c0`.`idmovimento`, `m`.`idmovimento` AS `idmovimento0`, `m`.`descricao`, `m`.`hora_entrada`, `m`.`idbandeira`, `m`.`idcaixa`, `m`.`idforma_pagamento`, `m`.`idpdv`, `m`.`idusuario`, `m`.`tipo`, `m`.`valor`
    FROM `cliente_has_movimento` AS `c0`
    INNER JOIN `movimento` AS `m` ON `c0`.`idmovimento` = `m`.`idmovimento`
) AS `t0` ON `t`.`idcliente` = `t0`.`idcliente`
ORDER BY `t`.`idcliente`, `t0`.`idcliente`, `t0`.`idmovimento`, `t0`.`idmovimento0`
2021-02-20 00:37:09.570 -03:00 [INF] Executing ObjectResult, writing value of type 'FortalezaServer.Models.Cliente'.
2021-02-20 00:37:09.575 -03:00 [INF] Executed action FortalezaServer.Controllers.ClientesController.GetCliente (FortalezaServer) in 26.5282ms
2021-02-20 00:37:09.578 -03:00 [INF] Executed endpoint 'FortalezaServer.Controllers.ClientesController.GetCliente (FortalezaServer)'
2021-02-20 00:37:09.579 -03:00 [INF] Request finished in 43.8411ms 200 application/json; charset=utf-8
