2021-05-20 14:53:41.045 -03:00 [INF] Starting web host
2021-05-20 14:53:42.207 -03:00 [INF] Now listening on: http://[::]:8000
2021-05-20 14:53:42.212 -03:00 [INF] Application started. Press Ctrl+C to shut down.
2021-05-20 14:53:42.213 -03:00 [INF] Hosting environment: Development
2021-05-20 14:53:42.214 -03:00 [INF] Content root path: C:\Users\felip\source\repos\FortalezaServer
2021-05-20 14:53:47.675 -03:00 [INF] Request starting HTTP/1.1 GET http://localhost:8000/api/items/14?grupos=true&tipo=true&estoqueatual=true  
2021-05-20 14:53:47.711 -03:00 [INF] Executing endpoint 'FortalezaServer.Controllers.ItemsController.GetItem (FortalezaServer)'
2021-05-20 14:53:47.749 -03:00 [INF] Route matched with {action = "GetItem", controller = "Items"}. Executing controller action with signature System.Threading.Tasks.Task`1[Microsoft.AspNetCore.Mvc.ActionResult`1[FortalezaServer.Models.Item]] GetItem(Int32, Boolean, Boolean, Boolean, Boolean) on controller FortalezaServer.Controllers.ItemsController (FortalezaServer).
2021-05-20 14:53:48.491 -03:00 [INF] Entity Framework Core 3.1.10 initialized 'fortalezaitdbContext' using provider 'MySql.Data.EntityFrameworkCore' with options: None
2021-05-20 14:53:48.999 -03:00 [INF] Executed DbCommand (5ms) [Parameters=[@__p_0='?' (DbType = Int32)], CommandType='"Text"', CommandTimeout='30']
SELECT `i`.`iditem`, `i`.`atacado`, `i`.`codigo_barras`, `i`.`descricao`, `i`.`disponivel`, `i`.`estoque`, `i`.`estoque_minimo`, `i`.`imagem`, `i`.`permite_combo`, `i`.`quantidade_atacado`, `i`.`tipo`, `i`.`unidade`, `i`.`unidade_inteira`, `i`.`valor`, `i`.`valor_atacado`, `i`.`visivel`
FROM `item` AS `i`
WHERE `i`.`iditem` = @__p_0
LIMIT 1
2021-05-20 14:53:49.105 -03:00 [INF] Executed DbCommand (0ms) [Parameters=[@__p_0='?' (DbType = Int32)], CommandType='"Text"', CommandTimeout='30']
SELECT `f`.`iditem`, `f`.`aliquota_icms`, `f`.`cest`, `f`.`cfop`, `f`.`cst_icms`, `f`.`ncm`, `f`.`origem`
FROM `fiscal` AS `f`
WHERE `f`.`iditem` = @__p_0
2021-05-20 14:53:49.148 -03:00 [INF] Executed DbCommand (1ms) [Parameters=[@__p_0='?' (DbType = Int32)], CommandType='"Text"', CommandTimeout='30']
SELECT `i`.`iditem`, `i`.`idgrupo`, `g`.`idgrupo`, `g`.`descricao`, `g`.`nome`, `g`.`visivel`
FROM `item_has_grupo` AS `i`
INNER JOIN `grupo` AS `g` ON `i`.`idgrupo` = `g`.`idgrupo`
WHERE `i`.`iditem` = @__p_0
2021-05-20 14:53:49.185 -03:00 [INF] Executed DbCommand (1ms) [Parameters=[@__p_0='?' (DbType = Int32)], CommandType='"Text"', CommandTimeout='30']
SELECT `i`.`iditem`, `i`.`idestoque`, `e`.`idestoque`, `e`.`custo`, `e`.`disponivel`, `e`.`hora_entrada`, `e`.`nota_fiscal`, `e`.`observacao`, `e`.`origem_venda`, `e`.`quantidade`, `e`.`quantidade_disponivel`, `e`.`saida`
FROM `item_has_estoque` AS `i`
INNER JOIN `estoque` AS `e` ON `i`.`idestoque` = `e`.`idestoque`
WHERE (`i`.`iditem` = @__p_0) AND (`e`.`disponivel` = 1)
ORDER BY `e`.`hora_entrada`
2021-05-20 14:53:49.204 -03:00 [INF] Executing ObjectResult, writing value of type 'FortalezaServer.Models.Item'.
2021-05-20 14:53:49.345 -03:00 [INF] Executed action FortalezaServer.Controllers.ItemsController.GetItem (FortalezaServer) in 1590.1707ms
2021-05-20 14:53:49.347 -03:00 [INF] Executed endpoint 'FortalezaServer.Controllers.ItemsController.GetItem (FortalezaServer)'
2021-05-20 14:53:49.352 -03:00 [INF] Request finished in 1679.2606ms 200 application/json; charset=utf-8
2021-05-20 14:53:58.451 -03:00 [INF] Request starting HTTP/1.1 GET http://localhost:8000/api/items?visibleOnly=false  
2021-05-20 14:53:58.456 -03:00 [INF] Executing endpoint 'FortalezaServer.Controllers.ItemsController.GetItem (FortalezaServer)'
2021-05-20 14:53:58.468 -03:00 [INF] Route matched with {action = "GetItem", controller = "Items"}. Executing controller action with signature System.Threading.Tasks.Task`1[Microsoft.AspNetCore.Mvc.ActionResult`1[System.Collections.Generic.IEnumerable`1[FortalezaServer.Models.Item]]] GetItem(Boolean, Boolean, Boolean, System.String) on controller FortalezaServer.Controllers.ItemsController (FortalezaServer).
2021-05-20 14:53:58.506 -03:00 [INF] Entity Framework Core 3.1.10 initialized 'fortalezaitdbContext' using provider 'MySql.Data.EntityFrameworkCore' with options: None
2021-05-20 14:53:58.515 -03:00 [INF] Executed DbCommand (1ms) [Parameters=[], CommandType='"Text"', CommandTimeout='30']
SELECT `i`.`iditem`, `i`.`atacado`, `i`.`codigo_barras`, `i`.`descricao`, `i`.`disponivel`, `i`.`estoque`, `i`.`estoque_minimo`, `i`.`imagem`, `i`.`permite_combo`, `i`.`quantidade_atacado`, `i`.`tipo`, `i`.`unidade`, `i`.`unidade_inteira`, `i`.`valor`, `i`.`valor_atacado`, `i`.`visivel`
FROM `item` AS `i`
WHERE `i`.`visivel` = 1
2021-05-20 14:53:58.522 -03:00 [INF] Executing ObjectResult, writing value of type 'System.Collections.Generic.List`1[[FortalezaServer.Models.Item, FortalezaServer, Version=1.0.0.0, Culture=neutral, PublicKeyToken=null]]'.
2021-05-20 14:53:58.529 -03:00 [INF] Executed action FortalezaServer.Controllers.ItemsController.GetItem (FortalezaServer) in 54.5395ms
2021-05-20 14:53:58.530 -03:00 [INF] Executed endpoint 'FortalezaServer.Controllers.ItemsController.GetItem (FortalezaServer)'
2021-05-20 14:53:58.532 -03:00 [INF] Request finished in 81.6515ms 200 application/json; charset=utf-8
2021-05-20 14:53:59.378 -03:00 [INF] Request starting HTTP/1.1 GET http://localhost:8000/api  
2021-05-20 14:53:59.380 -03:00 [INF] Executing endpoint 'FortalezaServer.Controllers.IndexController.Get (FortalezaServer)'
2021-05-20 14:53:59.384 -03:00 [INF] Route matched with {action = "Get", controller = "Index"}. Executing controller action with signature System.String Get() on controller FortalezaServer.Controllers.IndexController (FortalezaServer).
2021-05-20 14:53:59.388 -03:00 [INF] Executing ObjectResult, writing value of type 'System.String'.
2021-05-20 14:53:59.390 -03:00 [INF] Executed action FortalezaServer.Controllers.IndexController.Get (FortalezaServer) in 4.2699ms
2021-05-20 14:53:59.392 -03:00 [INF] Executed endpoint 'FortalezaServer.Controllers.IndexController.Get (FortalezaServer)'
2021-05-20 14:53:59.395 -03:00 [INF] Request finished in 16.911ms 200 text/plain; charset=utf-8
2021-05-20 14:53:59.408 -03:00 [INF] Request starting HTTP/1.1 GET http://localhost:8000/api/vendas/actions/aberta  
2021-05-20 14:53:59.409 -03:00 [INF] Executing endpoint 'FortalezaServer.Controllers.VendasController.GetVendaAberta (FortalezaServer)'
2021-05-20 14:53:59.413 -03:00 [INF] Route matched with {action = "GetVendaAberta", controller = "Vendas"}. Executing controller action with signature System.Threading.Tasks.Task`1[Microsoft.AspNetCore.Mvc.ActionResult`1[System.Int32]] GetVendaAberta(Int32) on controller FortalezaServer.Controllers.VendasController (FortalezaServer).
2021-05-20 14:53:59.423 -03:00 [INF] Entity Framework Core 3.1.10 initialized 'fortalezaitdbContext' using provider 'MySql.Data.EntityFrameworkCore' with options: None
2021-05-20 14:53:59.436 -03:00 [INF] Executed DbCommand (1ms) [Parameters=[@__tipo_0='?' (DbType = Int32)], CommandType='"Text"', CommandTimeout='30']
SELECT `v`.`idvenda`, `v`.`aberta`, `v`.`acrescimo`, `v`.`desconto`, `v`.`descricao`, `v`.`hora_entrada`, `v`.`hora_fechamento`, `v`.`idcaixa`, `v`.`idcliente`, `v`.`idpdv`, `v`.`idresponsavel`, `v`.`numero_venda`, `v`.`paga`, `v`.`tipo`, `v`.`valor_pago`
FROM `venda` AS `v`
WHERE (`v`.`aberta` = 1) & (`v`.`tipo` = @__tipo_0)
LIMIT 1
2021-05-20 14:53:59.439 -03:00 [INF] Request starting HTTP/1.1 GET http://localhost:8000/api/grupos  
2021-05-20 14:53:59.446 -03:00 [INF] Executing ObjectResult, writing value of type 'System.Int32'.
2021-05-20 14:53:59.446 -03:00 [INF] Executing endpoint 'FortalezaServer.Controllers.GruposController.GetGrupo (FortalezaServer)'
2021-05-20 14:53:59.448 -03:00 [INF] Executed action FortalezaServer.Controllers.VendasController.GetVendaAberta (FortalezaServer) in 32.5013ms
2021-05-20 14:53:59.451 -03:00 [INF] Executed endpoint 'FortalezaServer.Controllers.VendasController.GetVendaAberta (FortalezaServer)'
2021-05-20 14:53:59.452 -03:00 [INF] Route matched with {action = "GetGrupo", controller = "Grupos"}. Executing controller action with signature System.Threading.Tasks.Task`1[Microsoft.AspNetCore.Mvc.ActionResult`1[System.Collections.Generic.IEnumerable`1[FortalezaServer.Models.Grupo]]] GetGrupo() on controller FortalezaServer.Controllers.GruposController (FortalezaServer).
2021-05-20 14:53:59.452 -03:00 [INF] Request finished in 44.4089ms 200 application/json; charset=utf-8
2021-05-20 14:53:59.473 -03:00 [INF] Entity Framework Core 3.1.10 initialized 'fortalezaitdbContext' using provider 'MySql.Data.EntityFrameworkCore' with options: None
2021-05-20 14:53:59.479 -03:00 [INF] Executed DbCommand (0ms) [Parameters=[], CommandType='"Text"', CommandTimeout='30']
SELECT `g`.`idgrupo`, `g`.`descricao`, `g`.`nome`, `g`.`visivel`
FROM `grupo` AS `g`
2021-05-20 14:53:59.484 -03:00 [INF] Executing ObjectResult, writing value of type 'System.Collections.Generic.List`1[[FortalezaServer.Models.Grupo, FortalezaServer, Version=1.0.0.0, Culture=neutral, PublicKeyToken=null]]'.
2021-05-20 14:53:59.487 -03:00 [INF] Executed action FortalezaServer.Controllers.GruposController.GetGrupo (FortalezaServer) in 18.4661ms
2021-05-20 14:53:59.489 -03:00 [INF] Executed endpoint 'FortalezaServer.Controllers.GruposController.GetGrupo (FortalezaServer)'
2021-05-20 14:53:59.491 -03:00 [INF] Request starting HTTP/1.1 GET http://localhost:8000/api/items  
2021-05-20 14:53:59.494 -03:00 [INF] Request finished in 54.4235ms 200 application/json; charset=utf-8
2021-05-20 14:53:59.495 -03:00 [INF] Executing endpoint 'FortalezaServer.Controllers.ItemsController.GetItem (FortalezaServer)'
2021-05-20 14:53:59.504 -03:00 [INF] Route matched with {action = "GetItem", controller = "Items"}. Executing controller action with signature System.Threading.Tasks.Task`1[Microsoft.AspNetCore.Mvc.ActionResult`1[System.Collections.Generic.IEnumerable`1[FortalezaServer.Models.Item]]] GetItem(Boolean, Boolean, Boolean, System.String) on controller FortalezaServer.Controllers.ItemsController (FortalezaServer).
2021-05-20 14:53:59.526 -03:00 [INF] Entity Framework Core 3.1.10 initialized 'fortalezaitdbContext' using provider 'MySql.Data.EntityFrameworkCore' with options: None
2021-05-20 14:53:59.536 -03:00 [INF] Executed DbCommand (0ms) [Parameters=[], CommandType='"Text"', CommandTimeout='30']
SELECT `i`.`iditem`, `i`.`atacado`, `i`.`codigo_barras`, `i`.`descricao`, `i`.`disponivel`, `i`.`estoque`, `i`.`estoque_minimo`, `i`.`imagem`, `i`.`permite_combo`, `i`.`quantidade_atacado`, `i`.`tipo`, `i`.`unidade`, `i`.`unidade_inteira`, `i`.`valor`, `i`.`valor_atacado`, `i`.`visivel`
FROM `item` AS `i`
WHERE `i`.`visivel` = 1
2021-05-20 14:53:59.545 -03:00 [INF] Executing ObjectResult, writing value of type 'System.Collections.Generic.List`1[[FortalezaServer.Models.Item, FortalezaServer, Version=1.0.0.0, Culture=neutral, PublicKeyToken=null]]'.
2021-05-20 14:53:59.547 -03:00 [INF] Executed action FortalezaServer.Controllers.ItemsController.GetItem (FortalezaServer) in 21.7473ms
2021-05-20 14:53:59.549 -03:00 [INF] Executed endpoint 'FortalezaServer.Controllers.ItemsController.GetItem (FortalezaServer)'
2021-05-20 14:53:59.550 -03:00 [INF] Request finished in 59.4357ms 200 application/json; charset=utf-8
2021-05-20 14:54:03.000 -03:00 [INF] Request starting HTTP/1.1 GET http://localhost:8000/api/items?visibleOnly=false  
2021-05-20 14:54:03.003 -03:00 [INF] Executing endpoint 'FortalezaServer.Controllers.ItemsController.GetItem (FortalezaServer)'
2021-05-20 14:54:03.007 -03:00 [INF] Route matched with {action = "GetItem", controller = "Items"}. Executing controller action with signature System.Threading.Tasks.Task`1[Microsoft.AspNetCore.Mvc.ActionResult`1[System.Collections.Generic.IEnumerable`1[FortalezaServer.Models.Item]]] GetItem(Boolean, Boolean, Boolean, System.String) on controller FortalezaServer.Controllers.ItemsController (FortalezaServer).
2021-05-20 14:54:03.013 -03:00 [INF] Entity Framework Core 3.1.10 initialized 'fortalezaitdbContext' using provider 'MySql.Data.EntityFrameworkCore' with options: None
2021-05-20 14:54:03.016 -03:00 [INF] Executed DbCommand (1ms) [Parameters=[], CommandType='"Text"', CommandTimeout='30']
SELECT `i`.`iditem`, `i`.`atacado`, `i`.`codigo_barras`, `i`.`descricao`, `i`.`disponivel`, `i`.`estoque`, `i`.`estoque_minimo`, `i`.`imagem`, `i`.`permite_combo`, `i`.`quantidade_atacado`, `i`.`tipo`, `i`.`unidade`, `i`.`unidade_inteira`, `i`.`valor`, `i`.`valor_atacado`, `i`.`visivel`
FROM `item` AS `i`
WHERE `i`.`visivel` = 1
2021-05-20 14:54:03.027 -03:00 [INF] Executing ObjectResult, writing value of type 'System.Collections.Generic.List`1[[FortalezaServer.Models.Item, FortalezaServer, Version=1.0.0.0, Culture=neutral, PublicKeyToken=null]]'.
2021-05-20 14:54:03.034 -03:00 [INF] Executed action FortalezaServer.Controllers.ItemsController.GetItem (FortalezaServer) in 22.6032ms
2021-05-20 14:54:03.036 -03:00 [INF] Executed endpoint 'FortalezaServer.Controllers.ItemsController.GetItem (FortalezaServer)'
2021-05-20 14:54:03.040 -03:00 [INF] Request finished in 40.1879ms 200 application/json; charset=utf-8
2021-05-20 14:54:04.857 -03:00 [INF] Request starting HTTP/1.1 GET http://localhost:8000/api/items/14?grupos=true&tipo=true&estoqueatual=true  
2021-05-20 14:54:04.859 -03:00 [INF] Executing endpoint 'FortalezaServer.Controllers.ItemsController.GetItem (FortalezaServer)'
2021-05-20 14:54:04.861 -03:00 [INF] Route matched with {action = "GetItem", controller = "Items"}. Executing controller action with signature System.Threading.Tasks.Task`1[Microsoft.AspNetCore.Mvc.ActionResult`1[FortalezaServer.Models.Item]] GetItem(Int32, Boolean, Boolean, Boolean, Boolean) on controller FortalezaServer.Controllers.ItemsController (FortalezaServer).
2021-05-20 14:54:04.867 -03:00 [INF] Entity Framework Core 3.1.10 initialized 'fortalezaitdbContext' using provider 'MySql.Data.EntityFrameworkCore' with options: None
2021-05-20 14:54:04.872 -03:00 [INF] Executed DbCommand (1ms) [Parameters=[@__p_0='?' (DbType = Int32)], CommandType='"Text"', CommandTimeout='30']
SELECT `i`.`iditem`, `i`.`atacado`, `i`.`codigo_barras`, `i`.`descricao`, `i`.`disponivel`, `i`.`estoque`, `i`.`estoque_minimo`, `i`.`imagem`, `i`.`permite_combo`, `i`.`quantidade_atacado`, `i`.`tipo`, `i`.`unidade`, `i`.`unidade_inteira`, `i`.`valor`, `i`.`valor_atacado`, `i`.`visivel`
FROM `item` AS `i`
WHERE `i`.`iditem` = @__p_0
LIMIT 1
2021-05-20 14:54:04.879 -03:00 [INF] Executed DbCommand (0ms) [Parameters=[@__p_0='?' (DbType = Int32)], CommandType='"Text"', CommandTimeout='30']
SELECT `f`.`iditem`, `f`.`aliquota_icms`, `f`.`cest`, `f`.`cfop`, `f`.`cst_icms`, `f`.`ncm`, `f`.`origem`
FROM `fiscal` AS `f`
WHERE `f`.`iditem` = @__p_0
2021-05-20 14:54:04.885 -03:00 [INF] Executed DbCommand (0ms) [Parameters=[@__p_0='?' (DbType = Int32)], CommandType='"Text"', CommandTimeout='30']
SELECT `i`.`iditem`, `i`.`idgrupo`, `g`.`idgrupo`, `g`.`descricao`, `g`.`nome`, `g`.`visivel`
FROM `item_has_grupo` AS `i`
INNER JOIN `grupo` AS `g` ON `i`.`idgrupo` = `g`.`idgrupo`
WHERE `i`.`iditem` = @__p_0
2021-05-20 14:54:04.894 -03:00 [INF] Executed DbCommand (0ms) [Parameters=[@__p_0='?' (DbType = Int32)], CommandType='"Text"', CommandTimeout='30']
SELECT `i`.`iditem`, `i`.`idestoque`, `e`.`idestoque`, `e`.`custo`, `e`.`disponivel`, `e`.`hora_entrada`, `e`.`nota_fiscal`, `e`.`observacao`, `e`.`origem_venda`, `e`.`quantidade`, `e`.`quantidade_disponivel`, `e`.`saida`
FROM `item_has_estoque` AS `i`
INNER JOIN `estoque` AS `e` ON `i`.`idestoque` = `e`.`idestoque`
WHERE (`i`.`iditem` = @__p_0) AND (`e`.`disponivel` = 1)
ORDER BY `e`.`hora_entrada`
2021-05-20 14:54:04.899 -03:00 [INF] Executing ObjectResult, writing value of type 'FortalezaServer.Models.Item'.
2021-05-20 14:54:04.901 -03:00 [INF] Executed action FortalezaServer.Controllers.ItemsController.GetItem (FortalezaServer) in 36.8966ms
2021-05-20 14:54:04.903 -03:00 [INF] Executed endpoint 'FortalezaServer.Controllers.ItemsController.GetItem (FortalezaServer)'
2021-05-20 14:54:04.904 -03:00 [INF] Request finished in 47.062ms 200 application/json; charset=utf-8
2021-05-20 14:54:08.482 -03:00 [INF] Request starting HTTP/1.1 PUT http://localhost:8000/api/items/14 application/json; charset=utf-8 1191
2021-05-20 14:54:08.483 -03:00 [INF] Executing endpoint 'FortalezaServer.Controllers.ItemsController.PutItem (FortalezaServer)'
2021-05-20 14:54:08.492 -03:00 [INF] Route matched with {action = "PutItem", controller = "Items"}. Executing controller action with signature System.Threading.Tasks.Task`1[Microsoft.AspNetCore.Mvc.IActionResult] PutItem(Int32, FortalezaServer.Models.Item) on controller FortalezaServer.Controllers.ItemsController (FortalezaServer).
2021-05-20 14:54:08.584 -03:00 [INF] Entity Framework Core 3.1.10 initialized 'fortalezaitdbContext' using provider 'MySql.Data.EntityFrameworkCore' with options: None
2021-05-20 14:54:08.588 -03:00 [INF] Executed DbCommand (1ms) [Parameters=[@__p_0='?' (DbType = Int32)], CommandType='"Text"', CommandTimeout='30']
SELECT `i`.`iditem`, `i`.`atacado`, `i`.`codigo_barras`, `i`.`descricao`, `i`.`disponivel`, `i`.`estoque`, `i`.`estoque_minimo`, `i`.`imagem`, `i`.`permite_combo`, `i`.`quantidade_atacado`, `i`.`tipo`, `i`.`unidade`, `i`.`unidade_inteira`, `i`.`valor`, `i`.`valor_atacado`, `i`.`visivel`
FROM `item` AS `i`
WHERE `i`.`iditem` = @__p_0
LIMIT 1
2021-05-20 14:54:08.596 -03:00 [INF] Executed DbCommand (0ms) [Parameters=[@__p_0='?' (DbType = Int32)], CommandType='"Text"', CommandTimeout='30']
SELECT `i`.`iditem`, `i`.`idgrupo`
FROM `item_has_grupo` AS `i`
WHERE `i`.`iditem` = @__p_0
2021-05-20 14:54:08.672 -03:00 [INF] Executed DbCommand (3ms) [Parameters=[@p15='?' (DbType = Int32), @p0='?' (DbType = SByte), @p1='?' (Size = 255), @p2='?' (Size = 255), @p3='?' (DbType = SByte), @p4='?' (DbType = SByte), @p5='?' (DbType = AnsiString), @p6='?' (Size = 255), @p7='?' (DbType = SByte), @p8='?' (DbType = AnsiString), @p9='?' (DbType = Int32), @p10='?' (Size = 2), @p11='?' (DbType = SByte), @p12='?' (DbType = Decimal), @p13='?' (DbType = AnsiString), @p14='?' (DbType = SByte)], CommandType='"Text"', CommandTimeout='30']
UPDATE `item` SET `atacado` = @p0, `codigo_barras` = @p1, `descricao` = @p2, `disponivel` = @p3, `estoque` = @p4, `estoque_minimo` = @p5, `imagem` = @p6, `permite_combo` = @p7, `quantidade_atacado` = @p8, `tipo` = @p9, `unidade` = @p10, `unidade_inteira` = @p11, `valor` = @p12, `valor_atacado` = @p13, `visivel` = @p14
WHERE `iditem` = @p15;
SELECT ROW_COUNT();
2021-05-20 14:54:08.697 -03:00 [INF] Executing HttpStatusCodeResult, setting HTTP status code 204
2021-05-20 14:54:08.699 -03:00 [INF] Executed action FortalezaServer.Controllers.ItemsController.PutItem (FortalezaServer) in 204.3161ms
2021-05-20 14:54:08.701 -03:00 [INF] Executed endpoint 'FortalezaServer.Controllers.ItemsController.PutItem (FortalezaServer)'
2021-05-20 14:54:08.702 -03:00 [INF] Request finished in 220.788ms 204 
2021-05-20 14:54:08.707 -03:00 [INF] Request starting HTTP/1.1 GET http://localhost:8000/api/items?visibleOnly=false  
2021-05-20 14:54:08.710 -03:00 [INF] Executing endpoint 'FortalezaServer.Controllers.ItemsController.GetItem (FortalezaServer)'
2021-05-20 14:54:08.711 -03:00 [INF] Route matched with {action = "GetItem", controller = "Items"}. Executing controller action with signature System.Threading.Tasks.Task`1[Microsoft.AspNetCore.Mvc.ActionResult`1[System.Collections.Generic.IEnumerable`1[FortalezaServer.Models.Item]]] GetItem(Boolean, Boolean, Boolean, System.String) on controller FortalezaServer.Controllers.ItemsController (FortalezaServer).
2021-05-20 14:54:08.722 -03:00 [INF] Entity Framework Core 3.1.10 initialized 'fortalezaitdbContext' using provider 'MySql.Data.EntityFrameworkCore' with options: None
2021-05-20 14:54:08.727 -03:00 [INF] Executed DbCommand (1ms) [Parameters=[], CommandType='"Text"', CommandTimeout='30']
SELECT `i`.`iditem`, `i`.`atacado`, `i`.`codigo_barras`, `i`.`descricao`, `i`.`disponivel`, `i`.`estoque`, `i`.`estoque_minimo`, `i`.`imagem`, `i`.`permite_combo`, `i`.`quantidade_atacado`, `i`.`tipo`, `i`.`unidade`, `i`.`unidade_inteira`, `i`.`valor`, `i`.`valor_atacado`, `i`.`visivel`
FROM `item` AS `i`
WHERE `i`.`visivel` = 1
2021-05-20 14:54:08.735 -03:00 [INF] Executing ObjectResult, writing value of type 'System.Collections.Generic.List`1[[FortalezaServer.Models.Item, FortalezaServer, Version=1.0.0.0, Culture=neutral, PublicKeyToken=null]]'.
2021-05-20 14:54:08.738 -03:00 [INF] Executed action FortalezaServer.Controllers.ItemsController.GetItem (FortalezaServer) in 16.7725ms
2021-05-20 14:54:08.740 -03:00 [INF] Executed endpoint 'FortalezaServer.Controllers.ItemsController.GetItem (FortalezaServer)'
2021-05-20 14:54:08.742 -03:00 [INF] Request finished in 34.3562ms 200 application/json; charset=utf-8
2021-05-20 14:54:10.289 -03:00 [INF] Request starting HTTP/1.1 GET http://localhost:8000/api/items/14?grupos=true&tipo=true&estoqueatual=true  
2021-05-20 14:54:10.291 -03:00 [INF] Executing endpoint 'FortalezaServer.Controllers.ItemsController.GetItem (FortalezaServer)'
2021-05-20 14:54:10.295 -03:00 [INF] Route matched with {action = "GetItem", controller = "Items"}. Executing controller action with signature System.Threading.Tasks.Task`1[Microsoft.AspNetCore.Mvc.ActionResult`1[FortalezaServer.Models.Item]] GetItem(Int32, Boolean, Boolean, Boolean, Boolean) on controller FortalezaServer.Controllers.ItemsController (FortalezaServer).
2021-05-20 14:54:10.303 -03:00 [INF] Entity Framework Core 3.1.10 initialized 'fortalezaitdbContext' using provider 'MySql.Data.EntityFrameworkCore' with options: None
2021-05-20 14:54:10.311 -03:00 [INF] Executed DbCommand (2ms) [Parameters=[@__p_0='?' (DbType = Int32)], CommandType='"Text"', CommandTimeout='30']
SELECT `i`.`iditem`, `i`.`atacado`, `i`.`codigo_barras`, `i`.`descricao`, `i`.`disponivel`, `i`.`estoque`, `i`.`estoque_minimo`, `i`.`imagem`, `i`.`permite_combo`, `i`.`quantidade_atacado`, `i`.`tipo`, `i`.`unidade`, `i`.`unidade_inteira`, `i`.`valor`, `i`.`valor_atacado`, `i`.`visivel`
FROM `item` AS `i`
WHERE `i`.`iditem` = @__p_0
LIMIT 1
2021-05-20 14:54:10.322 -03:00 [INF] Executed DbCommand (0ms) [Parameters=[@__p_0='?' (DbType = Int32)], CommandType='"Text"', CommandTimeout='30']
SELECT `f`.`iditem`, `f`.`aliquota_icms`, `f`.`cest`, `f`.`cfop`, `f`.`cst_icms`, `f`.`ncm`, `f`.`origem`
FROM `fiscal` AS `f`
WHERE `f`.`iditem` = @__p_0
2021-05-20 14:54:10.327 -03:00 [INF] Executed DbCommand (0ms) [Parameters=[@__p_0='?' (DbType = Int32)], CommandType='"Text"', CommandTimeout='30']
SELECT `i`.`iditem`, `i`.`idgrupo`, `g`.`idgrupo`, `g`.`descricao`, `g`.`nome`, `g`.`visivel`
FROM `item_has_grupo` AS `i`
INNER JOIN `grupo` AS `g` ON `i`.`idgrupo` = `g`.`idgrupo`
WHERE `i`.`iditem` = @__p_0
2021-05-20 14:54:10.333 -03:00 [INF] Executed DbCommand (0ms) [Parameters=[@__p_0='?' (DbType = Int32)], CommandType='"Text"', CommandTimeout='30']
SELECT `i`.`iditem`, `i`.`idestoque`, `e`.`idestoque`, `e`.`custo`, `e`.`disponivel`, `e`.`hora_entrada`, `e`.`nota_fiscal`, `e`.`observacao`, `e`.`origem_venda`, `e`.`quantidade`, `e`.`quantidade_disponivel`, `e`.`saida`
FROM `item_has_estoque` AS `i`
INNER JOIN `estoque` AS `e` ON `i`.`idestoque` = `e`.`idestoque`
WHERE (`i`.`iditem` = @__p_0) AND (`e`.`disponivel` = 1)
ORDER BY `e`.`hora_entrada`
2021-05-20 14:54:10.339 -03:00 [INF] Executing ObjectResult, writing value of type 'FortalezaServer.Models.Item'.
2021-05-20 14:54:10.341 -03:00 [INF] Executed action FortalezaServer.Controllers.ItemsController.GetItem (FortalezaServer) in 40.8546ms
2021-05-20 14:54:10.344 -03:00 [INF] Executed endpoint 'FortalezaServer.Controllers.ItemsController.GetItem (FortalezaServer)'
2021-05-20 14:54:10.345 -03:00 [INF] Request finished in 56.0071ms 200 application/json; charset=utf-8
2021-05-20 14:54:40.190 -03:00 [INF] Request starting HTTP/1.1 GET http://localhost:8000/api/items?visibleOnly=false  
2021-05-20 14:54:40.192 -03:00 [INF] Executing endpoint 'FortalezaServer.Controllers.ItemsController.GetItem (FortalezaServer)'
2021-05-20 14:54:40.194 -03:00 [INF] Route matched with {action = "GetItem", controller = "Items"}. Executing controller action with signature System.Threading.Tasks.Task`1[Microsoft.AspNetCore.Mvc.ActionResult`1[System.Collections.Generic.IEnumerable`1[FortalezaServer.Models.Item]]] GetItem(Boolean, Boolean, Boolean, System.String) on controller FortalezaServer.Controllers.ItemsController (FortalezaServer).
2021-05-20 14:54:40.203 -03:00 [INF] Entity Framework Core 3.1.10 initialized 'fortalezaitdbContext' using provider 'MySql.Data.EntityFrameworkCore' with options: None
2021-05-20 14:54:40.213 -03:00 [INF] Executed DbCommand (1ms) [Parameters=[], CommandType='"Text"', CommandTimeout='30']
SELECT `i`.`iditem`, `i`.`atacado`, `i`.`codigo_barras`, `i`.`descricao`, `i`.`disponivel`, `i`.`estoque`, `i`.`estoque_minimo`, `i`.`imagem`, `i`.`permite_combo`, `i`.`quantidade_atacado`, `i`.`tipo`, `i`.`unidade`, `i`.`unidade_inteira`, `i`.`valor`, `i`.`valor_atacado`, `i`.`visivel`
FROM `item` AS `i`
WHERE `i`.`visivel` = 1
2021-05-20 14:54:40.218 -03:00 [INF] Executing ObjectResult, writing value of type 'System.Collections.Generic.List`1[[FortalezaServer.Models.Item, FortalezaServer, Version=1.0.0.0, Culture=neutral, PublicKeyToken=null]]'.
2021-05-20 14:54:40.222 -03:00 [INF] Executed action FortalezaServer.Controllers.ItemsController.GetItem (FortalezaServer) in 20.657ms
2021-05-20 14:54:40.224 -03:00 [INF] Executed endpoint 'FortalezaServer.Controllers.ItemsController.GetItem (FortalezaServer)'
2021-05-20 14:54:40.226 -03:00 [INF] Request finished in 36.6733ms 200 application/json; charset=utf-8
2021-05-20 14:55:09.261 -03:00 [INF] Request starting HTTP/1.1 GET http://localhost:8000/api/items  
2021-05-20 14:55:09.263 -03:00 [INF] Executing endpoint 'FortalezaServer.Controllers.ItemsController.GetItem (FortalezaServer)'
2021-05-20 14:55:09.265 -03:00 [INF] Route matched with {action = "GetItem", controller = "Items"}. Executing controller action with signature System.Threading.Tasks.Task`1[Microsoft.AspNetCore.Mvc.ActionResult`1[System.Collections.Generic.IEnumerable`1[FortalezaServer.Models.Item]]] GetItem(Boolean, Boolean, Boolean, System.String) on controller FortalezaServer.Controllers.ItemsController (FortalezaServer).
2021-05-20 14:55:09.271 -03:00 [INF] Entity Framework Core 3.1.10 initialized 'fortalezaitdbContext' using provider 'MySql.Data.EntityFrameworkCore' with options: None
2021-05-20 14:55:09.282 -03:00 [INF] Executed DbCommand (1ms) [Parameters=[], CommandType='"Text"', CommandTimeout='30']
SELECT `i`.`iditem`, `i`.`atacado`, `i`.`codigo_barras`, `i`.`descricao`, `i`.`disponivel`, `i`.`estoque`, `i`.`estoque_minimo`, `i`.`imagem`, `i`.`permite_combo`, `i`.`quantidade_atacado`, `i`.`tipo`, `i`.`unidade`, `i`.`unidade_inteira`, `i`.`valor`, `i`.`valor_atacado`, `i`.`visivel`
FROM `item` AS `i`
WHERE `i`.`visivel` = 1
2021-05-20 14:55:09.290 -03:00 [INF] Executing ObjectResult, writing value of type 'System.Collections.Generic.List`1[[FortalezaServer.Models.Item, FortalezaServer, Version=1.0.0.0, Culture=neutral, PublicKeyToken=null]]'.
2021-05-20 14:55:09.298 -03:00 [INF] Executed action FortalezaServer.Controllers.ItemsController.GetItem (FortalezaServer) in 28.7881ms
2021-05-20 14:55:09.299 -03:00 [INF] Executed endpoint 'FortalezaServer.Controllers.ItemsController.GetItem (FortalezaServer)'
2021-05-20 14:55:09.300 -03:00 [INF] Request finished in 42.6281ms 200 application/json; charset=utf-8
2021-05-20 14:55:30.737 -03:00 [INF] Request starting HTTP/1.1 POST http://localhost:8000/api/items application/json; charset=utf-8 956
2021-05-20 14:55:30.739 -03:00 [INF] Executing endpoint 'FortalezaServer.Controllers.ItemsController.PostItem (FortalezaServer)'
2021-05-20 14:55:30.744 -03:00 [INF] Route matched with {action = "PostItem", controller = "Items"}. Executing controller action with signature System.Threading.Tasks.Task`1[Microsoft.AspNetCore.Mvc.ActionResult`1[FortalezaServer.Models.Item]] PostItem(FortalezaServer.Models.Item) on controller FortalezaServer.Controllers.ItemsController (FortalezaServer).
2021-05-20 14:55:30.752 -03:00 [INF] Entity Framework Core 3.1.10 initialized 'fortalezaitdbContext' using provider 'MySql.Data.EntityFrameworkCore' with options: None
2021-05-20 14:55:30.785 -03:00 [INF] Executed DbCommand (1ms) [Parameters=[@p0='?' (DbType = SByte), @p1='?' (Size = 255), @p2='?' (Size = 255), @p3='?' (DbType = SByte), @p4='?' (DbType = SByte), @p5='?' (DbType = AnsiString), @p6='?' (Size = 255), @p7='?' (DbType = AnsiString), @p8='?' (DbType = Int32), @p9='?' (Size = 2), @p10='?' (DbType = Decimal), @p11='?' (DbType = AnsiString), @p12='?' (DbType = SByte)], CommandType='"Text"', CommandTimeout='30']
INSERT INTO `item` (`atacado`, `codigo_barras`, `descricao`, `disponivel`, `estoque`, `estoque_minimo`, `imagem`, `quantidade_atacado`, `tipo`, `unidade`, `valor`, `valor_atacado`, `visivel`)
VALUES (@p0, @p1, @p2, @p3, @p4, @p5, @p6, @p7, @p8, @p9, @p10, @p11, @p12);
SELECT `iditem`, `permite_combo`, `unidade_inteira`
FROM `item`
WHERE ROW_COUNT() = 1
 AND `iditem`=LAST_INSERT_ID();
2021-05-20 14:55:30.810 -03:00 [INF] Executed DbCommand (0ms) [Parameters=[@p13='?' (DbType = Int32), @p14='?' (DbType = Int32), @p15='?' (DbType = SByte), @p16='?' (DbType = Decimal)], CommandType='"Text"', CommandTimeout='30']
INSERT INTO `pacote` (`iditem`, `iditem_produto`, `padrao`, `quantidade`)
VALUES (@p13, @p14, @p15, @p16);
2021-05-20 14:55:30.818 -03:00 [INF] Executing ObjectResult, writing value of type 'FortalezaServer.Models.Item'.
2021-05-20 14:55:30.846 -03:00 [INF] Executed action FortalezaServer.Controllers.ItemsController.PostItem (FortalezaServer) in 99.1047ms
2021-05-20 14:55:30.848 -03:00 [INF] Executed endpoint 'FortalezaServer.Controllers.ItemsController.PostItem (FortalezaServer)'
2021-05-20 14:55:30.849 -03:00 [INF] Request finished in 114.4299ms 201 application/json; charset=utf-8
2021-05-20 14:55:30.855 -03:00 [INF] Request starting HTTP/1.1 GET http://localhost:8000/api/items?visibleOnly=false  
2021-05-20 14:55:30.858 -03:00 [INF] Executing endpoint 'FortalezaServer.Controllers.ItemsController.GetItem (FortalezaServer)'
2021-05-20 14:55:30.860 -03:00 [INF] Route matched with {action = "GetItem", controller = "Items"}. Executing controller action with signature System.Threading.Tasks.Task`1[Microsoft.AspNetCore.Mvc.ActionResult`1[System.Collections.Generic.IEnumerable`1[FortalezaServer.Models.Item]]] GetItem(Boolean, Boolean, Boolean, System.String) on controller FortalezaServer.Controllers.ItemsController (FortalezaServer).
2021-05-20 14:55:30.869 -03:00 [INF] Entity Framework Core 3.1.10 initialized 'fortalezaitdbContext' using provider 'MySql.Data.EntityFrameworkCore' with options: None
2021-05-20 14:55:30.874 -03:00 [INF] Executed DbCommand (0ms) [Parameters=[], CommandType='"Text"', CommandTimeout='30']
SELECT `i`.`iditem`, `i`.`atacado`, `i`.`codigo_barras`, `i`.`descricao`, `i`.`disponivel`, `i`.`estoque`, `i`.`estoque_minimo`, `i`.`imagem`, `i`.`permite_combo`, `i`.`quantidade_atacado`, `i`.`tipo`, `i`.`unidade`, `i`.`unidade_inteira`, `i`.`valor`, `i`.`valor_atacado`, `i`.`visivel`
FROM `item` AS `i`
WHERE `i`.`visivel` = 1
2021-05-20 14:55:30.883 -03:00 [INF] Executing ObjectResult, writing value of type 'System.Collections.Generic.List`1[[FortalezaServer.Models.Item, FortalezaServer, Version=1.0.0.0, Culture=neutral, PublicKeyToken=null]]'.
2021-05-20 14:55:30.886 -03:00 [INF] Executed action FortalezaServer.Controllers.ItemsController.GetItem (FortalezaServer) in 17.5586ms
2021-05-20 14:55:30.889 -03:00 [INF] Executed endpoint 'FortalezaServer.Controllers.ItemsController.GetItem (FortalezaServer)'
2021-05-20 14:55:30.891 -03:00 [INF] Request finished in 35.5913ms 200 application/json; charset=utf-8
2021-05-20 14:55:32.470 -03:00 [INF] Request starting HTTP/1.1 GET http://localhost:8000/api/items/15?grupos=true&tipo=true&estoqueatual=true  
2021-05-20 14:55:32.472 -03:00 [INF] Executing endpoint 'FortalezaServer.Controllers.ItemsController.GetItem (FortalezaServer)'
2021-05-20 14:55:32.473 -03:00 [INF] Route matched with {action = "GetItem", controller = "Items"}. Executing controller action with signature System.Threading.Tasks.Task`1[Microsoft.AspNetCore.Mvc.ActionResult`1[FortalezaServer.Models.Item]] GetItem(Int32, Boolean, Boolean, Boolean, Boolean) on controller FortalezaServer.Controllers.ItemsController (FortalezaServer).
2021-05-20 14:55:32.478 -03:00 [INF] Entity Framework Core 3.1.10 initialized 'fortalezaitdbContext' using provider 'MySql.Data.EntityFrameworkCore' with options: None
2021-05-20 14:55:32.484 -03:00 [INF] Executed DbCommand (1ms) [Parameters=[@__p_0='?' (DbType = Int32)], CommandType='"Text"', CommandTimeout='30']
SELECT `i`.`iditem`, `i`.`atacado`, `i`.`codigo_barras`, `i`.`descricao`, `i`.`disponivel`, `i`.`estoque`, `i`.`estoque_minimo`, `i`.`imagem`, `i`.`permite_combo`, `i`.`quantidade_atacado`, `i`.`tipo`, `i`.`unidade`, `i`.`unidade_inteira`, `i`.`valor`, `i`.`valor_atacado`, `i`.`visivel`
FROM `item` AS `i`
WHERE `i`.`iditem` = @__p_0
LIMIT 1
2021-05-20 14:55:32.492 -03:00 [INF] Executed DbCommand (1ms) [Parameters=[@__p_0='?' (DbType = Int32)], CommandType='"Text"', CommandTimeout='30']
SELECT `f`.`iditem`, `f`.`aliquota_icms`, `f`.`cest`, `f`.`cfop`, `f`.`cst_icms`, `f`.`ncm`, `f`.`origem`
FROM `fiscal` AS `f`
WHERE `f`.`iditem` = @__p_0
2021-05-20 14:55:32.499 -03:00 [INF] Executed DbCommand (0ms) [Parameters=[@__p_0='?' (DbType = Int32)], CommandType='"Text"', CommandTimeout='30']
SELECT `i`.`iditem`, `i`.`idgrupo`, `g`.`idgrupo`, `g`.`descricao`, `g`.`nome`, `g`.`visivel`
FROM `item_has_grupo` AS `i`
INNER JOIN `grupo` AS `g` ON `i`.`idgrupo` = `g`.`idgrupo`
WHERE `i`.`iditem` = @__p_0
2021-05-20 14:55:32.513 -03:00 [INF] Executed DbCommand (0ms) [Parameters=[@__p_0='?' (DbType = Int32)], CommandType='"Text"', CommandTimeout='30']
SELECT `p`.`iditem`, `p`.`iditem_produto`, `p`.`padrao`, `p`.`quantidade`, `i`.`iditem`, `i`.`atacado`, `i`.`codigo_barras`, `i`.`descricao`, `i`.`disponivel`, `i`.`estoque`, `i`.`estoque_minimo`, `i`.`imagem`, `i`.`permite_combo`, `i`.`quantidade_atacado`, `i`.`tipo`, `i`.`unidade`, `i`.`unidade_inteira`, `i`.`valor`, `i`.`valor_atacado`, `i`.`visivel`
FROM `pacote` AS `p`
INNER JOIN `item` AS `i` ON `p`.`iditem_produto` = `i`.`iditem`
WHERE `p`.`iditem` = @__p_0
2021-05-20 14:55:32.520 -03:00 [INF] Executed DbCommand (0ms) [Parameters=[@__p_0='?' (DbType = Int32)], CommandType='"Text"', CommandTimeout='30']
SELECT `i`.`iditem`, `i`.`idestoque`, `e`.`idestoque`, `e`.`custo`, `e`.`disponivel`, `e`.`hora_entrada`, `e`.`nota_fiscal`, `e`.`observacao`, `e`.`origem_venda`, `e`.`quantidade`, `e`.`quantidade_disponivel`, `e`.`saida`
FROM `item_has_estoque` AS `i`
INNER JOIN `estoque` AS `e` ON `i`.`idestoque` = `e`.`idestoque`
WHERE (`i`.`iditem` = @__p_0) AND (`e`.`disponivel` = 1)
ORDER BY `e`.`hora_entrada`
2021-05-20 14:55:32.527 -03:00 [INF] Executing ObjectResult, writing value of type 'FortalezaServer.Models.Item'.
2021-05-20 14:55:32.529 -03:00 [INF] Executed action FortalezaServer.Controllers.ItemsController.GetItem (FortalezaServer) in 52.2634ms
2021-05-20 14:55:32.531 -03:00 [INF] Executed endpoint 'FortalezaServer.Controllers.ItemsController.GetItem (FortalezaServer)'
2021-05-20 14:55:32.532 -03:00 [INF] Request finished in 62.285ms 200 application/json; charset=utf-8
2021-05-20 14:55:56.308 -03:00 [INF] Request starting HTTP/1.1 GET http://localhost:8000/api/items?visibleOnly=false  
2021-05-20 14:55:56.310 -03:00 [INF] Executing endpoint 'FortalezaServer.Controllers.ItemsController.GetItem (FortalezaServer)'
2021-05-20 14:55:56.312 -03:00 [INF] Route matched with {action = "GetItem", controller = "Items"}. Executing controller action with signature System.Threading.Tasks.Task`1[Microsoft.AspNetCore.Mvc.ActionResult`1[System.Collections.Generic.IEnumerable`1[FortalezaServer.Models.Item]]] GetItem(Boolean, Boolean, Boolean, System.String) on controller FortalezaServer.Controllers.ItemsController (FortalezaServer).
2021-05-20 14:55:56.321 -03:00 [INF] Entity Framework Core 3.1.10 initialized 'fortalezaitdbContext' using provider 'MySql.Data.EntityFrameworkCore' with options: None
2021-05-20 14:55:56.329 -03:00 [INF] Executed DbCommand (1ms) [Parameters=[], CommandType='"Text"', CommandTimeout='30']
SELECT `i`.`iditem`, `i`.`atacado`, `i`.`codigo_barras`, `i`.`descricao`, `i`.`disponivel`, `i`.`estoque`, `i`.`estoque_minimo`, `i`.`imagem`, `i`.`permite_combo`, `i`.`quantidade_atacado`, `i`.`tipo`, `i`.`unidade`, `i`.`unidade_inteira`, `i`.`valor`, `i`.`valor_atacado`, `i`.`visivel`
FROM `item` AS `i`
WHERE `i`.`visivel` = 1
2021-05-20 14:55:56.337 -03:00 [INF] Executing ObjectResult, writing value of type 'System.Collections.Generic.List`1[[FortalezaServer.Models.Item, FortalezaServer, Version=1.0.0.0, Culture=neutral, PublicKeyToken=null]]'.
2021-05-20 14:55:56.341 -03:00 [INF] Executed action FortalezaServer.Controllers.ItemsController.GetItem (FortalezaServer) in 21.8927ms
2021-05-20 14:55:56.346 -03:00 [INF] Executed endpoint 'FortalezaServer.Controllers.ItemsController.GetItem (FortalezaServer)'
2021-05-20 14:55:56.348 -03:00 [INF] Request finished in 39.26ms 200 application/json; charset=utf-8
2021-05-20 14:55:56.954 -03:00 [INF] Request starting HTTP/1.1 GET http://localhost:8000/api  
2021-05-20 14:55:56.956 -03:00 [INF] Executing endpoint 'FortalezaServer.Controllers.IndexController.Get (FortalezaServer)'
2021-05-20 14:55:56.958 -03:00 [INF] Route matched with {action = "Get", controller = "Index"}. Executing controller action with signature System.String Get() on controller FortalezaServer.Controllers.IndexController (FortalezaServer).
2021-05-20 14:55:56.962 -03:00 [INF] Executing ObjectResult, writing value of type 'System.String'.
2021-05-20 14:55:56.964 -03:00 [INF] Executed action FortalezaServer.Controllers.IndexController.Get (FortalezaServer) in 2.8558ms
2021-05-20 14:55:56.967 -03:00 [INF] Executed endpoint 'FortalezaServer.Controllers.IndexController.Get (FortalezaServer)'
2021-05-20 14:55:56.971 -03:00 [INF] Request finished in 16.5847ms 200 text/plain; charset=utf-8
2021-05-20 14:55:56.982 -03:00 [INF] Request starting HTTP/1.1 GET http://localhost:8000/api/vendas/actions/aberta  
2021-05-20 14:55:56.985 -03:00 [INF] Executing endpoint 'FortalezaServer.Controllers.VendasController.GetVendaAberta (FortalezaServer)'
2021-05-20 14:55:56.986 -03:00 [INF] Route matched with {action = "GetVendaAberta", controller = "Vendas"}. Executing controller action with signature System.Threading.Tasks.Task`1[Microsoft.AspNetCore.Mvc.ActionResult`1[System.Int32]] GetVendaAberta(Int32) on controller FortalezaServer.Controllers.VendasController (FortalezaServer).
2021-05-20 14:55:56.991 -03:00 [INF] Entity Framework Core 3.1.10 initialized 'fortalezaitdbContext' using provider 'MySql.Data.EntityFrameworkCore' with options: None
2021-05-20 14:55:56.996 -03:00 [INF] Executed DbCommand (1ms) [Parameters=[@__tipo_0='?' (DbType = Int32)], CommandType='"Text"', CommandTimeout='30']
SELECT `v`.`idvenda`, `v`.`aberta`, `v`.`acrescimo`, `v`.`desconto`, `v`.`descricao`, `v`.`hora_entrada`, `v`.`hora_fechamento`, `v`.`idcaixa`, `v`.`idcliente`, `v`.`idpdv`, `v`.`idresponsavel`, `v`.`numero_venda`, `v`.`paga`, `v`.`tipo`, `v`.`valor_pago`
FROM `venda` AS `v`
WHERE (`v`.`aberta` = 1) & (`v`.`tipo` = @__tipo_0)
LIMIT 1
2021-05-20 14:55:57.011 -03:00 [INF] Executing ObjectResult, writing value of type 'System.Int32'.
2021-05-20 14:55:57.014 -03:00 [INF] Executed action FortalezaServer.Controllers.VendasController.GetVendaAberta (FortalezaServer) in 24.91ms
2021-05-20 14:55:57.019 -03:00 [INF] Request starting HTTP/1.1 GET http://localhost:8000/api/grupos  
2021-05-20 14:55:57.019 -03:00 [INF] Executed endpoint 'FortalezaServer.Controllers.VendasController.GetVendaAberta (FortalezaServer)'
2021-05-20 14:55:57.024 -03:00 [INF] Request finished in 41.4591ms 200 application/json; charset=utf-8
2021-05-20 14:55:57.022 -03:00 [INF] Executing endpoint 'FortalezaServer.Controllers.GruposController.GetGrupo (FortalezaServer)'
2021-05-20 14:55:57.033 -03:00 [INF] Route matched with {action = "GetGrupo", controller = "Grupos"}. Executing controller action with signature System.Threading.Tasks.Task`1[Microsoft.AspNetCore.Mvc.ActionResult`1[System.Collections.Generic.IEnumerable`1[FortalezaServer.Models.Grupo]]] GetGrupo() on controller FortalezaServer.Controllers.GruposController (FortalezaServer).
2021-05-20 14:55:57.037 -03:00 [INF] Entity Framework Core 3.1.10 initialized 'fortalezaitdbContext' using provider 'MySql.Data.EntityFrameworkCore' with options: None
2021-05-20 14:55:57.051 -03:00 [INF] Executed DbCommand (0ms) [Parameters=[], CommandType='"Text"', CommandTimeout='30']
SELECT `g`.`idgrupo`, `g`.`descricao`, `g`.`nome`, `g`.`visivel`
FROM `grupo` AS `g`
2021-05-20 14:55:57.056 -03:00 [INF] Executing ObjectResult, writing value of type 'System.Collections.Generic.List`1[[FortalezaServer.Models.Grupo, FortalezaServer, Version=1.0.0.0, Culture=neutral, PublicKeyToken=null]]'.
2021-05-20 14:55:57.064 -03:00 [INF] Executed action FortalezaServer.Controllers.GruposController.GetGrupo (FortalezaServer) in 27.9639ms
2021-05-20 14:55:57.066 -03:00 [INF] Executed endpoint 'FortalezaServer.Controllers.GruposController.GetGrupo (FortalezaServer)'
2021-05-20 14:55:57.068 -03:00 [INF] Request finished in 49.1006ms 200 application/json; charset=utf-8
2021-05-20 14:55:57.068 -03:00 [INF] Request starting HTTP/1.1 GET http://localhost:8000/api/items  
2021-05-20 14:55:57.070 -03:00 [INF] Executing endpoint 'FortalezaServer.Controllers.ItemsController.GetItem (FortalezaServer)'
2021-05-20 14:55:57.074 -03:00 [INF] Route matched with {action = "GetItem", controller = "Items"}. Executing controller action with signature System.Threading.Tasks.Task`1[Microsoft.AspNetCore.Mvc.ActionResult`1[System.Collections.Generic.IEnumerable`1[FortalezaServer.Models.Item]]] GetItem(Boolean, Boolean, Boolean, System.String) on controller FortalezaServer.Controllers.ItemsController (FortalezaServer).
2021-05-20 14:55:57.080 -03:00 [INF] Entity Framework Core 3.1.10 initialized 'fortalezaitdbContext' using provider 'MySql.Data.EntityFrameworkCore' with options: None
2021-05-20 14:55:57.082 -03:00 [INF] Executed DbCommand (0ms) [Parameters=[], CommandType='"Text"', CommandTimeout='30']
SELECT `i`.`iditem`, `i`.`atacado`, `i`.`codigo_barras`, `i`.`descricao`, `i`.`disponivel`, `i`.`estoque`, `i`.`estoque_minimo`, `i`.`imagem`, `i`.`permite_combo`, `i`.`quantidade_atacado`, `i`.`tipo`, `i`.`unidade`, `i`.`unidade_inteira`, `i`.`valor`, `i`.`valor_atacado`, `i`.`visivel`
FROM `item` AS `i`
WHERE `i`.`visivel` = 1
2021-05-20 14:55:57.087 -03:00 [INF] Executing ObjectResult, writing value of type 'System.Collections.Generic.List`1[[FortalezaServer.Models.Item, FortalezaServer, Version=1.0.0.0, Culture=neutral, PublicKeyToken=null]]'.
2021-05-20 14:55:57.090 -03:00 [INF] Executed action FortalezaServer.Controllers.ItemsController.GetItem (FortalezaServer) in 10.9828ms
2021-05-20 14:55:57.096 -03:00 [INF] Executed endpoint 'FortalezaServer.Controllers.ItemsController.GetItem (FortalezaServer)'
2021-05-20 14:55:57.097 -03:00 [INF] Request finished in 29.3388ms 200 application/json; charset=utf-8
2021-05-20 14:56:17.627 -03:00 [INF] Request starting HTTP/1.1 GET http://localhost:8000/api  
2021-05-20 14:56:17.632 -03:00 [INF] Executing endpoint 'FortalezaServer.Controllers.IndexController.Get (FortalezaServer)'
2021-05-20 14:56:17.635 -03:00 [INF] Route matched with {action = "Get", controller = "Index"}. Executing controller action with signature System.String Get() on controller FortalezaServer.Controllers.IndexController (FortalezaServer).
2021-05-20 14:56:17.646 -03:00 [INF] Executing ObjectResult, writing value of type 'System.String'.
2021-05-20 14:56:17.653 -03:00 [INF] Executed action FortalezaServer.Controllers.IndexController.Get (FortalezaServer) in 7.0402ms
2021-05-20 14:56:17.661 -03:00 [INF] Executed endpoint 'FortalezaServer.Controllers.IndexController.Get (FortalezaServer)'
2021-05-20 14:56:17.667 -03:00 [INF] Request finished in 40.5825ms 200 text/plain; charset=utf-8
2021-05-20 14:56:17.687 -03:00 [INF] Request starting HTTP/1.1 GET http://localhost:8000/api  
2021-05-20 14:56:17.689 -03:00 [INF] Executing endpoint 'FortalezaServer.Controllers.IndexController.Get (FortalezaServer)'
2021-05-20 14:56:17.694 -03:00 [INF] Route matched with {action = "Get", controller = "Index"}. Executing controller action with signature System.String Get() on controller FortalezaServer.Controllers.IndexController (FortalezaServer).
2021-05-20 14:56:17.705 -03:00 [INF] Executing ObjectResult, writing value of type 'System.String'.
2021-05-20 14:56:17.708 -03:00 [INF] Executed action FortalezaServer.Controllers.IndexController.Get (FortalezaServer) in 2.9591ms
2021-05-20 14:56:17.723 -03:00 [INF] Executed endpoint 'FortalezaServer.Controllers.IndexController.Get (FortalezaServer)'
2021-05-20 14:56:17.731 -03:00 [INF] Request finished in 43.8294ms 200 text/plain; charset=utf-8
2021-05-20 14:56:17.969 -03:00 [INF] Request starting HTTP/1.1 GET http://localhost:8000/api/vendas/actions/aberta  
2021-05-20 14:56:17.970 -03:00 [INF] Executing endpoint 'FortalezaServer.Controllers.VendasController.GetVendaAberta (FortalezaServer)'
2021-05-20 14:56:17.973 -03:00 [INF] Route matched with {action = "GetVendaAberta", controller = "Vendas"}. Executing controller action with signature System.Threading.Tasks.Task`1[Microsoft.AspNetCore.Mvc.ActionResult`1[System.Int32]] GetVendaAberta(Int32) on controller FortalezaServer.Controllers.VendasController (FortalezaServer).
2021-05-20 14:56:17.984 -03:00 [INF] Entity Framework Core 3.1.10 initialized 'fortalezaitdbContext' using provider 'MySql.Data.EntityFrameworkCore' with options: None
2021-05-20 14:56:17.990 -03:00 [INF] Executed DbCommand (1ms) [Parameters=[@__tipo_0='?' (DbType = Int32)], CommandType='"Text"', CommandTimeout='30']
SELECT `v`.`idvenda`, `v`.`aberta`, `v`.`acrescimo`, `v`.`desconto`, `v`.`descricao`, `v`.`hora_entrada`, `v`.`hora_fechamento`, `v`.`idcaixa`, `v`.`idcliente`, `v`.`idpdv`, `v`.`idresponsavel`, `v`.`numero_venda`, `v`.`paga`, `v`.`tipo`, `v`.`valor_pago`
FROM `venda` AS `v`
WHERE (`v`.`aberta` = 1) & (`v`.`tipo` = @__tipo_0)
LIMIT 1
2021-05-20 14:56:17.996 -03:00 [INF] Executing ObjectResult, writing value of type 'System.Int32'.
2021-05-20 14:56:18.000 -03:00 [INF] Executed action FortalezaServer.Controllers.VendasController.GetVendaAberta (FortalezaServer) in 22.1022ms
2021-05-20 14:56:18.013 -03:00 [INF] Executed endpoint 'FortalezaServer.Controllers.VendasController.GetVendaAberta (FortalezaServer)'
2021-05-20 14:56:18.015 -03:00 [INF] Request finished in 46.0677ms 200 application/json; charset=utf-8
2021-05-20 14:56:18.115 -03:00 [INF] Request starting HTTP/1.1 GET http://localhost:8000/api/grupos  
2021-05-20 14:56:18.117 -03:00 [INF] Executing endpoint 'FortalezaServer.Controllers.GruposController.GetGrupo (FortalezaServer)'
2021-05-20 14:56:18.118 -03:00 [INF] Route matched with {action = "GetGrupo", controller = "Grupos"}. Executing controller action with signature System.Threading.Tasks.Task`1[Microsoft.AspNetCore.Mvc.ActionResult`1[System.Collections.Generic.IEnumerable`1[FortalezaServer.Models.Grupo]]] GetGrupo() on controller FortalezaServer.Controllers.GruposController (FortalezaServer).
2021-05-20 14:56:18.122 -03:00 [INF] Entity Framework Core 3.1.10 initialized 'fortalezaitdbContext' using provider 'MySql.Data.EntityFrameworkCore' with options: None
2021-05-20 14:56:18.124 -03:00 [INF] Executed DbCommand (0ms) [Parameters=[], CommandType='"Text"', CommandTimeout='30']
SELECT `g`.`idgrupo`, `g`.`descricao`, `g`.`nome`, `g`.`visivel`
FROM `grupo` AS `g`
2021-05-20 14:56:18.130 -03:00 [INF] Executing ObjectResult, writing value of type 'System.Collections.Generic.List`1[[FortalezaServer.Models.Grupo, FortalezaServer, Version=1.0.0.0, Culture=neutral, PublicKeyToken=null]]'.
2021-05-20 14:56:18.131 -03:00 [INF] Executed action FortalezaServer.Controllers.GruposController.GetGrupo (FortalezaServer) in 10.0931ms
2021-05-20 14:56:18.132 -03:00 [INF] Executed endpoint 'FortalezaServer.Controllers.GruposController.GetGrupo (FortalezaServer)'
2021-05-20 14:56:18.134 -03:00 [INF] Request finished in 18.1419ms 200 application/json; charset=utf-8
2021-05-20 14:56:18.151 -03:00 [INF] Request starting HTTP/1.1 GET http://localhost:8000/api/items  
2021-05-20 14:56:18.152 -03:00 [INF] Executing endpoint 'FortalezaServer.Controllers.ItemsController.GetItem (FortalezaServer)'
2021-05-20 14:56:18.154 -03:00 [INF] Route matched with {action = "GetItem", controller = "Items"}. Executing controller action with signature System.Threading.Tasks.Task`1[Microsoft.AspNetCore.Mvc.ActionResult`1[System.Collections.Generic.IEnumerable`1[FortalezaServer.Models.Item]]] GetItem(Boolean, Boolean, Boolean, System.String) on controller FortalezaServer.Controllers.ItemsController (FortalezaServer).
2021-05-20 14:56:18.158 -03:00 [INF] Entity Framework Core 3.1.10 initialized 'fortalezaitdbContext' using provider 'MySql.Data.EntityFrameworkCore' with options: None
2021-05-20 14:56:18.161 -03:00 [INF] Executed DbCommand (0ms) [Parameters=[], CommandType='"Text"', CommandTimeout='30']
SELECT `i`.`iditem`, `i`.`atacado`, `i`.`codigo_barras`, `i`.`descricao`, `i`.`disponivel`, `i`.`estoque`, `i`.`estoque_minimo`, `i`.`imagem`, `i`.`permite_combo`, `i`.`quantidade_atacado`, `i`.`tipo`, `i`.`unidade`, `i`.`unidade_inteira`, `i`.`valor`, `i`.`valor_atacado`, `i`.`visivel`
FROM `item` AS `i`
WHERE `i`.`visivel` = 1
2021-05-20 14:56:18.168 -03:00 [INF] Executing ObjectResult, writing value of type 'System.Collections.Generic.List`1[[FortalezaServer.Models.Item, FortalezaServer, Version=1.0.0.0, Culture=neutral, PublicKeyToken=null]]'.
2021-05-20 14:56:18.170 -03:00 [INF] Executed action FortalezaServer.Controllers.ItemsController.GetItem (FortalezaServer) in 12.1127ms
2021-05-20 14:56:18.171 -03:00 [INF] Executed endpoint 'FortalezaServer.Controllers.ItemsController.GetItem (FortalezaServer)'
2021-05-20 14:56:18.175 -03:00 [INF] Request finished in 23.7022ms 200 application/json; charset=utf-8
2021-05-20 14:56:21.346 -03:00 [INF] Request starting HTTP/1.1 GET http://localhost:8000/api/items?visibleOnly=false  
2021-05-20 14:56:21.348 -03:00 [INF] Executing endpoint 'FortalezaServer.Controllers.ItemsController.GetItem (FortalezaServer)'
2021-05-20 14:56:21.351 -03:00 [INF] Route matched with {action = "GetItem", controller = "Items"}. Executing controller action with signature System.Threading.Tasks.Task`1[Microsoft.AspNetCore.Mvc.ActionResult`1[System.Collections.Generic.IEnumerable`1[FortalezaServer.Models.Item]]] GetItem(Boolean, Boolean, Boolean, System.String) on controller FortalezaServer.Controllers.ItemsController (FortalezaServer).
2021-05-20 14:56:21.357 -03:00 [INF] Entity Framework Core 3.1.10 initialized 'fortalezaitdbContext' using provider 'MySql.Data.EntityFrameworkCore' with options: None
2021-05-20 14:56:21.366 -03:00 [INF] Executed DbCommand (0ms) [Parameters=[], CommandType='"Text"', CommandTimeout='30']
SELECT `i`.`iditem`, `i`.`atacado`, `i`.`codigo_barras`, `i`.`descricao`, `i`.`disponivel`, `i`.`estoque`, `i`.`estoque_minimo`, `i`.`imagem`, `i`.`permite_combo`, `i`.`quantidade_atacado`, `i`.`tipo`, `i`.`unidade`, `i`.`unidade_inteira`, `i`.`valor`, `i`.`valor_atacado`, `i`.`visivel`
FROM `item` AS `i`
WHERE `i`.`visivel` = 1
2021-05-20 14:56:21.375 -03:00 [INF] Executing ObjectResult, writing value of type 'System.Collections.Generic.List`1[[FortalezaServer.Models.Item, FortalezaServer, Version=1.0.0.0, Culture=neutral, PublicKeyToken=null]]'.
2021-05-20 14:56:21.379 -03:00 [INF] Executed action FortalezaServer.Controllers.ItemsController.GetItem (FortalezaServer) in 23.9631ms
2021-05-20 14:56:21.381 -03:00 [INF] Executed endpoint 'FortalezaServer.Controllers.ItemsController.GetItem (FortalezaServer)'
2021-05-20 14:56:21.383 -03:00 [INF] Request finished in 36.9323ms 200 application/json; charset=utf-8
2021-05-20 14:56:24.588 -03:00 [INF] Request starting HTTP/1.1 GET http://localhost:8000/api/items/15  
2021-05-20 14:56:24.589 -03:00 [INF] Executing endpoint 'FortalezaServer.Controllers.ItemsController.GetItem (FortalezaServer)'
2021-05-20 14:56:24.590 -03:00 [INF] Route matched with {action = "GetItem", controller = "Items"}. Executing controller action with signature System.Threading.Tasks.Task`1[Microsoft.AspNetCore.Mvc.ActionResult`1[FortalezaServer.Models.Item]] GetItem(Int32, Boolean, Boolean, Boolean, Boolean) on controller FortalezaServer.Controllers.ItemsController (FortalezaServer).
2021-05-20 14:56:24.594 -03:00 [INF] Entity Framework Core 3.1.10 initialized 'fortalezaitdbContext' using provider 'MySql.Data.EntityFrameworkCore' with options: None
2021-05-20 14:56:24.598 -03:00 [INF] Executed DbCommand (0ms) [Parameters=[@__p_0='?' (DbType = Int32)], CommandType='"Text"', CommandTimeout='30']
SELECT `i`.`iditem`, `i`.`atacado`, `i`.`codigo_barras`, `i`.`descricao`, `i`.`disponivel`, `i`.`estoque`, `i`.`estoque_minimo`, `i`.`imagem`, `i`.`permite_combo`, `i`.`quantidade_atacado`, `i`.`tipo`, `i`.`unidade`, `i`.`unidade_inteira`, `i`.`valor`, `i`.`valor_atacado`, `i`.`visivel`
FROM `item` AS `i`
WHERE `i`.`iditem` = @__p_0
LIMIT 1
2021-05-20 14:56:24.605 -03:00 [INF] Executed DbCommand (0ms) [Parameters=[@__p_0='?' (DbType = Int32)], CommandType='"Text"', CommandTimeout='30']
SELECT `f`.`iditem`, `f`.`aliquota_icms`, `f`.`cest`, `f`.`cfop`, `f`.`cst_icms`, `f`.`ncm`, `f`.`origem`
FROM `fiscal` AS `f`
WHERE `f`.`iditem` = @__p_0
2021-05-20 14:56:24.609 -03:00 [INF] Executing ObjectResult, writing value of type 'FortalezaServer.Models.Item'.
2021-05-20 14:56:24.612 -03:00 [INF] Executed action FortalezaServer.Controllers.ItemsController.GetItem (FortalezaServer) in 18.4759ms
2021-05-20 14:56:24.613 -03:00 [INF] Executed endpoint 'FortalezaServer.Controllers.ItemsController.GetItem (FortalezaServer)'
2021-05-20 14:56:24.615 -03:00 [INF] Request finished in 26.916ms 200 application/json; charset=utf-8
2021-05-20 14:56:25.745 -03:00 [INF] Request starting HTTP/1.1 DELETE http://localhost:8000/api/items/15  
2021-05-20 14:56:25.746 -03:00 [INF] Executing endpoint 'FortalezaServer.Controllers.ItemsController.DeleteItem (FortalezaServer)'
2021-05-20 14:56:25.755 -03:00 [INF] Route matched with {action = "DeleteItem", controller = "Items"}. Executing controller action with signature System.Threading.Tasks.Task`1[Microsoft.AspNetCore.Mvc.ActionResult`1[FortalezaServer.Models.Item]] DeleteItem(Int32) on controller FortalezaServer.Controllers.ItemsController (FortalezaServer).
2021-05-20 14:56:25.760 -03:00 [INF] Entity Framework Core 3.1.10 initialized 'fortalezaitdbContext' using provider 'MySql.Data.EntityFrameworkCore' with options: None
2021-05-20 14:56:25.763 -03:00 [INF] Executed DbCommand (0ms) [Parameters=[@__p_0='?' (DbType = Int32)], CommandType='"Text"', CommandTimeout='30']
SELECT `i`.`iditem`, `i`.`atacado`, `i`.`codigo_barras`, `i`.`descricao`, `i`.`disponivel`, `i`.`estoque`, `i`.`estoque_minimo`, `i`.`imagem`, `i`.`permite_combo`, `i`.`quantidade_atacado`, `i`.`tipo`, `i`.`unidade`, `i`.`unidade_inteira`, `i`.`valor`, `i`.`valor_atacado`, `i`.`visivel`
FROM `item` AS `i`
WHERE `i`.`iditem` = @__p_0
LIMIT 1
2021-05-20 14:56:25.777 -03:00 [INF] Executed DbCommand (3ms) [Parameters=[@p0='?' (DbType = Int32)], CommandType='"Text"', CommandTimeout='30']
DELETE FROM `item`
WHERE `iditem` = @p0;
SELECT ROW_COUNT();
2021-05-20 14:56:25.783 -03:00 [INF] Executing ObjectResult, writing value of type 'FortalezaServer.Models.Item'.
2021-05-20 14:56:25.785 -03:00 [INF] Executed action FortalezaServer.Controllers.ItemsController.DeleteItem (FortalezaServer) in 26.7508ms
2021-05-20 14:56:25.786 -03:00 [INF] Executed endpoint 'FortalezaServer.Controllers.ItemsController.DeleteItem (FortalezaServer)'
2021-05-20 14:56:25.788 -03:00 [INF] Request finished in 42.8648ms 200 application/json; charset=utf-8
2021-05-20 14:56:25.788 -03:00 [INF] Request starting HTTP/1.1 GET http://localhost:8000/api/items?visibleOnly=false  
2021-05-20 14:56:25.791 -03:00 [INF] Executing endpoint 'FortalezaServer.Controllers.ItemsController.GetItem (FortalezaServer)'
2021-05-20 14:56:25.795 -03:00 [INF] Route matched with {action = "GetItem", controller = "Items"}. Executing controller action with signature System.Threading.Tasks.Task`1[Microsoft.AspNetCore.Mvc.ActionResult`1[System.Collections.Generic.IEnumerable`1[FortalezaServer.Models.Item]]] GetItem(Boolean, Boolean, Boolean, System.String) on controller FortalezaServer.Controllers.ItemsController (FortalezaServer).
2021-05-20 14:56:25.799 -03:00 [INF] Entity Framework Core 3.1.10 initialized 'fortalezaitdbContext' using provider 'MySql.Data.EntityFrameworkCore' with options: None
2021-05-20 14:56:25.802 -03:00 [INF] Executed DbCommand (0ms) [Parameters=[], CommandType='"Text"', CommandTimeout='30']
SELECT `i`.`iditem`, `i`.`atacado`, `i`.`codigo_barras`, `i`.`descricao`, `i`.`disponivel`, `i`.`estoque`, `i`.`estoque_minimo`, `i`.`imagem`, `i`.`permite_combo`, `i`.`quantidade_atacado`, `i`.`tipo`, `i`.`unidade`, `i`.`unidade_inteira`, `i`.`valor`, `i`.`valor_atacado`, `i`.`visivel`
FROM `item` AS `i`
WHERE `i`.`visivel` = 1
2021-05-20 14:56:25.810 -03:00 [INF] Executing ObjectResult, writing value of type 'System.Collections.Generic.List`1[[FortalezaServer.Models.Item, FortalezaServer, Version=1.0.0.0, Culture=neutral, PublicKeyToken=null]]'.
2021-05-20 14:56:25.812 -03:00 [INF] Executed action FortalezaServer.Controllers.ItemsController.GetItem (FortalezaServer) in 14.1546ms
2021-05-20 14:56:25.815 -03:00 [INF] Executed endpoint 'FortalezaServer.Controllers.ItemsController.GetItem (FortalezaServer)'
2021-05-20 14:56:25.816 -03:00 [INF] Request finished in 27.6156ms 200 application/json; charset=utf-8
2021-05-20 14:56:41.034 -03:00 [INF] Request starting HTTP/1.1 GET http://localhost:8000/api/items  
2021-05-20 14:56:41.035 -03:00 [INF] Executing endpoint 'FortalezaServer.Controllers.ItemsController.GetItem (FortalezaServer)'
2021-05-20 14:56:41.037 -03:00 [INF] Route matched with {action = "GetItem", controller = "Items"}. Executing controller action with signature System.Threading.Tasks.Task`1[Microsoft.AspNetCore.Mvc.ActionResult`1[System.Collections.Generic.IEnumerable`1[FortalezaServer.Models.Item]]] GetItem(Boolean, Boolean, Boolean, System.String) on controller FortalezaServer.Controllers.ItemsController (FortalezaServer).
2021-05-20 14:56:41.055 -03:00 [INF] Entity Framework Core 3.1.10 initialized 'fortalezaitdbContext' using provider 'MySql.Data.EntityFrameworkCore' with options: None
2021-05-20 14:56:41.062 -03:00 [INF] Executed DbCommand (1ms) [Parameters=[], CommandType='"Text"', CommandTimeout='30']
SELECT `i`.`iditem`, `i`.`atacado`, `i`.`codigo_barras`, `i`.`descricao`, `i`.`disponivel`, `i`.`estoque`, `i`.`estoque_minimo`, `i`.`imagem`, `i`.`permite_combo`, `i`.`quantidade_atacado`, `i`.`tipo`, `i`.`unidade`, `i`.`unidade_inteira`, `i`.`valor`, `i`.`valor_atacado`, `i`.`visivel`
FROM `item` AS `i`
WHERE `i`.`visivel` = 1
2021-05-20 14:56:41.072 -03:00 [INF] Executing ObjectResult, writing value of type 'System.Collections.Generic.List`1[[FortalezaServer.Models.Item, FortalezaServer, Version=1.0.0.0, Culture=neutral, PublicKeyToken=null]]'.
2021-05-20 14:56:41.077 -03:00 [INF] Executed action FortalezaServer.Controllers.ItemsController.GetItem (FortalezaServer) in 22.7995ms
2021-05-20 14:56:41.080 -03:00 [INF] Executed endpoint 'FortalezaServer.Controllers.ItemsController.GetItem (FortalezaServer)'
2021-05-20 14:56:41.083 -03:00 [INF] Request finished in 48.8123ms 200 application/json; charset=utf-8
2021-05-20 14:56:55.143 -03:00 [INF] Request starting HTTP/1.1 GET http://localhost:8000/api/items?visibleOnly=false  
2021-05-20 14:56:55.144 -03:00 [INF] Executing endpoint 'FortalezaServer.Controllers.ItemsController.GetItem (FortalezaServer)'
2021-05-20 14:56:55.149 -03:00 [INF] Route matched with {action = "GetItem", controller = "Items"}. Executing controller action with signature System.Threading.Tasks.Task`1[Microsoft.AspNetCore.Mvc.ActionResult`1[System.Collections.Generic.IEnumerable`1[FortalezaServer.Models.Item]]] GetItem(Boolean, Boolean, Boolean, System.String) on controller FortalezaServer.Controllers.ItemsController (FortalezaServer).
2021-05-20 14:56:55.160 -03:00 [INF] Entity Framework Core 3.1.10 initialized 'fortalezaitdbContext' using provider 'MySql.Data.EntityFrameworkCore' with options: None
2021-05-20 14:56:55.164 -03:00 [INF] Executed DbCommand (0ms) [Parameters=[], CommandType='"Text"', CommandTimeout='30']
SELECT `i`.`iditem`, `i`.`atacado`, `i`.`codigo_barras`, `i`.`descricao`, `i`.`disponivel`, `i`.`estoque`, `i`.`estoque_minimo`, `i`.`imagem`, `i`.`permite_combo`, `i`.`quantidade_atacado`, `i`.`tipo`, `i`.`unidade`, `i`.`unidade_inteira`, `i`.`valor`, `i`.`valor_atacado`, `i`.`visivel`
FROM `item` AS `i`
WHERE `i`.`visivel` = 1
2021-05-20 14:56:55.169 -03:00 [INF] Executing ObjectResult, writing value of type 'System.Collections.Generic.List`1[[FortalezaServer.Models.Item, FortalezaServer, Version=1.0.0.0, Culture=neutral, PublicKeyToken=null]]'.
2021-05-20 14:56:55.173 -03:00 [INF] Executed action FortalezaServer.Controllers.ItemsController.GetItem (FortalezaServer) in 14.3299ms
2021-05-20 14:56:55.174 -03:00 [INF] Executed endpoint 'FortalezaServer.Controllers.ItemsController.GetItem (FortalezaServer)'
2021-05-20 14:56:55.177 -03:00 [INF] Request finished in 34.4465ms 200 application/json; charset=utf-8
2021-05-20 14:56:55.890 -03:00 [INF] Request starting HTTP/1.1 GET http://localhost:8000/api  
2021-05-20 14:56:55.892 -03:00 [INF] Executing endpoint 'FortalezaServer.Controllers.IndexController.Get (FortalezaServer)'
2021-05-20 14:56:55.894 -03:00 [INF] Route matched with {action = "Get", controller = "Index"}. Executing controller action with signature System.String Get() on controller FortalezaServer.Controllers.IndexController (FortalezaServer).
2021-05-20 14:56:55.897 -03:00 [INF] Executing ObjectResult, writing value of type 'System.String'.
2021-05-20 14:56:55.899 -03:00 [INF] Executed action FortalezaServer.Controllers.IndexController.Get (FortalezaServer) in 2.049ms
2021-05-20 14:56:55.902 -03:00 [INF] Executed endpoint 'FortalezaServer.Controllers.IndexController.Get (FortalezaServer)'
2021-05-20 14:56:55.903 -03:00 [INF] Request finished in 13.1472ms 200 text/plain; charset=utf-8
2021-05-20 14:56:55.917 -03:00 [INF] Request starting HTTP/1.1 GET http://localhost:8000/api/vendas/actions/aberta  
2021-05-20 14:56:55.918 -03:00 [INF] Executing endpoint 'FortalezaServer.Controllers.VendasController.GetVendaAberta (FortalezaServer)'
2021-05-20 14:56:55.920 -03:00 [INF] Route matched with {action = "GetVendaAberta", controller = "Vendas"}. Executing controller action with signature System.Threading.Tasks.Task`1[Microsoft.AspNetCore.Mvc.ActionResult`1[System.Int32]] GetVendaAberta(Int32) on controller FortalezaServer.Controllers.VendasController (FortalezaServer).
2021-05-20 14:56:55.924 -03:00 [INF] Entity Framework Core 3.1.10 initialized 'fortalezaitdbContext' using provider 'MySql.Data.EntityFrameworkCore' with options: None
2021-05-20 14:56:55.927 -03:00 [INF] Executed DbCommand (0ms) [Parameters=[@__tipo_0='?' (DbType = Int32)], CommandType='"Text"', CommandTimeout='30']
SELECT `v`.`idvenda`, `v`.`aberta`, `v`.`acrescimo`, `v`.`desconto`, `v`.`descricao`, `v`.`hora_entrada`, `v`.`hora_fechamento`, `v`.`idcaixa`, `v`.`idcliente`, `v`.`idpdv`, `v`.`idresponsavel`, `v`.`numero_venda`, `v`.`paga`, `v`.`tipo`, `v`.`valor_pago`
FROM `venda` AS `v`
WHERE (`v`.`aberta` = 1) & (`v`.`tipo` = @__tipo_0)
LIMIT 1
2021-05-20 14:56:55.932 -03:00 [INF] Executing ObjectResult, writing value of type 'System.Int32'.
2021-05-20 14:56:55.934 -03:00 [INF] Executed action FortalezaServer.Controllers.VendasController.GetVendaAberta (FortalezaServer) in 11.0028ms
2021-05-20 14:56:55.935 -03:00 [INF] Executed endpoint 'FortalezaServer.Controllers.VendasController.GetVendaAberta (FortalezaServer)'
2021-05-20 14:56:55.937 -03:00 [INF] Request finished in 19.6291ms 200 application/json; charset=utf-8
2021-05-20 14:56:55.963 -03:00 [INF] Request starting HTTP/1.1 GET http://localhost:8000/api/grupos  
2021-05-20 14:56:55.965 -03:00 [INF] Executing endpoint 'FortalezaServer.Controllers.GruposController.GetGrupo (FortalezaServer)'
2021-05-20 14:56:55.967 -03:00 [INF] Route matched with {action = "GetGrupo", controller = "Grupos"}. Executing controller action with signature System.Threading.Tasks.Task`1[Microsoft.AspNetCore.Mvc.ActionResult`1[System.Collections.Generic.IEnumerable`1[FortalezaServer.Models.Grupo]]] GetGrupo() on controller FortalezaServer.Controllers.GruposController (FortalezaServer).
2021-05-20 14:56:55.972 -03:00 [INF] Entity Framework Core 3.1.10 initialized 'fortalezaitdbContext' using provider 'MySql.Data.EntityFrameworkCore' with options: None
2021-05-20 14:56:55.977 -03:00 [INF] Executed DbCommand (0ms) [Parameters=[], CommandType='"Text"', CommandTimeout='30']
SELECT `g`.`idgrupo`, `g`.`descricao`, `g`.`nome`, `g`.`visivel`
FROM `grupo` AS `g`
2021-05-20 14:56:55.981 -03:00 [INF] Executing ObjectResult, writing value of type 'System.Collections.Generic.List`1[[FortalezaServer.Models.Grupo, FortalezaServer, Version=1.0.0.0, Culture=neutral, PublicKeyToken=null]]'.
2021-05-20 14:56:55.984 -03:00 [INF] Executed action FortalezaServer.Controllers.GruposController.GetGrupo (FortalezaServer) in 11.794ms
2021-05-20 14:56:55.986 -03:00 [INF] Executed endpoint 'FortalezaServer.Controllers.GruposController.GetGrupo (FortalezaServer)'
2021-05-20 14:56:55.987 -03:00 [INF] Request starting HTTP/1.1 GET http://localhost:8000/api/items  
2021-05-20 14:56:55.988 -03:00 [INF] Request finished in 24.2098ms 200 application/json; charset=utf-8
2021-05-20 14:56:55.989 -03:00 [INF] Executing endpoint 'FortalezaServer.Controllers.ItemsController.GetItem (FortalezaServer)'
2021-05-20 14:56:55.993 -03:00 [INF] Route matched with {action = "GetItem", controller = "Items"}. Executing controller action with signature System.Threading.Tasks.Task`1[Microsoft.AspNetCore.Mvc.ActionResult`1[System.Collections.Generic.IEnumerable`1[FortalezaServer.Models.Item]]] GetItem(Boolean, Boolean, Boolean, System.String) on controller FortalezaServer.Controllers.ItemsController (FortalezaServer).
2021-05-20 14:56:56.005 -03:00 [INF] Entity Framework Core 3.1.10 initialized 'fortalezaitdbContext' using provider 'MySql.Data.EntityFrameworkCore' with options: None
2021-05-20 14:56:56.010 -03:00 [INF] Executed DbCommand (1ms) [Parameters=[], CommandType='"Text"', CommandTimeout='30']
SELECT `i`.`iditem`, `i`.`atacado`, `i`.`codigo_barras`, `i`.`descricao`, `i`.`disponivel`, `i`.`estoque`, `i`.`estoque_minimo`, `i`.`imagem`, `i`.`permite_combo`, `i`.`quantidade_atacado`, `i`.`tipo`, `i`.`unidade`, `i`.`unidade_inteira`, `i`.`valor`, `i`.`valor_atacado`, `i`.`visivel`
FROM `item` AS `i`
WHERE `i`.`visivel` = 1
2021-05-20 14:56:56.017 -03:00 [INF] Executing ObjectResult, writing value of type 'System.Collections.Generic.List`1[[FortalezaServer.Models.Item, FortalezaServer, Version=1.0.0.0, Culture=neutral, PublicKeyToken=null]]'.
2021-05-20 14:56:56.020 -03:00 [INF] Executed action FortalezaServer.Controllers.ItemsController.GetItem (FortalezaServer) in 15.3864ms
2021-05-20 14:56:56.023 -03:00 [INF] Executed endpoint 'FortalezaServer.Controllers.ItemsController.GetItem (FortalezaServer)'
2021-05-20 14:56:56.025 -03:00 [INF] Request finished in 38.0375ms 200 application/json; charset=utf-8
2021-05-20 14:57:24.870 -03:00 [INF] Request starting HTTP/1.1 GET http://localhost:8000/api  
2021-05-20 14:57:24.885 -03:00 [INF] Executing endpoint 'FortalezaServer.Controllers.IndexController.Get (FortalezaServer)'
2021-05-20 14:57:24.894 -03:00 [INF] Route matched with {action = "Get", controller = "Index"}. Executing controller action with signature System.String Get() on controller FortalezaServer.Controllers.IndexController (FortalezaServer).
2021-05-20 14:57:24.900 -03:00 [INF] Executing ObjectResult, writing value of type 'System.String'.
2021-05-20 14:57:24.903 -03:00 [INF] Executed action FortalezaServer.Controllers.IndexController.Get (FortalezaServer) in 4.0287ms
2021-05-20 14:57:24.907 -03:00 [INF] Executed endpoint 'FortalezaServer.Controllers.IndexController.Get (FortalezaServer)'
2021-05-20 14:57:24.909 -03:00 [INF] Request finished in 38.5125ms 200 text/plain; charset=utf-8
2021-05-20 14:57:24.932 -03:00 [INF] Request starting HTTP/1.1 GET http://localhost:8000/api  
2021-05-20 14:57:24.933 -03:00 [INF] Executing endpoint 'FortalezaServer.Controllers.IndexController.Get (FortalezaServer)'
2021-05-20 14:57:24.935 -03:00 [INF] Route matched with {action = "Get", controller = "Index"}. Executing controller action with signature System.String Get() on controller FortalezaServer.Controllers.IndexController (FortalezaServer).
2021-05-20 14:57:24.938 -03:00 [INF] Executing ObjectResult, writing value of type 'System.String'.
2021-05-20 14:57:24.939 -03:00 [INF] Executed action FortalezaServer.Controllers.IndexController.Get (FortalezaServer) in 1.7419ms
2021-05-20 14:57:24.943 -03:00 [INF] Executed endpoint 'FortalezaServer.Controllers.IndexController.Get (FortalezaServer)'
2021-05-20 14:57:24.947 -03:00 [INF] Request finished in 14.3135ms 200 text/plain; charset=utf-8
2021-05-20 14:57:25.100 -03:00 [INF] Request starting HTTP/1.1 GET http://localhost:8000/api/vendas/actions/aberta  
2021-05-20 14:57:25.101 -03:00 [INF] Executing endpoint 'FortalezaServer.Controllers.VendasController.GetVendaAberta (FortalezaServer)'
2021-05-20 14:57:25.103 -03:00 [INF] Route matched with {action = "GetVendaAberta", controller = "Vendas"}. Executing controller action with signature System.Threading.Tasks.Task`1[Microsoft.AspNetCore.Mvc.ActionResult`1[System.Int32]] GetVendaAberta(Int32) on controller FortalezaServer.Controllers.VendasController (FortalezaServer).
2021-05-20 14:57:25.108 -03:00 [INF] Entity Framework Core 3.1.10 initialized 'fortalezaitdbContext' using provider 'MySql.Data.EntityFrameworkCore' with options: None
2021-05-20 14:57:25.113 -03:00 [INF] Executed DbCommand (0ms) [Parameters=[@__tipo_0='?' (DbType = Int32)], CommandType='"Text"', CommandTimeout='30']
SELECT `v`.`idvenda`, `v`.`aberta`, `v`.`acrescimo`, `v`.`desconto`, `v`.`descricao`, `v`.`hora_entrada`, `v`.`hora_fechamento`, `v`.`idcaixa`, `v`.`idcliente`, `v`.`idpdv`, `v`.`idresponsavel`, `v`.`numero_venda`, `v`.`paga`, `v`.`tipo`, `v`.`valor_pago`
FROM `venda` AS `v`
WHERE (`v`.`aberta` = 1) & (`v`.`tipo` = @__tipo_0)
LIMIT 1
2021-05-20 14:57:25.118 -03:00 [INF] Executing ObjectResult, writing value of type 'System.Int32'.
2021-05-20 14:57:25.120 -03:00 [INF] Executed action FortalezaServer.Controllers.VendasController.GetVendaAberta (FortalezaServer) in 12.8756ms
2021-05-20 14:57:25.123 -03:00 [INF] Executed endpoint 'FortalezaServer.Controllers.VendasController.GetVendaAberta (FortalezaServer)'
2021-05-20 14:57:25.125 -03:00 [INF] Request finished in 24.3075ms 200 application/json; charset=utf-8
2021-05-20 14:57:25.227 -03:00 [INF] Request starting HTTP/1.1 GET http://localhost:8000/api/grupos  
2021-05-20 14:57:25.229 -03:00 [INF] Executing endpoint 'FortalezaServer.Controllers.GruposController.GetGrupo (FortalezaServer)'
2021-05-20 14:57:25.230 -03:00 [INF] Route matched with {action = "GetGrupo", controller = "Grupos"}. Executing controller action with signature System.Threading.Tasks.Task`1[Microsoft.AspNetCore.Mvc.ActionResult`1[System.Collections.Generic.IEnumerable`1[FortalezaServer.Models.Grupo]]] GetGrupo() on controller FortalezaServer.Controllers.GruposController (FortalezaServer).
2021-05-20 14:57:25.234 -03:00 [INF] Entity Framework Core 3.1.10 initialized 'fortalezaitdbContext' using provider 'MySql.Data.EntityFrameworkCore' with options: None
2021-05-20 14:57:25.240 -03:00 [INF] Executed DbCommand (0ms) [Parameters=[], CommandType='"Text"', CommandTimeout='30']
SELECT `g`.`idgrupo`, `g`.`descricao`, `g`.`nome`, `g`.`visivel`
FROM `grupo` AS `g`
2021-05-20 14:57:25.244 -03:00 [INF] Executing ObjectResult, writing value of type 'System.Collections.Generic.List`1[[FortalezaServer.Models.Grupo, FortalezaServer, Version=1.0.0.0, Culture=neutral, PublicKeyToken=null]]'.
2021-05-20 14:57:25.249 -03:00 [INF] Executed action FortalezaServer.Controllers.GruposController.GetGrupo (FortalezaServer) in 15.2982ms
2021-05-20 14:57:25.252 -03:00 [INF] Executed endpoint 'FortalezaServer.Controllers.GruposController.GetGrupo (FortalezaServer)'
2021-05-20 14:57:25.253 -03:00 [INF] Request finished in 26.0908ms 200 application/json; charset=utf-8
2021-05-20 14:57:25.274 -03:00 [INF] Request starting HTTP/1.1 GET http://localhost:8000/api/items  
2021-05-20 14:57:25.275 -03:00 [INF] Executing endpoint 'FortalezaServer.Controllers.ItemsController.GetItem (FortalezaServer)'
2021-05-20 14:57:25.277 -03:00 [INF] Route matched with {action = "GetItem", controller = "Items"}. Executing controller action with signature System.Threading.Tasks.Task`1[Microsoft.AspNetCore.Mvc.ActionResult`1[System.Collections.Generic.IEnumerable`1[FortalezaServer.Models.Item]]] GetItem(Boolean, Boolean, Boolean, System.String) on controller FortalezaServer.Controllers.ItemsController (FortalezaServer).
2021-05-20 14:57:25.281 -03:00 [INF] Entity Framework Core 3.1.10 initialized 'fortalezaitdbContext' using provider 'MySql.Data.EntityFrameworkCore' with options: None
2021-05-20 14:57:25.284 -03:00 [INF] Executed DbCommand (0ms) [Parameters=[], CommandType='"Text"', CommandTimeout='30']
SELECT `i`.`iditem`, `i`.`atacado`, `i`.`codigo_barras`, `i`.`descricao`, `i`.`disponivel`, `i`.`estoque`, `i`.`estoque_minimo`, `i`.`imagem`, `i`.`permite_combo`, `i`.`quantidade_atacado`, `i`.`tipo`, `i`.`unidade`, `i`.`unidade_inteira`, `i`.`valor`, `i`.`valor_atacado`, `i`.`visivel`
FROM `item` AS `i`
WHERE `i`.`visivel` = 1
2021-05-20 14:57:25.288 -03:00 [INF] Executing ObjectResult, writing value of type 'System.Collections.Generic.List`1[[FortalezaServer.Models.Item, FortalezaServer, Version=1.0.0.0, Culture=neutral, PublicKeyToken=null]]'.
2021-05-20 14:57:25.291 -03:00 [INF] Executed action FortalezaServer.Controllers.ItemsController.GetItem (FortalezaServer) in 10.5776ms
2021-05-20 14:57:25.292 -03:00 [INF] Executed endpoint 'FortalezaServer.Controllers.ItemsController.GetItem (FortalezaServer)'
2021-05-20 14:57:25.296 -03:00 [INF] Request finished in 22.1771ms 200 application/json; charset=utf-8
2021-05-20 14:57:30.422 -03:00 [INF] Request starting HTTP/1.1 GET http://localhost:8000/api/fiscal/cfe-test  
2021-05-20 14:57:30.424 -03:00 [INF] Executing endpoint 'FortalezaServer.Controllers.FiscalController.GetCfeTestAsync (FortalezaServer)'
2021-05-20 14:57:30.427 -03:00 [INF] Route matched with {action = "GetCfeTest", controller = "Fiscal"}. Executing controller action with signature Microsoft.AspNetCore.Mvc.ActionResult`1[System.Xml.XmlDocument] GetCfeTestAsync() on controller FortalezaServer.Controllers.FiscalController (FortalezaServer).
2021-05-20 14:57:30.445 -03:00 [INF] Executing ObjectResult, writing value of type 'System.Xml.XmlDocument'.
2021-05-20 14:57:30.461 -03:00 [INF] Executed action FortalezaServer.Controllers.FiscalController.GetCfeTestAsync (FortalezaServer) in 31.1092ms
2021-05-20 14:57:30.463 -03:00 [INF] Executed endpoint 'FortalezaServer.Controllers.FiscalController.GetCfeTestAsync (FortalezaServer)'
2021-05-20 14:57:30.464 -03:00 [INF] Request finished in 41.8783ms 200 application/json; charset=utf-8
2021-05-20 14:57:38.253 -03:00 [INF] Request starting HTTP/1.1 GET http://localhost:8000/api  
2021-05-20 14:57:38.255 -03:00 [INF] Executing endpoint 'FortalezaServer.Controllers.IndexController.Get (FortalezaServer)'
2021-05-20 14:57:38.257 -03:00 [INF] Route matched with {action = "Get", controller = "Index"}. Executing controller action with signature System.String Get() on controller FortalezaServer.Controllers.IndexController (FortalezaServer).
2021-05-20 14:57:38.262 -03:00 [INF] Executing ObjectResult, writing value of type 'System.String'.
2021-05-20 14:57:38.265 -03:00 [INF] Executed action FortalezaServer.Controllers.IndexController.Get (FortalezaServer) in 2.5813ms
2021-05-20 14:57:38.266 -03:00 [INF] Executed endpoint 'FortalezaServer.Controllers.IndexController.Get (FortalezaServer)'
2021-05-20 14:57:38.267 -03:00 [INF] Request finished in 14.4648ms 200 text/plain; charset=utf-8
2021-05-20 14:57:38.283 -03:00 [INF] Request starting HTTP/1.1 GET http://localhost:8000/api/vendas/actions/aberta  
2021-05-20 14:57:38.284 -03:00 [INF] Executing endpoint 'FortalezaServer.Controllers.VendasController.GetVendaAberta (FortalezaServer)'
2021-05-20 14:57:38.285 -03:00 [INF] Route matched with {action = "GetVendaAberta", controller = "Vendas"}. Executing controller action with signature System.Threading.Tasks.Task`1[Microsoft.AspNetCore.Mvc.ActionResult`1[System.Int32]] GetVendaAberta(Int32) on controller FortalezaServer.Controllers.VendasController (FortalezaServer).
2021-05-20 14:57:38.289 -03:00 [INF] Entity Framework Core 3.1.10 initialized 'fortalezaitdbContext' using provider 'MySql.Data.EntityFrameworkCore' with options: None
2021-05-20 14:57:38.292 -03:00 [INF] Executed DbCommand (1ms) [Parameters=[@__tipo_0='?' (DbType = Int32)], CommandType='"Text"', CommandTimeout='30']
SELECT `v`.`idvenda`, `v`.`aberta`, `v`.`acrescimo`, `v`.`desconto`, `v`.`descricao`, `v`.`hora_entrada`, `v`.`hora_fechamento`, `v`.`idcaixa`, `v`.`idcliente`, `v`.`idpdv`, `v`.`idresponsavel`, `v`.`numero_venda`, `v`.`paga`, `v`.`tipo`, `v`.`valor_pago`
FROM `venda` AS `v`
WHERE (`v`.`aberta` = 1) & (`v`.`tipo` = @__tipo_0)
LIMIT 1
2021-05-20 14:57:38.297 -03:00 [INF] Executing ObjectResult, writing value of type 'System.Int32'.
2021-05-20 14:57:38.299 -03:00 [INF] Executed action FortalezaServer.Controllers.VendasController.GetVendaAberta (FortalezaServer) in 10.8646ms
2021-05-20 14:57:38.300 -03:00 [INF] Executed endpoint 'FortalezaServer.Controllers.VendasController.GetVendaAberta (FortalezaServer)'
2021-05-20 14:57:38.303 -03:00 [INF] Request finished in 20.6032ms 200 application/json; charset=utf-8
2021-05-20 14:57:38.339 -03:00 [INF] Request starting HTTP/1.1 GET http://localhost:8000/api/grupos  
2021-05-20 14:57:38.339 -03:00 [INF] Executing endpoint 'FortalezaServer.Controllers.GruposController.GetGrupo (FortalezaServer)'
2021-05-20 14:57:38.341 -03:00 [INF] Route matched with {action = "GetGrupo", controller = "Grupos"}. Executing controller action with signature System.Threading.Tasks.Task`1[Microsoft.AspNetCore.Mvc.ActionResult`1[System.Collections.Generic.IEnumerable`1[FortalezaServer.Models.Grupo]]] GetGrupo() on controller FortalezaServer.Controllers.GruposController (FortalezaServer).
2021-05-20 14:57:38.346 -03:00 [INF] Entity Framework Core 3.1.10 initialized 'fortalezaitdbContext' using provider 'MySql.Data.EntityFrameworkCore' with options: None
2021-05-20 14:57:38.350 -03:00 [INF] Executed DbCommand (0ms) [Parameters=[], CommandType='"Text"', CommandTimeout='30']
SELECT `g`.`idgrupo`, `g`.`descricao`, `g`.`nome`, `g`.`visivel`
FROM `grupo` AS `g`
2021-05-20 14:57:38.354 -03:00 [INF] Executing ObjectResult, writing value of type 'System.Collections.Generic.List`1[[FortalezaServer.Models.Grupo, FortalezaServer, Version=1.0.0.0, Culture=neutral, PublicKeyToken=null]]'.
2021-05-20 14:57:38.357 -03:00 [INF] Executed action FortalezaServer.Controllers.GruposController.GetGrupo (FortalezaServer) in 11.2393ms
2021-05-20 14:57:38.363 -03:00 [INF] Request starting HTTP/1.1 GET http://localhost:8000/api/items  
2021-05-20 14:57:38.364 -03:00 [INF] Executed endpoint 'FortalezaServer.Controllers.GruposController.GetGrupo (FortalezaServer)'
2021-05-20 14:57:38.366 -03:00 [INF] Executing endpoint 'FortalezaServer.Controllers.ItemsController.GetItem (FortalezaServer)'
2021-05-20 14:57:38.372 -03:00 [INF] Request finished in 33.6269ms 200 application/json; charset=utf-8
2021-05-20 14:57:38.375 -03:00 [INF] Route matched with {action = "GetItem", controller = "Items"}. Executing controller action with signature System.Threading.Tasks.Task`1[Microsoft.AspNetCore.Mvc.ActionResult`1[System.Collections.Generic.IEnumerable`1[FortalezaServer.Models.Item]]] GetItem(Boolean, Boolean, Boolean, System.String) on controller FortalezaServer.Controllers.ItemsController (FortalezaServer).
2021-05-20 14:57:38.384 -03:00 [INF] Entity Framework Core 3.1.10 initialized 'fortalezaitdbContext' using provider 'MySql.Data.EntityFrameworkCore' with options: None
2021-05-20 14:57:38.387 -03:00 [INF] Executed DbCommand (0ms) [Parameters=[], CommandType='"Text"', CommandTimeout='30']
SELECT `i`.`iditem`, `i`.`atacado`, `i`.`codigo_barras`, `i`.`descricao`, `i`.`disponivel`, `i`.`estoque`, `i`.`estoque_minimo`, `i`.`imagem`, `i`.`permite_combo`, `i`.`quantidade_atacado`, `i`.`tipo`, `i`.`unidade`, `i`.`unidade_inteira`, `i`.`valor`, `i`.`valor_atacado`, `i`.`visivel`
FROM `item` AS `i`
WHERE `i`.`visivel` = 1
2021-05-20 14:57:38.396 -03:00 [INF] Executing ObjectResult, writing value of type 'System.Collections.Generic.List`1[[FortalezaServer.Models.Item, FortalezaServer, Version=1.0.0.0, Culture=neutral, PublicKeyToken=null]]'.
2021-05-20 14:57:38.401 -03:00 [INF] Executed action FortalezaServer.Controllers.ItemsController.GetItem (FortalezaServer) in 16.9853ms
2021-05-20 14:57:38.404 -03:00 [INF] Executed endpoint 'FortalezaServer.Controllers.ItemsController.GetItem (FortalezaServer)'
2021-05-20 14:57:38.406 -03:00 [INF] Request finished in 42.6205ms 200 application/json; charset=utf-8
2021-05-20 14:57:39.675 -03:00 [INF] Request starting HTTP/1.1 GET http://localhost:8000/api/caixas/actions/aberto?movimentos=true&idnomeCaixa=1  
2021-05-20 14:57:39.676 -03:00 [INF] Executing endpoint 'FortalezaServer.Controllers.CaixasController.GetCaixaAberto (FortalezaServer)'
2021-05-20 14:57:39.682 -03:00 [INF] Route matched with {action = "GetCaixaAberto", controller = "Caixas"}. Executing controller action with signature System.Threading.Tasks.Task`1[Microsoft.AspNetCore.Mvc.ActionResult`1[FortalezaServer.Models.Caixa]] GetCaixaAberto(Int32, Boolean) on controller FortalezaServer.Controllers.CaixasController (FortalezaServer).
2021-05-20 14:57:39.690 -03:00 [INF] Entity Framework Core 3.1.10 initialized 'fortalezaitdbContext' using provider 'MySql.Data.EntityFrameworkCore' with options: None
2021-05-20 14:57:39.720 -03:00 [INF] Executed DbCommand (2ms) [Parameters=[@__idnomeCaixa_0='?' (DbType = Int32)], CommandType='"Text"', CommandTimeout='30']
SELECT `c`.`idcaixa`, `c`.`aberto`, `c`.`idnome_caixa`, `n`.`idnome_caixa`, `n`.`nome`, `a`.`idcaixa`, `a`.`hora`, `a`.`idpdv`, `a`.`idusuario`, `p`.`idpdv`, `p`.`nome`, `u`.`idusuario`, `u`.`cpf`, `u`.`idendereco`, `u`.`login`, `u`.`nome`, `u`.`senha`, `u`.`telefone1`, `u`.`telefone2`
FROM `caixa` AS `c`
INNER JOIN `nome_caixa` AS `n` ON `c`.`idnome_caixa` = `n`.`idnome_caixa`
LEFT JOIN `abertura` AS `a` ON `c`.`idcaixa` = `a`.`idcaixa`
LEFT JOIN `pdv` AS `p` ON `a`.`idpdv` = `p`.`idpdv`
LEFT JOIN `usuario` AS `u` ON `a`.`idusuario` = `u`.`idusuario`
WHERE (`c`.`aberto` = 1) AND (`c`.`idnome_caixa` = @__idnomeCaixa_0)
LIMIT 1
2021-05-20 14:57:39.728 -03:00 [INF] Executing HttpStatusCodeResult, setting HTTP status code 204
2021-05-20 14:57:39.731 -03:00 [INF] Executed action FortalezaServer.Controllers.CaixasController.GetCaixaAberto (FortalezaServer) in 44.4602ms
2021-05-20 14:57:39.733 -03:00 [INF] Executed endpoint 'FortalezaServer.Controllers.CaixasController.GetCaixaAberto (FortalezaServer)'
2021-05-20 14:57:39.734 -03:00 [INF] Request finished in 59.3516ms 204 
2021-05-20 14:57:39.802 -03:00 [INF] Request starting HTTP/1.1 GET http://localhost:8000/api/caixas?filtroData=true&dataInicial=2021-05-13&dataFinal=2021-05-20  
2021-05-20 14:57:39.803 -03:00 [INF] Executing endpoint 'FortalezaServer.Controllers.CaixasController.GetCaixa (FortalezaServer)'
2021-05-20 14:57:39.808 -03:00 [INF] Route matched with {action = "GetCaixa", controller = "Caixas"}. Executing controller action with signature System.Threading.Tasks.Task`1[Microsoft.AspNetCore.Mvc.ActionResult`1[System.Collections.Generic.IEnumerable`1[FortalezaServer.Models.Caixa]]] GetCaixa(Boolean, System.String, System.String) on controller FortalezaServer.Controllers.CaixasController (FortalezaServer).
2021-05-20 14:57:39.816 -03:00 [INF] Entity Framework Core 3.1.10 initialized 'fortalezaitdbContext' using provider 'MySql.Data.EntityFrameworkCore' with options: None
2021-05-20 14:57:39.848 -03:00 [INF] Executed DbCommand (3ms) [Parameters=[@___dataInicial_0='?' (DbType = DateTime), @___dataFinal_1='?' (DbType = DateTime)], CommandType='"Text"', CommandTimeout='30']
SELECT `c`.`idcaixa`, `c`.`aberto`, `c`.`idnome_caixa`, `n`.`idnome_caixa`, `n`.`nome`, `a`.`idcaixa`, `a`.`hora`, `a`.`idpdv`, `a`.`idusuario`, `p`.`idpdv`, `p`.`nome`, `u`.`idusuario`, `u`.`cpf`, `u`.`idendereco`, `u`.`login`, `u`.`nome`, `u`.`senha`, `u`.`telefone1`, `u`.`telefone2`, `f`.`idcaixa`, `f`.`hora`, `f`.`idpdv`, `f`.`idusuario`, `p0`.`idpdv`, `p0`.`nome`, `u0`.`idusuario`, `u0`.`cpf`, `u0`.`idendereco`, `u0`.`login`, `u0`.`nome`, `u0`.`senha`, `u0`.`telefone1`, `u0`.`telefone2`
FROM `caixa` AS `c`
LEFT JOIN `abertura` AS `a` ON `c`.`idcaixa` = `a`.`idcaixa`
INNER JOIN `nome_caixa` AS `n` ON `c`.`idnome_caixa` = `n`.`idnome_caixa`
LEFT JOIN `pdv` AS `p` ON `a`.`idpdv` = `p`.`idpdv`
LEFT JOIN `usuario` AS `u` ON `a`.`idusuario` = `u`.`idusuario`
LEFT JOIN `fechamento` AS `f` ON `c`.`idcaixa` = `f`.`idcaixa`
LEFT JOIN `pdv` AS `p0` ON `f`.`idpdv` = `p0`.`idpdv`
LEFT JOIN `usuario` AS `u0` ON `f`.`idusuario` = `u0`.`idusuario`
WHERE (`a`.`hora` > @___dataInicial_0) & (`a`.`hora` < @___dataFinal_1)
2021-05-20 14:57:39.855 -03:00 [INF] Executing ObjectResult, writing value of type 'System.Collections.Generic.List`1[[FortalezaServer.Models.Caixa, FortalezaServer, Version=1.0.0.0, Culture=neutral, PublicKeyToken=null]]'.
2021-05-20 14:57:39.859 -03:00 [INF] Executed action FortalezaServer.Controllers.CaixasController.GetCaixa (FortalezaServer) in 45.6275ms
2021-05-20 14:57:39.862 -03:00 [INF] Executed endpoint 'FortalezaServer.Controllers.CaixasController.GetCaixa (FortalezaServer)'
2021-05-20 14:57:39.864 -03:00 [INF] Request finished in 61.7798ms 200 application/json; charset=utf-8
2021-05-20 14:57:42.448 -03:00 [INF] Request starting HTTP/1.1 GET http://localhost:8000/api/items?visibleOnly=false  
2021-05-20 14:57:42.450 -03:00 [INF] Executing endpoint 'FortalezaServer.Controllers.ItemsController.GetItem (FortalezaServer)'
2021-05-20 14:57:42.452 -03:00 [INF] Route matched with {action = "GetItem", controller = "Items"}. Executing controller action with signature System.Threading.Tasks.Task`1[Microsoft.AspNetCore.Mvc.ActionResult`1[System.Collections.Generic.IEnumerable`1[FortalezaServer.Models.Item]]] GetItem(Boolean, Boolean, Boolean, System.String) on controller FortalezaServer.Controllers.ItemsController (FortalezaServer).
2021-05-20 14:57:42.461 -03:00 [INF] Entity Framework Core 3.1.10 initialized 'fortalezaitdbContext' using provider 'MySql.Data.EntityFrameworkCore' with options: None
2021-05-20 14:57:42.466 -03:00 [INF] Executed DbCommand (1ms) [Parameters=[], CommandType='"Text"', CommandTimeout='30']
SELECT `i`.`iditem`, `i`.`atacado`, `i`.`codigo_barras`, `i`.`descricao`, `i`.`disponivel`, `i`.`estoque`, `i`.`estoque_minimo`, `i`.`imagem`, `i`.`permite_combo`, `i`.`quantidade_atacado`, `i`.`tipo`, `i`.`unidade`, `i`.`unidade_inteira`, `i`.`valor`, `i`.`valor_atacado`, `i`.`visivel`
FROM `item` AS `i`
WHERE `i`.`visivel` = 1
2021-05-20 14:57:42.473 -03:00 [INF] Executing ObjectResult, writing value of type 'System.Collections.Generic.List`1[[FortalezaServer.Models.Item, FortalezaServer, Version=1.0.0.0, Culture=neutral, PublicKeyToken=null]]'.
2021-05-20 14:57:42.476 -03:00 [INF] Executed action FortalezaServer.Controllers.ItemsController.GetItem (FortalezaServer) in 15.9024ms
2021-05-20 14:57:42.482 -03:00 [INF] Executed endpoint 'FortalezaServer.Controllers.ItemsController.GetItem (FortalezaServer)'
2021-05-20 14:57:42.484 -03:00 [INF] Request finished in 35.2153ms 200 application/json; charset=utf-8
2021-05-20 14:57:57.053 -03:00 [INF] Request starting HTTP/1.1 GET http://localhost:8000/api/items/14?grupos=true&tipo=true&estoqueatual=true  
2021-05-20 14:57:57.054 -03:00 [INF] Executing endpoint 'FortalezaServer.Controllers.ItemsController.GetItem (FortalezaServer)'
2021-05-20 14:57:57.056 -03:00 [INF] Route matched with {action = "GetItem", controller = "Items"}. Executing controller action with signature System.Threading.Tasks.Task`1[Microsoft.AspNetCore.Mvc.ActionResult`1[FortalezaServer.Models.Item]] GetItem(Int32, Boolean, Boolean, Boolean, Boolean) on controller FortalezaServer.Controllers.ItemsController (FortalezaServer).
2021-05-20 14:57:57.060 -03:00 [INF] Entity Framework Core 3.1.10 initialized 'fortalezaitdbContext' using provider 'MySql.Data.EntityFrameworkCore' with options: None
2021-05-20 14:57:57.064 -03:00 [INF] Executed DbCommand (0ms) [Parameters=[@__p_0='?' (DbType = Int32)], CommandType='"Text"', CommandTimeout='30']
SELECT `i`.`iditem`, `i`.`atacado`, `i`.`codigo_barras`, `i`.`descricao`, `i`.`disponivel`, `i`.`estoque`, `i`.`estoque_minimo`, `i`.`imagem`, `i`.`permite_combo`, `i`.`quantidade_atacado`, `i`.`tipo`, `i`.`unidade`, `i`.`unidade_inteira`, `i`.`valor`, `i`.`valor_atacado`, `i`.`visivel`
FROM `item` AS `i`
WHERE `i`.`iditem` = @__p_0
LIMIT 1
2021-05-20 14:57:57.070 -03:00 [INF] Executed DbCommand (0ms) [Parameters=[@__p_0='?' (DbType = Int32)], CommandType='"Text"', CommandTimeout='30']
SELECT `f`.`iditem`, `f`.`aliquota_icms`, `f`.`cest`, `f`.`cfop`, `f`.`cst_icms`, `f`.`ncm`, `f`.`origem`
FROM `fiscal` AS `f`
WHERE `f`.`iditem` = @__p_0
2021-05-20 14:57:57.078 -03:00 [INF] Executed DbCommand (0ms) [Parameters=[@__p_0='?' (DbType = Int32)], CommandType='"Text"', CommandTimeout='30']
SELECT `i`.`iditem`, `i`.`idgrupo`, `g`.`idgrupo`, `g`.`descricao`, `g`.`nome`, `g`.`visivel`
FROM `item_has_grupo` AS `i`
INNER JOIN `grupo` AS `g` ON `i`.`idgrupo` = `g`.`idgrupo`
WHERE `i`.`iditem` = @__p_0
2021-05-20 14:57:57.084 -03:00 [INF] Executed DbCommand (0ms) [Parameters=[@__p_0='?' (DbType = Int32)], CommandType='"Text"', CommandTimeout='30']
SELECT `i`.`iditem`, `i`.`idestoque`, `e`.`idestoque`, `e`.`custo`, `e`.`disponivel`, `e`.`hora_entrada`, `e`.`nota_fiscal`, `e`.`observacao`, `e`.`origem_venda`, `e`.`quantidade`, `e`.`quantidade_disponivel`, `e`.`saida`
FROM `item_has_estoque` AS `i`
INNER JOIN `estoque` AS `e` ON `i`.`idestoque` = `e`.`idestoque`
WHERE (`i`.`iditem` = @__p_0) AND (`e`.`disponivel` = 1)
ORDER BY `e`.`hora_entrada`
2021-05-20 14:57:57.090 -03:00 [INF] Executing ObjectResult, writing value of type 'FortalezaServer.Models.Item'.
2021-05-20 14:57:57.091 -03:00 [INF] Executed action FortalezaServer.Controllers.ItemsController.GetItem (FortalezaServer) in 31.2717ms
2021-05-20 14:57:57.092 -03:00 [INF] Executed endpoint 'FortalezaServer.Controllers.ItemsController.GetItem (FortalezaServer)'
2021-05-20 14:57:57.094 -03:00 [INF] Request finished in 40.7856ms 200 application/json; charset=utf-8
2021-05-20 14:58:00.701 -03:00 [INF] Request starting HTTP/1.1 GET http://localhost:8000/api/items?visibleOnly=false  
2021-05-20 14:58:00.704 -03:00 [INF] Executing endpoint 'FortalezaServer.Controllers.ItemsController.GetItem (FortalezaServer)'
2021-05-20 14:58:00.706 -03:00 [INF] Route matched with {action = "GetItem", controller = "Items"}. Executing controller action with signature System.Threading.Tasks.Task`1[Microsoft.AspNetCore.Mvc.ActionResult`1[System.Collections.Generic.IEnumerable`1[FortalezaServer.Models.Item]]] GetItem(Boolean, Boolean, Boolean, System.String) on controller FortalezaServer.Controllers.ItemsController (FortalezaServer).
2021-05-20 14:58:00.714 -03:00 [INF] Entity Framework Core 3.1.10 initialized 'fortalezaitdbContext' using provider 'MySql.Data.EntityFrameworkCore' with options: None
2021-05-20 14:58:00.718 -03:00 [INF] Executed DbCommand (0ms) [Parameters=[], CommandType='"Text"', CommandTimeout='30']
SELECT `i`.`iditem`, `i`.`atacado`, `i`.`codigo_barras`, `i`.`descricao`, `i`.`disponivel`, `i`.`estoque`, `i`.`estoque_minimo`, `i`.`imagem`, `i`.`permite_combo`, `i`.`quantidade_atacado`, `i`.`tipo`, `i`.`unidade`, `i`.`unidade_inteira`, `i`.`valor`, `i`.`valor_atacado`, `i`.`visivel`
FROM `item` AS `i`
WHERE `i`.`visivel` = 1
2021-05-20 14:58:00.731 -03:00 [INF] Executing ObjectResult, writing value of type 'System.Collections.Generic.List`1[[FortalezaServer.Models.Item, FortalezaServer, Version=1.0.0.0, Culture=neutral, PublicKeyToken=null]]'.
2021-05-20 14:58:00.734 -03:00 [INF] Executed action FortalezaServer.Controllers.ItemsController.GetItem (FortalezaServer) in 20.2057ms
2021-05-20 14:58:00.736 -03:00 [INF] Executed endpoint 'FortalezaServer.Controllers.ItemsController.GetItem (FortalezaServer)'
2021-05-20 14:58:00.737 -03:00 [INF] Request finished in 36.0687ms 200 application/json; charset=utf-8
2021-05-20 14:58:12.675 -03:00 [INF] Request starting HTTP/1.1 GET http://localhost:8000/api/items  
2021-05-20 14:58:12.677 -03:00 [INF] Executing endpoint 'FortalezaServer.Controllers.ItemsController.GetItem (FortalezaServer)'
2021-05-20 14:58:12.680 -03:00 [INF] Route matched with {action = "GetItem", controller = "Items"}. Executing controller action with signature System.Threading.Tasks.Task`1[Microsoft.AspNetCore.Mvc.ActionResult`1[System.Collections.Generic.IEnumerable`1[FortalezaServer.Models.Item]]] GetItem(Boolean, Boolean, Boolean, System.String) on controller FortalezaServer.Controllers.ItemsController (FortalezaServer).
2021-05-20 14:58:12.686 -03:00 [INF] Entity Framework Core 3.1.10 initialized 'fortalezaitdbContext' using provider 'MySql.Data.EntityFrameworkCore' with options: None
2021-05-20 14:58:12.689 -03:00 [INF] Executed DbCommand (1ms) [Parameters=[], CommandType='"Text"', CommandTimeout='30']
SELECT `i`.`iditem`, `i`.`atacado`, `i`.`codigo_barras`, `i`.`descricao`, `i`.`disponivel`, `i`.`estoque`, `i`.`estoque_minimo`, `i`.`imagem`, `i`.`permite_combo`, `i`.`quantidade_atacado`, `i`.`tipo`, `i`.`unidade`, `i`.`unidade_inteira`, `i`.`valor`, `i`.`valor_atacado`, `i`.`visivel`
FROM `item` AS `i`
WHERE `i`.`visivel` = 1
2021-05-20 14:58:12.705 -03:00 [INF] Executing ObjectResult, writing value of type 'System.Collections.Generic.List`1[[FortalezaServer.Models.Item, FortalezaServer, Version=1.0.0.0, Culture=neutral, PublicKeyToken=null]]'.
2021-05-20 14:58:12.708 -03:00 [INF] Executed action FortalezaServer.Controllers.ItemsController.GetItem (FortalezaServer) in 21.4629ms
2021-05-20 14:58:12.712 -03:00 [INF] Executed endpoint 'FortalezaServer.Controllers.ItemsController.GetItem (FortalezaServer)'
2021-05-20 14:58:12.715 -03:00 [INF] Request finished in 39.7204ms 200 application/json; charset=utf-8
