2021-02-03 12:57:26.481 -03:00 [INF] Starting web host
2021-02-03 12:57:27.862 -03:00 [INF] Now listening on: http://[::]:8000
2021-02-03 12:57:27.868 -03:00 [INF] Application started. Press Ctrl+C to shut down.
2021-02-03 12:57:27.869 -03:00 [INF] Hosting environment: Development
2021-02-03 12:57:27.869 -03:00 [INF] Content root path: C:\Users\felip\source\repos\FortalezaServer
2021-02-03 12:57:29.415 -03:00 [INF] Request starting HTTP/1.1 GET http://localhost:8000/api/status  
2021-02-03 12:57:29.464 -03:00 [INF] Executing endpoint 'FortalezaServer.Controllers.IndexController.GetStatus (FortalezaServer)'
2021-02-03 12:57:29.515 -03:00 [INF] Route matched with {action = "GetStatus", controller = "Index"}. Executing controller action with signature System.Threading.Tasks.Task`1[Microsoft.AspNetCore.Mvc.ActionResult`1[FortalezaServer.Controllers.IndexController+Status]] GetStatus() on controller FortalezaServer.Controllers.IndexController (FortalezaServer).
2021-02-03 12:57:30.469 -03:00 [INF] Entity Framework Core 3.1.10 initialized 'fortalezaitdbContext' using provider 'MySql.Data.EntityFrameworkCore' with options: None
2021-02-03 12:57:30.937 -03:00 [INF] Executing ObjectResult, writing value of type 'FortalezaServer.Controllers.IndexController+Status'.
2021-02-03 12:57:31.084 -03:00 [INF] Executed action FortalezaServer.Controllers.IndexController.GetStatus (FortalezaServer) in 1558.2903ms
2021-02-03 12:57:31.089 -03:00 [INF] Executed endpoint 'FortalezaServer.Controllers.IndexController.GetStatus (FortalezaServer)'
2021-02-03 12:57:31.104 -03:00 [INF] Request finished in 1692.3887ms 200 application/json; charset=utf-8
2021-02-03 12:57:33.219 -03:00 [INF] Request starting HTTP/1.1 GET http://localhost:8000/api  
2021-02-03 12:57:33.222 -03:00 [INF] Executing endpoint 'FortalezaServer.Controllers.IndexController.Get (FortalezaServer)'
2021-02-03 12:57:33.226 -03:00 [INF] Route matched with {action = "Get", controller = "Index"}. Executing controller action with signature System.String Get() on controller FortalezaServer.Controllers.IndexController (FortalezaServer).
2021-02-03 12:57:33.230 -03:00 [INF] Executing ObjectResult, writing value of type 'System.String'.
2021-02-03 12:57:33.232 -03:00 [INF] Executed action FortalezaServer.Controllers.IndexController.Get (FortalezaServer) in 3.5848ms
2021-02-03 12:57:33.233 -03:00 [INF] Executed endpoint 'FortalezaServer.Controllers.IndexController.Get (FortalezaServer)'
2021-02-03 12:57:33.235 -03:00 [INF] Request finished in 15.4346ms 200 text/plain; charset=utf-8
2021-02-03 12:57:33.267 -03:00 [INF] Request starting HTTP/1.1 GET http://localhost:8000/api  
2021-02-03 12:57:33.268 -03:00 [INF] Executing endpoint 'FortalezaServer.Controllers.IndexController.Get (FortalezaServer)'
2021-02-03 12:57:33.269 -03:00 [INF] Route matched with {action = "Get", controller = "Index"}. Executing controller action with signature System.String Get() on controller FortalezaServer.Controllers.IndexController (FortalezaServer).
2021-02-03 12:57:33.272 -03:00 [INF] Executing ObjectResult, writing value of type 'System.String'.
2021-02-03 12:57:33.273 -03:00 [INF] Executed action FortalezaServer.Controllers.IndexController.Get (FortalezaServer) in 2.261ms
2021-02-03 12:57:33.275 -03:00 [INF] Executed endpoint 'FortalezaServer.Controllers.IndexController.Get (FortalezaServer)'
2021-02-03 12:57:33.279 -03:00 [INF] Request finished in 11.8722ms 200 text/plain; charset=utf-8
2021-02-03 12:57:33.328 -03:00 [INF] Request starting HTTP/1.1 GET http://localhost:8000/api/vendas/actions/aberta  
2021-02-03 12:57:33.332 -03:00 [INF] Executing endpoint 'FortalezaServer.Controllers.VendasController.GetVendaAberta (FortalezaServer)'
2021-02-03 12:57:33.343 -03:00 [INF] Route matched with {action = "GetVendaAberta", controller = "Vendas"}. Executing controller action with signature System.Threading.Tasks.Task`1[Microsoft.AspNetCore.Mvc.ActionResult`1[System.Int32]] GetVendaAberta(Int32) on controller FortalezaServer.Controllers.VendasController (FortalezaServer).
2021-02-03 12:57:33.371 -03:00 [INF] Entity Framework Core 3.1.10 initialized 'fortalezaitdbContext' using provider 'MySql.Data.EntityFrameworkCore' with options: None
2021-02-03 12:57:33.485 -03:00 [INF] Request starting HTTP/1.1 GET http://localhost:8000/api/grupos  
2021-02-03 12:57:33.486 -03:00 [INF] Executing endpoint 'FortalezaServer.Controllers.GruposController.GetGrupo (FortalezaServer)'
2021-02-03 12:57:33.493 -03:00 [INF] Route matched with {action = "GetGrupo", controller = "Grupos"}. Executing controller action with signature System.Threading.Tasks.Task`1[Microsoft.AspNetCore.Mvc.ActionResult`1[System.Collections.Generic.IEnumerable`1[FortalezaServer.Models.Grupo]]] GetGrupo() on controller FortalezaServer.Controllers.GruposController (FortalezaServer).
2021-02-03 12:57:33.540 -03:00 [INF] Entity Framework Core 3.1.10 initialized 'fortalezaitdbContext' using provider 'MySql.Data.EntityFrameworkCore' with options: None
2021-02-03 12:57:33.627 -03:00 [INF] Executed DbCommand (1ms) [Parameters=[], CommandType='"Text"', CommandTimeout='30']
SELECT `g`.`idgrupo`, `g`.`descricao`, `g`.`nome`, `g`.`visivel`
FROM `grupo` AS `g`
2021-02-03 12:57:33.627 -03:00 [INF] Executed DbCommand (5ms) [Parameters=[@__tipo_0='?' (DbType = Int32)], CommandType='"Text"', CommandTimeout='30']
SELECT `v`.`idvenda`, `v`.`aberta`, `v`.`acrescimo`, `v`.`desconto`, `v`.`descricao`, `v`.`hora_entrada`, `v`.`hora_fechamento`, `v`.`idcaixa`, `v`.`idcliente`, `v`.`idpdv`, `v`.`idresponsavel`, `v`.`numero_venda`, `v`.`paga`, `v`.`tipo`, `v`.`valor_pago`
FROM `venda` AS `v`
WHERE (`v`.`aberta` = 1) & (`v`.`tipo` = @__tipo_0)
LIMIT 1
2021-02-03 12:57:33.681 -03:00 [INF] Executing ObjectResult, writing value of type 'System.Collections.Generic.List`1[[FortalezaServer.Models.Grupo, FortalezaServer, Version=1.0.0.0, Culture=neutral, PublicKeyToken=null]]'.
2021-02-03 12:57:33.685 -03:00 [INF] Executing ObjectResult, writing value of type 'System.Int32'.
2021-02-03 12:57:33.699 -03:00 [INF] Executed action FortalezaServer.Controllers.VendasController.GetVendaAberta (FortalezaServer) in 352.0608ms
2021-02-03 12:57:33.702 -03:00 [INF] Executed endpoint 'FortalezaServer.Controllers.VendasController.GetVendaAberta (FortalezaServer)'
2021-02-03 12:57:33.704 -03:00 [INF] Request finished in 376.7222ms 200 application/json; charset=utf-8
2021-02-03 12:57:33.708 -03:00 [INF] Executed action FortalezaServer.Controllers.GruposController.GetGrupo (FortalezaServer) in 205.3661ms
2021-02-03 12:57:33.712 -03:00 [INF] Request starting HTTP/1.1 GET http://localhost:8000/api/vendas/1?itemvendas=true  
2021-02-03 12:57:33.713 -03:00 [INF] Executed endpoint 'FortalezaServer.Controllers.GruposController.GetGrupo (FortalezaServer)'
2021-02-03 12:57:33.714 -03:00 [INF] Executing endpoint 'FortalezaServer.Controllers.VendasController.GetVenda (FortalezaServer)'
2021-02-03 12:57:33.716 -03:00 [INF] Request finished in 231.4614ms 200 application/json; charset=utf-8
2021-02-03 12:57:33.722 -03:00 [INF] Route matched with {action = "GetVenda", controller = "Vendas"}. Executing controller action with signature System.Threading.Tasks.Task`1[Microsoft.AspNetCore.Mvc.ActionResult`1[FortalezaServer.Models.Venda]] GetVenda(Int32, Boolean, Boolean, Boolean) on controller FortalezaServer.Controllers.VendasController (FortalezaServer).
2021-02-03 12:57:33.731 -03:00 [INF] Entity Framework Core 3.1.10 initialized 'fortalezaitdbContext' using provider 'MySql.Data.EntityFrameworkCore' with options: None
2021-02-03 12:57:33.739 -03:00 [INF] Request starting HTTP/1.1 GET http://localhost:8000/api/items  
2021-02-03 12:57:33.741 -03:00 [INF] Executing endpoint 'FortalezaServer.Controllers.ItemsController.GetItem (FortalezaServer)'
2021-02-03 12:57:33.746 -03:00 [INF] Route matched with {action = "GetItem", controller = "Items"}. Executing controller action with signature System.Threading.Tasks.Task`1[Microsoft.AspNetCore.Mvc.ActionResult`1[System.Collections.Generic.IEnumerable`1[FortalezaServer.Models.Item]]] GetItem(Boolean, Boolean, Boolean) on controller FortalezaServer.Controllers.ItemsController (FortalezaServer).
2021-02-03 12:57:33.750 -03:00 [INF] Executed DbCommand (1ms) [Parameters=[@__p_0='?' (DbType = Int32)], CommandType='"Text"', CommandTimeout='30']
SELECT `v`.`idvenda`, `v`.`aberta`, `v`.`acrescimo`, `v`.`desconto`, `v`.`descricao`, `v`.`hora_entrada`, `v`.`hora_fechamento`, `v`.`idcaixa`, `v`.`idcliente`, `v`.`idpdv`, `v`.`idresponsavel`, `v`.`numero_venda`, `v`.`paga`, `v`.`tipo`, `v`.`valor_pago`
FROM `venda` AS `v`
WHERE `v`.`idvenda` = @__p_0
LIMIT 1
2021-02-03 12:57:33.753 -03:00 [INF] Entity Framework Core 3.1.10 initialized 'fortalezaitdbContext' using provider 'MySql.Data.EntityFrameworkCore' with options: None
2021-02-03 12:57:33.770 -03:00 [INF] Executed DbCommand (1ms) [Parameters=[], CommandType='"Text"', CommandTimeout='30']
SELECT `i`.`iditem`, `i`.`atacado`, `i`.`codigo_barras`, `i`.`descricao`, `i`.`disponivel`, `i`.`estoque`, `i`.`estoque_minimo`, `i`.`imagem`, `i`.`permite_combo`, `i`.`quantidade_atacado`, `i`.`tipo`, `i`.`unidade`, `i`.`unidade_inteira`, `i`.`valor`, `i`.`valor_atacado`, `i`.`visivel`
FROM `item` AS `i`
WHERE `i`.`visivel` = 1
2021-02-03 12:57:33.809 -03:00 [INF] Executing ObjectResult, writing value of type 'System.Collections.Generic.List`1[[FortalezaServer.Models.Item, FortalezaServer, Version=1.0.0.0, Culture=neutral, PublicKeyToken=null]]'.
2021-02-03 12:57:33.834 -03:00 [INF] Executed action FortalezaServer.Controllers.ItemsController.GetItem (FortalezaServer) in 83.0549ms
2021-02-03 12:57:33.834 -03:00 [INF] Executed DbCommand (1ms) [Parameters=[@__p_0='?' (DbType = Int32)], CommandType='"Text"', CommandTimeout='30']
SELECT `i`.`iditem_venda`, `i`.`cancelado`, `i`.`custo`, `i`.`iditem`, `i`.`idvenda`, `i`.`indice`, `i`.`quantidade`, `i`.`valor`, `i0`.`iditem`, `i0`.`atacado`, `i0`.`codigo_barras`, `i0`.`descricao`, `i0`.`disponivel`, `i0`.`estoque`, `i0`.`estoque_minimo`, `i0`.`imagem`, `i0`.`permite_combo`, `i0`.`quantidade_atacado`, `i0`.`tipo`, `i0`.`unidade`, `i0`.`unidade_inteira`, `i0`.`valor`, `i0`.`valor_atacado`, `i0`.`visivel`
FROM `item_venda` AS `i`
INNER JOIN `item` AS `i0` ON `i`.`iditem` = `i0`.`iditem`
WHERE `i`.`idvenda` = @__p_0
2021-02-03 12:57:33.835 -03:00 [INF] Executed endpoint 'FortalezaServer.Controllers.ItemsController.GetItem (FortalezaServer)'
2021-02-03 12:57:33.844 -03:00 [INF] Request finished in 105.1676ms 200 application/json; charset=utf-8
2021-02-03 12:57:33.862 -03:00 [INF] Executing ObjectResult, writing value of type 'FortalezaServer.Models.Venda'.
2021-02-03 12:57:33.888 -03:00 [INF] Executed action FortalezaServer.Controllers.VendasController.GetVenda (FortalezaServer) in 163.2349ms
2021-02-03 12:57:33.890 -03:00 [INF] Executed endpoint 'FortalezaServer.Controllers.VendasController.GetVenda (FortalezaServer)'
2021-02-03 12:57:33.894 -03:00 [INF] Request finished in 181.6103ms 200 application/json; charset=utf-8
2021-02-03 12:57:42.594 -03:00 [INF] Request starting HTTP/1.1 GET http://localhost:8000/api/vendas/1?pagamentos=true  
2021-02-03 12:57:42.596 -03:00 [INF] Executing endpoint 'FortalezaServer.Controllers.VendasController.GetVenda (FortalezaServer)'
2021-02-03 12:57:42.598 -03:00 [INF] Route matched with {action = "GetVenda", controller = "Vendas"}. Executing controller action with signature System.Threading.Tasks.Task`1[Microsoft.AspNetCore.Mvc.ActionResult`1[FortalezaServer.Models.Venda]] GetVenda(Int32, Boolean, Boolean, Boolean) on controller FortalezaServer.Controllers.VendasController (FortalezaServer).
2021-02-03 12:57:42.603 -03:00 [INF] Entity Framework Core 3.1.10 initialized 'fortalezaitdbContext' using provider 'MySql.Data.EntityFrameworkCore' with options: None
2021-02-03 12:57:42.614 -03:00 [INF] Executed DbCommand (1ms) [Parameters=[@__p_0='?' (DbType = Int32)], CommandType='"Text"', CommandTimeout='30']
SELECT `v`.`idvenda`, `v`.`aberta`, `v`.`acrescimo`, `v`.`desconto`, `v`.`descricao`, `v`.`hora_entrada`, `v`.`hora_fechamento`, `v`.`idcaixa`, `v`.`idcliente`, `v`.`idpdv`, `v`.`idresponsavel`, `v`.`numero_venda`, `v`.`paga`, `v`.`tipo`, `v`.`valor_pago`
FROM `venda` AS `v`
WHERE `v`.`idvenda` = @__p_0
LIMIT 1
2021-02-03 12:57:42.626 -03:00 [INF] Executed DbCommand (0ms) [Parameters=[@__p_0='?' (DbType = Int32)], CommandType='"Text"', CommandTimeout='30']
SELECT `i`.`iditem_venda`, `i`.`cancelado`, `i`.`custo`, `i`.`iditem`, `i`.`idvenda`, `i`.`indice`, `i`.`quantidade`, `i`.`valor`
FROM `item_venda` AS `i`
WHERE `i`.`idvenda` = @__p_0
2021-02-03 12:57:42.647 -03:00 [INF] Executed DbCommand (1ms) [Parameters=[@__p_0='?' (DbType = Int32)], CommandType='"Text"', CommandTimeout='30']
SELECT `p`.`idvenda`, `p`.`idmovimento`, `m`.`idmovimento`, `m`.`descricao`, `m`.`hora_entrada`, `m`.`idbandeira`, `m`.`idcaixa`, `m`.`idforma_pagamento`, `m`.`idpdv`, `m`.`idusuario`, `m`.`tipo`, `m`.`valor`, `f`.`idforma_pagamento`, `f`.`bandeira`, `f`.`debitar_cliente`, `f`.`debito`, `f`.`gerar_contas_receber`, `f`.`nome`, `f`.`ordem`
FROM `pagamento` AS `p`
INNER JOIN `movimento` AS `m` ON `p`.`idmovimento` = `m`.`idmovimento`
LEFT JOIN `forma_pagamento` AS `f` ON `m`.`idforma_pagamento` = `f`.`idforma_pagamento`
WHERE `p`.`idvenda` = @__p_0
2021-02-03 12:57:42.652 -03:00 [INF] Executing ObjectResult, writing value of type 'FortalezaServer.Models.Venda'.
2021-02-03 12:57:42.653 -03:00 [INF] Executed action FortalezaServer.Controllers.VendasController.GetVenda (FortalezaServer) in 52.0563ms
2021-02-03 12:57:42.655 -03:00 [INF] Executed endpoint 'FortalezaServer.Controllers.VendasController.GetVenda (FortalezaServer)'
2021-02-03 12:57:42.657 -03:00 [INF] Request finished in 62.9342ms 200 application/json; charset=utf-8
2021-02-03 12:57:42.734 -03:00 [INF] Request starting HTTP/1.1 GET http://localhost:8000/api/caixas/actions/aberto?idnomeCaixa=1  
2021-02-03 12:57:42.735 -03:00 [INF] Executing endpoint 'FortalezaServer.Controllers.CaixasController.GetCaixaAberto (FortalezaServer)'
2021-02-03 12:57:42.750 -03:00 [INF] Route matched with {action = "GetCaixaAberto", controller = "Caixas"}. Executing controller action with signature System.Threading.Tasks.Task`1[Microsoft.AspNetCore.Mvc.ActionResult`1[FortalezaServer.Models.Caixa]] GetCaixaAberto(Int32, Boolean) on controller FortalezaServer.Controllers.CaixasController (FortalezaServer).
2021-02-03 12:57:42.765 -03:00 [INF] Entity Framework Core 3.1.10 initialized 'fortalezaitdbContext' using provider 'MySql.Data.EntityFrameworkCore' with options: None
2021-02-03 12:57:42.788 -03:00 [INF] Executed DbCommand (1ms) [Parameters=[@__idnomeCaixa_0='?' (DbType = Int32)], CommandType='"Text"', CommandTimeout='30']
SELECT `c`.`idcaixa`, `c`.`aberto`, `c`.`idnome_caixa`, `n`.`idnome_caixa`, `n`.`nome`, `a`.`idcaixa`, `a`.`hora`, `a`.`idpdv`, `a`.`idusuario`, `p`.`idpdv`, `p`.`nome`, `u`.`idusuario`, `u`.`cpf`, `u`.`idendereco`, `u`.`login`, `u`.`nome`, `u`.`senha`, `u`.`telefone1`, `u`.`telefone2`
FROM `caixa` AS `c`
INNER JOIN `nome_caixa` AS `n` ON `c`.`idnome_caixa` = `n`.`idnome_caixa`
LEFT JOIN `abertura` AS `a` ON `c`.`idcaixa` = `a`.`idcaixa`
LEFT JOIN `pdv` AS `p` ON `a`.`idpdv` = `p`.`idpdv`
LEFT JOIN `usuario` AS `u` ON `a`.`idusuario` = `u`.`idusuario`
WHERE (`c`.`aberto` = 1) AND (`c`.`idnome_caixa` = @__idnomeCaixa_0)
LIMIT 1
2021-02-03 12:57:42.799 -03:00 [INF] Executing HttpStatusCodeResult, setting HTTP status code 204
2021-02-03 12:57:42.800 -03:00 [INF] Executed action FortalezaServer.Controllers.CaixasController.GetCaixaAberto (FortalezaServer) in 44.4186ms
2021-02-03 12:57:42.802 -03:00 [INF] Executed endpoint 'FortalezaServer.Controllers.CaixasController.GetCaixaAberto (FortalezaServer)'
2021-02-03 12:57:42.803 -03:00 [INF] Request finished in 69.4378ms 204 
2021-02-03 12:57:44.805 -03:00 [INF] Request starting HTTP/1.1 GET http://localhost:8000/api/formapagamentos  
2021-02-03 12:57:44.807 -03:00 [INF] Executing endpoint 'FortalezaServer.Controllers.FormaPagamentosController.GetFormaPagamento (FortalezaServer)'
2021-02-03 12:57:44.814 -03:00 [INF] Route matched with {action = "GetFormaPagamento", controller = "FormaPagamentos"}. Executing controller action with signature System.Threading.Tasks.Task`1[Microsoft.AspNetCore.Mvc.ActionResult`1[System.Collections.Generic.IEnumerable`1[FortalezaServer.Models.FormaPagamento]]] GetFormaPagamento() on controller FortalezaServer.Controllers.FormaPagamentosController (FortalezaServer).
2021-02-03 12:57:44.820 -03:00 [INF] Entity Framework Core 3.1.10 initialized 'fortalezaitdbContext' using provider 'MySql.Data.EntityFrameworkCore' with options: None
2021-02-03 12:57:44.830 -03:00 [INF] Executed DbCommand (0ms) [Parameters=[], CommandType='"Text"', CommandTimeout='30']
SELECT `f`.`idforma_pagamento`, `f`.`bandeira`, `f`.`debitar_cliente`, `f`.`debito`, `f`.`gerar_contas_receber`, `f`.`nome`, `f`.`ordem`
FROM `forma_pagamento` AS `f`
2021-02-03 12:57:44.840 -03:00 [INF] Executing ObjectResult, writing value of type 'System.Collections.Generic.List`1[[FortalezaServer.Models.FormaPagamento, FortalezaServer, Version=1.0.0.0, Culture=neutral, PublicKeyToken=null]]'.
2021-02-03 12:57:44.847 -03:00 [INF] Executed action FortalezaServer.Controllers.FormaPagamentosController.GetFormaPagamento (FortalezaServer) in 29.1559ms
2021-02-03 12:57:44.849 -03:00 [INF] Executed endpoint 'FortalezaServer.Controllers.FormaPagamentosController.GetFormaPagamento (FortalezaServer)'
2021-02-03 12:57:44.852 -03:00 [INF] Request finished in 47.0596ms 200 application/json; charset=utf-8
2021-02-03 12:57:46.010 -03:00 [INF] Request starting HTTP/1.1 GET http://localhost:8000/api/vendas/1?pagamentos=true  
2021-02-03 12:57:46.012 -03:00 [INF] Executing endpoint 'FortalezaServer.Controllers.VendasController.GetVenda (FortalezaServer)'
2021-02-03 12:57:46.013 -03:00 [INF] Route matched with {action = "GetVenda", controller = "Vendas"}. Executing controller action with signature System.Threading.Tasks.Task`1[Microsoft.AspNetCore.Mvc.ActionResult`1[FortalezaServer.Models.Venda]] GetVenda(Int32, Boolean, Boolean, Boolean) on controller FortalezaServer.Controllers.VendasController (FortalezaServer).
2021-02-03 12:57:46.018 -03:00 [INF] Entity Framework Core 3.1.10 initialized 'fortalezaitdbContext' using provider 'MySql.Data.EntityFrameworkCore' with options: None
2021-02-03 12:57:46.026 -03:00 [INF] Executed DbCommand (2ms) [Parameters=[@__p_0='?' (DbType = Int32)], CommandType='"Text"', CommandTimeout='30']
SELECT `v`.`idvenda`, `v`.`aberta`, `v`.`acrescimo`, `v`.`desconto`, `v`.`descricao`, `v`.`hora_entrada`, `v`.`hora_fechamento`, `v`.`idcaixa`, `v`.`idcliente`, `v`.`idpdv`, `v`.`idresponsavel`, `v`.`numero_venda`, `v`.`paga`, `v`.`tipo`, `v`.`valor_pago`
FROM `venda` AS `v`
WHERE `v`.`idvenda` = @__p_0
LIMIT 1
2021-02-03 12:57:46.035 -03:00 [INF] Executed DbCommand (1ms) [Parameters=[@__p_0='?' (DbType = Int32)], CommandType='"Text"', CommandTimeout='30']
SELECT `i`.`iditem_venda`, `i`.`cancelado`, `i`.`custo`, `i`.`iditem`, `i`.`idvenda`, `i`.`indice`, `i`.`quantidade`, `i`.`valor`
FROM `item_venda` AS `i`
WHERE `i`.`idvenda` = @__p_0
2021-02-03 12:57:46.045 -03:00 [INF] Executed DbCommand (1ms) [Parameters=[@__p_0='?' (DbType = Int32)], CommandType='"Text"', CommandTimeout='30']
SELECT `p`.`idvenda`, `p`.`idmovimento`, `m`.`idmovimento`, `m`.`descricao`, `m`.`hora_entrada`, `m`.`idbandeira`, `m`.`idcaixa`, `m`.`idforma_pagamento`, `m`.`idpdv`, `m`.`idusuario`, `m`.`tipo`, `m`.`valor`, `f`.`idforma_pagamento`, `f`.`bandeira`, `f`.`debitar_cliente`, `f`.`debito`, `f`.`gerar_contas_receber`, `f`.`nome`, `f`.`ordem`
FROM `pagamento` AS `p`
INNER JOIN `movimento` AS `m` ON `p`.`idmovimento` = `m`.`idmovimento`
LEFT JOIN `forma_pagamento` AS `f` ON `m`.`idforma_pagamento` = `f`.`idforma_pagamento`
WHERE `p`.`idvenda` = @__p_0
2021-02-03 12:57:46.051 -03:00 [INF] Executing ObjectResult, writing value of type 'FortalezaServer.Models.Venda'.
2021-02-03 12:57:46.052 -03:00 [INF] Executed action FortalezaServer.Controllers.VendasController.GetVenda (FortalezaServer) in 36.3132ms
2021-02-03 12:57:46.054 -03:00 [INF] Executed endpoint 'FortalezaServer.Controllers.VendasController.GetVenda (FortalezaServer)'
2021-02-03 12:57:46.057 -03:00 [INF] Request finished in 47.3347ms 200 application/json; charset=utf-8
2021-02-03 12:57:46.124 -03:00 [INF] Request starting HTTP/1.1 GET http://localhost:8000/api/caixas/actions/aberto?idnomeCaixa=1  
2021-02-03 12:57:46.127 -03:00 [INF] Executing endpoint 'FortalezaServer.Controllers.CaixasController.GetCaixaAberto (FortalezaServer)'
2021-02-03 12:57:46.131 -03:00 [INF] Route matched with {action = "GetCaixaAberto", controller = "Caixas"}. Executing controller action with signature System.Threading.Tasks.Task`1[Microsoft.AspNetCore.Mvc.ActionResult`1[FortalezaServer.Models.Caixa]] GetCaixaAberto(Int32, Boolean) on controller FortalezaServer.Controllers.CaixasController (FortalezaServer).
2021-02-03 12:57:46.142 -03:00 [INF] Entity Framework Core 3.1.10 initialized 'fortalezaitdbContext' using provider 'MySql.Data.EntityFrameworkCore' with options: None
2021-02-03 12:57:46.149 -03:00 [INF] Executed DbCommand (1ms) [Parameters=[@__idnomeCaixa_0='?' (DbType = Int32)], CommandType='"Text"', CommandTimeout='30']
SELECT `c`.`idcaixa`, `c`.`aberto`, `c`.`idnome_caixa`, `n`.`idnome_caixa`, `n`.`nome`, `a`.`idcaixa`, `a`.`hora`, `a`.`idpdv`, `a`.`idusuario`, `p`.`idpdv`, `p`.`nome`, `u`.`idusuario`, `u`.`cpf`, `u`.`idendereco`, `u`.`login`, `u`.`nome`, `u`.`senha`, `u`.`telefone1`, `u`.`telefone2`
FROM `caixa` AS `c`
INNER JOIN `nome_caixa` AS `n` ON `c`.`idnome_caixa` = `n`.`idnome_caixa`
LEFT JOIN `abertura` AS `a` ON `c`.`idcaixa` = `a`.`idcaixa`
LEFT JOIN `pdv` AS `p` ON `a`.`idpdv` = `p`.`idpdv`
LEFT JOIN `usuario` AS `u` ON `a`.`idusuario` = `u`.`idusuario`
WHERE (`c`.`aberto` = 1) AND (`c`.`idnome_caixa` = @__idnomeCaixa_0)
LIMIT 1
2021-02-03 12:57:46.157 -03:00 [INF] Executing HttpStatusCodeResult, setting HTTP status code 204
2021-02-03 12:57:46.158 -03:00 [INF] Executed action FortalezaServer.Controllers.CaixasController.GetCaixaAberto (FortalezaServer) in 17.8897ms
2021-02-03 12:57:46.166 -03:00 [INF] Executed endpoint 'FortalezaServer.Controllers.CaixasController.GetCaixaAberto (FortalezaServer)'
2021-02-03 12:57:46.170 -03:00 [INF] Request finished in 46.1447ms 204 
2021-02-03 12:57:50.747 -03:00 [INF] Request starting HTTP/1.1 GET http://localhost:8000/api/formapagamentos  
2021-02-03 12:57:50.750 -03:00 [INF] Executing endpoint 'FortalezaServer.Controllers.FormaPagamentosController.GetFormaPagamento (FortalezaServer)'
2021-02-03 12:57:50.753 -03:00 [INF] Route matched with {action = "GetFormaPagamento", controller = "FormaPagamentos"}. Executing controller action with signature System.Threading.Tasks.Task`1[Microsoft.AspNetCore.Mvc.ActionResult`1[System.Collections.Generic.IEnumerable`1[FortalezaServer.Models.FormaPagamento]]] GetFormaPagamento() on controller FortalezaServer.Controllers.FormaPagamentosController (FortalezaServer).
2021-02-03 12:57:50.767 -03:00 [INF] Entity Framework Core 3.1.10 initialized 'fortalezaitdbContext' using provider 'MySql.Data.EntityFrameworkCore' with options: None
2021-02-03 12:57:50.776 -03:00 [INF] Executed DbCommand (1ms) [Parameters=[], CommandType='"Text"', CommandTimeout='30']
SELECT `f`.`idforma_pagamento`, `f`.`bandeira`, `f`.`debitar_cliente`, `f`.`debito`, `f`.`gerar_contas_receber`, `f`.`nome`, `f`.`ordem`
FROM `forma_pagamento` AS `f`
2021-02-03 12:57:50.784 -03:00 [INF] Executing ObjectResult, writing value of type 'System.Collections.Generic.List`1[[FortalezaServer.Models.FormaPagamento, FortalezaServer, Version=1.0.0.0, Culture=neutral, PublicKeyToken=null]]'.
2021-02-03 12:57:50.787 -03:00 [INF] Executed action FortalezaServer.Controllers.FormaPagamentosController.GetFormaPagamento (FortalezaServer) in 21.9935ms
2021-02-03 12:57:50.790 -03:00 [INF] Executed endpoint 'FortalezaServer.Controllers.FormaPagamentosController.GetFormaPagamento (FortalezaServer)'
2021-02-03 12:57:50.792 -03:00 [INF] Request finished in 46.0755ms 200 application/json; charset=utf-8
