2021-02-14 22:45:49.798 -03:00 [INF] Starting web host
2021-02-14 22:45:51.601 -03:00 [INF] Now listening on: http://[::]:8000
2021-02-14 22:45:51.606 -03:00 [INF] Application started. Press Ctrl+C to shut down.
2021-02-14 22:45:51.607 -03:00 [INF] Hosting environment: Development
2021-02-14 22:45:51.608 -03:00 [INF] Content root path: C:\Users\felip\source\repos\FortalezaServer
2021-02-14 22:45:52.992 -03:00 [INF] Request starting HTTP/1.1 GET http://localhost:8000/api/status  
2021-02-14 22:45:53.095 -03:00 [INF] Executing endpoint 'FortalezaServer.Controllers.IndexController.GetStatus (FortalezaServer)'
2021-02-14 22:45:53.168 -03:00 [INF] Route matched with {action = "GetStatus", controller = "Index"}. Executing controller action with signature System.Threading.Tasks.Task`1[Microsoft.AspNetCore.Mvc.ActionResult`1[FortalezaServer.Controllers.IndexController+Status]] GetStatus() on controller FortalezaServer.Controllers.IndexController (FortalezaServer).
2021-02-14 22:45:54.744 -03:00 [INF] Entity Framework Core 3.1.10 initialized 'fortalezaitdbContext' using provider 'MySql.Data.EntityFrameworkCore' with options: None
2021-02-14 22:45:55.238 -03:00 [INF] Executing ObjectResult, writing value of type 'FortalezaServer.Controllers.IndexController+Status'.
2021-02-14 22:45:55.401 -03:00 [INF] Executed action FortalezaServer.Controllers.IndexController.GetStatus (FortalezaServer) in 2221.1906ms
2021-02-14 22:45:55.419 -03:00 [INF] Executed endpoint 'FortalezaServer.Controllers.IndexController.GetStatus (FortalezaServer)'
2021-02-14 22:45:55.440 -03:00 [INF] Request finished in 2452.4199ms 200 application/json; charset=utf-8
2021-02-14 22:47:03.305 -03:00 [INF] Request starting HTTP/1.1 GET http://localhost:8000/api  
2021-02-14 22:47:03.310 -03:00 [INF] Executing endpoint 'FortalezaServer.Controllers.IndexController.Get (FortalezaServer)'
2021-02-14 22:47:03.336 -03:00 [INF] Route matched with {action = "Get", controller = "Index"}. Executing controller action with signature System.String Get() on controller FortalezaServer.Controllers.IndexController (FortalezaServer).
2021-02-14 22:47:03.343 -03:00 [INF] Executing ObjectResult, writing value of type 'System.String'.
2021-02-14 22:47:03.346 -03:00 [INF] Executed action FortalezaServer.Controllers.IndexController.Get (FortalezaServer) in 8.8231ms
2021-02-14 22:47:03.348 -03:00 [INF] Executed endpoint 'FortalezaServer.Controllers.IndexController.Get (FortalezaServer)'
2021-02-14 22:47:03.350 -03:00 [INF] Request finished in 44.4569ms 200 text/plain; charset=utf-8
2021-02-14 22:47:03.396 -03:00 [INF] Request starting HTTP/1.1 GET http://localhost:8000/api  
2021-02-14 22:47:03.397 -03:00 [INF] Executing endpoint 'FortalezaServer.Controllers.IndexController.Get (FortalezaServer)'
2021-02-14 22:47:03.399 -03:00 [INF] Route matched with {action = "Get", controller = "Index"}. Executing controller action with signature System.String Get() on controller FortalezaServer.Controllers.IndexController (FortalezaServer).
2021-02-14 22:47:03.405 -03:00 [INF] Executing ObjectResult, writing value of type 'System.String'.
2021-02-14 22:47:03.407 -03:00 [INF] Executed action FortalezaServer.Controllers.IndexController.Get (FortalezaServer) in 3.797ms
2021-02-14 22:47:03.409 -03:00 [INF] Executed endpoint 'FortalezaServer.Controllers.IndexController.Get (FortalezaServer)'
2021-02-14 22:47:03.411 -03:00 [INF] Request finished in 14.7967ms 200 text/plain; charset=utf-8
2021-02-14 22:47:03.490 -03:00 [INF] Request starting HTTP/1.1 GET http://localhost:8000/api/vendas/actions/aberta  
2021-02-14 22:47:03.494 -03:00 [INF] Executing endpoint 'FortalezaServer.Controllers.VendasController.GetVendaAberta (FortalezaServer)'
2021-02-14 22:47:03.506 -03:00 [INF] Route matched with {action = "GetVendaAberta", controller = "Vendas"}. Executing controller action with signature System.Threading.Tasks.Task`1[Microsoft.AspNetCore.Mvc.ActionResult`1[System.Int32]] GetVendaAberta(Int32) on controller FortalezaServer.Controllers.VendasController (FortalezaServer).
2021-02-14 22:47:03.539 -03:00 [INF] Entity Framework Core 3.1.10 initialized 'fortalezaitdbContext' using provider 'MySql.Data.EntityFrameworkCore' with options: None
2021-02-14 22:47:03.677 -03:00 [INF] Request starting HTTP/1.1 GET http://localhost:8000/api/grupos  
2021-02-14 22:47:03.683 -03:00 [INF] Executing endpoint 'FortalezaServer.Controllers.GruposController.GetGrupo (FortalezaServer)'
2021-02-14 22:47:03.688 -03:00 [INF] Route matched with {action = "GetGrupo", controller = "Grupos"}. Executing controller action with signature System.Threading.Tasks.Task`1[Microsoft.AspNetCore.Mvc.ActionResult`1[System.Collections.Generic.IEnumerable`1[FortalezaServer.Models.Grupo]]] GetGrupo() on controller FortalezaServer.Controllers.GruposController (FortalezaServer).
2021-02-14 22:47:03.737 -03:00 [INF] Entity Framework Core 3.1.10 initialized 'fortalezaitdbContext' using provider 'MySql.Data.EntityFrameworkCore' with options: None
2021-02-14 22:47:03.876 -03:00 [INF] Executed DbCommand (4ms) [Parameters=[], CommandType='"Text"', CommandTimeout='30']
SELECT `g`.`idgrupo`, `g`.`descricao`, `g`.`nome`, `g`.`visivel`
FROM `grupo` AS `g`
2021-02-14 22:47:03.876 -03:00 [INF] Executed DbCommand (8ms) [Parameters=[@__tipo_0='?' (DbType = Int32)], CommandType='"Text"', CommandTimeout='30']
SELECT `v`.`idvenda`, `v`.`aberta`, `v`.`acrescimo`, `v`.`desconto`, `v`.`descricao`, `v`.`hora_entrada`, `v`.`hora_fechamento`, `v`.`idcaixa`, `v`.`idcliente`, `v`.`idpdv`, `v`.`idresponsavel`, `v`.`numero_venda`, `v`.`paga`, `v`.`tipo`, `v`.`valor_pago`
FROM `venda` AS `v`
WHERE (`v`.`aberta` = 1) & (`v`.`tipo` = @__tipo_0)
LIMIT 1
2021-02-14 22:47:03.911 -03:00 [INF] Executing ObjectResult, writing value of type 'System.Int32'.
2021-02-14 22:47:03.915 -03:00 [INF] Executed action FortalezaServer.Controllers.VendasController.GetVendaAberta (FortalezaServer) in 406.8237ms
2021-02-14 22:47:03.919 -03:00 [INF] Executed endpoint 'FortalezaServer.Controllers.VendasController.GetVendaAberta (FortalezaServer)'
2021-02-14 22:47:03.932 -03:00 [INF] Request finished in 441.4296ms 200 application/json; charset=utf-8
2021-02-14 22:47:03.981 -03:00 [INF] Executing ObjectResult, writing value of type 'System.Collections.Generic.List`1[[FortalezaServer.Models.Grupo, FortalezaServer, Version=1.0.0.0, Culture=neutral, PublicKeyToken=null]]'.
2021-02-14 22:47:04.018 -03:00 [INF] Executed action FortalezaServer.Controllers.GruposController.GetGrupo (FortalezaServer) in 326.0026ms
2021-02-14 22:47:04.020 -03:00 [INF] Executed endpoint 'FortalezaServer.Controllers.GruposController.GetGrupo (FortalezaServer)'
2021-02-14 22:47:04.022 -03:00 [INF] Request finished in 345.2981ms 200 application/json; charset=utf-8
2021-02-14 22:47:04.059 -03:00 [INF] Request starting HTTP/1.1 GET http://localhost:8000/api/items  
2021-02-14 22:47:04.060 -03:00 [INF] Executing endpoint 'FortalezaServer.Controllers.ItemsController.GetItem (FortalezaServer)'
2021-02-14 22:47:04.067 -03:00 [INF] Route matched with {action = "GetItem", controller = "Items"}. Executing controller action with signature System.Threading.Tasks.Task`1[Microsoft.AspNetCore.Mvc.ActionResult`1[System.Collections.Generic.IEnumerable`1[FortalezaServer.Models.Item]]] GetItem(Boolean, Boolean, Boolean) on controller FortalezaServer.Controllers.ItemsController (FortalezaServer).
2021-02-14 22:47:04.075 -03:00 [INF] Entity Framework Core 3.1.10 initialized 'fortalezaitdbContext' using provider 'MySql.Data.EntityFrameworkCore' with options: None
2021-02-14 22:47:04.088 -03:00 [INF] Executed DbCommand (1ms) [Parameters=[], CommandType='"Text"', CommandTimeout='30']
SELECT `i`.`iditem`, `i`.`atacado`, `i`.`codigo_barras`, `i`.`descricao`, `i`.`disponivel`, `i`.`estoque`, `i`.`estoque_minimo`, `i`.`imagem`, `i`.`permite_combo`, `i`.`quantidade_atacado`, `i`.`tipo`, `i`.`unidade`, `i`.`unidade_inteira`, `i`.`valor`, `i`.`valor_atacado`, `i`.`visivel`
FROM `item` AS `i`
WHERE `i`.`visivel` = 1
2021-02-14 22:47:04.141 -03:00 [INF] Executing ObjectResult, writing value of type 'System.Collections.Generic.List`1[[FortalezaServer.Models.Item, FortalezaServer, Version=1.0.0.0, Culture=neutral, PublicKeyToken=null]]'.
2021-02-14 22:47:04.187 -03:00 [INF] Executed action FortalezaServer.Controllers.ItemsController.GetItem (FortalezaServer) in 116.8985ms
2021-02-14 22:47:04.194 -03:00 [INF] Executed endpoint 'FortalezaServer.Controllers.ItemsController.GetItem (FortalezaServer)'
2021-02-14 22:47:04.196 -03:00 [INF] Request finished in 137.2041ms 200 application/json; charset=utf-8
2021-02-14 22:47:12.274 -03:00 [INF] Request starting HTTP/1.1 GET http://localhost:8000/api/caixas/actions/aberto?idnomeCaixa=1  
2021-02-14 22:47:12.275 -03:00 [INF] Executing endpoint 'FortalezaServer.Controllers.CaixasController.GetCaixaAberto (FortalezaServer)'
2021-02-14 22:47:12.281 -03:00 [INF] Route matched with {action = "GetCaixaAberto", controller = "Caixas"}. Executing controller action with signature System.Threading.Tasks.Task`1[Microsoft.AspNetCore.Mvc.ActionResult`1[FortalezaServer.Models.Caixa]] GetCaixaAberto(Int32, Boolean) on controller FortalezaServer.Controllers.CaixasController (FortalezaServer).
2021-02-14 22:47:12.288 -03:00 [INF] Entity Framework Core 3.1.10 initialized 'fortalezaitdbContext' using provider 'MySql.Data.EntityFrameworkCore' with options: None
2021-02-14 22:47:12.343 -03:00 [INF] Executed DbCommand (2ms) [Parameters=[@__idnomeCaixa_0='?' (DbType = Int32)], CommandType='"Text"', CommandTimeout='30']
SELECT `c`.`idcaixa`, `c`.`aberto`, `c`.`idnome_caixa`, `n`.`idnome_caixa`, `n`.`nome`, `a`.`idcaixa`, `a`.`hora`, `a`.`idpdv`, `a`.`idusuario`, `p`.`idpdv`, `p`.`nome`, `u`.`idusuario`, `u`.`cpf`, `u`.`idendereco`, `u`.`login`, `u`.`nome`, `u`.`senha`, `u`.`telefone1`, `u`.`telefone2`
FROM `caixa` AS `c`
INNER JOIN `nome_caixa` AS `n` ON `c`.`idnome_caixa` = `n`.`idnome_caixa`
LEFT JOIN `abertura` AS `a` ON `c`.`idcaixa` = `a`.`idcaixa`
LEFT JOIN `pdv` AS `p` ON `a`.`idpdv` = `p`.`idpdv`
LEFT JOIN `usuario` AS `u` ON `a`.`idusuario` = `u`.`idusuario`
WHERE (`c`.`aberto` = 1) AND (`c`.`idnome_caixa` = @__idnomeCaixa_0)
LIMIT 1
2021-02-14 22:47:12.419 -03:00 [INF] Executing ObjectResult, writing value of type 'FortalezaServer.Models.Caixa'.
2021-02-14 22:47:12.445 -03:00 [INF] Executed action FortalezaServer.Controllers.CaixasController.GetCaixaAberto (FortalezaServer) in 161.7433ms
2021-02-14 22:47:12.476 -03:00 [INF] Executed endpoint 'FortalezaServer.Controllers.CaixasController.GetCaixaAberto (FortalezaServer)'
2021-02-14 22:47:12.478 -03:00 [INF] Request finished in 204.0721ms 200 application/json; charset=utf-8
2021-02-14 22:47:12.537 -03:00 [INF] Request starting HTTP/1.1 POST http://localhost:8000/api/vendas application/json; charset=utf-8 504
2021-02-14 22:47:12.538 -03:00 [INF] Executing endpoint 'FortalezaServer.Controllers.VendasController.PostVenda (FortalezaServer)'
2021-02-14 22:47:12.542 -03:00 [INF] Route matched with {action = "PostVenda", controller = "Vendas"}. Executing controller action with signature System.Threading.Tasks.Task`1[Microsoft.AspNetCore.Mvc.ActionResult`1[FortalezaServer.Models.Venda]] PostVenda(FortalezaServer.Models.Venda) on controller FortalezaServer.Controllers.VendasController (FortalezaServer).
2021-02-14 22:47:12.633 -03:00 [INF] Entity Framework Core 3.1.10 initialized 'fortalezaitdbContext' using provider 'MySql.Data.EntityFrameworkCore' with options: None
2021-02-14 22:47:12.648 -03:00 [INF] Executed DbCommand (0ms) [Parameters=[], CommandType='"Text"', CommandTimeout='30']
SELECT `v`.`numero_venda`
FROM `venda` AS `v`
ORDER BY `v`.`idvenda` DESC
LIMIT 1
2021-02-14 22:47:12.775 -03:00 [INF] Executed DbCommand (2ms) [Parameters=[@p0='?' (DbType = SByte), @p1='?' (DbType = Decimal), @p2='?' (DbType = Decimal), @p3='?' (Size = 255), @p4='?' (DbType = DateTime), @p5='?' (DbType = DateTime), @p6='?' (DbType = Int32), @p7='?' (DbType = Int32), @p8='?' (DbType = Int32), @p9='?' (DbType = Int32), @p10='?' (DbType = Int32), @p11='?' (DbType = SByte), @p12='?' (DbType = Int32), @p13='?' (DbType = Decimal)], CommandType='"Text"', CommandTimeout='30']
INSERT INTO `venda` (`aberta`, `acrescimo`, `desconto`, `descricao`, `hora_entrada`, `hora_fechamento`, `idcaixa`, `idcliente`, `idpdv`, `idresponsavel`, `numero_venda`, `paga`, `tipo`, `valor_pago`)
VALUES (@p0, @p1, @p2, @p3, @p4, @p5, @p6, @p7, @p8, @p9, @p10, @p11, @p12, @p13);
SELECT `idvenda`
FROM `venda`
WHERE ROW_COUNT() = 1
 AND `idvenda`=LAST_INSERT_ID();
2021-02-14 22:47:12.818 -03:00 [INF] Executing ObjectResult, writing value of type 'FortalezaServer.Models.Venda'.
2021-02-14 22:47:12.858 -03:00 [INF] Executed action FortalezaServer.Controllers.VendasController.PostVenda (FortalezaServer) in 314.4037ms
2021-02-14 22:47:12.860 -03:00 [INF] Executed endpoint 'FortalezaServer.Controllers.VendasController.PostVenda (FortalezaServer)'
2021-02-14 22:47:12.861 -03:00 [INF] Request finished in 324.2889ms 201 application/json; charset=utf-8
2021-02-14 22:47:12.886 -03:00 [INF] Request starting HTTP/1.1 POST http://localhost:8000/api/vendas/9/itemvendas application/json; charset=utf-8 337
2021-02-14 22:47:12.888 -03:00 [INF] Executing endpoint 'FortalezaServer.Controllers.VendasController.PostItemvenda (FortalezaServer)'
2021-02-14 22:47:12.893 -03:00 [INF] Route matched with {action = "PostItemvenda", controller = "Vendas"}. Executing controller action with signature System.Threading.Tasks.Task`1[Microsoft.AspNetCore.Mvc.ActionResult`1[FortalezaServer.Models.Venda]] PostItemvenda(Int32, FortalezaServer.Models.ItemVenda) on controller FortalezaServer.Controllers.VendasController (FortalezaServer).
2021-02-14 22:47:12.904 -03:00 [INF] Entity Framework Core 3.1.10 initialized 'fortalezaitdbContext' using provider 'MySql.Data.EntityFrameworkCore' with options: None
2021-02-14 22:47:12.915 -03:00 [INF] Executed DbCommand (0ms) [Parameters=[@__p_0='?' (DbType = Int32)], CommandType='"Text"', CommandTimeout='30']
SELECT `v`.`idvenda`, `v`.`aberta`, `v`.`acrescimo`, `v`.`desconto`, `v`.`descricao`, `v`.`hora_entrada`, `v`.`hora_fechamento`, `v`.`idcaixa`, `v`.`idcliente`, `v`.`idpdv`, `v`.`idresponsavel`, `v`.`numero_venda`, `v`.`paga`, `v`.`tipo`, `v`.`valor_pago`
FROM `venda` AS `v`
WHERE `v`.`idvenda` = @__p_0
LIMIT 1
2021-02-14 22:47:12.924 -03:00 [INF] Executed DbCommand (1ms) [Parameters=[@__p_0='?' (DbType = Int32)], CommandType='"Text"', CommandTimeout='30']
SELECT `i`.`iditem`, `i`.`atacado`, `i`.`codigo_barras`, `i`.`descricao`, `i`.`disponivel`, `i`.`estoque`, `i`.`estoque_minimo`, `i`.`imagem`, `i`.`permite_combo`, `i`.`quantidade_atacado`, `i`.`tipo`, `i`.`unidade`, `i`.`unidade_inteira`, `i`.`valor`, `i`.`valor_atacado`, `i`.`visivel`
FROM `item` AS `i`
WHERE `i`.`iditem` = @__p_0
LIMIT 1
2021-02-14 22:47:12.941 -03:00 [INF] Executed DbCommand (0ms) [Parameters=[@__p_0='?' (DbType = Int32)], CommandType='"Text"', CommandTimeout='30']
SELECT `i`.`iditem_venda`, `i`.`cancelado`, `i`.`custo`, `i`.`iditem`, `i`.`idvenda`, `i`.`indice`, `i`.`quantidade`, `i`.`valor`
FROM `item_venda` AS `i`
WHERE `i`.`idvenda` = @__p_0
2021-02-14 22:47:12.977 -03:00 [INF] Executed DbCommand (1ms) [Parameters=[@p0='?' (DbType = Decimal), @p1='?' (DbType = AnsiString), @p2='?' (DbType = Int32), @p3='?' (DbType = Int32), @p4='?' (DbType = Int32), @p5='?' (DbType = Decimal), @p6='?' (DbType = Decimal)], CommandType='"Text"', CommandTimeout='30']
INSERT INTO `item_venda` (`cancelado`, `custo`, `iditem`, `idvenda`, `indice`, `quantidade`, `valor`)
VALUES (@p0, @p1, @p2, @p3, @p4, @p5, @p6);
SELECT `iditem_venda`
FROM `item_venda`
WHERE ROW_COUNT() = 1
 AND `iditem_venda`=LAST_INSERT_ID();
2021-02-14 22:47:12.997 -03:00 [INF] Executed DbCommand (1ms) [Parameters=[@p14='?' (DbType = Int32), @p0='?' (DbType = SByte), @p1='?' (DbType = Decimal), @p2='?' (DbType = Decimal), @p3='?' (Size = 255), @p4='?' (DbType = DateTime), @p5='?' (DbType = DateTime), @p6='?' (DbType = Int32), @p7='?' (DbType = Int32), @p8='?' (DbType = Int32), @p9='?' (DbType = Int32), @p10='?' (DbType = Int32), @p11='?' (DbType = SByte), @p12='?' (DbType = Int32), @p13='?' (DbType = Decimal)], CommandType='"Text"', CommandTimeout='30']
UPDATE `venda` SET `aberta` = @p0, `acrescimo` = @p1, `desconto` = @p2, `descricao` = @p3, `hora_entrada` = @p4, `hora_fechamento` = @p5, `idcaixa` = @p6, `idcliente` = @p7, `idpdv` = @p8, `idresponsavel` = @p9, `numero_venda` = @p10, `paga` = @p11, `tipo` = @p12, `valor_pago` = @p13
WHERE `idvenda` = @p14;
SELECT ROW_COUNT();
2021-02-14 22:47:13.003 -03:00 [INF] Executing ObjectResult, writing value of type '<>f__AnonymousType2`2[[System.Int32, System.Private.CoreLib, Version=4.0.0.0, Culture=neutral, PublicKeyToken=7cec85d7bea7798e],[System.Boolean, System.Private.CoreLib, Version=4.0.0.0, Culture=neutral, PublicKeyToken=7cec85d7bea7798e]]'.
2021-02-14 22:47:13.008 -03:00 [INF] Executed action FortalezaServer.Controllers.VendasController.PostItemvenda (FortalezaServer) in 112.8672ms
2021-02-14 22:47:13.010 -03:00 [INF] Executed endpoint 'FortalezaServer.Controllers.VendasController.PostItemvenda (FortalezaServer)'
2021-02-14 22:47:13.011 -03:00 [INF] Request finished in 125.607ms 201 application/json; charset=utf-8
2021-02-14 22:47:13.014 -03:00 [INF] Request starting HTTP/1.1 GET http://localhost:8000/api/vendas/9?itemvendas=true  
2021-02-14 22:47:13.016 -03:00 [INF] Executing endpoint 'FortalezaServer.Controllers.VendasController.GetVenda (FortalezaServer)'
2021-02-14 22:47:13.021 -03:00 [INF] Route matched with {action = "GetVenda", controller = "Vendas"}. Executing controller action with signature System.Threading.Tasks.Task`1[Microsoft.AspNetCore.Mvc.ActionResult`1[FortalezaServer.Models.Venda]] GetVenda(Int32, Boolean, Boolean, Boolean) on controller FortalezaServer.Controllers.VendasController (FortalezaServer).
2021-02-14 22:47:13.026 -03:00 [INF] Entity Framework Core 3.1.10 initialized 'fortalezaitdbContext' using provider 'MySql.Data.EntityFrameworkCore' with options: None
2021-02-14 22:47:13.031 -03:00 [INF] Executed DbCommand (0ms) [Parameters=[@__p_0='?' (DbType = Int32)], CommandType='"Text"', CommandTimeout='30']
SELECT `v`.`idvenda`, `v`.`aberta`, `v`.`acrescimo`, `v`.`desconto`, `v`.`descricao`, `v`.`hora_entrada`, `v`.`hora_fechamento`, `v`.`idcaixa`, `v`.`idcliente`, `v`.`idpdv`, `v`.`idresponsavel`, `v`.`numero_venda`, `v`.`paga`, `v`.`tipo`, `v`.`valor_pago`
FROM `venda` AS `v`
WHERE `v`.`idvenda` = @__p_0
LIMIT 1
2021-02-14 22:47:13.042 -03:00 [INF] Executed DbCommand (1ms) [Parameters=[@__p_0='?' (DbType = Int32)], CommandType='"Text"', CommandTimeout='30']
SELECT `i`.`iditem_venda`, `i`.`cancelado`, `i`.`custo`, `i`.`iditem`, `i`.`idvenda`, `i`.`indice`, `i`.`quantidade`, `i`.`valor`, `i0`.`iditem`, `i0`.`atacado`, `i0`.`codigo_barras`, `i0`.`descricao`, `i0`.`disponivel`, `i0`.`estoque`, `i0`.`estoque_minimo`, `i0`.`imagem`, `i0`.`permite_combo`, `i0`.`quantidade_atacado`, `i0`.`tipo`, `i0`.`unidade`, `i0`.`unidade_inteira`, `i0`.`valor`, `i0`.`valor_atacado`, `i0`.`visivel`
FROM `item_venda` AS `i`
INNER JOIN `item` AS `i0` ON `i`.`iditem` = `i0`.`iditem`
WHERE `i`.`idvenda` = @__p_0
2021-02-14 22:47:13.048 -03:00 [INF] Executing ObjectResult, writing value of type 'FortalezaServer.Models.Venda'.
2021-02-14 22:47:13.052 -03:00 [INF] Executed action FortalezaServer.Controllers.VendasController.GetVenda (FortalezaServer) in 29.1453ms
2021-02-14 22:47:13.054 -03:00 [INF] Executed endpoint 'FortalezaServer.Controllers.VendasController.GetVenda (FortalezaServer)'
2021-02-14 22:47:13.055 -03:00 [INF] Request finished in 41.0534ms 200 application/json; charset=utf-8
2021-02-14 22:47:13.063 -03:00 [INF] Request starting HTTP/1.1 GET http://localhost:8000/api/vendas/9?itemvendas=true  
2021-02-14 22:47:13.064 -03:00 [INF] Executing endpoint 'FortalezaServer.Controllers.VendasController.GetVenda (FortalezaServer)'
2021-02-14 22:47:13.066 -03:00 [INF] Route matched with {action = "GetVenda", controller = "Vendas"}. Executing controller action with signature System.Threading.Tasks.Task`1[Microsoft.AspNetCore.Mvc.ActionResult`1[FortalezaServer.Models.Venda]] GetVenda(Int32, Boolean, Boolean, Boolean) on controller FortalezaServer.Controllers.VendasController (FortalezaServer).
2021-02-14 22:47:13.068 -03:00 [INF] Entity Framework Core 3.1.10 initialized 'fortalezaitdbContext' using provider 'MySql.Data.EntityFrameworkCore' with options: None
2021-02-14 22:47:13.072 -03:00 [INF] Executed DbCommand (0ms) [Parameters=[@__p_0='?' (DbType = Int32)], CommandType='"Text"', CommandTimeout='30']
SELECT `v`.`idvenda`, `v`.`aberta`, `v`.`acrescimo`, `v`.`desconto`, `v`.`descricao`, `v`.`hora_entrada`, `v`.`hora_fechamento`, `v`.`idcaixa`, `v`.`idcliente`, `v`.`idpdv`, `v`.`idresponsavel`, `v`.`numero_venda`, `v`.`paga`, `v`.`tipo`, `v`.`valor_pago`
FROM `venda` AS `v`
WHERE `v`.`idvenda` = @__p_0
LIMIT 1
2021-02-14 22:47:13.077 -03:00 [INF] Executed DbCommand (1ms) [Parameters=[@__p_0='?' (DbType = Int32)], CommandType='"Text"', CommandTimeout='30']
SELECT `i`.`iditem_venda`, `i`.`cancelado`, `i`.`custo`, `i`.`iditem`, `i`.`idvenda`, `i`.`indice`, `i`.`quantidade`, `i`.`valor`, `i0`.`iditem`, `i0`.`atacado`, `i0`.`codigo_barras`, `i0`.`descricao`, `i0`.`disponivel`, `i0`.`estoque`, `i0`.`estoque_minimo`, `i0`.`imagem`, `i0`.`permite_combo`, `i0`.`quantidade_atacado`, `i0`.`tipo`, `i0`.`unidade`, `i0`.`unidade_inteira`, `i0`.`valor`, `i0`.`valor_atacado`, `i0`.`visivel`
FROM `item_venda` AS `i`
INNER JOIN `item` AS `i0` ON `i`.`iditem` = `i0`.`iditem`
WHERE `i`.`idvenda` = @__p_0
2021-02-14 22:47:13.083 -03:00 [INF] Executing ObjectResult, writing value of type 'FortalezaServer.Models.Venda'.
2021-02-14 22:47:13.084 -03:00 [INF] Executed action FortalezaServer.Controllers.VendasController.GetVenda (FortalezaServer) in 16.6916ms
2021-02-14 22:47:13.086 -03:00 [INF] Executed endpoint 'FortalezaServer.Controllers.VendasController.GetVenda (FortalezaServer)'
2021-02-14 22:47:13.087 -03:00 [INF] Request finished in 23.9398ms 200 application/json; charset=utf-8
2021-02-14 22:47:14.022 -03:00 [INF] Request starting HTTP/1.1 POST http://localhost:8000/api/vendas/9/itemvendas application/json; charset=utf-8 337
2021-02-14 22:47:14.025 -03:00 [INF] Executing endpoint 'FortalezaServer.Controllers.VendasController.PostItemvenda (FortalezaServer)'
2021-02-14 22:47:14.027 -03:00 [INF] Route matched with {action = "PostItemvenda", controller = "Vendas"}. Executing controller action with signature System.Threading.Tasks.Task`1[Microsoft.AspNetCore.Mvc.ActionResult`1[FortalezaServer.Models.Venda]] PostItemvenda(Int32, FortalezaServer.Models.ItemVenda) on controller FortalezaServer.Controllers.VendasController (FortalezaServer).
2021-02-14 22:47:14.034 -03:00 [INF] Entity Framework Core 3.1.10 initialized 'fortalezaitdbContext' using provider 'MySql.Data.EntityFrameworkCore' with options: None
2021-02-14 22:47:14.038 -03:00 [INF] Executed DbCommand (1ms) [Parameters=[@__p_0='?' (DbType = Int32)], CommandType='"Text"', CommandTimeout='30']
SELECT `v`.`idvenda`, `v`.`aberta`, `v`.`acrescimo`, `v`.`desconto`, `v`.`descricao`, `v`.`hora_entrada`, `v`.`hora_fechamento`, `v`.`idcaixa`, `v`.`idcliente`, `v`.`idpdv`, `v`.`idresponsavel`, `v`.`numero_venda`, `v`.`paga`, `v`.`tipo`, `v`.`valor_pago`
FROM `venda` AS `v`
WHERE `v`.`idvenda` = @__p_0
LIMIT 1
2021-02-14 22:47:14.043 -03:00 [INF] Executed DbCommand (0ms) [Parameters=[@__p_0='?' (DbType = Int32)], CommandType='"Text"', CommandTimeout='30']
SELECT `i`.`iditem`, `i`.`atacado`, `i`.`codigo_barras`, `i`.`descricao`, `i`.`disponivel`, `i`.`estoque`, `i`.`estoque_minimo`, `i`.`imagem`, `i`.`permite_combo`, `i`.`quantidade_atacado`, `i`.`tipo`, `i`.`unidade`, `i`.`unidade_inteira`, `i`.`valor`, `i`.`valor_atacado`, `i`.`visivel`
FROM `item` AS `i`
WHERE `i`.`iditem` = @__p_0
LIMIT 1
2021-02-14 22:47:14.048 -03:00 [INF] Executed DbCommand (0ms) [Parameters=[@__p_0='?' (DbType = Int32)], CommandType='"Text"', CommandTimeout='30']
SELECT `i`.`iditem_venda`, `i`.`cancelado`, `i`.`custo`, `i`.`iditem`, `i`.`idvenda`, `i`.`indice`, `i`.`quantidade`, `i`.`valor`
FROM `item_venda` AS `i`
WHERE `i`.`idvenda` = @__p_0
2021-02-14 22:47:14.053 -03:00 [INF] Executed DbCommand (0ms) [Parameters=[@p0='?' (DbType = Decimal), @p1='?' (DbType = AnsiString), @p2='?' (DbType = Int32), @p3='?' (DbType = Int32), @p4='?' (DbType = Int32), @p5='?' (DbType = Decimal), @p6='?' (DbType = Decimal)], CommandType='"Text"', CommandTimeout='30']
INSERT INTO `item_venda` (`cancelado`, `custo`, `iditem`, `idvenda`, `indice`, `quantidade`, `valor`)
VALUES (@p0, @p1, @p2, @p3, @p4, @p5, @p6);
SELECT `iditem_venda`
FROM `item_venda`
WHERE ROW_COUNT() = 1
 AND `iditem_venda`=LAST_INSERT_ID();
2021-02-14 22:47:14.060 -03:00 [INF] Executed DbCommand (0ms) [Parameters=[@p14='?' (DbType = Int32), @p0='?' (DbType = SByte), @p1='?' (DbType = Decimal), @p2='?' (DbType = Decimal), @p3='?' (Size = 255), @p4='?' (DbType = DateTime), @p5='?' (DbType = DateTime), @p6='?' (DbType = Int32), @p7='?' (DbType = Int32), @p8='?' (DbType = Int32), @p9='?' (DbType = Int32), @p10='?' (DbType = Int32), @p11='?' (DbType = SByte), @p12='?' (DbType = Int32), @p13='?' (DbType = Decimal)], CommandType='"Text"', CommandTimeout='30']
UPDATE `venda` SET `aberta` = @p0, `acrescimo` = @p1, `desconto` = @p2, `descricao` = @p3, `hora_entrada` = @p4, `hora_fechamento` = @p5, `idcaixa` = @p6, `idcliente` = @p7, `idpdv` = @p8, `idresponsavel` = @p9, `numero_venda` = @p10, `paga` = @p11, `tipo` = @p12, `valor_pago` = @p13
WHERE `idvenda` = @p14;
SELECT ROW_COUNT();
2021-02-14 22:47:14.066 -03:00 [INF] Executing ObjectResult, writing value of type '<>f__AnonymousType2`2[[System.Int32, System.Private.CoreLib, Version=4.0.0.0, Culture=neutral, PublicKeyToken=7cec85d7bea7798e],[System.Boolean, System.Private.CoreLib, Version=4.0.0.0, Culture=neutral, PublicKeyToken=7cec85d7bea7798e]]'.
2021-02-14 22:47:14.068 -03:00 [INF] Executed action FortalezaServer.Controllers.VendasController.PostItemvenda (FortalezaServer) in 35.794ms
2021-02-14 22:47:14.070 -03:00 [INF] Executed endpoint 'FortalezaServer.Controllers.VendasController.PostItemvenda (FortalezaServer)'
2021-02-14 22:47:14.071 -03:00 [INF] Request finished in 49.7752ms 201 application/json; charset=utf-8
2021-02-14 22:47:14.072 -03:00 [INF] Request starting HTTP/1.1 GET http://localhost:8000/api/vendas/9?itemvendas=true  
2021-02-14 22:47:14.073 -03:00 [INF] Executing endpoint 'FortalezaServer.Controllers.VendasController.GetVenda (FortalezaServer)'
2021-02-14 22:47:14.074 -03:00 [INF] Route matched with {action = "GetVenda", controller = "Vendas"}. Executing controller action with signature System.Threading.Tasks.Task`1[Microsoft.AspNetCore.Mvc.ActionResult`1[FortalezaServer.Models.Venda]] GetVenda(Int32, Boolean, Boolean, Boolean) on controller FortalezaServer.Controllers.VendasController (FortalezaServer).
2021-02-14 22:47:14.078 -03:00 [INF] Entity Framework Core 3.1.10 initialized 'fortalezaitdbContext' using provider 'MySql.Data.EntityFrameworkCore' with options: None
2021-02-14 22:47:14.082 -03:00 [INF] Executed DbCommand (0ms) [Parameters=[@__p_0='?' (DbType = Int32)], CommandType='"Text"', CommandTimeout='30']
SELECT `v`.`idvenda`, `v`.`aberta`, `v`.`acrescimo`, `v`.`desconto`, `v`.`descricao`, `v`.`hora_entrada`, `v`.`hora_fechamento`, `v`.`idcaixa`, `v`.`idcliente`, `v`.`idpdv`, `v`.`idresponsavel`, `v`.`numero_venda`, `v`.`paga`, `v`.`tipo`, `v`.`valor_pago`
FROM `venda` AS `v`
WHERE `v`.`idvenda` = @__p_0
LIMIT 1
2021-02-14 22:47:14.086 -03:00 [INF] Executed DbCommand (1ms) [Parameters=[@__p_0='?' (DbType = Int32)], CommandType='"Text"', CommandTimeout='30']
SELECT `i`.`iditem_venda`, `i`.`cancelado`, `i`.`custo`, `i`.`iditem`, `i`.`idvenda`, `i`.`indice`, `i`.`quantidade`, `i`.`valor`, `i0`.`iditem`, `i0`.`atacado`, `i0`.`codigo_barras`, `i0`.`descricao`, `i0`.`disponivel`, `i0`.`estoque`, `i0`.`estoque_minimo`, `i0`.`imagem`, `i0`.`permite_combo`, `i0`.`quantidade_atacado`, `i0`.`tipo`, `i0`.`unidade`, `i0`.`unidade_inteira`, `i0`.`valor`, `i0`.`valor_atacado`, `i0`.`visivel`
FROM `item_venda` AS `i`
INNER JOIN `item` AS `i0` ON `i`.`iditem` = `i0`.`iditem`
WHERE `i`.`idvenda` = @__p_0
2021-02-14 22:47:14.090 -03:00 [INF] Executing ObjectResult, writing value of type 'FortalezaServer.Models.Venda'.
2021-02-14 22:47:14.091 -03:00 [INF] Executed action FortalezaServer.Controllers.VendasController.GetVenda (FortalezaServer) in 13.7188ms
2021-02-14 22:47:14.093 -03:00 [INF] Executed endpoint 'FortalezaServer.Controllers.VendasController.GetVenda (FortalezaServer)'
2021-02-14 22:47:14.098 -03:00 [INF] Request starting HTTP/1.1 GET http://localhost:8000/api/vendas/9?itemvendas=true  
2021-02-14 22:47:14.099 -03:00 [INF] Request finished in 27.0799ms 200 application/json; charset=utf-8
2021-02-14 22:47:14.100 -03:00 [INF] Executing endpoint 'FortalezaServer.Controllers.VendasController.GetVenda (FortalezaServer)'
2021-02-14 22:47:14.102 -03:00 [INF] Route matched with {action = "GetVenda", controller = "Vendas"}. Executing controller action with signature System.Threading.Tasks.Task`1[Microsoft.AspNetCore.Mvc.ActionResult`1[FortalezaServer.Models.Venda]] GetVenda(Int32, Boolean, Boolean, Boolean) on controller FortalezaServer.Controllers.VendasController (FortalezaServer).
2021-02-14 22:47:14.104 -03:00 [INF] Entity Framework Core 3.1.10 initialized 'fortalezaitdbContext' using provider 'MySql.Data.EntityFrameworkCore' with options: None
2021-02-14 22:47:14.108 -03:00 [INF] Executed DbCommand (0ms) [Parameters=[@__p_0='?' (DbType = Int32)], CommandType='"Text"', CommandTimeout='30']
SELECT `v`.`idvenda`, `v`.`aberta`, `v`.`acrescimo`, `v`.`desconto`, `v`.`descricao`, `v`.`hora_entrada`, `v`.`hora_fechamento`, `v`.`idcaixa`, `v`.`idcliente`, `v`.`idpdv`, `v`.`idresponsavel`, `v`.`numero_venda`, `v`.`paga`, `v`.`tipo`, `v`.`valor_pago`
FROM `venda` AS `v`
WHERE `v`.`idvenda` = @__p_0
LIMIT 1
2021-02-14 22:47:14.113 -03:00 [INF] Executed DbCommand (1ms) [Parameters=[@__p_0='?' (DbType = Int32)], CommandType='"Text"', CommandTimeout='30']
SELECT `i`.`iditem_venda`, `i`.`cancelado`, `i`.`custo`, `i`.`iditem`, `i`.`idvenda`, `i`.`indice`, `i`.`quantidade`, `i`.`valor`, `i0`.`iditem`, `i0`.`atacado`, `i0`.`codigo_barras`, `i0`.`descricao`, `i0`.`disponivel`, `i0`.`estoque`, `i0`.`estoque_minimo`, `i0`.`imagem`, `i0`.`permite_combo`, `i0`.`quantidade_atacado`, `i0`.`tipo`, `i0`.`unidade`, `i0`.`unidade_inteira`, `i0`.`valor`, `i0`.`valor_atacado`, `i0`.`visivel`
FROM `item_venda` AS `i`
INNER JOIN `item` AS `i0` ON `i`.`iditem` = `i0`.`iditem`
WHERE `i`.`idvenda` = @__p_0
2021-02-14 22:47:14.117 -03:00 [INF] Executing ObjectResult, writing value of type 'FortalezaServer.Models.Venda'.
2021-02-14 22:47:14.118 -03:00 [INF] Executed action FortalezaServer.Controllers.VendasController.GetVenda (FortalezaServer) in 14.0364ms
2021-02-14 22:47:14.119 -03:00 [INF] Executed endpoint 'FortalezaServer.Controllers.VendasController.GetVenda (FortalezaServer)'
2021-02-14 22:47:14.121 -03:00 [INF] Request finished in 22.1765ms 200 application/json; charset=utf-8
2021-02-14 22:47:15.067 -03:00 [INF] Request starting HTTP/1.1 GET http://localhost:8000/api/caixas/actions/aberto?idnomeCaixa=1  
2021-02-14 22:47:15.070 -03:00 [INF] Executing endpoint 'FortalezaServer.Controllers.CaixasController.GetCaixaAberto (FortalezaServer)'
2021-02-14 22:47:15.072 -03:00 [INF] Route matched with {action = "GetCaixaAberto", controller = "Caixas"}. Executing controller action with signature System.Threading.Tasks.Task`1[Microsoft.AspNetCore.Mvc.ActionResult`1[FortalezaServer.Models.Caixa]] GetCaixaAberto(Int32, Boolean) on controller FortalezaServer.Controllers.CaixasController (FortalezaServer).
2021-02-14 22:47:15.078 -03:00 [INF] Entity Framework Core 3.1.10 initialized 'fortalezaitdbContext' using provider 'MySql.Data.EntityFrameworkCore' with options: None
2021-02-14 22:47:15.085 -03:00 [INF] Executed DbCommand (2ms) [Parameters=[@__idnomeCaixa_0='?' (DbType = Int32)], CommandType='"Text"', CommandTimeout='30']
SELECT `c`.`idcaixa`, `c`.`aberto`, `c`.`idnome_caixa`, `n`.`idnome_caixa`, `n`.`nome`, `a`.`idcaixa`, `a`.`hora`, `a`.`idpdv`, `a`.`idusuario`, `p`.`idpdv`, `p`.`nome`, `u`.`idusuario`, `u`.`cpf`, `u`.`idendereco`, `u`.`login`, `u`.`nome`, `u`.`senha`, `u`.`telefone1`, `u`.`telefone2`
FROM `caixa` AS `c`
INNER JOIN `nome_caixa` AS `n` ON `c`.`idnome_caixa` = `n`.`idnome_caixa`
LEFT JOIN `abertura` AS `a` ON `c`.`idcaixa` = `a`.`idcaixa`
LEFT JOIN `pdv` AS `p` ON `a`.`idpdv` = `p`.`idpdv`
LEFT JOIN `usuario` AS `u` ON `a`.`idusuario` = `u`.`idusuario`
WHERE (`c`.`aberto` = 1) AND (`c`.`idnome_caixa` = @__idnomeCaixa_0)
LIMIT 1
2021-02-14 22:47:15.090 -03:00 [INF] Executing ObjectResult, writing value of type 'FortalezaServer.Models.Caixa'.
2021-02-14 22:47:15.092 -03:00 [INF] Executed action FortalezaServer.Controllers.CaixasController.GetCaixaAberto (FortalezaServer) in 17.0062ms
2021-02-14 22:47:15.093 -03:00 [INF] Executed endpoint 'FortalezaServer.Controllers.CaixasController.GetCaixaAberto (FortalezaServer)'
2021-02-14 22:47:15.095 -03:00 [INF] Request finished in 27.6355ms 200 application/json; charset=utf-8
2021-02-14 22:47:15.117 -03:00 [INF] Request starting HTTP/1.1 GET http://localhost:8000/api/vendas/9?pagamentos=true  
2021-02-14 22:47:15.118 -03:00 [INF] Executing endpoint 'FortalezaServer.Controllers.VendasController.GetVenda (FortalezaServer)'
2021-02-14 22:47:15.119 -03:00 [INF] Route matched with {action = "GetVenda", controller = "Vendas"}. Executing controller action with signature System.Threading.Tasks.Task`1[Microsoft.AspNetCore.Mvc.ActionResult`1[FortalezaServer.Models.Venda]] GetVenda(Int32, Boolean, Boolean, Boolean) on controller FortalezaServer.Controllers.VendasController (FortalezaServer).
2021-02-14 22:47:15.122 -03:00 [INF] Entity Framework Core 3.1.10 initialized 'fortalezaitdbContext' using provider 'MySql.Data.EntityFrameworkCore' with options: None
2021-02-14 22:47:15.128 -03:00 [INF] Executed DbCommand (1ms) [Parameters=[@__p_0='?' (DbType = Int32)], CommandType='"Text"', CommandTimeout='30']
SELECT `v`.`idvenda`, `v`.`aberta`, `v`.`acrescimo`, `v`.`desconto`, `v`.`descricao`, `v`.`hora_entrada`, `v`.`hora_fechamento`, `v`.`idcaixa`, `v`.`idcliente`, `v`.`idpdv`, `v`.`idresponsavel`, `v`.`numero_venda`, `v`.`paga`, `v`.`tipo`, `v`.`valor_pago`
FROM `venda` AS `v`
WHERE `v`.`idvenda` = @__p_0
LIMIT 1
2021-02-14 22:47:15.140 -03:00 [INF] Executed DbCommand (0ms) [Parameters=[@__p_0='?' (DbType = Int32)], CommandType='"Text"', CommandTimeout='30']
SELECT `i`.`iditem_venda`, `i`.`cancelado`, `i`.`custo`, `i`.`iditem`, `i`.`idvenda`, `i`.`indice`, `i`.`quantidade`, `i`.`valor`
FROM `item_venda` AS `i`
WHERE `i`.`idvenda` = @__p_0
2021-02-14 22:47:15.161 -03:00 [INF] Executed DbCommand (1ms) [Parameters=[@__p_0='?' (DbType = Int32)], CommandType='"Text"', CommandTimeout='30']
SELECT `p`.`idvenda`, `p`.`idmovimento`, `m`.`idmovimento`, `m`.`descricao`, `m`.`hora_entrada`, `m`.`idbandeira`, `m`.`idcaixa`, `m`.`idforma_pagamento`, `m`.`idpdv`, `m`.`idusuario`, `m`.`tipo`, `m`.`valor`, `f`.`idforma_pagamento`, `f`.`bandeira`, `f`.`debitar_cliente`, `f`.`debito`, `f`.`gerar_contas_receber`, `f`.`nome`, `f`.`ordem`
FROM `pagamento` AS `p`
INNER JOIN `movimento` AS `m` ON `p`.`idmovimento` = `m`.`idmovimento`
LEFT JOIN `forma_pagamento` AS `f` ON `m`.`idforma_pagamento` = `f`.`idforma_pagamento`
WHERE `p`.`idvenda` = @__p_0
2021-02-14 22:47:15.166 -03:00 [INF] Executing ObjectResult, writing value of type 'FortalezaServer.Models.Venda'.
2021-02-14 22:47:15.167 -03:00 [INF] Executed action FortalezaServer.Controllers.VendasController.GetVenda (FortalezaServer) in 45.8135ms
2021-02-14 22:47:15.169 -03:00 [INF] Executed endpoint 'FortalezaServer.Controllers.VendasController.GetVenda (FortalezaServer)'
2021-02-14 22:47:15.170 -03:00 [INF] Request finished in 53.3255ms 200 application/json; charset=utf-8
2021-02-14 22:47:15.233 -03:00 [INF] Request starting HTTP/1.1 GET http://localhost:8000/api/caixas/actions/aberto?idnomeCaixa=1  
2021-02-14 22:47:15.235 -03:00 [INF] Executing endpoint 'FortalezaServer.Controllers.CaixasController.GetCaixaAberto (FortalezaServer)'
2021-02-14 22:47:15.237 -03:00 [INF] Route matched with {action = "GetCaixaAberto", controller = "Caixas"}. Executing controller action with signature System.Threading.Tasks.Task`1[Microsoft.AspNetCore.Mvc.ActionResult`1[FortalezaServer.Models.Caixa]] GetCaixaAberto(Int32, Boolean) on controller FortalezaServer.Controllers.CaixasController (FortalezaServer).
2021-02-14 22:47:15.242 -03:00 [INF] Entity Framework Core 3.1.10 initialized 'fortalezaitdbContext' using provider 'MySql.Data.EntityFrameworkCore' with options: None
2021-02-14 22:47:15.251 -03:00 [INF] Executed DbCommand (1ms) [Parameters=[@__idnomeCaixa_0='?' (DbType = Int32)], CommandType='"Text"', CommandTimeout='30']
SELECT `c`.`idcaixa`, `c`.`aberto`, `c`.`idnome_caixa`, `n`.`idnome_caixa`, `n`.`nome`, `a`.`idcaixa`, `a`.`hora`, `a`.`idpdv`, `a`.`idusuario`, `p`.`idpdv`, `p`.`nome`, `u`.`idusuario`, `u`.`cpf`, `u`.`idendereco`, `u`.`login`, `u`.`nome`, `u`.`senha`, `u`.`telefone1`, `u`.`telefone2`
FROM `caixa` AS `c`
INNER JOIN `nome_caixa` AS `n` ON `c`.`idnome_caixa` = `n`.`idnome_caixa`
LEFT JOIN `abertura` AS `a` ON `c`.`idcaixa` = `a`.`idcaixa`
LEFT JOIN `pdv` AS `p` ON `a`.`idpdv` = `p`.`idpdv`
LEFT JOIN `usuario` AS `u` ON `a`.`idusuario` = `u`.`idusuario`
WHERE (`c`.`aberto` = 1) AND (`c`.`idnome_caixa` = @__idnomeCaixa_0)
LIMIT 1
2021-02-14 22:47:15.257 -03:00 [INF] Executing ObjectResult, writing value of type 'FortalezaServer.Models.Caixa'.
2021-02-14 22:47:15.258 -03:00 [INF] Executed action FortalezaServer.Controllers.CaixasController.GetCaixaAberto (FortalezaServer) in 17.263ms
2021-02-14 22:47:15.259 -03:00 [INF] Executed endpoint 'FortalezaServer.Controllers.CaixasController.GetCaixaAberto (FortalezaServer)'
2021-02-14 22:47:15.261 -03:00 [INF] Request finished in 28.0595ms 200 application/json; charset=utf-8
2021-02-14 22:47:15.263 -03:00 [INF] Request starting HTTP/1.1 GET http://localhost:8000/api/formapagamentos  
2021-02-14 22:47:15.266 -03:00 [INF] Executing endpoint 'FortalezaServer.Controllers.FormaPagamentosController.GetFormaPagamento (FortalezaServer)'
2021-02-14 22:47:15.272 -03:00 [INF] Route matched with {action = "GetFormaPagamento", controller = "FormaPagamentos"}. Executing controller action with signature System.Threading.Tasks.Task`1[Microsoft.AspNetCore.Mvc.ActionResult`1[System.Collections.Generic.IEnumerable`1[FortalezaServer.Models.FormaPagamento]]] GetFormaPagamento() on controller FortalezaServer.Controllers.FormaPagamentosController (FortalezaServer).
2021-02-14 22:47:15.282 -03:00 [INF] Entity Framework Core 3.1.10 initialized 'fortalezaitdbContext' using provider 'MySql.Data.EntityFrameworkCore' with options: None
2021-02-14 22:47:15.287 -03:00 [INF] Executed DbCommand (0ms) [Parameters=[], CommandType='"Text"', CommandTimeout='30']
SELECT `f`.`idforma_pagamento`, `f`.`bandeira`, `f`.`debitar_cliente`, `f`.`debito`, `f`.`gerar_contas_receber`, `f`.`nome`, `f`.`ordem`
FROM `forma_pagamento` AS `f`
2021-02-14 22:47:15.295 -03:00 [INF] Executing ObjectResult, writing value of type 'System.Collections.Generic.List`1[[FortalezaServer.Models.FormaPagamento, FortalezaServer, Version=1.0.0.0, Culture=neutral, PublicKeyToken=null]]'.
2021-02-14 22:47:15.301 -03:00 [INF] Executed action FortalezaServer.Controllers.FormaPagamentosController.GetFormaPagamento (FortalezaServer) in 20.1621ms
2021-02-14 22:47:15.303 -03:00 [INF] Executed endpoint 'FortalezaServer.Controllers.FormaPagamentosController.GetFormaPagamento (FortalezaServer)'
2021-02-14 22:47:15.304 -03:00 [INF] Request finished in 41.6386ms 200 application/json; charset=utf-8
2021-02-14 22:47:18.336 -03:00 [INF] Request starting HTTP/1.1 POST http://localhost:8000/api/vendas/9/pagamentos application/json; charset=utf-8 730
2021-02-14 22:47:18.338 -03:00 [INF] Executing endpoint 'FortalezaServer.Controllers.VendasController.PostPagamento (FortalezaServer)'
2021-02-14 22:47:18.344 -03:00 [INF] Route matched with {action = "PostPagamento", controller = "Vendas"}. Executing controller action with signature System.Threading.Tasks.Task`1[Microsoft.AspNetCore.Mvc.ActionResult`1[FortalezaServer.Models.Venda]] PostPagamento(Int32, FortalezaServer.Models.Pagamento) on controller FortalezaServer.Controllers.VendasController (FortalezaServer).
2021-02-14 22:47:18.373 -03:00 [INF] Entity Framework Core 3.1.10 initialized 'fortalezaitdbContext' using provider 'MySql.Data.EntityFrameworkCore' with options: None
2021-02-14 22:47:18.424 -03:00 [INF] Executed DbCommand (1ms) [Parameters=[@__id_0='?' (DbType = Int32)], CommandType='"Text"', CommandTimeout='30']
SELECT `t`.`idvenda`, `t`.`aberta`, `t`.`acrescimo`, `t`.`desconto`, `t`.`descricao`, `t`.`hora_entrada`, `t`.`hora_fechamento`, `t`.`idcaixa`, `t`.`idcliente`, `t`.`idpdv`, `t`.`idresponsavel`, `t`.`numero_venda`, `t`.`paga`, `t`.`tipo`, `t`.`valor_pago`, `t`.`idcliente0`, `t`.`celular`, `t`.`cpf`, `t`.`email`, `t`.`idendereco`, `t`.`nome`, `t`.`telefone`, `i`.`iditem_venda`, `i`.`cancelado`, `i`.`custo`, `i`.`iditem`, `i`.`idvenda`, `i`.`indice`, `i`.`quantidade`, `i`.`valor`, `t0`.`idcliente`, `t0`.`idmovimento`, `t0`.`idmovimento0`, `t0`.`descricao`, `t0`.`hora_entrada`, `t0`.`idbandeira`, `t0`.`idcaixa`, `t0`.`idforma_pagamento`, `t0`.`idpdv`, `t0`.`idusuario`, `t0`.`tipo`, `t0`.`valor`
FROM (
    SELECT `v`.`idvenda`, `v`.`aberta`, `v`.`acrescimo`, `v`.`desconto`, `v`.`descricao`, `v`.`hora_entrada`, `v`.`hora_fechamento`, `v`.`idcaixa`, `v`.`idcliente`, `v`.`idpdv`, `v`.`idresponsavel`, `v`.`numero_venda`, `v`.`paga`, `v`.`tipo`, `v`.`valor_pago`, `c`.`idcliente` AS `idcliente0`, `c`.`celular`, `c`.`cpf`, `c`.`email`, `c`.`idendereco`, `c`.`nome`, `c`.`telefone`
    FROM `venda` AS `v`
    LEFT JOIN `cliente` AS `c` ON `v`.`idcliente` = `c`.`idcliente`
    WHERE `v`.`idvenda` = @__id_0
    LIMIT 1
) AS `t`
LEFT JOIN `item_venda` AS `i` ON `t`.`idvenda` = `i`.`idvenda`
LEFT JOIN (
    SELECT `c0`.`idcliente`, `c0`.`idmovimento`, `m`.`idmovimento` AS `idmovimento0`, `m`.`descricao`, `m`.`hora_entrada`, `m`.`idbandeira`, `m`.`idcaixa`, `m`.`idforma_pagamento`, `m`.`idpdv`, `m`.`idusuario`, `m`.`tipo`, `m`.`valor`
    FROM `cliente_has_movimento` AS `c0`
    INNER JOIN `movimento` AS `m` ON `c0`.`idmovimento` = `m`.`idmovimento`
) AS `t0` ON `t`.`idcliente0` = `t0`.`idcliente`
ORDER BY `t`.`idvenda`, `i`.`iditem_venda`, `t0`.`idcliente`, `t0`.`idmovimento`, `t0`.`idmovimento0`
2021-02-14 22:47:18.475 -03:00 [INF] Executed DbCommand (2ms) [Parameters=[@p0='?' (Size = 255), @p1='?' (DbType = DateTime), @p2='?' (DbType = Int32), @p3='?' (DbType = Int32), @p4='?' (DbType = Int32), @p5='?' (DbType = Int32), @p6='?' (DbType = Int32), @p7='?' (DbType = Int32), @p8='?' (DbType = Decimal)], CommandType='"Text"', CommandTimeout='30']
INSERT INTO `movimento` (`descricao`, `hora_entrada`, `idbandeira`, `idcaixa`, `idforma_pagamento`, `idpdv`, `idusuario`, `tipo`, `valor`)
VALUES (@p0, @p1, @p2, @p3, @p4, @p5, @p6, @p7, @p8);
SELECT `idmovimento`
FROM `movimento`
WHERE ROW_COUNT() = 1
 AND `idmovimento`=LAST_INSERT_ID();
2021-02-14 22:47:18.483 -03:00 [INF] Executed DbCommand (1ms) [Parameters=[@p14='?' (DbType = Int32), @p0='?' (DbType = SByte), @p1='?' (DbType = Decimal), @p2='?' (DbType = Decimal), @p3='?' (Size = 255), @p4='?' (DbType = DateTime), @p5='?' (DbType = DateTime), @p6='?' (DbType = Int32), @p7='?' (DbType = Int32), @p8='?' (DbType = Int32), @p9='?' (DbType = Int32), @p10='?' (DbType = Int32), @p11='?' (DbType = SByte), @p12='?' (DbType = Int32), @p13='?' (DbType = Decimal)], CommandType='"Text"', CommandTimeout='30']
UPDATE `venda` SET `aberta` = @p0, `acrescimo` = @p1, `desconto` = @p2, `descricao` = @p3, `hora_entrada` = @p4, `hora_fechamento` = @p5, `idcaixa` = @p6, `idcliente` = @p7, `idpdv` = @p8, `idresponsavel` = @p9, `numero_venda` = @p10, `paga` = @p11, `tipo` = @p12, `valor_pago` = @p13
WHERE `idvenda` = @p14;
SELECT ROW_COUNT();
2021-02-14 22:47:18.487 -03:00 [INF] Executed DbCommand (0ms) [Parameters=[@p15='?' (DbType = Int32), @p16='?' (DbType = Int32)], CommandType='"Text"', CommandTimeout='30']
INSERT INTO `pagamento` (`idvenda`, `idmovimento`)
VALUES (@p15, @p16);
2021-02-14 22:47:18.493 -03:00 [INF] Executing ObjectResult, writing value of type '<>f__AnonymousType1`3[[System.Int32, System.Private.CoreLib, Version=4.0.0.0, Culture=neutral, PublicKeyToken=7cec85d7bea7798e],[System.Boolean, System.Private.CoreLib, Version=4.0.0.0, Culture=neutral, PublicKeyToken=7cec85d7bea7798e],[System.Boolean, System.Private.CoreLib, Version=4.0.0.0, Culture=neutral, PublicKeyToken=7cec85d7bea7798e]]'.
2021-02-14 22:47:18.498 -03:00 [INF] Executed action FortalezaServer.Controllers.VendasController.PostPagamento (FortalezaServer) in 142.1266ms
2021-02-14 22:47:18.500 -03:00 [INF] Executed endpoint 'FortalezaServer.Controllers.VendasController.PostPagamento (FortalezaServer)'
2021-02-14 22:47:18.501 -03:00 [INF] Request finished in 165.5358ms 201 application/json; charset=utf-8
2021-02-14 22:47:18.501 -03:00 [INF] Request starting HTTP/1.1 GET http://localhost:8000/api/vendas/9?pagamentos=true  
2021-02-14 22:47:18.503 -03:00 [INF] Executing endpoint 'FortalezaServer.Controllers.VendasController.GetVenda (FortalezaServer)'
2021-02-14 22:47:18.504 -03:00 [INF] Route matched with {action = "GetVenda", controller = "Vendas"}. Executing controller action with signature System.Threading.Tasks.Task`1[Microsoft.AspNetCore.Mvc.ActionResult`1[FortalezaServer.Models.Venda]] GetVenda(Int32, Boolean, Boolean, Boolean) on controller FortalezaServer.Controllers.VendasController (FortalezaServer).
2021-02-14 22:47:18.507 -03:00 [INF] Entity Framework Core 3.1.10 initialized 'fortalezaitdbContext' using provider 'MySql.Data.EntityFrameworkCore' with options: None
2021-02-14 22:47:18.510 -03:00 [INF] Executed DbCommand (0ms) [Parameters=[@__p_0='?' (DbType = Int32)], CommandType='"Text"', CommandTimeout='30']
SELECT `v`.`idvenda`, `v`.`aberta`, `v`.`acrescimo`, `v`.`desconto`, `v`.`descricao`, `v`.`hora_entrada`, `v`.`hora_fechamento`, `v`.`idcaixa`, `v`.`idcliente`, `v`.`idpdv`, `v`.`idresponsavel`, `v`.`numero_venda`, `v`.`paga`, `v`.`tipo`, `v`.`valor_pago`
FROM `venda` AS `v`
WHERE `v`.`idvenda` = @__p_0
LIMIT 1
2021-02-14 22:47:18.516 -03:00 [INF] Executed DbCommand (0ms) [Parameters=[@__p_0='?' (DbType = Int32)], CommandType='"Text"', CommandTimeout='30']
SELECT `i`.`iditem_venda`, `i`.`cancelado`, `i`.`custo`, `i`.`iditem`, `i`.`idvenda`, `i`.`indice`, `i`.`quantidade`, `i`.`valor`
FROM `item_venda` AS `i`
WHERE `i`.`idvenda` = @__p_0
2021-02-14 22:47:18.520 -03:00 [INF] Executed DbCommand (1ms) [Parameters=[@__p_0='?' (DbType = Int32)], CommandType='"Text"', CommandTimeout='30']
SELECT `p`.`idvenda`, `p`.`idmovimento`, `m`.`idmovimento`, `m`.`descricao`, `m`.`hora_entrada`, `m`.`idbandeira`, `m`.`idcaixa`, `m`.`idforma_pagamento`, `m`.`idpdv`, `m`.`idusuario`, `m`.`tipo`, `m`.`valor`, `f`.`idforma_pagamento`, `f`.`bandeira`, `f`.`debitar_cliente`, `f`.`debito`, `f`.`gerar_contas_receber`, `f`.`nome`, `f`.`ordem`
FROM `pagamento` AS `p`
INNER JOIN `movimento` AS `m` ON `p`.`idmovimento` = `m`.`idmovimento`
LEFT JOIN `forma_pagamento` AS `f` ON `m`.`idforma_pagamento` = `f`.`idforma_pagamento`
WHERE `p`.`idvenda` = @__p_0
2021-02-14 22:47:18.525 -03:00 [INF] Executing ObjectResult, writing value of type 'FortalezaServer.Models.Venda'.
2021-02-14 22:47:18.531 -03:00 [INF] Executed action FortalezaServer.Controllers.VendasController.GetVenda (FortalezaServer) in 24.4766ms
2021-02-14 22:47:18.532 -03:00 [INF] Executed endpoint 'FortalezaServer.Controllers.VendasController.GetVenda (FortalezaServer)'
2021-02-14 22:47:18.533 -03:00 [INF] Request finished in 32.1213ms 200 application/json; charset=utf-8
2021-02-14 22:47:18.539 -03:00 [INF] Request starting HTTP/1.1 GET http://localhost:8000/api/vendas/9?pagamentos=true  
2021-02-14 22:47:18.540 -03:00 [INF] Executing endpoint 'FortalezaServer.Controllers.VendasController.GetVenda (FortalezaServer)'
2021-02-14 22:47:18.541 -03:00 [INF] Route matched with {action = "GetVenda", controller = "Vendas"}. Executing controller action with signature System.Threading.Tasks.Task`1[Microsoft.AspNetCore.Mvc.ActionResult`1[FortalezaServer.Models.Venda]] GetVenda(Int32, Boolean, Boolean, Boolean) on controller FortalezaServer.Controllers.VendasController (FortalezaServer).
2021-02-14 22:47:18.544 -03:00 [INF] Entity Framework Core 3.1.10 initialized 'fortalezaitdbContext' using provider 'MySql.Data.EntityFrameworkCore' with options: None
2021-02-14 22:47:18.547 -03:00 [INF] Executed DbCommand (0ms) [Parameters=[@__p_0='?' (DbType = Int32)], CommandType='"Text"', CommandTimeout='30']
SELECT `v`.`idvenda`, `v`.`aberta`, `v`.`acrescimo`, `v`.`desconto`, `v`.`descricao`, `v`.`hora_entrada`, `v`.`hora_fechamento`, `v`.`idcaixa`, `v`.`idcliente`, `v`.`idpdv`, `v`.`idresponsavel`, `v`.`numero_venda`, `v`.`paga`, `v`.`tipo`, `v`.`valor_pago`
FROM `venda` AS `v`
WHERE `v`.`idvenda` = @__p_0
LIMIT 1
2021-02-14 22:47:18.552 -03:00 [INF] Executed DbCommand (0ms) [Parameters=[@__p_0='?' (DbType = Int32)], CommandType='"Text"', CommandTimeout='30']
SELECT `i`.`iditem_venda`, `i`.`cancelado`, `i`.`custo`, `i`.`iditem`, `i`.`idvenda`, `i`.`indice`, `i`.`quantidade`, `i`.`valor`
FROM `item_venda` AS `i`
WHERE `i`.`idvenda` = @__p_0
2021-02-14 22:47:18.557 -03:00 [INF] Executed DbCommand (1ms) [Parameters=[@__p_0='?' (DbType = Int32)], CommandType='"Text"', CommandTimeout='30']
SELECT `p`.`idvenda`, `p`.`idmovimento`, `m`.`idmovimento`, `m`.`descricao`, `m`.`hora_entrada`, `m`.`idbandeira`, `m`.`idcaixa`, `m`.`idforma_pagamento`, `m`.`idpdv`, `m`.`idusuario`, `m`.`tipo`, `m`.`valor`, `f`.`idforma_pagamento`, `f`.`bandeira`, `f`.`debitar_cliente`, `f`.`debito`, `f`.`gerar_contas_receber`, `f`.`nome`, `f`.`ordem`
FROM `pagamento` AS `p`
INNER JOIN `movimento` AS `m` ON `p`.`idmovimento` = `m`.`idmovimento`
LEFT JOIN `forma_pagamento` AS `f` ON `m`.`idforma_pagamento` = `f`.`idforma_pagamento`
WHERE `p`.`idvenda` = @__p_0
2021-02-14 22:47:18.561 -03:00 [INF] Executing ObjectResult, writing value of type 'FortalezaServer.Models.Venda'.
2021-02-14 22:47:18.562 -03:00 [INF] Executed action FortalezaServer.Controllers.VendasController.GetVenda (FortalezaServer) in 18.3481ms
2021-02-14 22:47:18.565 -03:00 [INF] Executed endpoint 'FortalezaServer.Controllers.VendasController.GetVenda (FortalezaServer)'
2021-02-14 22:47:18.567 -03:00 [INF] Request finished in 27.2509ms 200 application/json; charset=utf-8
2021-02-14 22:47:19.005 -03:00 [INF] Request starting HTTP/1.1 GET http://localhost:8000/api/vendas/9/actions/fechar  
2021-02-14 22:47:19.007 -03:00 [INF] Executing endpoint 'FortalezaServer.Controllers.VendasController.FecharVenda (FortalezaServer)'
2021-02-14 22:47:19.016 -03:00 [INF] Route matched with {action = "FecharVenda", controller = "Vendas"}. Executing controller action with signature System.Threading.Tasks.Task`1[Microsoft.AspNetCore.Mvc.ActionResult`1[FortalezaServer.Models.Venda]] FecharVenda(Int32) on controller FortalezaServer.Controllers.VendasController (FortalezaServer).
2021-02-14 22:47:19.021 -03:00 [INF] Entity Framework Core 3.1.10 initialized 'fortalezaitdbContext' using provider 'MySql.Data.EntityFrameworkCore' with options: None
2021-02-14 22:47:19.028 -03:00 [INF] Executed DbCommand (2ms) [Parameters=[@__p_0='?' (DbType = Int32)], CommandType='"Text"', CommandTimeout='30']
SELECT `v`.`idvenda`, `v`.`aberta`, `v`.`acrescimo`, `v`.`desconto`, `v`.`descricao`, `v`.`hora_entrada`, `v`.`hora_fechamento`, `v`.`idcaixa`, `v`.`idcliente`, `v`.`idpdv`, `v`.`idresponsavel`, `v`.`numero_venda`, `v`.`paga`, `v`.`tipo`, `v`.`valor_pago`
FROM `venda` AS `v`
WHERE `v`.`idvenda` = @__p_0
LIMIT 1
2021-02-14 22:47:19.038 -03:00 [INF] Executed DbCommand (1ms) [Parameters=[@__p_0='?' (DbType = Int32)], CommandType='"Text"', CommandTimeout='30']
SELECT `i`.`iditem_venda`, `i`.`cancelado`, `i`.`custo`, `i`.`iditem`, `i`.`idvenda`, `i`.`indice`, `i`.`quantidade`, `i`.`valor`
FROM `item_venda` AS `i`
WHERE `i`.`idvenda` = @__p_0
2021-02-14 22:47:19.053 -03:00 [INF] Executed DbCommand (0ms) [Parameters=[@__p_0='?' (DbType = Int32)], CommandType='"Text"', CommandTimeout='30']
SELECT `i`.`iditem`, `i`.`atacado`, `i`.`codigo_barras`, `i`.`descricao`, `i`.`disponivel`, `i`.`estoque`, `i`.`estoque_minimo`, `i`.`imagem`, `i`.`permite_combo`, `i`.`quantidade_atacado`, `i`.`tipo`, `i`.`unidade`, `i`.`unidade_inteira`, `i`.`valor`, `i`.`valor_atacado`, `i`.`visivel`
FROM `item` AS `i`
WHERE `i`.`iditem` = @__p_0
2021-02-14 22:47:19.058 -03:00 [INF] Executed DbCommand (0ms) [Parameters=[@__p_0='?' (DbType = Int32)], CommandType='"Text"', CommandTimeout='30']
SELECT `i`.`iditem`, `i`.`atacado`, `i`.`codigo_barras`, `i`.`descricao`, `i`.`disponivel`, `i`.`estoque`, `i`.`estoque_minimo`, `i`.`imagem`, `i`.`permite_combo`, `i`.`quantidade_atacado`, `i`.`tipo`, `i`.`unidade`, `i`.`unidade_inteira`, `i`.`valor`, `i`.`valor_atacado`, `i`.`visivel`
FROM `item` AS `i`
WHERE `i`.`iditem` = @__p_0
2021-02-14 22:47:19.065 -03:00 [INF] Executed DbCommand (1ms) [Parameters=[@p14='?' (DbType = Int32), @p0='?' (DbType = SByte), @p1='?' (DbType = Decimal), @p2='?' (DbType = Decimal), @p3='?' (Size = 255), @p4='?' (DbType = DateTime), @p5='?' (DbType = DateTime), @p6='?' (DbType = Int32), @p7='?' (DbType = Int32), @p8='?' (DbType = Int32), @p9='?' (DbType = Int32), @p10='?' (DbType = Int32), @p11='?' (DbType = SByte), @p12='?' (DbType = Int32), @p13='?' (DbType = Decimal)], CommandType='"Text"', CommandTimeout='30']
UPDATE `venda` SET `aberta` = @p0, `acrescimo` = @p1, `desconto` = @p2, `descricao` = @p3, `hora_entrada` = @p4, `hora_fechamento` = @p5, `idcaixa` = @p6, `idcliente` = @p7, `idpdv` = @p8, `idresponsavel` = @p9, `numero_venda` = @p10, `paga` = @p11, `tipo` = @p12, `valor_pago` = @p13
WHERE `idvenda` = @p14;
SELECT ROW_COUNT();
2021-02-14 22:47:19.074 -03:00 [INF] Executing HttpStatusCodeResult, setting HTTP status code 204
2021-02-14 22:47:19.075 -03:00 [INF] Executed action FortalezaServer.Controllers.VendasController.FecharVenda (FortalezaServer) in 56.3782ms
2021-02-14 22:47:19.077 -03:00 [INF] Executed endpoint 'FortalezaServer.Controllers.VendasController.FecharVenda (FortalezaServer)'
2021-02-14 22:47:19.078 -03:00 [INF] Request finished in 73.2428ms 204 
2021-02-14 22:47:24.134 -03:00 [INF] Request starting HTTP/1.1 GET http://localhost:8000/api/informacoesempresa/1  
2021-02-14 22:47:24.136 -03:00 [INF] Executing endpoint 'FortalezaServer.Controllers.InformacoesEmpresaController.GetInformacoesEmpresa (FortalezaServer)'
2021-02-14 22:47:24.145 -03:00 [INF] Route matched with {action = "GetInformacoesEmpresa", controller = "InformacoesEmpresa"}. Executing controller action with signature System.Threading.Tasks.Task`1[Microsoft.AspNetCore.Mvc.ActionResult`1[FortalezaServer.Models.InformacoesEmpresa]] GetInformacoesEmpresa(Int32) on controller FortalezaServer.Controllers.InformacoesEmpresaController (FortalezaServer).
2021-02-14 22:47:24.165 -03:00 [INF] Entity Framework Core 3.1.10 initialized 'fortalezaitdbContext' using provider 'MySql.Data.EntityFrameworkCore' with options: None
2021-02-14 22:47:24.178 -03:00 [INF] Executed DbCommand (1ms) [Parameters=[@__p_0='?' (DbType = Int32)], CommandType='"Text"', CommandTimeout='30']
SELECT `i`.`idinformacoes_empresa`, `i`.`cnae`, `i`.`cpf`, `i`.`idendereco`, `i`.`logo`, `i`.`nome_fantasia`, `i`.`razao_social`, `i`.`regime_tributario`, `i`.`rg`
FROM `informacoes_empresa` AS `i`
WHERE `i`.`idinformacoes_empresa` = @__p_0
LIMIT 1
2021-02-14 22:47:24.198 -03:00 [INF] Executed DbCommand (1ms) [Parameters=[@__p_0='?' (DbType = Int32)], CommandType='"Text"', CommandTimeout='30']
SELECT `e`.`idendereco`, `e`.`bairro`, `e`.`cep`, `e`.`complemento`, `e`.`descricao`, `e`.`logradouro`, `e`.`municipio`, `e`.`numero`, `e`.`tipo`, `e`.`UF`
FROM `endereco` AS `e`
WHERE `e`.`idendereco` = @__p_0
2021-02-14 22:47:24.209 -03:00 [INF] Executing ObjectResult, writing value of type 'FortalezaServer.Models.InformacoesEmpresa'.
2021-02-14 22:47:24.219 -03:00 [INF] Executed action FortalezaServer.Controllers.InformacoesEmpresaController.GetInformacoesEmpresa (FortalezaServer) in 61.5522ms
2021-02-14 22:47:24.221 -03:00 [INF] Executed endpoint 'FortalezaServer.Controllers.InformacoesEmpresaController.GetInformacoesEmpresa (FortalezaServer)'
2021-02-14 22:47:24.222 -03:00 [INF] Request finished in 87.9227ms 200 application/json; charset=utf-8
2021-02-14 22:47:24.274 -03:00 [INF] Request starting HTTP/1.1 GET http://localhost:8000/images/logo-empresa.png  
2021-02-14 22:47:24.292 -03:00 [INF] Sending file. Request path: '/images/logo-empresa.png'. Physical path: 'C:\Users\felip\source\repos\FortalezaServer\wwwroot\images\logo-empresa.png'
2021-02-14 22:47:24.296 -03:00 [INF] Request finished in 22.2833ms 200 image/png
