2021-02-03 17:25:49.161 -03:00 [INF] Starting web host
2021-02-03 17:25:50.539 -03:00 [INF] Now listening on: http://[::]:8000
2021-02-03 17:25:50.545 -03:00 [INF] Application started. Press Ctrl+C to shut down.
2021-02-03 17:25:50.547 -03:00 [INF] Hosting environment: Development
2021-02-03 17:25:50.548 -03:00 [INF] Content root path: C:\Users\felip\source\repos\FortalezaServer
2021-02-03 17:25:52.324 -03:00 [INF] Request starting HTTP/1.1 GET http://localhost:8000/api/status  
2021-02-03 17:25:52.388 -03:00 [INF] Executing endpoint 'FortalezaServer.Controllers.IndexController.GetStatus (FortalezaServer)'
2021-02-03 17:25:52.441 -03:00 [INF] Route matched with {action = "GetStatus", controller = "Index"}. Executing controller action with signature System.Threading.Tasks.Task`1[Microsoft.AspNetCore.Mvc.ActionResult`1[FortalezaServer.Controllers.IndexController+Status]] GetStatus() on controller FortalezaServer.Controllers.IndexController (FortalezaServer).
2021-02-03 17:25:53.573 -03:00 [INF] Entity Framework Core 3.1.10 initialized 'fortalezaitdbContext' using provider 'MySql.Data.EntityFrameworkCore' with options: None
2021-02-03 17:25:54.012 -03:00 [INF] Executing ObjectResult, writing value of type 'FortalezaServer.Controllers.IndexController+Status'.
2021-02-03 17:25:54.147 -03:00 [INF] Request starting HTTP/1.1 GET http://localhost:8000/api  
2021-02-03 17:25:54.153 -03:00 [INF] Executing endpoint 'FortalezaServer.Controllers.IndexController.Get (FortalezaServer)'
2021-02-03 17:25:54.156 -03:00 [INF] Route matched with {action = "Get", controller = "Index"}. Executing controller action with signature System.String Get() on controller FortalezaServer.Controllers.IndexController (FortalezaServer).
2021-02-03 17:25:54.160 -03:00 [INF] Executing ObjectResult, writing value of type 'System.String'.
2021-02-03 17:25:54.170 -03:00 [INF] Executed action FortalezaServer.Controllers.IndexController.Get (FortalezaServer) in 6.2608ms
2021-02-03 17:25:54.173 -03:00 [INF] Executed action FortalezaServer.Controllers.IndexController.GetStatus (FortalezaServer) in 1729.282ms
2021-02-03 17:25:54.174 -03:00 [INF] Executed endpoint 'FortalezaServer.Controllers.IndexController.Get (FortalezaServer)'
2021-02-03 17:25:54.175 -03:00 [INF] Executed endpoint 'FortalezaServer.Controllers.IndexController.GetStatus (FortalezaServer)'
2021-02-03 17:25:54.177 -03:00 [INF] Request finished in 29.6965ms 200 text/plain; charset=utf-8
2021-02-03 17:25:54.199 -03:00 [INF] Request finished in 1878.8774ms 200 application/json; charset=utf-8
2021-02-03 17:25:54.236 -03:00 [INF] Request starting HTTP/1.1 GET http://localhost:8000/api  
2021-02-03 17:25:54.239 -03:00 [INF] Executing endpoint 'FortalezaServer.Controllers.IndexController.Get (FortalezaServer)'
2021-02-03 17:25:54.244 -03:00 [INF] Route matched with {action = "Get", controller = "Index"}. Executing controller action with signature System.String Get() on controller FortalezaServer.Controllers.IndexController (FortalezaServer).
2021-02-03 17:25:54.250 -03:00 [INF] Executing ObjectResult, writing value of type 'System.String'.
2021-02-03 17:25:54.251 -03:00 [INF] Executed action FortalezaServer.Controllers.IndexController.Get (FortalezaServer) in 3.3318ms
2021-02-03 17:25:54.253 -03:00 [INF] Executed endpoint 'FortalezaServer.Controllers.IndexController.Get (FortalezaServer)'
2021-02-03 17:25:54.255 -03:00 [INF] Request finished in 19.1557ms 200 text/plain; charset=utf-8
2021-02-03 17:25:54.338 -03:00 [INF] Request starting HTTP/1.1 GET http://localhost:8000/api/vendas/actions/aberta  
2021-02-03 17:25:54.344 -03:00 [INF] Executing endpoint 'FortalezaServer.Controllers.VendasController.GetVendaAberta (FortalezaServer)'
2021-02-03 17:25:54.358 -03:00 [INF] Route matched with {action = "GetVendaAberta", controller = "Vendas"}. Executing controller action with signature System.Threading.Tasks.Task`1[Microsoft.AspNetCore.Mvc.ActionResult`1[System.Int32]] GetVendaAberta(Int32) on controller FortalezaServer.Controllers.VendasController (FortalezaServer).
2021-02-03 17:25:54.386 -03:00 [INF] Entity Framework Core 3.1.10 initialized 'fortalezaitdbContext' using provider 'MySql.Data.EntityFrameworkCore' with options: None
2021-02-03 17:25:54.539 -03:00 [INF] Request starting HTTP/1.1 GET http://localhost:8000/api/grupos  
2021-02-03 17:25:54.543 -03:00 [INF] Executing endpoint 'FortalezaServer.Controllers.GruposController.GetGrupo (FortalezaServer)'
2021-02-03 17:25:54.549 -03:00 [INF] Route matched with {action = "GetGrupo", controller = "Grupos"}. Executing controller action with signature System.Threading.Tasks.Task`1[Microsoft.AspNetCore.Mvc.ActionResult`1[System.Collections.Generic.IEnumerable`1[FortalezaServer.Models.Grupo]]] GetGrupo() on controller FortalezaServer.Controllers.GruposController (FortalezaServer).
2021-02-03 17:25:54.598 -03:00 [INF] Entity Framework Core 3.1.10 initialized 'fortalezaitdbContext' using provider 'MySql.Data.EntityFrameworkCore' with options: None
2021-02-03 17:25:54.684 -03:00 [INF] Executed DbCommand (3ms) [Parameters=[], CommandType='"Text"', CommandTimeout='30']
SELECT `g`.`idgrupo`, `g`.`descricao`, `g`.`nome`, `g`.`visivel`
FROM `grupo` AS `g`
2021-02-03 17:25:54.684 -03:00 [INF] Executed DbCommand (4ms) [Parameters=[@__tipo_0='?' (DbType = Int32)], CommandType='"Text"', CommandTimeout='30']
SELECT `v`.`idvenda`, `v`.`aberta`, `v`.`acrescimo`, `v`.`desconto`, `v`.`descricao`, `v`.`hora_entrada`, `v`.`hora_fechamento`, `v`.`idcaixa`, `v`.`idcliente`, `v`.`idpdv`, `v`.`idresponsavel`, `v`.`numero_venda`, `v`.`paga`, `v`.`tipo`, `v`.`valor_pago`
FROM `venda` AS `v`
WHERE (`v`.`aberta` = 1) & (`v`.`tipo` = @__tipo_0)
LIMIT 1
2021-02-03 17:25:54.742 -03:00 [INF] Executing ObjectResult, writing value of type 'System.Collections.Generic.List`1[[FortalezaServer.Models.Grupo, FortalezaServer, Version=1.0.0.0, Culture=neutral, PublicKeyToken=null]]'.
2021-02-03 17:25:54.748 -03:00 [INF] Executing ObjectResult, writing value of type 'System.Int32'.
2021-02-03 17:25:54.751 -03:00 [INF] Executed action FortalezaServer.Controllers.VendasController.GetVendaAberta (FortalezaServer) in 389.6921ms
2021-02-03 17:25:54.754 -03:00 [INF] Executed endpoint 'FortalezaServer.Controllers.VendasController.GetVendaAberta (FortalezaServer)'
2021-02-03 17:25:54.757 -03:00 [INF] Request finished in 419.0731ms 200 application/json; charset=utf-8
2021-02-03 17:25:54.762 -03:00 [INF] Executed action FortalezaServer.Controllers.GruposController.GetGrupo (FortalezaServer) in 204.029ms
2021-02-03 17:25:54.766 -03:00 [INF] Executed endpoint 'FortalezaServer.Controllers.GruposController.GetGrupo (FortalezaServer)'
2021-02-03 17:25:54.767 -03:00 [INF] Request starting HTTP/1.1 GET http://localhost:8000/api/vendas/1?itemvendas=true  
2021-02-03 17:25:54.769 -03:00 [INF] Request finished in 230.0064ms 200 application/json; charset=utf-8
2021-02-03 17:25:54.773 -03:00 [INF] Executing endpoint 'FortalezaServer.Controllers.VendasController.GetVenda (FortalezaServer)'
2021-02-03 17:25:54.780 -03:00 [INF] Route matched with {action = "GetVenda", controller = "Vendas"}. Executing controller action with signature System.Threading.Tasks.Task`1[Microsoft.AspNetCore.Mvc.ActionResult`1[FortalezaServer.Models.Venda]] GetVenda(Int32, Boolean, Boolean, Boolean) on controller FortalezaServer.Controllers.VendasController (FortalezaServer).
2021-02-03 17:25:54.790 -03:00 [INF] Entity Framework Core 3.1.10 initialized 'fortalezaitdbContext' using provider 'MySql.Data.EntityFrameworkCore' with options: None
2021-02-03 17:25:54.795 -03:00 [INF] Request starting HTTP/1.1 GET http://localhost:8000/api/items  
2021-02-03 17:25:54.796 -03:00 [INF] Executing endpoint 'FortalezaServer.Controllers.ItemsController.GetItem (FortalezaServer)'
2021-02-03 17:25:54.802 -03:00 [INF] Route matched with {action = "GetItem", controller = "Items"}. Executing controller action with signature System.Threading.Tasks.Task`1[Microsoft.AspNetCore.Mvc.ActionResult`1[System.Collections.Generic.IEnumerable`1[FortalezaServer.Models.Item]]] GetItem(Boolean, Boolean, Boolean) on controller FortalezaServer.Controllers.ItemsController (FortalezaServer).
2021-02-03 17:25:54.810 -03:00 [INF] Entity Framework Core 3.1.10 initialized 'fortalezaitdbContext' using provider 'MySql.Data.EntityFrameworkCore' with options: None
2021-02-03 17:25:54.812 -03:00 [INF] Executed DbCommand (1ms) [Parameters=[@__p_0='?' (DbType = Int32)], CommandType='"Text"', CommandTimeout='30']
SELECT `v`.`idvenda`, `v`.`aberta`, `v`.`acrescimo`, `v`.`desconto`, `v`.`descricao`, `v`.`hora_entrada`, `v`.`hora_fechamento`, `v`.`idcaixa`, `v`.`idcliente`, `v`.`idpdv`, `v`.`idresponsavel`, `v`.`numero_venda`, `v`.`paga`, `v`.`tipo`, `v`.`valor_pago`
FROM `venda` AS `v`
WHERE `v`.`idvenda` = @__p_0
LIMIT 1
2021-02-03 17:25:54.821 -03:00 [INF] Executed DbCommand (1ms) [Parameters=[], CommandType='"Text"', CommandTimeout='30']
SELECT `i`.`iditem`, `i`.`atacado`, `i`.`codigo_barras`, `i`.`descricao`, `i`.`disponivel`, `i`.`estoque`, `i`.`estoque_minimo`, `i`.`imagem`, `i`.`permite_combo`, `i`.`quantidade_atacado`, `i`.`tipo`, `i`.`unidade`, `i`.`unidade_inteira`, `i`.`valor`, `i`.`valor_atacado`, `i`.`visivel`
FROM `item` AS `i`
WHERE `i`.`visivel` = 1
2021-02-03 17:25:54.870 -03:00 [INF] Executing ObjectResult, writing value of type 'System.Collections.Generic.List`1[[FortalezaServer.Models.Item, FortalezaServer, Version=1.0.0.0, Culture=neutral, PublicKeyToken=null]]'.
2021-02-03 17:25:54.894 -03:00 [INF] Executed action FortalezaServer.Controllers.ItemsController.GetItem (FortalezaServer) in 87.4717ms
2021-02-03 17:25:54.896 -03:00 [INF] Executed endpoint 'FortalezaServer.Controllers.ItemsController.GetItem (FortalezaServer)'
2021-02-03 17:25:54.898 -03:00 [INF] Request finished in 102.5979ms 200 application/json; charset=utf-8
2021-02-03 17:25:54.908 -03:00 [INF] Executed DbCommand (1ms) [Parameters=[@__p_0='?' (DbType = Int32)], CommandType='"Text"', CommandTimeout='30']
SELECT `i`.`iditem_venda`, `i`.`cancelado`, `i`.`custo`, `i`.`iditem`, `i`.`idvenda`, `i`.`indice`, `i`.`quantidade`, `i`.`valor`, `i0`.`iditem`, `i0`.`atacado`, `i0`.`codigo_barras`, `i0`.`descricao`, `i0`.`disponivel`, `i0`.`estoque`, `i0`.`estoque_minimo`, `i0`.`imagem`, `i0`.`permite_combo`, `i0`.`quantidade_atacado`, `i0`.`tipo`, `i0`.`unidade`, `i0`.`unidade_inteira`, `i0`.`valor`, `i0`.`valor_atacado`, `i0`.`visivel`
FROM `item_venda` AS `i`
INNER JOIN `item` AS `i0` ON `i`.`iditem` = `i0`.`iditem`
WHERE `i`.`idvenda` = @__p_0
2021-02-03 17:25:54.934 -03:00 [INF] Executing ObjectResult, writing value of type 'FortalezaServer.Models.Venda'.
2021-02-03 17:25:54.972 -03:00 [INF] Executed action FortalezaServer.Controllers.VendasController.GetVenda (FortalezaServer) in 188.2761ms
2021-02-03 17:25:54.974 -03:00 [INF] Executed endpoint 'FortalezaServer.Controllers.VendasController.GetVenda (FortalezaServer)'
2021-02-03 17:25:54.976 -03:00 [INF] Request finished in 208.1478ms 200 application/json; charset=utf-8
2021-02-03 17:27:32.875 -03:00 [INF] Request starting HTTP/1.1 GET http://localhost:8000/api  
2021-02-03 17:27:32.877 -03:00 [INF] Executing endpoint 'FortalezaServer.Controllers.IndexController.Get (FortalezaServer)'
2021-02-03 17:27:32.881 -03:00 [INF] Route matched with {action = "Get", controller = "Index"}. Executing controller action with signature System.String Get() on controller FortalezaServer.Controllers.IndexController (FortalezaServer).
2021-02-03 17:27:32.891 -03:00 [INF] Executing ObjectResult, writing value of type 'System.String'.
2021-02-03 17:27:32.895 -03:00 [INF] Executed action FortalezaServer.Controllers.IndexController.Get (FortalezaServer) in 4.8212ms
2021-02-03 17:27:32.898 -03:00 [INF] Executed endpoint 'FortalezaServer.Controllers.IndexController.Get (FortalezaServer)'
2021-02-03 17:27:32.901 -03:00 [INF] Request finished in 26.8318ms 200 text/plain; charset=utf-8
2021-02-03 17:27:32.940 -03:00 [INF] Request starting HTTP/1.1 GET http://localhost:8000/api  
2021-02-03 17:27:32.942 -03:00 [INF] Executing endpoint 'FortalezaServer.Controllers.IndexController.Get (FortalezaServer)'
2021-02-03 17:27:32.946 -03:00 [INF] Route matched with {action = "Get", controller = "Index"}. Executing controller action with signature System.String Get() on controller FortalezaServer.Controllers.IndexController (FortalezaServer).
2021-02-03 17:27:32.952 -03:00 [INF] Executing ObjectResult, writing value of type 'System.String'.
2021-02-03 17:27:32.955 -03:00 [INF] Executed action FortalezaServer.Controllers.IndexController.Get (FortalezaServer) in 3.0359ms
2021-02-03 17:27:32.965 -03:00 [INF] Executed endpoint 'FortalezaServer.Controllers.IndexController.Get (FortalezaServer)'
2021-02-03 17:27:32.969 -03:00 [INF] Request finished in 28.8758ms 200 text/plain; charset=utf-8
2021-02-03 17:27:33.155 -03:00 [INF] Request starting HTTP/1.1 GET http://localhost:8000/api/vendas/actions/aberta  
2021-02-03 17:27:33.157 -03:00 [INF] Executing endpoint 'FortalezaServer.Controllers.VendasController.GetVendaAberta (FortalezaServer)'
2021-02-03 17:27:33.159 -03:00 [INF] Route matched with {action = "GetVendaAberta", controller = "Vendas"}. Executing controller action with signature System.Threading.Tasks.Task`1[Microsoft.AspNetCore.Mvc.ActionResult`1[System.Int32]] GetVendaAberta(Int32) on controller FortalezaServer.Controllers.VendasController (FortalezaServer).
2021-02-03 17:27:33.166 -03:00 [INF] Entity Framework Core 3.1.10 initialized 'fortalezaitdbContext' using provider 'MySql.Data.EntityFrameworkCore' with options: None
2021-02-03 17:27:33.174 -03:00 [INF] Executed DbCommand (1ms) [Parameters=[@__tipo_0='?' (DbType = Int32)], CommandType='"Text"', CommandTimeout='30']
SELECT `v`.`idvenda`, `v`.`aberta`, `v`.`acrescimo`, `v`.`desconto`, `v`.`descricao`, `v`.`hora_entrada`, `v`.`hora_fechamento`, `v`.`idcaixa`, `v`.`idcliente`, `v`.`idpdv`, `v`.`idresponsavel`, `v`.`numero_venda`, `v`.`paga`, `v`.`tipo`, `v`.`valor_pago`
FROM `venda` AS `v`
WHERE (`v`.`aberta` = 1) & (`v`.`tipo` = @__tipo_0)
LIMIT 1
2021-02-03 17:27:33.180 -03:00 [INF] Executing ObjectResult, writing value of type 'System.Int32'.
2021-02-03 17:27:33.182 -03:00 [INF] Executed action FortalezaServer.Controllers.VendasController.GetVendaAberta (FortalezaServer) in 18.2329ms
2021-02-03 17:27:33.186 -03:00 [INF] Executed endpoint 'FortalezaServer.Controllers.VendasController.GetVendaAberta (FortalezaServer)'
2021-02-03 17:27:33.187 -03:00 [INF] Request finished in 32.1901ms 200 application/json; charset=utf-8
2021-02-03 17:27:33.308 -03:00 [INF] Request starting HTTP/1.1 GET http://localhost:8000/api/grupos  
2021-02-03 17:27:33.309 -03:00 [INF] Executing endpoint 'FortalezaServer.Controllers.GruposController.GetGrupo (FortalezaServer)'
2021-02-03 17:27:33.312 -03:00 [INF] Route matched with {action = "GetGrupo", controller = "Grupos"}. Executing controller action with signature System.Threading.Tasks.Task`1[Microsoft.AspNetCore.Mvc.ActionResult`1[System.Collections.Generic.IEnumerable`1[FortalezaServer.Models.Grupo]]] GetGrupo() on controller FortalezaServer.Controllers.GruposController (FortalezaServer).
2021-02-03 17:27:33.318 -03:00 [INF] Entity Framework Core 3.1.10 initialized 'fortalezaitdbContext' using provider 'MySql.Data.EntityFrameworkCore' with options: None
2021-02-03 17:27:33.324 -03:00 [INF] Executed DbCommand (0ms) [Parameters=[], CommandType='"Text"', CommandTimeout='30']
SELECT `g`.`idgrupo`, `g`.`descricao`, `g`.`nome`, `g`.`visivel`
FROM `grupo` AS `g`
2021-02-03 17:27:33.333 -03:00 [INF] Request starting HTTP/1.1 GET http://localhost:8000/api/vendas/1?itemvendas=true  
2021-02-03 17:27:33.333 -03:00 [INF] Executing ObjectResult, writing value of type 'System.Collections.Generic.List`1[[FortalezaServer.Models.Grupo, FortalezaServer, Version=1.0.0.0, Culture=neutral, PublicKeyToken=null]]'.
2021-02-03 17:27:33.334 -03:00 [INF] Executing endpoint 'FortalezaServer.Controllers.VendasController.GetVenda (FortalezaServer)'
2021-02-03 17:27:33.338 -03:00 [INF] Executed action FortalezaServer.Controllers.GruposController.GetGrupo (FortalezaServer) in 19.971ms
2021-02-03 17:27:33.339 -03:00 [INF] Route matched with {action = "GetVenda", controller = "Vendas"}. Executing controller action with signature System.Threading.Tasks.Task`1[Microsoft.AspNetCore.Mvc.ActionResult`1[FortalezaServer.Models.Venda]] GetVenda(Int32, Boolean, Boolean, Boolean) on controller FortalezaServer.Controllers.VendasController (FortalezaServer).
2021-02-03 17:27:33.341 -03:00 [INF] Executed endpoint 'FortalezaServer.Controllers.GruposController.GetGrupo (FortalezaServer)'
2021-02-03 17:27:33.344 -03:00 [INF] Entity Framework Core 3.1.10 initialized 'fortalezaitdbContext' using provider 'MySql.Data.EntityFrameworkCore' with options: None
2021-02-03 17:27:33.346 -03:00 [INF] Request finished in 38.8315ms 200 application/json; charset=utf-8
2021-02-03 17:27:33.352 -03:00 [INF] Executed DbCommand (1ms) [Parameters=[@__p_0='?' (DbType = Int32)], CommandType='"Text"', CommandTimeout='30']
SELECT `v`.`idvenda`, `v`.`aberta`, `v`.`acrescimo`, `v`.`desconto`, `v`.`descricao`, `v`.`hora_entrada`, `v`.`hora_fechamento`, `v`.`idcaixa`, `v`.`idcliente`, `v`.`idpdv`, `v`.`idresponsavel`, `v`.`numero_venda`, `v`.`paga`, `v`.`tipo`, `v`.`valor_pago`
FROM `venda` AS `v`
WHERE `v`.`idvenda` = @__p_0
LIMIT 1
2021-02-03 17:27:33.359 -03:00 [INF] Executed DbCommand (1ms) [Parameters=[@__p_0='?' (DbType = Int32)], CommandType='"Text"', CommandTimeout='30']
SELECT `i`.`iditem_venda`, `i`.`cancelado`, `i`.`custo`, `i`.`iditem`, `i`.`idvenda`, `i`.`indice`, `i`.`quantidade`, `i`.`valor`, `i0`.`iditem`, `i0`.`atacado`, `i0`.`codigo_barras`, `i0`.`descricao`, `i0`.`disponivel`, `i0`.`estoque`, `i0`.`estoque_minimo`, `i0`.`imagem`, `i0`.`permite_combo`, `i0`.`quantidade_atacado`, `i0`.`tipo`, `i0`.`unidade`, `i0`.`unidade_inteira`, `i0`.`valor`, `i0`.`valor_atacado`, `i0`.`visivel`
FROM `item_venda` AS `i`
INNER JOIN `item` AS `i0` ON `i`.`iditem` = `i0`.`iditem`
WHERE `i`.`idvenda` = @__p_0
2021-02-03 17:27:33.371 -03:00 [INF] Executing ObjectResult, writing value of type 'FortalezaServer.Models.Venda'.
2021-02-03 17:27:33.372 -03:00 [INF] Executed action FortalezaServer.Controllers.VendasController.GetVenda (FortalezaServer) in 28.7137ms
2021-02-03 17:27:33.374 -03:00 [INF] Executed endpoint 'FortalezaServer.Controllers.VendasController.GetVenda (FortalezaServer)'
2021-02-03 17:27:33.375 -03:00 [INF] Request finished in 42.6043ms 200 application/json; charset=utf-8
2021-02-03 17:27:33.445 -03:00 [INF] Request starting HTTP/1.1 GET http://localhost:8000/api/items  
2021-02-03 17:27:33.447 -03:00 [INF] Executing endpoint 'FortalezaServer.Controllers.ItemsController.GetItem (FortalezaServer)'
2021-02-03 17:27:33.451 -03:00 [INF] Route matched with {action = "GetItem", controller = "Items"}. Executing controller action with signature System.Threading.Tasks.Task`1[Microsoft.AspNetCore.Mvc.ActionResult`1[System.Collections.Generic.IEnumerable`1[FortalezaServer.Models.Item]]] GetItem(Boolean, Boolean, Boolean) on controller FortalezaServer.Controllers.ItemsController (FortalezaServer).
2021-02-03 17:27:33.457 -03:00 [INF] Entity Framework Core 3.1.10 initialized 'fortalezaitdbContext' using provider 'MySql.Data.EntityFrameworkCore' with options: None
2021-02-03 17:27:33.462 -03:00 [INF] Executed DbCommand (1ms) [Parameters=[], CommandType='"Text"', CommandTimeout='30']
SELECT `i`.`iditem`, `i`.`atacado`, `i`.`codigo_barras`, `i`.`descricao`, `i`.`disponivel`, `i`.`estoque`, `i`.`estoque_minimo`, `i`.`imagem`, `i`.`permite_combo`, `i`.`quantidade_atacado`, `i`.`tipo`, `i`.`unidade`, `i`.`unidade_inteira`, `i`.`valor`, `i`.`valor_atacado`, `i`.`visivel`
FROM `item` AS `i`
WHERE `i`.`visivel` = 1
2021-02-03 17:27:33.471 -03:00 [INF] Executing ObjectResult, writing value of type 'System.Collections.Generic.List`1[[FortalezaServer.Models.Item, FortalezaServer, Version=1.0.0.0, Culture=neutral, PublicKeyToken=null]]'.
2021-02-03 17:27:33.477 -03:00 [INF] Executed action FortalezaServer.Controllers.ItemsController.GetItem (FortalezaServer) in 20.1358ms
2021-02-03 17:27:33.480 -03:00 [INF] Executed endpoint 'FortalezaServer.Controllers.ItemsController.GetItem (FortalezaServer)'
2021-02-03 17:27:33.483 -03:00 [INF] Request finished in 37.8844ms 200 application/json; charset=utf-8
2021-02-03 17:51:41.663 -03:00 [INF] Request starting HTTP/1.1 GET http://localhost:8000/api  
2021-02-03 17:51:41.668 -03:00 [INF] Executing endpoint 'FortalezaServer.Controllers.IndexController.Get (FortalezaServer)'
2021-02-03 17:51:41.673 -03:00 [INF] Route matched with {action = "Get", controller = "Index"}. Executing controller action with signature System.String Get() on controller FortalezaServer.Controllers.IndexController (FortalezaServer).
2021-02-03 17:51:41.677 -03:00 [INF] Executing ObjectResult, writing value of type 'System.String'.
2021-02-03 17:51:41.686 -03:00 [INF] Executed action FortalezaServer.Controllers.IndexController.Get (FortalezaServer) in 9.7328ms
2021-02-03 17:51:41.690 -03:00 [INF] Executed endpoint 'FortalezaServer.Controllers.IndexController.Get (FortalezaServer)'
2021-02-03 17:51:41.692 -03:00 [INF] Request finished in 29.0026ms 200 text/plain; charset=utf-8
2021-02-03 17:51:41.740 -03:00 [INF] Request starting HTTP/1.1 GET http://localhost:8000/api  
2021-02-03 17:51:41.743 -03:00 [INF] Executing endpoint 'FortalezaServer.Controllers.IndexController.Get (FortalezaServer)'
2021-02-03 17:51:41.753 -03:00 [INF] Route matched with {action = "Get", controller = "Index"}. Executing controller action with signature System.String Get() on controller FortalezaServer.Controllers.IndexController (FortalezaServer).
2021-02-03 17:51:41.779 -03:00 [INF] Executing ObjectResult, writing value of type 'System.String'.
2021-02-03 17:51:41.784 -03:00 [INF] Executed action FortalezaServer.Controllers.IndexController.Get (FortalezaServer) in 4.8608ms
2021-02-03 17:51:41.790 -03:00 [INF] Executed endpoint 'FortalezaServer.Controllers.IndexController.Get (FortalezaServer)'
2021-02-03 17:51:41.796 -03:00 [INF] Request finished in 55.8494ms 200 text/plain; charset=utf-8
2021-02-03 17:51:42.034 -03:00 [INF] Request starting HTTP/1.1 GET http://localhost:8000/api/vendas/actions/aberta  
2021-02-03 17:51:42.050 -03:00 [INF] Executing endpoint 'FortalezaServer.Controllers.VendasController.GetVendaAberta (FortalezaServer)'
2021-02-03 17:51:42.055 -03:00 [INF] Route matched with {action = "GetVendaAberta", controller = "Vendas"}. Executing controller action with signature System.Threading.Tasks.Task`1[Microsoft.AspNetCore.Mvc.ActionResult`1[System.Int32]] GetVendaAberta(Int32) on controller FortalezaServer.Controllers.VendasController (FortalezaServer).
2021-02-03 17:51:42.063 -03:00 [INF] Entity Framework Core 3.1.10 initialized 'fortalezaitdbContext' using provider 'MySql.Data.EntityFrameworkCore' with options: None
2021-02-03 17:51:42.116 -03:00 [INF] Executed DbCommand (1ms) [Parameters=[@__tipo_0='?' (DbType = Int32)], CommandType='"Text"', CommandTimeout='30']
SELECT `v`.`idvenda`, `v`.`aberta`, `v`.`acrescimo`, `v`.`desconto`, `v`.`descricao`, `v`.`hora_entrada`, `v`.`hora_fechamento`, `v`.`idcaixa`, `v`.`idcliente`, `v`.`idpdv`, `v`.`idresponsavel`, `v`.`numero_venda`, `v`.`paga`, `v`.`tipo`, `v`.`valor_pago`
FROM `venda` AS `v`
WHERE (`v`.`aberta` = 1) & (`v`.`tipo` = @__tipo_0)
LIMIT 1
2021-02-03 17:51:42.124 -03:00 [INF] Executing ObjectResult, writing value of type 'System.Int32'.
2021-02-03 17:51:42.126 -03:00 [INF] Executed action FortalezaServer.Controllers.VendasController.GetVendaAberta (FortalezaServer) in 65.5139ms
2021-02-03 17:51:42.133 -03:00 [INF] Executed endpoint 'FortalezaServer.Controllers.VendasController.GetVendaAberta (FortalezaServer)'
2021-02-03 17:51:42.141 -03:00 [INF] Request finished in 107.5055ms 200 application/json; charset=utf-8
2021-02-03 17:51:42.258 -03:00 [INF] Request starting HTTP/1.1 GET http://localhost:8000/api/grupos  
2021-02-03 17:51:42.260 -03:00 [INF] Executing endpoint 'FortalezaServer.Controllers.GruposController.GetGrupo (FortalezaServer)'
2021-02-03 17:51:42.263 -03:00 [INF] Route matched with {action = "GetGrupo", controller = "Grupos"}. Executing controller action with signature System.Threading.Tasks.Task`1[Microsoft.AspNetCore.Mvc.ActionResult`1[System.Collections.Generic.IEnumerable`1[FortalezaServer.Models.Grupo]]] GetGrupo() on controller FortalezaServer.Controllers.GruposController (FortalezaServer).
2021-02-03 17:51:42.270 -03:00 [INF] Entity Framework Core 3.1.10 initialized 'fortalezaitdbContext' using provider 'MySql.Data.EntityFrameworkCore' with options: None
2021-02-03 17:51:42.287 -03:00 [INF] Request starting HTTP/1.1 GET http://localhost:8000/api/vendas/1?itemvendas=true  
2021-02-03 17:51:42.295 -03:00 [INF] Executing endpoint 'FortalezaServer.Controllers.VendasController.GetVenda (FortalezaServer)'
2021-02-03 17:51:42.297 -03:00 [INF] Route matched with {action = "GetVenda", controller = "Vendas"}. Executing controller action with signature System.Threading.Tasks.Task`1[Microsoft.AspNetCore.Mvc.ActionResult`1[FortalezaServer.Models.Venda]] GetVenda(Int32, Boolean, Boolean, Boolean) on controller FortalezaServer.Controllers.VendasController (FortalezaServer).
2021-02-03 17:51:42.297 -03:00 [INF] Executed DbCommand (1ms) [Parameters=[], CommandType='"Text"', CommandTimeout='30']
SELECT `g`.`idgrupo`, `g`.`descricao`, `g`.`nome`, `g`.`visivel`
FROM `grupo` AS `g`
2021-02-03 17:51:42.303 -03:00 [INF] Entity Framework Core 3.1.10 initialized 'fortalezaitdbContext' using provider 'MySql.Data.EntityFrameworkCore' with options: None
2021-02-03 17:51:42.308 -03:00 [INF] Executing ObjectResult, writing value of type 'System.Collections.Generic.List`1[[FortalezaServer.Models.Grupo, FortalezaServer, Version=1.0.0.0, Culture=neutral, PublicKeyToken=null]]'.
2021-02-03 17:51:42.313 -03:00 [INF] Executed action FortalezaServer.Controllers.GruposController.GetGrupo (FortalezaServer) in 44.2578ms
2021-02-03 17:51:42.314 -03:00 [INF] Executed DbCommand (1ms) [Parameters=[@__p_0='?' (DbType = Int32)], CommandType='"Text"', CommandTimeout='30']
SELECT `v`.`idvenda`, `v`.`aberta`, `v`.`acrescimo`, `v`.`desconto`, `v`.`descricao`, `v`.`hora_entrada`, `v`.`hora_fechamento`, `v`.`idcaixa`, `v`.`idcliente`, `v`.`idpdv`, `v`.`idresponsavel`, `v`.`numero_venda`, `v`.`paga`, `v`.`tipo`, `v`.`valor_pago`
FROM `venda` AS `v`
WHERE `v`.`idvenda` = @__p_0
LIMIT 1
2021-02-03 17:51:42.316 -03:00 [INF] Executed endpoint 'FortalezaServer.Controllers.GruposController.GetGrupo (FortalezaServer)'
2021-02-03 17:51:42.327 -03:00 [INF] Request finished in 68.4454ms 200 application/json; charset=utf-8
2021-02-03 17:51:42.327 -03:00 [INF] Executed DbCommand (1ms) [Parameters=[@__p_0='?' (DbType = Int32)], CommandType='"Text"', CommandTimeout='30']
SELECT `i`.`iditem_venda`, `i`.`cancelado`, `i`.`custo`, `i`.`iditem`, `i`.`idvenda`, `i`.`indice`, `i`.`quantidade`, `i`.`valor`, `i0`.`iditem`, `i0`.`atacado`, `i0`.`codigo_barras`, `i0`.`descricao`, `i0`.`disponivel`, `i0`.`estoque`, `i0`.`estoque_minimo`, `i0`.`imagem`, `i0`.`permite_combo`, `i0`.`quantidade_atacado`, `i0`.`tipo`, `i0`.`unidade`, `i0`.`unidade_inteira`, `i0`.`valor`, `i0`.`valor_atacado`, `i0`.`visivel`
FROM `item_venda` AS `i`
INNER JOIN `item` AS `i0` ON `i`.`iditem` = `i0`.`iditem`
WHERE `i`.`idvenda` = @__p_0
2021-02-03 17:51:42.335 -03:00 [INF] Executing ObjectResult, writing value of type 'FortalezaServer.Models.Venda'.
2021-02-03 17:51:42.337 -03:00 [INF] Executed action FortalezaServer.Controllers.VendasController.GetVenda (FortalezaServer) in 35.7456ms
2021-02-03 17:51:42.339 -03:00 [INF] Executed endpoint 'FortalezaServer.Controllers.VendasController.GetVenda (FortalezaServer)'
2021-02-03 17:51:42.341 -03:00 [INF] Request finished in 53.3715ms 200 application/json; charset=utf-8
2021-02-03 17:51:42.466 -03:00 [INF] Request starting HTTP/1.1 GET http://localhost:8000/api/items  
2021-02-03 17:51:42.468 -03:00 [INF] Executing endpoint 'FortalezaServer.Controllers.ItemsController.GetItem (FortalezaServer)'
2021-02-03 17:51:42.470 -03:00 [INF] Route matched with {action = "GetItem", controller = "Items"}. Executing controller action with signature System.Threading.Tasks.Task`1[Microsoft.AspNetCore.Mvc.ActionResult`1[System.Collections.Generic.IEnumerable`1[FortalezaServer.Models.Item]]] GetItem(Boolean, Boolean, Boolean) on controller FortalezaServer.Controllers.ItemsController (FortalezaServer).
2021-02-03 17:51:42.476 -03:00 [INF] Entity Framework Core 3.1.10 initialized 'fortalezaitdbContext' using provider 'MySql.Data.EntityFrameworkCore' with options: None
2021-02-03 17:51:42.482 -03:00 [INF] Executed DbCommand (1ms) [Parameters=[], CommandType='"Text"', CommandTimeout='30']
SELECT `i`.`iditem`, `i`.`atacado`, `i`.`codigo_barras`, `i`.`descricao`, `i`.`disponivel`, `i`.`estoque`, `i`.`estoque_minimo`, `i`.`imagem`, `i`.`permite_combo`, `i`.`quantidade_atacado`, `i`.`tipo`, `i`.`unidade`, `i`.`unidade_inteira`, `i`.`valor`, `i`.`valor_atacado`, `i`.`visivel`
FROM `item` AS `i`
WHERE `i`.`visivel` = 1
2021-02-03 17:51:42.489 -03:00 [INF] Executing ObjectResult, writing value of type 'System.Collections.Generic.List`1[[FortalezaServer.Models.Item, FortalezaServer, Version=1.0.0.0, Culture=neutral, PublicKeyToken=null]]'.
2021-02-03 17:51:42.492 -03:00 [INF] Executed action FortalezaServer.Controllers.ItemsController.GetItem (FortalezaServer) in 17.3883ms
2021-02-03 17:51:42.496 -03:00 [INF] Executed endpoint 'FortalezaServer.Controllers.ItemsController.GetItem (FortalezaServer)'
2021-02-03 17:51:42.498 -03:00 [INF] Request finished in 32.3948ms 200 application/json; charset=utf-8
2021-02-03 17:52:07.129 -03:00 [INF] Request starting HTTP/1.1 GET http://localhost:8000/api/caixas/actions/aberto?idnomeCaixa=1  
2021-02-03 17:52:07.131 -03:00 [INF] Executing endpoint 'FortalezaServer.Controllers.CaixasController.GetCaixaAberto (FortalezaServer)'
2021-02-03 17:52:07.141 -03:00 [INF] Route matched with {action = "GetCaixaAberto", controller = "Caixas"}. Executing controller action with signature System.Threading.Tasks.Task`1[Microsoft.AspNetCore.Mvc.ActionResult`1[FortalezaServer.Models.Caixa]] GetCaixaAberto(Int32, Boolean) on controller FortalezaServer.Controllers.CaixasController (FortalezaServer).
2021-02-03 17:52:07.147 -03:00 [INF] Entity Framework Core 3.1.10 initialized 'fortalezaitdbContext' using provider 'MySql.Data.EntityFrameworkCore' with options: None
2021-02-03 17:52:07.174 -03:00 [INF] Executed DbCommand (2ms) [Parameters=[@__idnomeCaixa_0='?' (DbType = Int32)], CommandType='"Text"', CommandTimeout='30']
SELECT `c`.`idcaixa`, `c`.`aberto`, `c`.`idnome_caixa`, `n`.`idnome_caixa`, `n`.`nome`, `a`.`idcaixa`, `a`.`hora`, `a`.`idpdv`, `a`.`idusuario`, `p`.`idpdv`, `p`.`nome`, `u`.`idusuario`, `u`.`cpf`, `u`.`idendereco`, `u`.`login`, `u`.`nome`, `u`.`senha`, `u`.`telefone1`, `u`.`telefone2`
FROM `caixa` AS `c`
INNER JOIN `nome_caixa` AS `n` ON `c`.`idnome_caixa` = `n`.`idnome_caixa`
LEFT JOIN `abertura` AS `a` ON `c`.`idcaixa` = `a`.`idcaixa`
LEFT JOIN `pdv` AS `p` ON `a`.`idpdv` = `p`.`idpdv`
LEFT JOIN `usuario` AS `u` ON `a`.`idusuario` = `u`.`idusuario`
WHERE (`c`.`aberto` = 1) AND (`c`.`idnome_caixa` = @__idnomeCaixa_0)
LIMIT 1
2021-02-03 17:52:07.182 -03:00 [INF] Executing HttpStatusCodeResult, setting HTTP status code 204
2021-02-03 17:52:07.184 -03:00 [INF] Executed action FortalezaServer.Controllers.CaixasController.GetCaixaAberto (FortalezaServer) in 40.4794ms
2021-02-03 17:52:07.186 -03:00 [INF] Executed endpoint 'FortalezaServer.Controllers.CaixasController.GetCaixaAberto (FortalezaServer)'
2021-02-03 17:52:07.187 -03:00 [INF] Request finished in 58.3032ms 204 
2021-02-03 17:52:53.122 -03:00 [INF] Request starting HTTP/1.1 GET http://localhost:8000/api  
2021-02-03 17:52:53.124 -03:00 [INF] Executing endpoint 'FortalezaServer.Controllers.IndexController.Get (FortalezaServer)'
2021-02-03 17:52:53.125 -03:00 [INF] Route matched with {action = "Get", controller = "Index"}. Executing controller action with signature System.String Get() on controller FortalezaServer.Controllers.IndexController (FortalezaServer).
2021-02-03 17:52:53.128 -03:00 [INF] Executing ObjectResult, writing value of type 'System.String'.
2021-02-03 17:52:53.130 -03:00 [INF] Executed action FortalezaServer.Controllers.IndexController.Get (FortalezaServer) in 2.2407ms
2021-02-03 17:52:53.143 -03:00 [INF] Executed endpoint 'FortalezaServer.Controllers.IndexController.Get (FortalezaServer)'
2021-02-03 17:52:53.144 -03:00 [INF] Request finished in 22.3218ms 200 text/plain; charset=utf-8
2021-02-03 17:52:53.201 -03:00 [INF] Request starting HTTP/1.1 GET http://localhost:8000/api  
2021-02-03 17:52:53.217 -03:00 [INF] Executing endpoint 'FortalezaServer.Controllers.IndexController.Get (FortalezaServer)'
2021-02-03 17:52:53.222 -03:00 [INF] Route matched with {action = "Get", controller = "Index"}. Executing controller action with signature System.String Get() on controller FortalezaServer.Controllers.IndexController (FortalezaServer).
2021-02-03 17:52:53.269 -03:00 [INF] Executing ObjectResult, writing value of type 'System.String'.
2021-02-03 17:52:53.276 -03:00 [INF] Executed action FortalezaServer.Controllers.IndexController.Get (FortalezaServer) in 7.8851ms
2021-02-03 17:52:53.287 -03:00 [INF] Executed endpoint 'FortalezaServer.Controllers.IndexController.Get (FortalezaServer)'
2021-02-03 17:52:53.296 -03:00 [INF] Request finished in 95.5349ms 200 text/plain; charset=utf-8
2021-02-03 17:52:53.535 -03:00 [INF] Request starting HTTP/1.1 GET http://localhost:8000/api/vendas/actions/aberta  
2021-02-03 17:52:53.537 -03:00 [INF] Executing endpoint 'FortalezaServer.Controllers.VendasController.GetVendaAberta (FortalezaServer)'
2021-02-03 17:52:53.540 -03:00 [INF] Route matched with {action = "GetVendaAberta", controller = "Vendas"}. Executing controller action with signature System.Threading.Tasks.Task`1[Microsoft.AspNetCore.Mvc.ActionResult`1[System.Int32]] GetVendaAberta(Int32) on controller FortalezaServer.Controllers.VendasController (FortalezaServer).
2021-02-03 17:52:53.547 -03:00 [INF] Entity Framework Core 3.1.10 initialized 'fortalezaitdbContext' using provider 'MySql.Data.EntityFrameworkCore' with options: None
2021-02-03 17:52:53.555 -03:00 [INF] Executed DbCommand (1ms) [Parameters=[@__tipo_0='?' (DbType = Int32)], CommandType='"Text"', CommandTimeout='30']
SELECT `v`.`idvenda`, `v`.`aberta`, `v`.`acrescimo`, `v`.`desconto`, `v`.`descricao`, `v`.`hora_entrada`, `v`.`hora_fechamento`, `v`.`idcaixa`, `v`.`idcliente`, `v`.`idpdv`, `v`.`idresponsavel`, `v`.`numero_venda`, `v`.`paga`, `v`.`tipo`, `v`.`valor_pago`
FROM `venda` AS `v`
WHERE (`v`.`aberta` = 1) & (`v`.`tipo` = @__tipo_0)
LIMIT 1
2021-02-03 17:52:53.560 -03:00 [INF] Executing ObjectResult, writing value of type 'System.Int32'.
2021-02-03 17:52:53.562 -03:00 [INF] Executed action FortalezaServer.Controllers.VendasController.GetVendaAberta (FortalezaServer) in 18.8655ms
2021-02-03 17:52:53.565 -03:00 [INF] Executed endpoint 'FortalezaServer.Controllers.VendasController.GetVendaAberta (FortalezaServer)'
2021-02-03 17:52:53.567 -03:00 [INF] Request finished in 32.8112ms 200 application/json; charset=utf-8
2021-02-03 17:52:53.720 -03:00 [INF] Request starting HTTP/1.1 GET http://localhost:8000/api/grupos  
2021-02-03 17:52:53.721 -03:00 [INF] Executing endpoint 'FortalezaServer.Controllers.GruposController.GetGrupo (FortalezaServer)'
2021-02-03 17:52:53.723 -03:00 [INF] Route matched with {action = "GetGrupo", controller = "Grupos"}. Executing controller action with signature System.Threading.Tasks.Task`1[Microsoft.AspNetCore.Mvc.ActionResult`1[System.Collections.Generic.IEnumerable`1[FortalezaServer.Models.Grupo]]] GetGrupo() on controller FortalezaServer.Controllers.GruposController (FortalezaServer).
2021-02-03 17:52:53.731 -03:00 [INF] Entity Framework Core 3.1.10 initialized 'fortalezaitdbContext' using provider 'MySql.Data.EntityFrameworkCore' with options: None
2021-02-03 17:52:53.736 -03:00 [INF] Executed DbCommand (0ms) [Parameters=[], CommandType='"Text"', CommandTimeout='30']
SELECT `g`.`idgrupo`, `g`.`descricao`, `g`.`nome`, `g`.`visivel`
FROM `grupo` AS `g`
2021-02-03 17:52:53.742 -03:00 [INF] Executing ObjectResult, writing value of type 'System.Collections.Generic.List`1[[FortalezaServer.Models.Grupo, FortalezaServer, Version=1.0.0.0, Culture=neutral, PublicKeyToken=null]]'.
2021-02-03 17:52:53.748 -03:00 [INF] Request starting HTTP/1.1 GET http://localhost:8000/api/vendas/1?itemvendas=true  
2021-02-03 17:52:53.748 -03:00 [INF] Executed action FortalezaServer.Controllers.GruposController.GetGrupo (FortalezaServer) in 17.1114ms
2021-02-03 17:52:53.751 -03:00 [INF] Executing endpoint 'FortalezaServer.Controllers.VendasController.GetVenda (FortalezaServer)'
2021-02-03 17:52:53.753 -03:00 [INF] Executed endpoint 'FortalezaServer.Controllers.GruposController.GetGrupo (FortalezaServer)'
2021-02-03 17:52:53.755 -03:00 [INF] Route matched with {action = "GetVenda", controller = "Vendas"}. Executing controller action with signature System.Threading.Tasks.Task`1[Microsoft.AspNetCore.Mvc.ActionResult`1[FortalezaServer.Models.Venda]] GetVenda(Int32, Boolean, Boolean, Boolean) on controller FortalezaServer.Controllers.VendasController (FortalezaServer).
2021-02-03 17:52:53.756 -03:00 [INF] Request finished in 36.6307ms 200 application/json; charset=utf-8
2021-02-03 17:52:53.775 -03:00 [INF] Entity Framework Core 3.1.10 initialized 'fortalezaitdbContext' using provider 'MySql.Data.EntityFrameworkCore' with options: None
2021-02-03 17:52:53.784 -03:00 [INF] Executed DbCommand (1ms) [Parameters=[@__p_0='?' (DbType = Int32)], CommandType='"Text"', CommandTimeout='30']
SELECT `v`.`idvenda`, `v`.`aberta`, `v`.`acrescimo`, `v`.`desconto`, `v`.`descricao`, `v`.`hora_entrada`, `v`.`hora_fechamento`, `v`.`idcaixa`, `v`.`idcliente`, `v`.`idpdv`, `v`.`idresponsavel`, `v`.`numero_venda`, `v`.`paga`, `v`.`tipo`, `v`.`valor_pago`
FROM `venda` AS `v`
WHERE `v`.`idvenda` = @__p_0
LIMIT 1
2021-02-03 17:52:53.788 -03:00 [INF] Request starting HTTP/1.1 GET http://localhost:8000/api/items  
2021-02-03 17:52:53.792 -03:00 [INF] Executed DbCommand (1ms) [Parameters=[@__p_0='?' (DbType = Int32)], CommandType='"Text"', CommandTimeout='30']
SELECT `i`.`iditem_venda`, `i`.`cancelado`, `i`.`custo`, `i`.`iditem`, `i`.`idvenda`, `i`.`indice`, `i`.`quantidade`, `i`.`valor`, `i0`.`iditem`, `i0`.`atacado`, `i0`.`codigo_barras`, `i0`.`descricao`, `i0`.`disponivel`, `i0`.`estoque`, `i0`.`estoque_minimo`, `i0`.`imagem`, `i0`.`permite_combo`, `i0`.`quantidade_atacado`, `i0`.`tipo`, `i0`.`unidade`, `i0`.`unidade_inteira`, `i0`.`valor`, `i0`.`valor_atacado`, `i0`.`visivel`
FROM `item_venda` AS `i`
INNER JOIN `item` AS `i0` ON `i`.`iditem` = `i0`.`iditem`
WHERE `i`.`idvenda` = @__p_0
2021-02-03 17:52:53.794 -03:00 [INF] Executing endpoint 'FortalezaServer.Controllers.ItemsController.GetItem (FortalezaServer)'
2021-02-03 17:52:53.800 -03:00 [INF] Executing ObjectResult, writing value of type 'FortalezaServer.Models.Venda'.
2021-02-03 17:52:53.801 -03:00 [INF] Route matched with {action = "GetItem", controller = "Items"}. Executing controller action with signature System.Threading.Tasks.Task`1[Microsoft.AspNetCore.Mvc.ActionResult`1[System.Collections.Generic.IEnumerable`1[FortalezaServer.Models.Item]]] GetItem(Boolean, Boolean, Boolean) on controller FortalezaServer.Controllers.ItemsController (FortalezaServer).
2021-02-03 17:52:53.804 -03:00 [INF] Executed action FortalezaServer.Controllers.VendasController.GetVenda (FortalezaServer) in 29.1084ms
2021-02-03 17:52:53.807 -03:00 [INF] Entity Framework Core 3.1.10 initialized 'fortalezaitdbContext' using provider 'MySql.Data.EntityFrameworkCore' with options: None
2021-02-03 17:52:53.808 -03:00 [INF] Executed endpoint 'FortalezaServer.Controllers.VendasController.GetVenda (FortalezaServer)'
2021-02-03 17:52:53.812 -03:00 [INF] Executed DbCommand (0ms) [Parameters=[], CommandType='"Text"', CommandTimeout='30']
SELECT `i`.`iditem`, `i`.`atacado`, `i`.`codigo_barras`, `i`.`descricao`, `i`.`disponivel`, `i`.`estoque`, `i`.`estoque_minimo`, `i`.`imagem`, `i`.`permite_combo`, `i`.`quantidade_atacado`, `i`.`tipo`, `i`.`unidade`, `i`.`unidade_inteira`, `i`.`valor`, `i`.`valor_atacado`, `i`.`visivel`
FROM `item` AS `i`
WHERE `i`.`visivel` = 1
2021-02-03 17:52:53.813 -03:00 [INF] Request finished in 65.2402ms 200 application/json; charset=utf-8
2021-02-03 17:52:53.818 -03:00 [INF] Executing ObjectResult, writing value of type 'System.Collections.Generic.List`1[[FortalezaServer.Models.Item, FortalezaServer, Version=1.0.0.0, Culture=neutral, PublicKeyToken=null]]'.
2021-02-03 17:52:53.824 -03:00 [INF] Executed action FortalezaServer.Controllers.ItemsController.GetItem (FortalezaServer) in 17.5424ms
2021-02-03 17:52:53.826 -03:00 [INF] Executed endpoint 'FortalezaServer.Controllers.ItemsController.GetItem (FortalezaServer)'
2021-02-03 17:52:53.827 -03:00 [INF] Request finished in 39.5682ms 200 application/json; charset=utf-8
2021-02-03 17:52:56.137 -03:00 [INF] Request starting HTTP/1.1 GET http://localhost:8000/api/caixas/actions/aberto?idnomeCaixa=1  
2021-02-03 17:52:56.139 -03:00 [INF] Executing endpoint 'FortalezaServer.Controllers.CaixasController.GetCaixaAberto (FortalezaServer)'
2021-02-03 17:52:56.140 -03:00 [INF] Route matched with {action = "GetCaixaAberto", controller = "Caixas"}. Executing controller action with signature System.Threading.Tasks.Task`1[Microsoft.AspNetCore.Mvc.ActionResult`1[FortalezaServer.Models.Caixa]] GetCaixaAberto(Int32, Boolean) on controller FortalezaServer.Controllers.CaixasController (FortalezaServer).
2021-02-03 17:52:56.144 -03:00 [INF] Entity Framework Core 3.1.10 initialized 'fortalezaitdbContext' using provider 'MySql.Data.EntityFrameworkCore' with options: None
2021-02-03 17:52:56.151 -03:00 [INF] Executed DbCommand (2ms) [Parameters=[@__idnomeCaixa_0='?' (DbType = Int32)], CommandType='"Text"', CommandTimeout='30']
SELECT `c`.`idcaixa`, `c`.`aberto`, `c`.`idnome_caixa`, `n`.`idnome_caixa`, `n`.`nome`, `a`.`idcaixa`, `a`.`hora`, `a`.`idpdv`, `a`.`idusuario`, `p`.`idpdv`, `p`.`nome`, `u`.`idusuario`, `u`.`cpf`, `u`.`idendereco`, `u`.`login`, `u`.`nome`, `u`.`senha`, `u`.`telefone1`, `u`.`telefone2`
FROM `caixa` AS `c`
INNER JOIN `nome_caixa` AS `n` ON `c`.`idnome_caixa` = `n`.`idnome_caixa`
LEFT JOIN `abertura` AS `a` ON `c`.`idcaixa` = `a`.`idcaixa`
LEFT JOIN `pdv` AS `p` ON `a`.`idpdv` = `p`.`idpdv`
LEFT JOIN `usuario` AS `u` ON `a`.`idusuario` = `u`.`idusuario`
WHERE (`c`.`aberto` = 1) AND (`c`.`idnome_caixa` = @__idnomeCaixa_0)
LIMIT 1
2021-02-03 17:52:56.156 -03:00 [INF] Executing HttpStatusCodeResult, setting HTTP status code 204
2021-02-03 17:52:56.158 -03:00 [INF] Executed action FortalezaServer.Controllers.CaixasController.GetCaixaAberto (FortalezaServer) in 14.8278ms
2021-02-03 17:52:56.160 -03:00 [INF] Executed endpoint 'FortalezaServer.Controllers.CaixasController.GetCaixaAberto (FortalezaServer)'
2021-02-03 17:52:56.162 -03:00 [INF] Request finished in 24.3026ms 204 
2021-02-03 17:53:04.479 -03:00 [INF] Request starting HTTP/1.1 GET http://localhost:8000/api/caixas/actions/aberto?idnomeCaixa=1  
2021-02-03 17:53:04.481 -03:00 [INF] Executing endpoint 'FortalezaServer.Controllers.CaixasController.GetCaixaAberto (FortalezaServer)'
2021-02-03 17:53:04.482 -03:00 [INF] Route matched with {action = "GetCaixaAberto", controller = "Caixas"}. Executing controller action with signature System.Threading.Tasks.Task`1[Microsoft.AspNetCore.Mvc.ActionResult`1[FortalezaServer.Models.Caixa]] GetCaixaAberto(Int32, Boolean) on controller FortalezaServer.Controllers.CaixasController (FortalezaServer).
2021-02-03 17:53:04.488 -03:00 [INF] Entity Framework Core 3.1.10 initialized 'fortalezaitdbContext' using provider 'MySql.Data.EntityFrameworkCore' with options: None
2021-02-03 17:53:04.494 -03:00 [INF] Executed DbCommand (1ms) [Parameters=[@__idnomeCaixa_0='?' (DbType = Int32)], CommandType='"Text"', CommandTimeout='30']
SELECT `c`.`idcaixa`, `c`.`aberto`, `c`.`idnome_caixa`, `n`.`idnome_caixa`, `n`.`nome`, `a`.`idcaixa`, `a`.`hora`, `a`.`idpdv`, `a`.`idusuario`, `p`.`idpdv`, `p`.`nome`, `u`.`idusuario`, `u`.`cpf`, `u`.`idendereco`, `u`.`login`, `u`.`nome`, `u`.`senha`, `u`.`telefone1`, `u`.`telefone2`
FROM `caixa` AS `c`
INNER JOIN `nome_caixa` AS `n` ON `c`.`idnome_caixa` = `n`.`idnome_caixa`
LEFT JOIN `abertura` AS `a` ON `c`.`idcaixa` = `a`.`idcaixa`
LEFT JOIN `pdv` AS `p` ON `a`.`idpdv` = `p`.`idpdv`
LEFT JOIN `usuario` AS `u` ON `a`.`idusuario` = `u`.`idusuario`
WHERE (`c`.`aberto` = 1) AND (`c`.`idnome_caixa` = @__idnomeCaixa_0)
LIMIT 1
2021-02-03 17:53:04.501 -03:00 [INF] Executing HttpStatusCodeResult, setting HTTP status code 204
2021-02-03 17:53:04.502 -03:00 [INF] Executed action FortalezaServer.Controllers.CaixasController.GetCaixaAberto (FortalezaServer) in 15.2447ms
2021-02-03 17:53:04.504 -03:00 [INF] Executed endpoint 'FortalezaServer.Controllers.CaixasController.GetCaixaAberto (FortalezaServer)'
2021-02-03 17:53:04.505 -03:00 [INF] Request finished in 26.0923ms 204 
2021-02-03 17:53:08.986 -03:00 [INF] Request starting HTTP/1.1 GET http://localhost:8000/api/caixas/actions/aberto?movimentos=true&idnomeCaixa=1  
2021-02-03 17:53:08.989 -03:00 [INF] Executing endpoint 'FortalezaServer.Controllers.CaixasController.GetCaixaAberto (FortalezaServer)'
2021-02-03 17:53:08.993 -03:00 [INF] Route matched with {action = "GetCaixaAberto", controller = "Caixas"}. Executing controller action with signature System.Threading.Tasks.Task`1[Microsoft.AspNetCore.Mvc.ActionResult`1[FortalezaServer.Models.Caixa]] GetCaixaAberto(Int32, Boolean) on controller FortalezaServer.Controllers.CaixasController (FortalezaServer).
2021-02-03 17:53:09.003 -03:00 [INF] Entity Framework Core 3.1.10 initialized 'fortalezaitdbContext' using provider 'MySql.Data.EntityFrameworkCore' with options: None
2021-02-03 17:53:09.015 -03:00 [INF] Executed DbCommand (1ms) [Parameters=[@__idnomeCaixa_0='?' (DbType = Int32)], CommandType='"Text"', CommandTimeout='30']
SELECT `c`.`idcaixa`, `c`.`aberto`, `c`.`idnome_caixa`, `n`.`idnome_caixa`, `n`.`nome`, `a`.`idcaixa`, `a`.`hora`, `a`.`idpdv`, `a`.`idusuario`, `p`.`idpdv`, `p`.`nome`, `u`.`idusuario`, `u`.`cpf`, `u`.`idendereco`, `u`.`login`, `u`.`nome`, `u`.`senha`, `u`.`telefone1`, `u`.`telefone2`
FROM `caixa` AS `c`
INNER JOIN `nome_caixa` AS `n` ON `c`.`idnome_caixa` = `n`.`idnome_caixa`
LEFT JOIN `abertura` AS `a` ON `c`.`idcaixa` = `a`.`idcaixa`
LEFT JOIN `pdv` AS `p` ON `a`.`idpdv` = `p`.`idpdv`
LEFT JOIN `usuario` AS `u` ON `a`.`idusuario` = `u`.`idusuario`
WHERE (`c`.`aberto` = 1) AND (`c`.`idnome_caixa` = @__idnomeCaixa_0)
LIMIT 1
2021-02-03 17:53:09.029 -03:00 [INF] Executing HttpStatusCodeResult, setting HTTP status code 204
2021-02-03 17:53:09.033 -03:00 [INF] Executed action FortalezaServer.Controllers.CaixasController.GetCaixaAberto (FortalezaServer) in 33.41ms
2021-02-03 17:53:09.040 -03:00 [INF] Executed endpoint 'FortalezaServer.Controllers.CaixasController.GetCaixaAberto (FortalezaServer)'
2021-02-03 17:53:09.044 -03:00 [INF] Request finished in 57.8282ms 204 
2021-02-03 17:53:09.050 -03:00 [INF] Request starting HTTP/1.1 GET http://localhost:8000/api/caixas?filtroData=true&dataInicial=2021-01-27&dataFinal=2021-02-03  
2021-02-03 17:53:09.053 -03:00 [INF] Executing endpoint 'FortalezaServer.Controllers.CaixasController.GetCaixa (FortalezaServer)'
2021-02-03 17:53:09.064 -03:00 [INF] Route matched with {action = "GetCaixa", controller = "Caixas"}. Executing controller action with signature System.Threading.Tasks.Task`1[Microsoft.AspNetCore.Mvc.ActionResult`1[System.Collections.Generic.IEnumerable`1[FortalezaServer.Models.Caixa]]] GetCaixa(Boolean, System.String, System.String) on controller FortalezaServer.Controllers.CaixasController (FortalezaServer).
2021-02-03 17:53:09.080 -03:00 [INF] Entity Framework Core 3.1.10 initialized 'fortalezaitdbContext' using provider 'MySql.Data.EntityFrameworkCore' with options: None
2021-02-03 17:53:09.109 -03:00 [INF] Executed DbCommand (3ms) [Parameters=[@___dataInicial_0='?' (DbType = DateTime), @___dataFinal_1='?' (DbType = DateTime)], CommandType='"Text"', CommandTimeout='30']
SELECT `c`.`idcaixa`, `c`.`aberto`, `c`.`idnome_caixa`, `n`.`idnome_caixa`, `n`.`nome`, `a`.`idcaixa`, `a`.`hora`, `a`.`idpdv`, `a`.`idusuario`, `p`.`idpdv`, `p`.`nome`, `u`.`idusuario`, `u`.`cpf`, `u`.`idendereco`, `u`.`login`, `u`.`nome`, `u`.`senha`, `u`.`telefone1`, `u`.`telefone2`, `f`.`idcaixa`, `f`.`hora`, `f`.`idpdv`, `f`.`idusuario`, `p0`.`idpdv`, `p0`.`nome`, `u0`.`idusuario`, `u0`.`cpf`, `u0`.`idendereco`, `u0`.`login`, `u0`.`nome`, `u0`.`senha`, `u0`.`telefone1`, `u0`.`telefone2`
FROM `caixa` AS `c`
LEFT JOIN `abertura` AS `a` ON `c`.`idcaixa` = `a`.`idcaixa`
INNER JOIN `nome_caixa` AS `n` ON `c`.`idnome_caixa` = `n`.`idnome_caixa`
LEFT JOIN `pdv` AS `p` ON `a`.`idpdv` = `p`.`idpdv`
LEFT JOIN `usuario` AS `u` ON `a`.`idusuario` = `u`.`idusuario`
LEFT JOIN `fechamento` AS `f` ON `c`.`idcaixa` = `f`.`idcaixa`
LEFT JOIN `pdv` AS `p0` ON `f`.`idpdv` = `p0`.`idpdv`
LEFT JOIN `usuario` AS `u0` ON `f`.`idusuario` = `u0`.`idusuario`
WHERE (`a`.`hora` > @___dataInicial_0) & (`a`.`hora` < @___dataFinal_1)
2021-02-03 17:53:09.115 -03:00 [INF] Executing ObjectResult, writing value of type 'System.Collections.Generic.List`1[[FortalezaServer.Models.Caixa, FortalezaServer, Version=1.0.0.0, Culture=neutral, PublicKeyToken=null]]'.
2021-02-03 17:53:09.120 -03:00 [INF] Executed action FortalezaServer.Controllers.CaixasController.GetCaixa (FortalezaServer) in 44.2518ms
2021-02-03 17:53:09.123 -03:00 [INF] Executed endpoint 'FortalezaServer.Controllers.CaixasController.GetCaixa (FortalezaServer)'
2021-02-03 17:53:09.124 -03:00 [INF] Request finished in 74.1592ms 200 application/json; charset=utf-8
2021-02-03 17:53:10.570 -03:00 [INF] Request starting HTTP/1.1 GET http://localhost:8000/api/caixas/actions/aberto?idnomeCaixa=1  
2021-02-03 17:53:10.572 -03:00 [INF] Executing endpoint 'FortalezaServer.Controllers.CaixasController.GetCaixaAberto (FortalezaServer)'
2021-02-03 17:53:10.576 -03:00 [INF] Route matched with {action = "GetCaixaAberto", controller = "Caixas"}. Executing controller action with signature System.Threading.Tasks.Task`1[Microsoft.AspNetCore.Mvc.ActionResult`1[FortalezaServer.Models.Caixa]] GetCaixaAberto(Int32, Boolean) on controller FortalezaServer.Controllers.CaixasController (FortalezaServer).
2021-02-03 17:53:10.588 -03:00 [INF] Entity Framework Core 3.1.10 initialized 'fortalezaitdbContext' using provider 'MySql.Data.EntityFrameworkCore' with options: None
2021-02-03 17:53:10.597 -03:00 [INF] Executed DbCommand (1ms) [Parameters=[@__idnomeCaixa_0='?' (DbType = Int32)], CommandType='"Text"', CommandTimeout='30']
SELECT `c`.`idcaixa`, `c`.`aberto`, `c`.`idnome_caixa`, `n`.`idnome_caixa`, `n`.`nome`, `a`.`idcaixa`, `a`.`hora`, `a`.`idpdv`, `a`.`idusuario`, `p`.`idpdv`, `p`.`nome`, `u`.`idusuario`, `u`.`cpf`, `u`.`idendereco`, `u`.`login`, `u`.`nome`, `u`.`senha`, `u`.`telefone1`, `u`.`telefone2`
FROM `caixa` AS `c`
INNER JOIN `nome_caixa` AS `n` ON `c`.`idnome_caixa` = `n`.`idnome_caixa`
LEFT JOIN `abertura` AS `a` ON `c`.`idcaixa` = `a`.`idcaixa`
LEFT JOIN `pdv` AS `p` ON `a`.`idpdv` = `p`.`idpdv`
LEFT JOIN `usuario` AS `u` ON `a`.`idusuario` = `u`.`idusuario`
WHERE (`c`.`aberto` = 1) AND (`c`.`idnome_caixa` = @__idnomeCaixa_0)
LIMIT 1
2021-02-03 17:53:10.624 -03:00 [INF] Executing HttpStatusCodeResult, setting HTTP status code 204
2021-02-03 17:53:10.626 -03:00 [INF] Executed action FortalezaServer.Controllers.CaixasController.GetCaixaAberto (FortalezaServer) in 38.523ms
2021-02-03 17:53:10.628 -03:00 [INF] Executed endpoint 'FortalezaServer.Controllers.CaixasController.GetCaixaAberto (FortalezaServer)'
2021-02-03 17:53:10.629 -03:00 [INF] Request finished in 58.7848ms 204 
2021-02-03 17:53:10.634 -03:00 [INF] Request starting HTTP/1.1 GET http://localhost:8000/api/nomecaixas/1  
2021-02-03 17:53:10.635 -03:00 [INF] Executing endpoint 'FortalezaServer.Controllers.NomeCaixasController.GetNomeCaixa (FortalezaServer)'
2021-02-03 17:53:10.640 -03:00 [INF] Route matched with {action = "GetNomeCaixa", controller = "NomeCaixas"}. Executing controller action with signature System.Threading.Tasks.Task`1[Microsoft.AspNetCore.Mvc.ActionResult`1[FortalezaServer.Models.NomeCaixa]] GetNomeCaixa(Int32) on controller FortalezaServer.Controllers.NomeCaixasController (FortalezaServer).
2021-02-03 17:53:10.645 -03:00 [INF] Entity Framework Core 3.1.10 initialized 'fortalezaitdbContext' using provider 'MySql.Data.EntityFrameworkCore' with options: None
2021-02-03 17:53:10.661 -03:00 [INF] Executed DbCommand (0ms) [Parameters=[@__p_0='?' (DbType = Int32)], CommandType='"Text"', CommandTimeout='30']
SELECT `n`.`idnome_caixa`, `n`.`nome`
FROM `nome_caixa` AS `n`
WHERE `n`.`idnome_caixa` = @__p_0
LIMIT 1
2021-02-03 17:53:10.675 -03:00 [INF] Executing ObjectResult, writing value of type 'FortalezaServer.Models.NomeCaixa'.
2021-02-03 17:53:10.679 -03:00 [INF] Executed action FortalezaServer.Controllers.NomeCaixasController.GetNomeCaixa (FortalezaServer) in 35.425ms
2021-02-03 17:53:10.681 -03:00 [INF] Executed endpoint 'FortalezaServer.Controllers.NomeCaixasController.GetNomeCaixa (FortalezaServer)'
2021-02-03 17:53:10.684 -03:00 [INF] Request finished in 49.281ms 200 application/json; charset=utf-8
2021-02-03 17:53:10.744 -03:00 [INF] Request starting HTTP/1.1 GET http://localhost:8000/api/pdvs/1  
2021-02-03 17:53:10.745 -03:00 [INF] Executing endpoint 'FortalezaServer.Controllers.PdvsController.GetPdv (FortalezaServer)'
2021-02-03 17:53:10.750 -03:00 [INF] Route matched with {action = "GetPdv", controller = "Pdvs"}. Executing controller action with signature System.Threading.Tasks.Task`1[Microsoft.AspNetCore.Mvc.ActionResult`1[FortalezaServer.Models.Pdv]] GetPdv(Int32) on controller FortalezaServer.Controllers.PdvsController (FortalezaServer).
2021-02-03 17:53:10.756 -03:00 [INF] Entity Framework Core 3.1.10 initialized 'fortalezaitdbContext' using provider 'MySql.Data.EntityFrameworkCore' with options: None
2021-02-03 17:53:10.768 -03:00 [INF] Executed DbCommand (1ms) [Parameters=[@__p_0='?' (DbType = Int32)], CommandType='"Text"', CommandTimeout='30']
SELECT `p`.`idpdv`, `p`.`nome`
FROM `pdv` AS `p`
WHERE `p`.`idpdv` = @__p_0
LIMIT 1
2021-02-03 17:53:10.788 -03:00 [INF] Executing ObjectResult, writing value of type 'FortalezaServer.Models.Pdv'.
2021-02-03 17:53:10.796 -03:00 [INF] Executed action FortalezaServer.Controllers.PdvsController.GetPdv (FortalezaServer) in 41.3024ms
2021-02-03 17:53:10.797 -03:00 [INF] Executed endpoint 'FortalezaServer.Controllers.PdvsController.GetPdv (FortalezaServer)'
2021-02-03 17:53:10.799 -03:00 [INF] Request finished in 55.3103ms 200 application/json; charset=utf-8
2021-02-03 17:53:10.823 -03:00 [INF] Request starting HTTP/1.1 GET http://localhost:8000/api/formapagamentos  
2021-02-03 17:53:10.827 -03:00 [INF] Executing endpoint 'FortalezaServer.Controllers.FormaPagamentosController.GetFormaPagamento (FortalezaServer)'
2021-02-03 17:53:10.831 -03:00 [INF] Route matched with {action = "GetFormaPagamento", controller = "FormaPagamentos"}. Executing controller action with signature System.Threading.Tasks.Task`1[Microsoft.AspNetCore.Mvc.ActionResult`1[System.Collections.Generic.IEnumerable`1[FortalezaServer.Models.FormaPagamento]]] GetFormaPagamento() on controller FortalezaServer.Controllers.FormaPagamentosController (FortalezaServer).
2021-02-03 17:53:10.836 -03:00 [INF] Entity Framework Core 3.1.10 initialized 'fortalezaitdbContext' using provider 'MySql.Data.EntityFrameworkCore' with options: None
2021-02-03 17:53:10.842 -03:00 [INF] Executed DbCommand (0ms) [Parameters=[], CommandType='"Text"', CommandTimeout='30']
SELECT `f`.`idforma_pagamento`, `f`.`bandeira`, `f`.`debitar_cliente`, `f`.`debito`, `f`.`gerar_contas_receber`, `f`.`nome`, `f`.`ordem`
FROM `forma_pagamento` AS `f`
2021-02-03 17:53:10.850 -03:00 [INF] Executing ObjectResult, writing value of type 'System.Collections.Generic.List`1[[FortalezaServer.Models.FormaPagamento, FortalezaServer, Version=1.0.0.0, Culture=neutral, PublicKeyToken=null]]'.
2021-02-03 17:53:10.856 -03:00 [INF] Executed action FortalezaServer.Controllers.FormaPagamentosController.GetFormaPagamento (FortalezaServer) in 21.1845ms
2021-02-03 17:53:10.858 -03:00 [INF] Executed endpoint 'FortalezaServer.Controllers.FormaPagamentosController.GetFormaPagamento (FortalezaServer)'
2021-02-03 17:53:10.860 -03:00 [INF] Request finished in 36.4566ms 200 application/json; charset=utf-8
2021-02-03 17:53:22.043 -03:00 [INF] Request starting HTTP/1.1 POST http://localhost:8000/api/caixas application/json; charset=utf-8 170
2021-02-03 17:53:22.045 -03:00 [INF] Executing endpoint 'FortalezaServer.Controllers.CaixasController.PostCaixa (FortalezaServer)'
2021-02-03 17:53:22.048 -03:00 [INF] Route matched with {action = "PostCaixa", controller = "Caixas"}. Executing controller action with signature System.Threading.Tasks.Task`1[Microsoft.AspNetCore.Mvc.ActionResult`1[FortalezaServer.Models.Caixa]] PostCaixa(FortalezaServer.Models.Caixa) on controller FortalezaServer.Controllers.CaixasController (FortalezaServer).
2021-02-03 17:53:22.120 -03:00 [INF] Entity Framework Core 3.1.10 initialized 'fortalezaitdbContext' using provider 'MySql.Data.EntityFrameworkCore' with options: None
2021-02-03 17:53:22.214 -03:00 [INF] Executed DbCommand (2ms) [Parameters=[@p0='?' (DbType = SByte), @p1='?' (DbType = Int32)], CommandType='"Text"', CommandTimeout='30']
INSERT INTO `caixa` (`aberto`, `idnome_caixa`)
VALUES (@p0, @p1);
SELECT `idcaixa`
FROM `caixa`
WHERE ROW_COUNT() = 1
 AND `idcaixa`=LAST_INSERT_ID();
2021-02-03 17:53:22.253 -03:00 [INF] Executing ObjectResult, writing value of type 'FortalezaServer.Models.Caixa'.
2021-02-03 17:53:22.287 -03:00 [INF] Executed action FortalezaServer.Controllers.CaixasController.PostCaixa (FortalezaServer) in 236.1985ms
2021-02-03 17:53:22.289 -03:00 [INF] Executed endpoint 'FortalezaServer.Controllers.CaixasController.PostCaixa (FortalezaServer)'
2021-02-03 17:53:22.292 -03:00 [INF] Request finished in 248.7424ms 201 application/json; charset=utf-8
2021-02-03 17:53:22.297 -03:00 [INF] Request starting HTTP/1.1 POST http://localhost:8000/api/caixas/2/abrir?idusuario=1&idpdv=1  0
2021-02-03 17:53:22.298 -03:00 [INF] Executing endpoint 'FortalezaServer.Controllers.CaixasController.AbrirCaixa (FortalezaServer)'
2021-02-03 17:53:22.304 -03:00 [INF] Route matched with {action = "AbrirCaixa", controller = "Caixas"}. Executing controller action with signature System.Threading.Tasks.Task`1[Microsoft.AspNetCore.Mvc.IActionResult] AbrirCaixa(Int32, Int32, Int32) on controller FortalezaServer.Controllers.CaixasController (FortalezaServer).
2021-02-03 17:53:22.310 -03:00 [INF] Entity Framework Core 3.1.10 initialized 'fortalezaitdbContext' using provider 'MySql.Data.EntityFrameworkCore' with options: None
2021-02-03 17:53:22.317 -03:00 [INF] Executed DbCommand (0ms) [Parameters=[@__p_0='?' (DbType = Int32)], CommandType='"Text"', CommandTimeout='30']
SELECT `c`.`idcaixa`, `c`.`aberto`, `c`.`idnome_caixa`
FROM `caixa` AS `c`
WHERE `c`.`idcaixa` = @__p_0
LIMIT 1
2021-02-03 17:53:22.339 -03:00 [INF] Executed DbCommand (2ms) [Parameters=[@p0='?' (DbType = Int32), @p1='?' (DbType = DateTime), @p2='?' (DbType = Int32), @p3='?' (DbType = Int32)], CommandType='"Text"', CommandTimeout='30']
INSERT INTO `abertura` (`idcaixa`, `hora`, `idpdv`, `idusuario`)
VALUES (@p0, @p1, @p2, @p3);
2021-02-03 17:53:22.354 -03:00 [INF] Executed DbCommand (1ms) [Parameters=[@p2='?' (DbType = Int32), @p0='?' (DbType = SByte), @p1='?' (DbType = Int32)], CommandType='"Text"', CommandTimeout='30']
UPDATE `caixa` SET `aberto` = @p0, `idnome_caixa` = @p1
WHERE `idcaixa` = @p2;
SELECT ROW_COUNT();
2021-02-03 17:53:22.363 -03:00 [INF] Executing HttpStatusCodeResult, setting HTTP status code 204
2021-02-03 17:53:22.364 -03:00 [INF] Executed action FortalezaServer.Controllers.CaixasController.AbrirCaixa (FortalezaServer) in 55.0503ms
2021-02-03 17:53:22.365 -03:00 [INF] Executed endpoint 'FortalezaServer.Controllers.CaixasController.AbrirCaixa (FortalezaServer)'
2021-02-03 17:53:22.369 -03:00 [INF] Request finished in 71.9879ms 204 
2021-02-03 17:53:22.404 -03:00 [INF] Request starting HTTP/1.1 POST http://localhost:8000/api/movimentos application/json; charset=utf-8 1000
2021-02-03 17:53:22.405 -03:00 [INF] Executing endpoint 'FortalezaServer.Controllers.MovimentosController.PostMovimento (FortalezaServer)'
2021-02-03 17:53:22.411 -03:00 [INF] Route matched with {action = "PostMovimento", controller = "Movimentos"}. Executing controller action with signature System.Threading.Tasks.Task`1[Microsoft.AspNetCore.Mvc.ActionResult`1[FortalezaServer.Models.Movimento]] PostMovimento(FortalezaServer.Models.Movimento) on controller FortalezaServer.Controllers.MovimentosController (FortalezaServer).
2021-02-03 17:53:22.434 -03:00 [INF] Entity Framework Core 3.1.10 initialized 'fortalezaitdbContext' using provider 'MySql.Data.EntityFrameworkCore' with options: None
2021-02-03 17:53:22.466 -03:00 [INF] Executed DbCommand (9ms) [Parameters=[@p0='?' (Size = 255), @p1='?' (DbType = DateTime), @p2='?' (DbType = Int32), @p3='?' (DbType = Int32), @p4='?' (DbType = Int32), @p5='?' (DbType = Int32), @p6='?' (DbType = Int32), @p7='?' (DbType = Int32), @p8='?' (DbType = Decimal)], CommandType='"Text"', CommandTimeout='30']
INSERT INTO `movimento` (`descricao`, `hora_entrada`, `idbandeira`, `idcaixa`, `idforma_pagamento`, `idpdv`, `idusuario`, `tipo`, `valor`)
VALUES (@p0, @p1, @p2, @p3, @p4, @p5, @p6, @p7, @p8);
SELECT `idmovimento`
FROM `movimento`
WHERE ROW_COUNT() = 1
 AND `idmovimento`=LAST_INSERT_ID();
2021-02-03 17:53:22.477 -03:00 [INF] Executing ObjectResult, writing value of type 'FortalezaServer.Models.Movimento'.
2021-02-03 17:53:22.481 -03:00 [INF] Executed action FortalezaServer.Controllers.MovimentosController.PostMovimento (FortalezaServer) in 66.832ms
2021-02-03 17:53:22.483 -03:00 [INF] Executed endpoint 'FortalezaServer.Controllers.MovimentosController.PostMovimento (FortalezaServer)'
2021-02-03 17:53:22.484 -03:00 [INF] Request finished in 80.3918ms 201 application/json; charset=utf-8
2021-02-03 17:53:22.490 -03:00 [INF] Request starting HTTP/1.1 GET http://localhost:8000/api/caixas/actions/aberto?movimentos=true&idnomeCaixa=1  
2021-02-03 17:53:22.494 -03:00 [INF] Executing endpoint 'FortalezaServer.Controllers.CaixasController.GetCaixaAberto (FortalezaServer)'
2021-02-03 17:53:22.497 -03:00 [INF] Route matched with {action = "GetCaixaAberto", controller = "Caixas"}. Executing controller action with signature System.Threading.Tasks.Task`1[Microsoft.AspNetCore.Mvc.ActionResult`1[FortalezaServer.Models.Caixa]] GetCaixaAberto(Int32, Boolean) on controller FortalezaServer.Controllers.CaixasController (FortalezaServer).
2021-02-03 17:53:22.510 -03:00 [INF] Entity Framework Core 3.1.10 initialized 'fortalezaitdbContext' using provider 'MySql.Data.EntityFrameworkCore' with options: None
2021-02-03 17:53:22.521 -03:00 [INF] Executed DbCommand (1ms) [Parameters=[@__idnomeCaixa_0='?' (DbType = Int32)], CommandType='"Text"', CommandTimeout='30']
SELECT `c`.`idcaixa`, `c`.`aberto`, `c`.`idnome_caixa`, `n`.`idnome_caixa`, `n`.`nome`, `a`.`idcaixa`, `a`.`hora`, `a`.`idpdv`, `a`.`idusuario`, `p`.`idpdv`, `p`.`nome`, `u`.`idusuario`, `u`.`cpf`, `u`.`idendereco`, `u`.`login`, `u`.`nome`, `u`.`senha`, `u`.`telefone1`, `u`.`telefone2`
FROM `caixa` AS `c`
INNER JOIN `nome_caixa` AS `n` ON `c`.`idnome_caixa` = `n`.`idnome_caixa`
LEFT JOIN `abertura` AS `a` ON `c`.`idcaixa` = `a`.`idcaixa`
LEFT JOIN `pdv` AS `p` ON `a`.`idpdv` = `p`.`idpdv`
LEFT JOIN `usuario` AS `u` ON `a`.`idusuario` = `u`.`idusuario`
WHERE (`c`.`aberto` = 1) AND (`c`.`idnome_caixa` = @__idnomeCaixa_0)
LIMIT 1
2021-02-03 17:53:22.546 -03:00 [INF] Executed DbCommand (0ms) [Parameters=[@__p_0='?' (DbType = Int32)], CommandType='"Text"', CommandTimeout='30']
SELECT `m`.`idmovimento`, `m`.`descricao`, `m`.`hora_entrada`, `m`.`idbandeira`, `m`.`idcaixa`, `m`.`idforma_pagamento`, `m`.`idpdv`, `m`.`idusuario`, `m`.`tipo`, `m`.`valor`, `f`.`idforma_pagamento`, `f`.`bandeira`, `f`.`debitar_cliente`, `f`.`debito`, `f`.`gerar_contas_receber`, `f`.`nome`, `f`.`ordem`
FROM `movimento` AS `m`
LEFT JOIN `forma_pagamento` AS `f` ON `m`.`idforma_pagamento` = `f`.`idforma_pagamento`
WHERE `m`.`idcaixa` = @__p_0
2021-02-03 17:53:22.554 -03:00 [INF] Executing ObjectResult, writing value of type 'FortalezaServer.Models.Caixa'.
2021-02-03 17:53:22.560 -03:00 [INF] Executed action FortalezaServer.Controllers.CaixasController.GetCaixaAberto (FortalezaServer) in 50.1519ms
2021-02-03 17:53:22.563 -03:00 [INF] Executed endpoint 'FortalezaServer.Controllers.CaixasController.GetCaixaAberto (FortalezaServer)'
2021-02-03 17:53:22.564 -03:00 [INF] Request finished in 74.2529ms 200 application/json; charset=utf-8
2021-02-03 17:53:22.579 -03:00 [INF] Request starting HTTP/1.1 GET http://localhost:8000/api/caixas?filtroData=true&dataInicial=2021-01-27&dataFinal=2021-02-03  
2021-02-03 17:53:22.581 -03:00 [INF] Executing endpoint 'FortalezaServer.Controllers.CaixasController.GetCaixa (FortalezaServer)'
2021-02-03 17:53:22.582 -03:00 [INF] Route matched with {action = "GetCaixa", controller = "Caixas"}. Executing controller action with signature System.Threading.Tasks.Task`1[Microsoft.AspNetCore.Mvc.ActionResult`1[System.Collections.Generic.IEnumerable`1[FortalezaServer.Models.Caixa]]] GetCaixa(Boolean, System.String, System.String) on controller FortalezaServer.Controllers.CaixasController (FortalezaServer).
2021-02-03 17:53:22.589 -03:00 [INF] Entity Framework Core 3.1.10 initialized 'fortalezaitdbContext' using provider 'MySql.Data.EntityFrameworkCore' with options: None
2021-02-03 17:53:22.593 -03:00 [INF] Executed DbCommand (1ms) [Parameters=[@___dataInicial_0='?' (DbType = DateTime), @___dataFinal_1='?' (DbType = DateTime)], CommandType='"Text"', CommandTimeout='30']
SELECT `c`.`idcaixa`, `c`.`aberto`, `c`.`idnome_caixa`, `n`.`idnome_caixa`, `n`.`nome`, `a`.`idcaixa`, `a`.`hora`, `a`.`idpdv`, `a`.`idusuario`, `p`.`idpdv`, `p`.`nome`, `u`.`idusuario`, `u`.`cpf`, `u`.`idendereco`, `u`.`login`, `u`.`nome`, `u`.`senha`, `u`.`telefone1`, `u`.`telefone2`, `f`.`idcaixa`, `f`.`hora`, `f`.`idpdv`, `f`.`idusuario`, `p0`.`idpdv`, `p0`.`nome`, `u0`.`idusuario`, `u0`.`cpf`, `u0`.`idendereco`, `u0`.`login`, `u0`.`nome`, `u0`.`senha`, `u0`.`telefone1`, `u0`.`telefone2`
FROM `caixa` AS `c`
LEFT JOIN `abertura` AS `a` ON `c`.`idcaixa` = `a`.`idcaixa`
INNER JOIN `nome_caixa` AS `n` ON `c`.`idnome_caixa` = `n`.`idnome_caixa`
LEFT JOIN `pdv` AS `p` ON `a`.`idpdv` = `p`.`idpdv`
LEFT JOIN `usuario` AS `u` ON `a`.`idusuario` = `u`.`idusuario`
LEFT JOIN `fechamento` AS `f` ON `c`.`idcaixa` = `f`.`idcaixa`
LEFT JOIN `pdv` AS `p0` ON `f`.`idpdv` = `p0`.`idpdv`
LEFT JOIN `usuario` AS `u0` ON `f`.`idusuario` = `u0`.`idusuario`
WHERE (`a`.`hora` > @___dataInicial_0) & (`a`.`hora` < @___dataFinal_1)
2021-02-03 17:53:22.617 -03:00 [INF] Executing ObjectResult, writing value of type 'System.Collections.Generic.List`1[[FortalezaServer.Models.Caixa, FortalezaServer, Version=1.0.0.0, Culture=neutral, PublicKeyToken=null]]'.
2021-02-03 17:53:22.619 -03:00 [INF] Executed action FortalezaServer.Controllers.CaixasController.GetCaixa (FortalezaServer) in 31.1362ms
2021-02-03 17:53:22.621 -03:00 [INF] Executed endpoint 'FortalezaServer.Controllers.CaixasController.GetCaixa (FortalezaServer)'
2021-02-03 17:53:22.623 -03:00 [INF] Request finished in 44.1981ms 200 application/json; charset=utf-8
