2021-02-03 12:00:08.503 -03:00 [INF] Starting web host
2021-02-03 12:00:11.395 -03:00 [INF] Now listening on: http://[::]:8000
2021-02-03 12:00:11.401 -03:00 [INF] Application started. Press Ctrl+C to shut down.
2021-02-03 12:00:11.403 -03:00 [INF] Hosting environment: Development
2021-02-03 12:00:11.404 -03:00 [INF] Content root path: C:\Users\felip\source\repos\FortalezaServer
2021-02-03 12:00:12.982 -03:00 [INF] Request starting HTTP/1.1 GET http://localhost:8000/api/status  
2021-02-03 12:00:13.040 -03:00 [INF] Executing endpoint 'FortalezaServer.Controllers.IndexController.GetStatus (FortalezaServer)'
2021-02-03 12:00:13.118 -03:00 [INF] Route matched with {action = "GetStatus", controller = "Index"}. Executing controller action with signature System.Threading.Tasks.Task`1[Microsoft.AspNetCore.Mvc.ActionResult`1[FortalezaServer.Controllers.IndexController+Status]] GetStatus() on controller FortalezaServer.Controllers.IndexController (FortalezaServer).
2021-02-03 12:00:15.343 -03:00 [INF] Entity Framework Core 3.1.10 initialized 'fortalezaitdbContext' using provider 'MySql.Data.EntityFrameworkCore' with options: None
2021-02-03 12:00:16.278 -03:00 [INF] Executing ObjectResult, writing value of type 'FortalezaServer.Controllers.IndexController+Status'.
2021-02-03 12:00:16.825 -03:00 [INF] Executed action FortalezaServer.Controllers.IndexController.GetStatus (FortalezaServer) in 3697.9331ms
2021-02-03 12:00:16.888 -03:00 [INF] Executed endpoint 'FortalezaServer.Controllers.IndexController.GetStatus (FortalezaServer)'
2021-02-03 12:00:16.908 -03:00 [INF] Request finished in 3930.6942ms 200 application/json; charset=utf-8
2021-02-03 12:28:25.004 -03:00 [INF] Request starting HTTP/1.1 GET http://localhost:8000/api  
2021-02-03 12:28:25.022 -03:00 [INF] Executing endpoint 'FortalezaServer.Controllers.IndexController.Get (FortalezaServer)'
2021-02-03 12:28:25.044 -03:00 [INF] Route matched with {action = "Get", controller = "Index"}. Executing controller action with signature System.String Get() on controller FortalezaServer.Controllers.IndexController (FortalezaServer).
2021-02-03 12:28:25.053 -03:00 [INF] Executing ObjectResult, writing value of type 'System.String'.
2021-02-03 12:28:25.057 -03:00 [INF] Executed action FortalezaServer.Controllers.IndexController.Get (FortalezaServer) in 6.6608ms
2021-02-03 12:28:25.069 -03:00 [INF] Executed endpoint 'FortalezaServer.Controllers.IndexController.Get (FortalezaServer)'
2021-02-03 12:28:25.078 -03:00 [INF] Request finished in 81.5808ms 200 text/plain; charset=utf-8
2021-02-03 12:28:25.283 -03:00 [INF] Request starting HTTP/1.1 GET http://localhost:8000/api  
2021-02-03 12:28:25.285 -03:00 [INF] Executing endpoint 'FortalezaServer.Controllers.IndexController.Get (FortalezaServer)'
2021-02-03 12:28:25.288 -03:00 [INF] Route matched with {action = "Get", controller = "Index"}. Executing controller action with signature System.String Get() on controller FortalezaServer.Controllers.IndexController (FortalezaServer).
2021-02-03 12:28:25.311 -03:00 [INF] Executing ObjectResult, writing value of type 'System.String'.
2021-02-03 12:28:25.314 -03:00 [INF] Executed action FortalezaServer.Controllers.IndexController.Get (FortalezaServer) in 8.2899ms
2021-02-03 12:28:25.319 -03:00 [INF] Executed endpoint 'FortalezaServer.Controllers.IndexController.Get (FortalezaServer)'
2021-02-03 12:28:25.335 -03:00 [INF] Request finished in 52.4358ms 200 text/plain; charset=utf-8
2021-02-03 12:28:25.427 -03:00 [INF] Request starting HTTP/1.1 GET http://localhost:8000/api/vendas/actions/aberta  
2021-02-03 12:28:25.434 -03:00 [INF] Executing endpoint 'FortalezaServer.Controllers.VendasController.GetVendaAberta (FortalezaServer)'
2021-02-03 12:28:25.456 -03:00 [INF] Route matched with {action = "GetVendaAberta", controller = "Vendas"}. Executing controller action with signature System.Threading.Tasks.Task`1[Microsoft.AspNetCore.Mvc.ActionResult`1[System.Int32]] GetVendaAberta(Int32) on controller FortalezaServer.Controllers.VendasController (FortalezaServer).
2021-02-03 12:28:25.509 -03:00 [INF] Entity Framework Core 3.1.10 initialized 'fortalezaitdbContext' using provider 'MySql.Data.EntityFrameworkCore' with options: None
2021-02-03 12:28:25.666 -03:00 [INF] Request starting HTTP/1.1 GET http://localhost:8000/api/grupos  
2021-02-03 12:28:25.668 -03:00 [INF] Executing endpoint 'FortalezaServer.Controllers.GruposController.GetGrupo (FortalezaServer)'
2021-02-03 12:28:25.674 -03:00 [INF] Route matched with {action = "GetGrupo", controller = "Grupos"}. Executing controller action with signature System.Threading.Tasks.Task`1[Microsoft.AspNetCore.Mvc.ActionResult`1[System.Collections.Generic.IEnumerable`1[FortalezaServer.Models.Grupo]]] GetGrupo() on controller FortalezaServer.Controllers.GruposController (FortalezaServer).
2021-02-03 12:28:25.723 -03:00 [INF] Entity Framework Core 3.1.10 initialized 'fortalezaitdbContext' using provider 'MySql.Data.EntityFrameworkCore' with options: None
2021-02-03 12:28:25.853 -03:00 [INF] Executed DbCommand (4ms) [Parameters=[], CommandType='"Text"', CommandTimeout='30']
SELECT `g`.`idgrupo`, `g`.`descricao`, `g`.`nome`, `g`.`visivel`
FROM `grupo` AS `g`
2021-02-03 12:28:25.854 -03:00 [INF] Executed DbCommand (8ms) [Parameters=[@__tipo_0='?' (DbType = Int32)], CommandType='"Text"', CommandTimeout='30']
SELECT `v`.`idvenda`, `v`.`aberta`, `v`.`acrescimo`, `v`.`desconto`, `v`.`descricao`, `v`.`hora_entrada`, `v`.`hora_fechamento`, `v`.`idcaixa`, `v`.`idcliente`, `v`.`idpdv`, `v`.`idresponsavel`, `v`.`numero_venda`, `v`.`paga`, `v`.`tipo`, `v`.`valor_pago`
FROM `venda` AS `v`
WHERE (`v`.`aberta` = 1) & (`v`.`tipo` = @__tipo_0)
LIMIT 1
2021-02-03 12:28:25.933 -03:00 [INF] Executing ObjectResult, writing value of type 'System.Collections.Generic.List`1[[FortalezaServer.Models.Grupo, FortalezaServer, Version=1.0.0.0, Culture=neutral, PublicKeyToken=null]]'.
2021-02-03 12:28:25.943 -03:00 [INF] Executing ObjectResult, writing value of type 'System.Int32'.
2021-02-03 12:28:25.947 -03:00 [INF] Executed action FortalezaServer.Controllers.VendasController.GetVendaAberta (FortalezaServer) in 485.2089ms
2021-02-03 12:28:25.952 -03:00 [INF] Executed endpoint 'FortalezaServer.Controllers.VendasController.GetVendaAberta (FortalezaServer)'
2021-02-03 12:28:25.957 -03:00 [INF] Request finished in 530.1415ms 200 application/json; charset=utf-8
2021-02-03 12:28:25.957 -03:00 [INF] Executed action FortalezaServer.Controllers.GruposController.GetGrupo (FortalezaServer) in 273.9979ms
2021-02-03 12:28:25.962 -03:00 [INF] Executed endpoint 'FortalezaServer.Controllers.GruposController.GetGrupo (FortalezaServer)'
2021-02-03 12:28:25.967 -03:00 [INF] Request starting HTTP/1.1 GET http://localhost:8000/api/vendas/1?itemvendas=true  
2021-02-03 12:28:25.970 -03:00 [INF] Request finished in 304.0696ms 200 application/json; charset=utf-8
2021-02-03 12:28:25.972 -03:00 [INF] Executing endpoint 'FortalezaServer.Controllers.VendasController.GetVenda (FortalezaServer)'
2021-02-03 12:28:25.985 -03:00 [INF] Route matched with {action = "GetVenda", controller = "Vendas"}. Executing controller action with signature System.Threading.Tasks.Task`1[Microsoft.AspNetCore.Mvc.ActionResult`1[FortalezaServer.Models.Venda]] GetVenda(Int32, Boolean, Boolean, Boolean) on controller FortalezaServer.Controllers.VendasController (FortalezaServer).
2021-02-03 12:28:25.997 -03:00 [INF] Entity Framework Core 3.1.10 initialized 'fortalezaitdbContext' using provider 'MySql.Data.EntityFrameworkCore' with options: None
2021-02-03 12:28:26.002 -03:00 [INF] Request starting HTTP/1.1 GET http://localhost:8000/api/items  
2021-02-03 12:28:26.011 -03:00 [INF] Executing endpoint 'FortalezaServer.Controllers.ItemsController.GetItem (FortalezaServer)'
2021-02-03 12:28:26.022 -03:00 [INF] Route matched with {action = "GetItem", controller = "Items"}. Executing controller action with signature System.Threading.Tasks.Task`1[Microsoft.AspNetCore.Mvc.ActionResult`1[System.Collections.Generic.IEnumerable`1[FortalezaServer.Models.Item]]] GetItem(Boolean, Boolean, Boolean) on controller FortalezaServer.Controllers.ItemsController (FortalezaServer).
2021-02-03 12:28:26.026 -03:00 [INF] Executed DbCommand (1ms) [Parameters=[@__p_0='?' (DbType = Int32)], CommandType='"Text"', CommandTimeout='30']
SELECT `v`.`idvenda`, `v`.`aberta`, `v`.`acrescimo`, `v`.`desconto`, `v`.`descricao`, `v`.`hora_entrada`, `v`.`hora_fechamento`, `v`.`idcaixa`, `v`.`idcliente`, `v`.`idpdv`, `v`.`idresponsavel`, `v`.`numero_venda`, `v`.`paga`, `v`.`tipo`, `v`.`valor_pago`
FROM `venda` AS `v`
WHERE `v`.`idvenda` = @__p_0
LIMIT 1
2021-02-03 12:28:26.050 -03:00 [INF] Entity Framework Core 3.1.10 initialized 'fortalezaitdbContext' using provider 'MySql.Data.EntityFrameworkCore' with options: None
2021-02-03 12:28:26.066 -03:00 [INF] Executed DbCommand (1ms) [Parameters=[], CommandType='"Text"', CommandTimeout='30']
SELECT `i`.`iditem`, `i`.`atacado`, `i`.`codigo_barras`, `i`.`descricao`, `i`.`disponivel`, `i`.`estoque`, `i`.`estoque_minimo`, `i`.`imagem`, `i`.`permite_combo`, `i`.`quantidade_atacado`, `i`.`tipo`, `i`.`unidade`, `i`.`unidade_inteira`, `i`.`valor`, `i`.`valor_atacado`, `i`.`visivel`
FROM `item` AS `i`
WHERE `i`.`visivel` = 1
2021-02-03 12:28:26.124 -03:00 [INF] Executing ObjectResult, writing value of type 'System.Collections.Generic.List`1[[FortalezaServer.Models.Item, FortalezaServer, Version=1.0.0.0, Culture=neutral, PublicKeyToken=null]]'.
2021-02-03 12:28:26.150 -03:00 [INF] Executed action FortalezaServer.Controllers.ItemsController.GetItem (FortalezaServer) in 103.5272ms
2021-02-03 12:28:26.153 -03:00 [INF] Executed endpoint 'FortalezaServer.Controllers.ItemsController.GetItem (FortalezaServer)'
2021-02-03 12:28:26.155 -03:00 [INF] Request finished in 153.2675ms 200 application/json; charset=utf-8
2021-02-03 12:28:26.160 -03:00 [INF] Executed DbCommand (3ms) [Parameters=[@__p_0='?' (DbType = Int32)], CommandType='"Text"', CommandTimeout='30']
SELECT `i`.`iditem_venda`, `i`.`cancelado`, `i`.`custo`, `i`.`iditem`, `i`.`idvenda`, `i`.`indice`, `i`.`quantidade`, `i`.`valor`, `i0`.`iditem`, `i0`.`atacado`, `i0`.`codigo_barras`, `i0`.`descricao`, `i0`.`disponivel`, `i0`.`estoque`, `i0`.`estoque_minimo`, `i0`.`imagem`, `i0`.`permite_combo`, `i0`.`quantidade_atacado`, `i0`.`tipo`, `i0`.`unidade`, `i0`.`unidade_inteira`, `i0`.`valor`, `i0`.`valor_atacado`, `i0`.`visivel`
FROM `item_venda` AS `i`
INNER JOIN `item` AS `i0` ON `i`.`iditem` = `i0`.`iditem`
WHERE `i`.`idvenda` = @__p_0
2021-02-03 12:28:26.186 -03:00 [INF] Executing ObjectResult, writing value of type 'FortalezaServer.Models.Venda'.
2021-02-03 12:28:26.236 -03:00 [INF] Executed action FortalezaServer.Controllers.VendasController.GetVenda (FortalezaServer) in 248.2756ms
2021-02-03 12:28:26.242 -03:00 [INF] Executed endpoint 'FortalezaServer.Controllers.VendasController.GetVenda (FortalezaServer)'
2021-02-03 12:28:26.252 -03:00 [INF] Request finished in 285.0347ms 200 application/json; charset=utf-8
2021-02-03 12:28:30.070 -03:00 [INF] Request starting HTTP/1.1 GET http://localhost:8000/api/caixas/actions/aberto?movimentos=true&idnomeCaixa=1  
2021-02-03 12:28:30.076 -03:00 [INF] Executing endpoint 'FortalezaServer.Controllers.CaixasController.GetCaixaAberto (FortalezaServer)'
2021-02-03 12:28:30.087 -03:00 [INF] Route matched with {action = "GetCaixaAberto", controller = "Caixas"}. Executing controller action with signature System.Threading.Tasks.Task`1[Microsoft.AspNetCore.Mvc.ActionResult`1[FortalezaServer.Models.Caixa]] GetCaixaAberto(Int32, Boolean) on controller FortalezaServer.Controllers.CaixasController (FortalezaServer).
2021-02-03 12:28:30.099 -03:00 [INF] Entity Framework Core 3.1.10 initialized 'fortalezaitdbContext' using provider 'MySql.Data.EntityFrameworkCore' with options: None
2021-02-03 12:28:30.144 -03:00 [INF] Executed DbCommand (2ms) [Parameters=[@__idnomeCaixa_0='?' (DbType = Int32)], CommandType='"Text"', CommandTimeout='30']
SELECT `c`.`idcaixa`, `c`.`aberto`, `c`.`idnome_caixa`, `n`.`idnome_caixa`, `n`.`nome`, `a`.`idcaixa`, `a`.`hora`, `a`.`idpdv`, `a`.`idusuario`, `p`.`idpdv`, `p`.`nome`, `u`.`idusuario`, `u`.`cpf`, `u`.`idendereco`, `u`.`login`, `u`.`nome`, `u`.`senha`, `u`.`telefone1`, `u`.`telefone2`
FROM `caixa` AS `c`
INNER JOIN `nome_caixa` AS `n` ON `c`.`idnome_caixa` = `n`.`idnome_caixa`
LEFT JOIN `abertura` AS `a` ON `c`.`idcaixa` = `a`.`idcaixa`
LEFT JOIN `pdv` AS `p` ON `a`.`idpdv` = `p`.`idpdv`
LEFT JOIN `usuario` AS `u` ON `a`.`idusuario` = `u`.`idusuario`
WHERE (`c`.`aberto` = 1) AND (`c`.`idnome_caixa` = @__idnomeCaixa_0)
LIMIT 1
2021-02-03 12:28:30.217 -03:00 [INF] Executed DbCommand (1ms) [Parameters=[@__p_0='?' (DbType = Int32)], CommandType='"Text"', CommandTimeout='30']
SELECT `m`.`idmovimento`, `m`.`descricao`, `m`.`hora_entrada`, `m`.`idbandeira`, `m`.`idcaixa`, `m`.`idforma_pagamento`, `m`.`idpdv`, `m`.`idusuario`, `m`.`tipo`, `m`.`valor`, `f`.`idforma_pagamento`, `f`.`bandeira`, `f`.`debitar_cliente`, `f`.`debito`, `f`.`gerar_contas_receber`, `f`.`nome`, `f`.`ordem`
FROM `movimento` AS `m`
LEFT JOIN `forma_pagamento` AS `f` ON `m`.`idforma_pagamento` = `f`.`idforma_pagamento`
WHERE `m`.`idcaixa` = @__p_0
2021-02-03 12:28:30.242 -03:00 [INF] Executing ObjectResult, writing value of type 'FortalezaServer.Models.Caixa'.
2021-02-03 12:28:30.274 -03:00 [INF] Executed action FortalezaServer.Controllers.CaixasController.GetCaixaAberto (FortalezaServer) in 179.8721ms
2021-02-03 12:28:30.276 -03:00 [INF] Executed endpoint 'FortalezaServer.Controllers.CaixasController.GetCaixaAberto (FortalezaServer)'
2021-02-03 12:28:30.278 -03:00 [INF] Request finished in 207.9486ms 200 application/json; charset=utf-8
2021-02-03 12:28:30.327 -03:00 [INF] Request starting HTTP/1.1 GET http://localhost:8000/api/caixas?filtroData=true&dataInicial=2021-01-27&dataFinal=2021-02-03  
2021-02-03 12:28:30.329 -03:00 [INF] Executing endpoint 'FortalezaServer.Controllers.CaixasController.GetCaixa (FortalezaServer)'
2021-02-03 12:28:30.333 -03:00 [INF] Route matched with {action = "GetCaixa", controller = "Caixas"}. Executing controller action with signature System.Threading.Tasks.Task`1[Microsoft.AspNetCore.Mvc.ActionResult`1[System.Collections.Generic.IEnumerable`1[FortalezaServer.Models.Caixa]]] GetCaixa(Boolean, System.String, System.String) on controller FortalezaServer.Controllers.CaixasController (FortalezaServer).
2021-02-03 12:28:30.344 -03:00 [INF] Entity Framework Core 3.1.10 initialized 'fortalezaitdbContext' using provider 'MySql.Data.EntityFrameworkCore' with options: None
2021-02-03 12:28:30.379 -03:00 [INF] Executed DbCommand (5ms) [Parameters=[@___dataInicial_0='?' (DbType = DateTime), @___dataFinal_1='?' (DbType = DateTime)], CommandType='"Text"', CommandTimeout='30']
SELECT `c`.`idcaixa`, `c`.`aberto`, `c`.`idnome_caixa`, `n`.`idnome_caixa`, `n`.`nome`, `a`.`idcaixa`, `a`.`hora`, `a`.`idpdv`, `a`.`idusuario`, `p`.`idpdv`, `p`.`nome`, `u`.`idusuario`, `u`.`cpf`, `u`.`idendereco`, `u`.`login`, `u`.`nome`, `u`.`senha`, `u`.`telefone1`, `u`.`telefone2`, `f`.`idcaixa`, `f`.`hora`, `f`.`idpdv`, `f`.`idusuario`, `p0`.`idpdv`, `p0`.`nome`, `u0`.`idusuario`, `u0`.`cpf`, `u0`.`idendereco`, `u0`.`login`, `u0`.`nome`, `u0`.`senha`, `u0`.`telefone1`, `u0`.`telefone2`
FROM `caixa` AS `c`
LEFT JOIN `abertura` AS `a` ON `c`.`idcaixa` = `a`.`idcaixa`
INNER JOIN `nome_caixa` AS `n` ON `c`.`idnome_caixa` = `n`.`idnome_caixa`
LEFT JOIN `pdv` AS `p` ON `a`.`idpdv` = `p`.`idpdv`
LEFT JOIN `usuario` AS `u` ON `a`.`idusuario` = `u`.`idusuario`
LEFT JOIN `fechamento` AS `f` ON `c`.`idcaixa` = `f`.`idcaixa`
LEFT JOIN `pdv` AS `p0` ON `f`.`idpdv` = `p0`.`idpdv`
LEFT JOIN `usuario` AS `u0` ON `f`.`idusuario` = `u0`.`idusuario`
WHERE (`a`.`hora` > @___dataInicial_0) & (`a`.`hora` < @___dataFinal_1)
2021-02-03 12:28:30.385 -03:00 [INF] Executing ObjectResult, writing value of type 'System.Collections.Generic.List`1[[FortalezaServer.Models.Caixa, FortalezaServer, Version=1.0.0.0, Culture=neutral, PublicKeyToken=null]]'.
2021-02-03 12:28:30.387 -03:00 [INF] Executed action FortalezaServer.Controllers.CaixasController.GetCaixa (FortalezaServer) in 48.5682ms
2021-02-03 12:28:30.391 -03:00 [INF] Executed endpoint 'FortalezaServer.Controllers.CaixasController.GetCaixa (FortalezaServer)'
2021-02-03 12:28:30.392 -03:00 [INF] Request finished in 65.1158ms 200 application/json; charset=utf-8
2021-02-03 12:28:32.106 -03:00 [INF] Request starting HTTP/1.1 GET http://localhost:8000/api/vendas/actions/hasaberta  
2021-02-03 12:28:32.108 -03:00 [INF] Executing endpoint 'FortalezaServer.Controllers.VendasController.HasVendaAberta (FortalezaServer)'
2021-02-03 12:28:32.115 -03:00 [INF] Route matched with {action = "HasVendaAberta", controller = "Vendas"}. Executing controller action with signature System.Threading.Tasks.Task`1[Microsoft.AspNetCore.Mvc.ActionResult`1[System.Boolean]] HasVendaAberta() on controller FortalezaServer.Controllers.VendasController (FortalezaServer).
2021-02-03 12:28:32.121 -03:00 [INF] Entity Framework Core 3.1.10 initialized 'fortalezaitdbContext' using provider 'MySql.Data.EntityFrameworkCore' with options: None
2021-02-03 12:28:32.134 -03:00 [INF] Executed DbCommand (0ms) [Parameters=[], CommandType='"Text"', CommandTimeout='30']
SELECT EXISTS (
    SELECT 1
    FROM `venda` AS `v`
    WHERE `v`.`aberta` = 1)
2021-02-03 12:28:32.139 -03:00 [INF] Executing ObjectResult, writing value of type 'System.Boolean'.
2021-02-03 12:28:32.141 -03:00 [INF] Executed action FortalezaServer.Controllers.VendasController.HasVendaAberta (FortalezaServer) in 21.9137ms
2021-02-03 12:28:32.143 -03:00 [INF] Executed endpoint 'FortalezaServer.Controllers.VendasController.HasVendaAberta (FortalezaServer)'
2021-02-03 12:28:32.145 -03:00 [INF] Request finished in 39.5622ms 200 application/json; charset=utf-8
2021-02-03 12:28:32.218 -03:00 [INF] Request starting HTTP/1.1 GET http://localhost:8000/api/vendas?abertas=true  
2021-02-03 12:28:32.221 -03:00 [INF] Executing endpoint 'FortalezaServer.Controllers.VendasController.GetVenda (FortalezaServer)'
2021-02-03 12:28:32.229 -03:00 [INF] Route matched with {action = "GetVenda", controller = "Vendas"}. Executing controller action with signature System.Threading.Tasks.Task`1[Microsoft.AspNetCore.Mvc.ActionResult`1[System.Collections.Generic.IEnumerable`1[FortalezaServer.Models.Venda]]] GetVenda(Int32, Boolean, Boolean, System.Nullable`1[System.DateTime], System.Nullable`1[System.DateTime]) on controller FortalezaServer.Controllers.VendasController (FortalezaServer).
2021-02-03 12:28:32.236 -03:00 [INF] Entity Framework Core 3.1.10 initialized 'fortalezaitdbContext' using provider 'MySql.Data.EntityFrameworkCore' with options: None
2021-02-03 12:28:32.270 -03:00 [INF] Executed DbCommand (2ms) [Parameters=[], CommandType='"Text"', CommandTimeout='30']
SELECT `v`.`idvenda`, `v`.`aberta`, `v`.`acrescimo`, `v`.`desconto`, `v`.`descricao`, `v`.`hora_entrada`, `v`.`hora_fechamento`, `v`.`idcaixa`, `v`.`idcliente`, `v`.`idpdv`, `v`.`idresponsavel`, `v`.`numero_venda`, `v`.`paga`, `v`.`tipo`, `v`.`valor_pago`, `i`.`iditem_venda`, `i`.`cancelado`, `i`.`custo`, `i`.`iditem`, `i`.`idvenda`, `i`.`indice`, `i`.`quantidade`, `i`.`valor`
FROM `venda` AS `v`
LEFT JOIN `item_venda` AS `i` ON `v`.`idvenda` = `i`.`idvenda`
WHERE `v`.`aberta` = 1
ORDER BY `v`.`idvenda`, `i`.`iditem_venda`
2021-02-03 12:28:32.280 -03:00 [INF] Executing ObjectResult, writing value of type 'System.Collections.Generic.List`1[[FortalezaServer.Models.Venda, FortalezaServer, Version=1.0.0.0, Culture=neutral, PublicKeyToken=null]]'.
2021-02-03 12:28:32.283 -03:00 [INF] Executed action FortalezaServer.Controllers.VendasController.GetVenda (FortalezaServer) in 50.3432ms
2021-02-03 12:28:32.284 -03:00 [INF] Executed endpoint 'FortalezaServer.Controllers.VendasController.GetVenda (FortalezaServer)'
2021-02-03 12:28:32.286 -03:00 [INF] Request finished in 67.2006ms 200 application/json; charset=utf-8
2021-02-03 12:28:36.786 -03:00 [INF] Request starting HTTP/1.1 GET http://localhost:8000/api/caixas/actions/aberto?idnomeCaixa=1  
2021-02-03 12:28:36.788 -03:00 [INF] Executing endpoint 'FortalezaServer.Controllers.CaixasController.GetCaixaAberto (FortalezaServer)'
2021-02-03 12:28:36.790 -03:00 [INF] Route matched with {action = "GetCaixaAberto", controller = "Caixas"}. Executing controller action with signature System.Threading.Tasks.Task`1[Microsoft.AspNetCore.Mvc.ActionResult`1[FortalezaServer.Models.Caixa]] GetCaixaAberto(Int32, Boolean) on controller FortalezaServer.Controllers.CaixasController (FortalezaServer).
2021-02-03 12:28:36.794 -03:00 [INF] Entity Framework Core 3.1.10 initialized 'fortalezaitdbContext' using provider 'MySql.Data.EntityFrameworkCore' with options: None
2021-02-03 12:28:36.803 -03:00 [INF] Executed DbCommand (1ms) [Parameters=[@__idnomeCaixa_0='?' (DbType = Int32)], CommandType='"Text"', CommandTimeout='30']
SELECT `c`.`idcaixa`, `c`.`aberto`, `c`.`idnome_caixa`, `n`.`idnome_caixa`, `n`.`nome`, `a`.`idcaixa`, `a`.`hora`, `a`.`idpdv`, `a`.`idusuario`, `p`.`idpdv`, `p`.`nome`, `u`.`idusuario`, `u`.`cpf`, `u`.`idendereco`, `u`.`login`, `u`.`nome`, `u`.`senha`, `u`.`telefone1`, `u`.`telefone2`
FROM `caixa` AS `c`
INNER JOIN `nome_caixa` AS `n` ON `c`.`idnome_caixa` = `n`.`idnome_caixa`
LEFT JOIN `abertura` AS `a` ON `c`.`idcaixa` = `a`.`idcaixa`
LEFT JOIN `pdv` AS `p` ON `a`.`idpdv` = `p`.`idpdv`
LEFT JOIN `usuario` AS `u` ON `a`.`idusuario` = `u`.`idusuario`
WHERE (`c`.`aberto` = 1) AND (`c`.`idnome_caixa` = @__idnomeCaixa_0)
LIMIT 1
2021-02-03 12:28:36.810 -03:00 [INF] Executing ObjectResult, writing value of type 'FortalezaServer.Models.Caixa'.
2021-02-03 12:28:36.811 -03:00 [INF] Executed action FortalezaServer.Controllers.CaixasController.GetCaixaAberto (FortalezaServer) in 18.4188ms
2021-02-03 12:28:36.813 -03:00 [INF] Executed endpoint 'FortalezaServer.Controllers.CaixasController.GetCaixaAberto (FortalezaServer)'
2021-02-03 12:28:36.816 -03:00 [INF] Request finished in 30.0146ms 200 application/json; charset=utf-8
2021-02-03 12:28:40.333 -03:00 [INF] Request starting HTTP/1.1 POST http://localhost:8000/api/caixas/1/fechar?idusuario=1&idpdv=1  0
2021-02-03 12:28:40.335 -03:00 [INF] Executing endpoint 'FortalezaServer.Controllers.CaixasController.FecharCaixa (FortalezaServer)'
2021-02-03 12:28:40.343 -03:00 [INF] Route matched with {action = "FecharCaixa", controller = "Caixas"}. Executing controller action with signature System.Threading.Tasks.Task`1[Microsoft.AspNetCore.Mvc.IActionResult] FecharCaixa(Int32, Int32, Int32) on controller FortalezaServer.Controllers.CaixasController (FortalezaServer).
2021-02-03 12:28:40.349 -03:00 [INF] Entity Framework Core 3.1.10 initialized 'fortalezaitdbContext' using provider 'MySql.Data.EntityFrameworkCore' with options: None
2021-02-03 12:28:40.357 -03:00 [INF] Executed DbCommand (0ms) [Parameters=[@__p_0='?' (DbType = Int32)], CommandType='"Text"', CommandTimeout='30']
SELECT `c`.`idcaixa`, `c`.`aberto`, `c`.`idnome_caixa`
FROM `caixa` AS `c`
WHERE `c`.`idcaixa` = @__p_0
LIMIT 1
2021-02-03 12:28:40.450 -03:00 [INF] Executed DbCommand (11ms) [Parameters=[@p0='?' (DbType = Int32), @p1='?' (DbType = DateTime), @p2='?' (DbType = Int32), @p3='?' (DbType = Int32)], CommandType='"Text"', CommandTimeout='30']
INSERT INTO `fechamento` (`idcaixa`, `hora`, `idpdv`, `idusuario`)
VALUES (@p0, @p1, @p2, @p3);
2021-02-03 12:28:40.483 -03:00 [INF] Executed DbCommand (3ms) [Parameters=[@p2='?' (DbType = Int32), @p0='?' (DbType = SByte), @p1='?' (DbType = Int32)], CommandType='"Text"', CommandTimeout='30']
UPDATE `caixa` SET `aberto` = @p0, `idnome_caixa` = @p1
WHERE `idcaixa` = @p2;
SELECT ROW_COUNT();
2021-02-03 12:28:40.495 -03:00 [INF] Executing HttpStatusCodeResult, setting HTTP status code 204
2021-02-03 12:28:40.496 -03:00 [INF] Executed action FortalezaServer.Controllers.CaixasController.FecharCaixa (FortalezaServer) in 149.4063ms
2021-02-03 12:28:40.498 -03:00 [INF] Executed endpoint 'FortalezaServer.Controllers.CaixasController.FecharCaixa (FortalezaServer)'
2021-02-03 12:28:40.499 -03:00 [INF] Request finished in 166.715ms 204 
2021-02-03 12:28:46.627 -03:00 [INF] Request starting HTTP/1.1 GET http://localhost:8000/api/caixas/actions/aberto?movimentos=true&idnomeCaixa=1  
2021-02-03 12:28:46.635 -03:00 [INF] Executing endpoint 'FortalezaServer.Controllers.CaixasController.GetCaixaAberto (FortalezaServer)'
2021-02-03 12:28:46.640 -03:00 [INF] Route matched with {action = "GetCaixaAberto", controller = "Caixas"}. Executing controller action with signature System.Threading.Tasks.Task`1[Microsoft.AspNetCore.Mvc.ActionResult`1[FortalezaServer.Models.Caixa]] GetCaixaAberto(Int32, Boolean) on controller FortalezaServer.Controllers.CaixasController (FortalezaServer).
2021-02-03 12:28:46.647 -03:00 [INF] Entity Framework Core 3.1.10 initialized 'fortalezaitdbContext' using provider 'MySql.Data.EntityFrameworkCore' with options: None
2021-02-03 12:28:46.662 -03:00 [INF] Executed DbCommand (1ms) [Parameters=[@__idnomeCaixa_0='?' (DbType = Int32)], CommandType='"Text"', CommandTimeout='30']
SELECT `c`.`idcaixa`, `c`.`aberto`, `c`.`idnome_caixa`, `n`.`idnome_caixa`, `n`.`nome`, `a`.`idcaixa`, `a`.`hora`, `a`.`idpdv`, `a`.`idusuario`, `p`.`idpdv`, `p`.`nome`, `u`.`idusuario`, `u`.`cpf`, `u`.`idendereco`, `u`.`login`, `u`.`nome`, `u`.`senha`, `u`.`telefone1`, `u`.`telefone2`
FROM `caixa` AS `c`
INNER JOIN `nome_caixa` AS `n` ON `c`.`idnome_caixa` = `n`.`idnome_caixa`
LEFT JOIN `abertura` AS `a` ON `c`.`idcaixa` = `a`.`idcaixa`
LEFT JOIN `pdv` AS `p` ON `a`.`idpdv` = `p`.`idpdv`
LEFT JOIN `usuario` AS `u` ON `a`.`idusuario` = `u`.`idusuario`
WHERE (`c`.`aberto` = 1) AND (`c`.`idnome_caixa` = @__idnomeCaixa_0)
LIMIT 1
2021-02-03 12:28:46.675 -03:00 [INF] Executing HttpStatusCodeResult, setting HTTP status code 204
2021-02-03 12:28:46.680 -03:00 [INF] Executed action FortalezaServer.Controllers.CaixasController.GetCaixaAberto (FortalezaServer) in 34.9013ms
2021-02-03 12:28:46.685 -03:00 [INF] Executed endpoint 'FortalezaServer.Controllers.CaixasController.GetCaixaAberto (FortalezaServer)'
2021-02-03 12:28:46.686 -03:00 [INF] Request finished in 58.9675ms 204 
2021-02-03 12:28:46.748 -03:00 [INF] Request starting HTTP/1.1 GET http://localhost:8000/api/caixas?filtroData=true&dataInicial=2021-01-27&dataFinal=2021-02-03  
2021-02-03 12:28:46.750 -03:00 [INF] Executing endpoint 'FortalezaServer.Controllers.CaixasController.GetCaixa (FortalezaServer)'
2021-02-03 12:28:46.753 -03:00 [INF] Route matched with {action = "GetCaixa", controller = "Caixas"}. Executing controller action with signature System.Threading.Tasks.Task`1[Microsoft.AspNetCore.Mvc.ActionResult`1[System.Collections.Generic.IEnumerable`1[FortalezaServer.Models.Caixa]]] GetCaixa(Boolean, System.String, System.String) on controller FortalezaServer.Controllers.CaixasController (FortalezaServer).
2021-02-03 12:28:46.765 -03:00 [INF] Entity Framework Core 3.1.10 initialized 'fortalezaitdbContext' using provider 'MySql.Data.EntityFrameworkCore' with options: None
2021-02-03 12:28:46.775 -03:00 [INF] Executed DbCommand (2ms) [Parameters=[@___dataInicial_0='?' (DbType = DateTime), @___dataFinal_1='?' (DbType = DateTime)], CommandType='"Text"', CommandTimeout='30']
SELECT `c`.`idcaixa`, `c`.`aberto`, `c`.`idnome_caixa`, `n`.`idnome_caixa`, `n`.`nome`, `a`.`idcaixa`, `a`.`hora`, `a`.`idpdv`, `a`.`idusuario`, `p`.`idpdv`, `p`.`nome`, `u`.`idusuario`, `u`.`cpf`, `u`.`idendereco`, `u`.`login`, `u`.`nome`, `u`.`senha`, `u`.`telefone1`, `u`.`telefone2`, `f`.`idcaixa`, `f`.`hora`, `f`.`idpdv`, `f`.`idusuario`, `p0`.`idpdv`, `p0`.`nome`, `u0`.`idusuario`, `u0`.`cpf`, `u0`.`idendereco`, `u0`.`login`, `u0`.`nome`, `u0`.`senha`, `u0`.`telefone1`, `u0`.`telefone2`
FROM `caixa` AS `c`
LEFT JOIN `abertura` AS `a` ON `c`.`idcaixa` = `a`.`idcaixa`
INNER JOIN `nome_caixa` AS `n` ON `c`.`idnome_caixa` = `n`.`idnome_caixa`
LEFT JOIN `pdv` AS `p` ON `a`.`idpdv` = `p`.`idpdv`
LEFT JOIN `usuario` AS `u` ON `a`.`idusuario` = `u`.`idusuario`
LEFT JOIN `fechamento` AS `f` ON `c`.`idcaixa` = `f`.`idcaixa`
LEFT JOIN `pdv` AS `p0` ON `f`.`idpdv` = `p0`.`idpdv`
LEFT JOIN `usuario` AS `u0` ON `f`.`idusuario` = `u0`.`idusuario`
WHERE (`a`.`hora` > @___dataInicial_0) & (`a`.`hora` < @___dataFinal_1)
2021-02-03 12:28:46.786 -03:00 [INF] Executing ObjectResult, writing value of type 'System.Collections.Generic.List`1[[FortalezaServer.Models.Caixa, FortalezaServer, Version=1.0.0.0, Culture=neutral, PublicKeyToken=null]]'.
2021-02-03 12:28:46.787 -03:00 [INF] Executed action FortalezaServer.Controllers.CaixasController.GetCaixa (FortalezaServer) in 23.0594ms
2021-02-03 12:28:46.791 -03:00 [INF] Executed endpoint 'FortalezaServer.Controllers.CaixasController.GetCaixa (FortalezaServer)'
2021-02-03 12:28:46.792 -03:00 [INF] Request finished in 44.3965ms 200 application/json; charset=utf-8
2021-02-03 12:29:11.187 -03:00 [INF] Request starting HTTP/1.1 GET http://localhost:8000/api/caixas?filtroData=true&dataInicial=2021-01-20&dataFinal=2021-02-03  
2021-02-03 12:29:11.189 -03:00 [INF] Executing endpoint 'FortalezaServer.Controllers.CaixasController.GetCaixa (FortalezaServer)'
2021-02-03 12:29:11.191 -03:00 [INF] Route matched with {action = "GetCaixa", controller = "Caixas"}. Executing controller action with signature System.Threading.Tasks.Task`1[Microsoft.AspNetCore.Mvc.ActionResult`1[System.Collections.Generic.IEnumerable`1[FortalezaServer.Models.Caixa]]] GetCaixa(Boolean, System.String, System.String) on controller FortalezaServer.Controllers.CaixasController (FortalezaServer).
2021-02-03 12:29:11.197 -03:00 [INF] Entity Framework Core 3.1.10 initialized 'fortalezaitdbContext' using provider 'MySql.Data.EntityFrameworkCore' with options: None
2021-02-03 12:29:11.204 -03:00 [INF] Executed DbCommand (1ms) [Parameters=[@___dataInicial_0='?' (DbType = DateTime), @___dataFinal_1='?' (DbType = DateTime)], CommandType='"Text"', CommandTimeout='30']
SELECT `c`.`idcaixa`, `c`.`aberto`, `c`.`idnome_caixa`, `n`.`idnome_caixa`, `n`.`nome`, `a`.`idcaixa`, `a`.`hora`, `a`.`idpdv`, `a`.`idusuario`, `p`.`idpdv`, `p`.`nome`, `u`.`idusuario`, `u`.`cpf`, `u`.`idendereco`, `u`.`login`, `u`.`nome`, `u`.`senha`, `u`.`telefone1`, `u`.`telefone2`, `f`.`idcaixa`, `f`.`hora`, `f`.`idpdv`, `f`.`idusuario`, `p0`.`idpdv`, `p0`.`nome`, `u0`.`idusuario`, `u0`.`cpf`, `u0`.`idendereco`, `u0`.`login`, `u0`.`nome`, `u0`.`senha`, `u0`.`telefone1`, `u0`.`telefone2`
FROM `caixa` AS `c`
LEFT JOIN `abertura` AS `a` ON `c`.`idcaixa` = `a`.`idcaixa`
INNER JOIN `nome_caixa` AS `n` ON `c`.`idnome_caixa` = `n`.`idnome_caixa`
LEFT JOIN `pdv` AS `p` ON `a`.`idpdv` = `p`.`idpdv`
LEFT JOIN `usuario` AS `u` ON `a`.`idusuario` = `u`.`idusuario`
LEFT JOIN `fechamento` AS `f` ON `c`.`idcaixa` = `f`.`idcaixa`
LEFT JOIN `pdv` AS `p0` ON `f`.`idpdv` = `p0`.`idpdv`
LEFT JOIN `usuario` AS `u0` ON `f`.`idusuario` = `u0`.`idusuario`
WHERE (`a`.`hora` > @___dataInicial_0) & (`a`.`hora` < @___dataFinal_1)
2021-02-03 12:29:11.220 -03:00 [INF] Executing ObjectResult, writing value of type 'System.Collections.Generic.List`1[[FortalezaServer.Models.Caixa, FortalezaServer, Version=1.0.0.0, Culture=neutral, PublicKeyToken=null]]'.
2021-02-03 12:29:11.225 -03:00 [INF] Executed action FortalezaServer.Controllers.CaixasController.GetCaixa (FortalezaServer) in 28.3952ms
2021-02-03 12:29:11.229 -03:00 [INF] Executed endpoint 'FortalezaServer.Controllers.CaixasController.GetCaixa (FortalezaServer)'
2021-02-03 12:29:11.231 -03:00 [INF] Request finished in 43.6666ms 200 application/json; charset=utf-8
2021-02-03 12:29:12.156 -03:00 [INF] Request starting HTTP/1.1 GET http://localhost:8000/api/caixas/1?movimentos=true  
2021-02-03 12:29:12.158 -03:00 [INF] Executing endpoint 'FortalezaServer.Controllers.CaixasController.GetCaixa (FortalezaServer)'
2021-02-03 12:29:12.166 -03:00 [INF] Route matched with {action = "GetCaixa", controller = "Caixas"}. Executing controller action with signature System.Threading.Tasks.Task`1[Microsoft.AspNetCore.Mvc.ActionResult`1[FortalezaServer.Models.Caixa]] GetCaixa(Int32, Boolean) on controller FortalezaServer.Controllers.CaixasController (FortalezaServer).
2021-02-03 12:29:12.172 -03:00 [INF] Entity Framework Core 3.1.10 initialized 'fortalezaitdbContext' using provider 'MySql.Data.EntityFrameworkCore' with options: None
2021-02-03 12:29:12.179 -03:00 [INF] Executed DbCommand (1ms) [Parameters=[@__p_0='?' (DbType = Int32)], CommandType='"Text"', CommandTimeout='30']
SELECT `c`.`idcaixa`, `c`.`aberto`, `c`.`idnome_caixa`
FROM `caixa` AS `c`
WHERE `c`.`idcaixa` = @__p_0
LIMIT 1
2021-02-03 12:29:12.190 -03:00 [INF] Executed DbCommand (0ms) [Parameters=[@__p_0='?' (DbType = Int32)], CommandType='"Text"', CommandTimeout='30']
SELECT `n`.`idnome_caixa`, `n`.`nome`
FROM `nome_caixa` AS `n`
WHERE `n`.`idnome_caixa` = @__p_0
2021-02-03 12:29:12.202 -03:00 [INF] Executed DbCommand (0ms) [Parameters=[@__p_0='?' (DbType = Int32)], CommandType='"Text"', CommandTimeout='30']
SELECT `a`.`idcaixa`, `a`.`hora`, `a`.`idpdv`, `a`.`idusuario`
FROM `abertura` AS `a`
WHERE `a`.`idcaixa` = @__p_0
2021-02-03 12:29:12.210 -03:00 [INF] Executed DbCommand (0ms) [Parameters=[@__p_0='?' (DbType = Int32)], CommandType='"Text"', CommandTimeout='30']
SELECT `f`.`idcaixa`, `f`.`hora`, `f`.`idpdv`, `f`.`idusuario`
FROM `fechamento` AS `f`
WHERE `f`.`idcaixa` = @__p_0
2021-02-03 12:29:12.219 -03:00 [INF] Executed DbCommand (1ms) [Parameters=[@__p_0='?' (DbType = Int32)], CommandType='"Text"', CommandTimeout='30']
SELECT `m`.`idmovimento`, `m`.`descricao`, `m`.`hora_entrada`, `m`.`idbandeira`, `m`.`idcaixa`, `m`.`idforma_pagamento`, `m`.`idpdv`, `m`.`idusuario`, `m`.`tipo`, `m`.`valor`
FROM `movimento` AS `m`
WHERE `m`.`idcaixa` = @__p_0
2021-02-03 12:29:12.224 -03:00 [INF] Executing ObjectResult, writing value of type 'FortalezaServer.Models.Caixa'.
2021-02-03 12:29:12.226 -03:00 [INF] Executed action FortalezaServer.Controllers.CaixasController.GetCaixa (FortalezaServer) in 57.6599ms
2021-02-03 12:29:12.228 -03:00 [INF] Executed endpoint 'FortalezaServer.Controllers.CaixasController.GetCaixa (FortalezaServer)'
2021-02-03 12:29:12.229 -03:00 [INF] Request finished in 72.8716ms 200 application/json; charset=utf-8
2021-02-03 12:29:17.651 -03:00 [INF] Request starting HTTP/1.1 GET http://localhost:8000/api  
2021-02-03 12:29:17.653 -03:00 [INF] Executing endpoint 'FortalezaServer.Controllers.IndexController.Get (FortalezaServer)'
2021-02-03 12:29:17.655 -03:00 [INF] Route matched with {action = "Get", controller = "Index"}. Executing controller action with signature System.String Get() on controller FortalezaServer.Controllers.IndexController (FortalezaServer).
2021-02-03 12:29:17.658 -03:00 [INF] Executing ObjectResult, writing value of type 'System.String'.
2021-02-03 12:29:17.659 -03:00 [INF] Executed action FortalezaServer.Controllers.IndexController.Get (FortalezaServer) in 1.7837ms
2021-02-03 12:29:17.662 -03:00 [INF] Executed endpoint 'FortalezaServer.Controllers.IndexController.Get (FortalezaServer)'
2021-02-03 12:29:17.664 -03:00 [INF] Request finished in 12.8377ms 200 text/plain; charset=utf-8
2021-02-03 12:29:17.750 -03:00 [INF] Request starting HTTP/1.1 GET http://localhost:8000/api/pedidos  
2021-02-03 12:29:17.752 -03:00 [INF] Executing endpoint 'FortalezaServer.Controllers.PedidosController.GetPedido (FortalezaServer)'
2021-02-03 12:29:17.761 -03:00 [INF] Route matched with {action = "GetPedido", controller = "Pedidos"}. Executing controller action with signature System.Threading.Tasks.Task`1[Microsoft.AspNetCore.Mvc.ActionResult`1[System.Collections.Generic.IEnumerable`1[FortalezaServer.Models.Pedido]]] GetPedido(Boolean) on controller FortalezaServer.Controllers.PedidosController (FortalezaServer).
2021-02-03 12:29:17.778 -03:00 [INF] Entity Framework Core 3.1.10 initialized 'fortalezaitdbContext' using provider 'MySql.Data.EntityFrameworkCore' with options: None
2021-02-03 12:29:17.817 -03:00 [INF] Executed DbCommand (21ms) [Parameters=[], CommandType='"Text"', CommandTimeout='30']
SELECT `p`.`idvenda`, `p`.`data_entregue`, `p`.`data_prazo`, `p`.`data_saida`, `p`.`date_retorno`, `p`.`delivery`, `p`.`entregue`, `p`.`identregador`, `p`.`idmetodo`, `p`.`idtipo_entregador`, `p`.`numero_pedido`, `p`.`observacao`, `p`.`status`, `p`.`tempo_cozinha`, `p`.`tempo_entrega`, `v`.`idvenda`, `v`.`aberta`, `v`.`acrescimo`, `v`.`desconto`, `v`.`descricao`, `v`.`hora_entrada`, `v`.`hora_fechamento`, `v`.`idcaixa`, `v`.`idcliente`, `v`.`idpdv`, `v`.`idresponsavel`, `v`.`numero_venda`, `v`.`paga`, `v`.`tipo`, `v`.`valor_pago`, `u`.`idusuario`, `u`.`cpf`, `u`.`idendereco`, `u`.`login`, `u`.`nome`, `u`.`senha`, `u`.`telefone1`, `u`.`telefone2`, `e`.`identregador`, `e`.`ativo`, `e`.`disponivel`, `e`.`nome`
FROM `pedido` AS `p`
INNER JOIN `venda` AS `v` ON `p`.`idvenda` = `v`.`idvenda`
INNER JOIN `usuario` AS `u` ON `v`.`idresponsavel` = `u`.`idusuario`
LEFT JOIN `entregador` AS `e` ON `p`.`identregador` = `e`.`identregador`
WHERE `p`.`delivery` = 0
2021-02-03 12:29:17.823 -03:00 [INF] Executing ObjectResult, writing value of type 'System.Collections.Generic.List`1[[FortalezaServer.Models.Pedido, FortalezaServer, Version=1.0.0.0, Culture=neutral, PublicKeyToken=null]]'.
2021-02-03 12:29:17.829 -03:00 [INF] Executed action FortalezaServer.Controllers.PedidosController.GetPedido (FortalezaServer) in 54.3804ms
2021-02-03 12:29:17.830 -03:00 [INF] Executed endpoint 'FortalezaServer.Controllers.PedidosController.GetPedido (FortalezaServer)'
2021-02-03 12:29:17.832 -03:00 [INF] Request finished in 82.0236ms 200 application/json; charset=utf-8
2021-02-03 12:29:18.174 -03:00 [INF] Request starting HTTP/1.1 GET http://localhost:8000/api  
2021-02-03 12:29:18.175 -03:00 [INF] Executing endpoint 'FortalezaServer.Controllers.IndexController.Get (FortalezaServer)'
2021-02-03 12:29:18.177 -03:00 [INF] Route matched with {action = "Get", controller = "Index"}. Executing controller action with signature System.String Get() on controller FortalezaServer.Controllers.IndexController (FortalezaServer).
2021-02-03 12:29:18.181 -03:00 [INF] Executing ObjectResult, writing value of type 'System.String'.
2021-02-03 12:29:18.183 -03:00 [INF] Executed action FortalezaServer.Controllers.IndexController.Get (FortalezaServer) in 1.595ms
2021-02-03 12:29:18.185 -03:00 [INF] Executed endpoint 'FortalezaServer.Controllers.IndexController.Get (FortalezaServer)'
2021-02-03 12:29:18.187 -03:00 [INF] Request finished in 12.6729ms 200 text/plain; charset=utf-8
2021-02-03 12:29:18.201 -03:00 [INF] Request starting HTTP/1.1 GET http://localhost:8000/api/vendas/actions/aberta  
2021-02-03 12:29:18.202 -03:00 [INF] Executing endpoint 'FortalezaServer.Controllers.VendasController.GetVendaAberta (FortalezaServer)'
2021-02-03 12:29:18.204 -03:00 [INF] Route matched with {action = "GetVendaAberta", controller = "Vendas"}. Executing controller action with signature System.Threading.Tasks.Task`1[Microsoft.AspNetCore.Mvc.ActionResult`1[System.Int32]] GetVendaAberta(Int32) on controller FortalezaServer.Controllers.VendasController (FortalezaServer).
2021-02-03 12:29:18.208 -03:00 [INF] Entity Framework Core 3.1.10 initialized 'fortalezaitdbContext' using provider 'MySql.Data.EntityFrameworkCore' with options: None
2021-02-03 12:29:18.215 -03:00 [INF] Executed DbCommand (2ms) [Parameters=[@__tipo_0='?' (DbType = Int32)], CommandType='"Text"', CommandTimeout='30']
SELECT `v`.`idvenda`, `v`.`aberta`, `v`.`acrescimo`, `v`.`desconto`, `v`.`descricao`, `v`.`hora_entrada`, `v`.`hora_fechamento`, `v`.`idcaixa`, `v`.`idcliente`, `v`.`idpdv`, `v`.`idresponsavel`, `v`.`numero_venda`, `v`.`paga`, `v`.`tipo`, `v`.`valor_pago`
FROM `venda` AS `v`
WHERE (`v`.`aberta` = 1) & (`v`.`tipo` = @__tipo_0)
LIMIT 1
2021-02-03 12:29:18.221 -03:00 [INF] Executing ObjectResult, writing value of type 'System.Int32'.
2021-02-03 12:29:18.226 -03:00 [INF] Executed action FortalezaServer.Controllers.VendasController.GetVendaAberta (FortalezaServer) in 18.9839ms
2021-02-03 12:29:18.232 -03:00 [INF] Executed endpoint 'FortalezaServer.Controllers.VendasController.GetVendaAberta (FortalezaServer)'
2021-02-03 12:29:18.236 -03:00 [INF] Request finished in 35.2618ms 200 application/json; charset=utf-8
2021-02-03 12:29:18.242 -03:00 [INF] Request starting HTTP/1.1 GET http://localhost:8000/api/grupos  
2021-02-03 12:29:18.243 -03:00 [INF] Executing endpoint 'FortalezaServer.Controllers.GruposController.GetGrupo (FortalezaServer)'
2021-02-03 12:29:18.247 -03:00 [INF] Route matched with {action = "GetGrupo", controller = "Grupos"}. Executing controller action with signature System.Threading.Tasks.Task`1[Microsoft.AspNetCore.Mvc.ActionResult`1[System.Collections.Generic.IEnumerable`1[FortalezaServer.Models.Grupo]]] GetGrupo() on controller FortalezaServer.Controllers.GruposController (FortalezaServer).
2021-02-03 12:29:18.247 -03:00 [INF] Request starting HTTP/1.1 GET http://localhost:8000/api/vendas/1?itemvendas=true  
2021-02-03 12:29:18.251 -03:00 [INF] Entity Framework Core 3.1.10 initialized 'fortalezaitdbContext' using provider 'MySql.Data.EntityFrameworkCore' with options: None
2021-02-03 12:29:18.251 -03:00 [INF] Executing endpoint 'FortalezaServer.Controllers.VendasController.GetVenda (FortalezaServer)'
2021-02-03 12:29:18.257 -03:00 [INF] Route matched with {action = "GetVenda", controller = "Vendas"}. Executing controller action with signature System.Threading.Tasks.Task`1[Microsoft.AspNetCore.Mvc.ActionResult`1[FortalezaServer.Models.Venda]] GetVenda(Int32, Boolean, Boolean, Boolean) on controller FortalezaServer.Controllers.VendasController (FortalezaServer).
2021-02-03 12:29:18.257 -03:00 [INF] Executed DbCommand (1ms) [Parameters=[], CommandType='"Text"', CommandTimeout='30']
SELECT `g`.`idgrupo`, `g`.`descricao`, `g`.`nome`, `g`.`visivel`
FROM `grupo` AS `g`
2021-02-03 12:29:18.265 -03:00 [INF] Entity Framework Core 3.1.10 initialized 'fortalezaitdbContext' using provider 'MySql.Data.EntityFrameworkCore' with options: None
2021-02-03 12:29:18.272 -03:00 [INF] Executing ObjectResult, writing value of type 'System.Collections.Generic.List`1[[FortalezaServer.Models.Grupo, FortalezaServer, Version=1.0.0.0, Culture=neutral, PublicKeyToken=null]]'.
2021-02-03 12:29:18.279 -03:00 [INF] Executed DbCommand (1ms) [Parameters=[@__p_0='?' (DbType = Int32)], CommandType='"Text"', CommandTimeout='30']
SELECT `v`.`idvenda`, `v`.`aberta`, `v`.`acrescimo`, `v`.`desconto`, `v`.`descricao`, `v`.`hora_entrada`, `v`.`hora_fechamento`, `v`.`idcaixa`, `v`.`idcliente`, `v`.`idpdv`, `v`.`idresponsavel`, `v`.`numero_venda`, `v`.`paga`, `v`.`tipo`, `v`.`valor_pago`
FROM `venda` AS `v`
WHERE `v`.`idvenda` = @__p_0
LIMIT 1
2021-02-03 12:29:18.280 -03:00 [INF] Executed action FortalezaServer.Controllers.GruposController.GetGrupo (FortalezaServer) in 29.717ms
2021-02-03 12:29:18.284 -03:00 [INF] Request starting HTTP/1.1 GET http://localhost:8000/api/items  
2021-02-03 12:29:18.288 -03:00 [INF] Executed endpoint 'FortalezaServer.Controllers.GruposController.GetGrupo (FortalezaServer)'
2021-02-03 12:29:18.291 -03:00 [INF] Executing endpoint 'FortalezaServer.Controllers.ItemsController.GetItem (FortalezaServer)'
2021-02-03 12:29:18.291 -03:00 [INF] Executed DbCommand (1ms) [Parameters=[@__p_0='?' (DbType = Int32)], CommandType='"Text"', CommandTimeout='30']
SELECT `i`.`iditem_venda`, `i`.`cancelado`, `i`.`custo`, `i`.`iditem`, `i`.`idvenda`, `i`.`indice`, `i`.`quantidade`, `i`.`valor`, `i0`.`iditem`, `i0`.`atacado`, `i0`.`codigo_barras`, `i0`.`descricao`, `i0`.`disponivel`, `i0`.`estoque`, `i0`.`estoque_minimo`, `i0`.`imagem`, `i0`.`permite_combo`, `i0`.`quantidade_atacado`, `i0`.`tipo`, `i0`.`unidade`, `i0`.`unidade_inteira`, `i0`.`valor`, `i0`.`valor_atacado`, `i0`.`visivel`
FROM `item_venda` AS `i`
INNER JOIN `item` AS `i0` ON `i`.`iditem` = `i0`.`iditem`
WHERE `i`.`idvenda` = @__p_0
2021-02-03 12:29:18.298 -03:00 [INF] Request finished in 55.7304ms 200 application/json; charset=utf-8
2021-02-03 12:29:18.301 -03:00 [INF] Route matched with {action = "GetItem", controller = "Items"}. Executing controller action with signature System.Threading.Tasks.Task`1[Microsoft.AspNetCore.Mvc.ActionResult`1[System.Collections.Generic.IEnumerable`1[FortalezaServer.Models.Item]]] GetItem(Boolean, Boolean, Boolean) on controller FortalezaServer.Controllers.ItemsController (FortalezaServer).
2021-02-03 12:29:18.311 -03:00 [INF] Executing ObjectResult, writing value of type 'FortalezaServer.Models.Venda'.
2021-02-03 12:29:18.316 -03:00 [INF] Entity Framework Core 3.1.10 initialized 'fortalezaitdbContext' using provider 'MySql.Data.EntityFrameworkCore' with options: None
2021-02-03 12:29:18.320 -03:00 [INF] Executed action FortalezaServer.Controllers.VendasController.GetVenda (FortalezaServer) in 57.1694ms
2021-02-03 12:29:18.325 -03:00 [INF] Executed DbCommand (1ms) [Parameters=[], CommandType='"Text"', CommandTimeout='30']
SELECT `i`.`iditem`, `i`.`atacado`, `i`.`codigo_barras`, `i`.`descricao`, `i`.`disponivel`, `i`.`estoque`, `i`.`estoque_minimo`, `i`.`imagem`, `i`.`permite_combo`, `i`.`quantidade_atacado`, `i`.`tipo`, `i`.`unidade`, `i`.`unidade_inteira`, `i`.`valor`, `i`.`valor_atacado`, `i`.`visivel`
FROM `item` AS `i`
WHERE `i`.`visivel` = 1
2021-02-03 12:29:18.325 -03:00 [INF] Executed endpoint 'FortalezaServer.Controllers.VendasController.GetVenda (FortalezaServer)'
2021-02-03 12:29:18.331 -03:00 [INF] Executing ObjectResult, writing value of type 'System.Collections.Generic.List`1[[FortalezaServer.Models.Item, FortalezaServer, Version=1.0.0.0, Culture=neutral, PublicKeyToken=null]]'.
2021-02-03 12:29:18.332 -03:00 [INF] Request finished in 84.6924ms 200 application/json; charset=utf-8
2021-02-03 12:29:18.334 -03:00 [INF] Executed action FortalezaServer.Controllers.ItemsController.GetItem (FortalezaServer) in 19.4508ms
2021-02-03 12:29:18.338 -03:00 [INF] Executed endpoint 'FortalezaServer.Controllers.ItemsController.GetItem (FortalezaServer)'
2021-02-03 12:29:18.340 -03:00 [INF] Request finished in 56.7995ms 200 application/json; charset=utf-8
2021-02-03 12:29:19.271 -03:00 [INF] Request starting HTTP/1.1 GET http://localhost:8000/api  
2021-02-03 12:29:19.272 -03:00 [INF] Executing endpoint 'FortalezaServer.Controllers.IndexController.Get (FortalezaServer)'
2021-02-03 12:29:19.274 -03:00 [INF] Route matched with {action = "Get", controller = "Index"}. Executing controller action with signature System.String Get() on controller FortalezaServer.Controllers.IndexController (FortalezaServer).
2021-02-03 12:29:19.277 -03:00 [INF] Executing ObjectResult, writing value of type 'System.String'.
2021-02-03 12:29:19.278 -03:00 [INF] Executed action FortalezaServer.Controllers.IndexController.Get (FortalezaServer) in 1.6229ms
2021-02-03 12:29:19.281 -03:00 [INF] Executed endpoint 'FortalezaServer.Controllers.IndexController.Get (FortalezaServer)'
2021-02-03 12:29:19.283 -03:00 [INF] Request finished in 12.1646ms 200 text/plain; charset=utf-8
2021-02-03 12:29:19.366 -03:00 [INF] Request starting HTTP/1.1 GET http://localhost:8000/api/pedidos  
2021-02-03 12:29:19.370 -03:00 [INF] Executing endpoint 'FortalezaServer.Controllers.PedidosController.GetPedido (FortalezaServer)'
2021-02-03 12:29:19.373 -03:00 [INF] Route matched with {action = "GetPedido", controller = "Pedidos"}. Executing controller action with signature System.Threading.Tasks.Task`1[Microsoft.AspNetCore.Mvc.ActionResult`1[System.Collections.Generic.IEnumerable`1[FortalezaServer.Models.Pedido]]] GetPedido(Boolean) on controller FortalezaServer.Controllers.PedidosController (FortalezaServer).
2021-02-03 12:29:19.379 -03:00 [INF] Entity Framework Core 3.1.10 initialized 'fortalezaitdbContext' using provider 'MySql.Data.EntityFrameworkCore' with options: None
2021-02-03 12:29:19.385 -03:00 [INF] Executed DbCommand (1ms) [Parameters=[], CommandType='"Text"', CommandTimeout='30']
SELECT `p`.`idvenda`, `p`.`data_entregue`, `p`.`data_prazo`, `p`.`data_saida`, `p`.`date_retorno`, `p`.`delivery`, `p`.`entregue`, `p`.`identregador`, `p`.`idmetodo`, `p`.`idtipo_entregador`, `p`.`numero_pedido`, `p`.`observacao`, `p`.`status`, `p`.`tempo_cozinha`, `p`.`tempo_entrega`, `v`.`idvenda`, `v`.`aberta`, `v`.`acrescimo`, `v`.`desconto`, `v`.`descricao`, `v`.`hora_entrada`, `v`.`hora_fechamento`, `v`.`idcaixa`, `v`.`idcliente`, `v`.`idpdv`, `v`.`idresponsavel`, `v`.`numero_venda`, `v`.`paga`, `v`.`tipo`, `v`.`valor_pago`, `u`.`idusuario`, `u`.`cpf`, `u`.`idendereco`, `u`.`login`, `u`.`nome`, `u`.`senha`, `u`.`telefone1`, `u`.`telefone2`, `e`.`identregador`, `e`.`ativo`, `e`.`disponivel`, `e`.`nome`
FROM `pedido` AS `p`
INNER JOIN `venda` AS `v` ON `p`.`idvenda` = `v`.`idvenda`
INNER JOIN `usuario` AS `u` ON `v`.`idresponsavel` = `u`.`idusuario`
LEFT JOIN `entregador` AS `e` ON `p`.`identregador` = `e`.`identregador`
WHERE `p`.`delivery` = 0
2021-02-03 12:29:19.395 -03:00 [INF] Executing ObjectResult, writing value of type 'System.Collections.Generic.List`1[[FortalezaServer.Models.Pedido, FortalezaServer, Version=1.0.0.0, Culture=neutral, PublicKeyToken=null]]'.
2021-02-03 12:29:19.399 -03:00 [INF] Executed action FortalezaServer.Controllers.PedidosController.GetPedido (FortalezaServer) in 20.9477ms
2021-02-03 12:29:19.402 -03:00 [INF] Executed endpoint 'FortalezaServer.Controllers.PedidosController.GetPedido (FortalezaServer)'
2021-02-03 12:29:19.403 -03:00 [INF] Request finished in 37.9324ms 200 application/json; charset=utf-8
2021-02-03 12:29:19.625 -03:00 [INF] Request starting HTTP/1.1 GET http://localhost:8000/api  
2021-02-03 12:29:19.626 -03:00 [INF] Executing endpoint 'FortalezaServer.Controllers.IndexController.Get (FortalezaServer)'
2021-02-03 12:29:19.628 -03:00 [INF] Route matched with {action = "Get", controller = "Index"}. Executing controller action with signature System.String Get() on controller FortalezaServer.Controllers.IndexController (FortalezaServer).
2021-02-03 12:29:19.630 -03:00 [INF] Executing ObjectResult, writing value of type 'System.String'.
2021-02-03 12:29:19.632 -03:00 [INF] Executed action FortalezaServer.Controllers.IndexController.Get (FortalezaServer) in 2.4314ms
2021-02-03 12:29:19.635 -03:00 [INF] Executed endpoint 'FortalezaServer.Controllers.IndexController.Get (FortalezaServer)'
2021-02-03 12:29:19.637 -03:00 [INF] Request finished in 11.9872ms 200 text/plain; charset=utf-8
2021-02-03 12:29:19.651 -03:00 [INF] Request starting HTTP/1.1 GET http://localhost:8000/api/vendas/actions/aberta  
2021-02-03 12:29:19.652 -03:00 [INF] Executing endpoint 'FortalezaServer.Controllers.VendasController.GetVendaAberta (FortalezaServer)'
2021-02-03 12:29:19.654 -03:00 [INF] Route matched with {action = "GetVendaAberta", controller = "Vendas"}. Executing controller action with signature System.Threading.Tasks.Task`1[Microsoft.AspNetCore.Mvc.ActionResult`1[System.Int32]] GetVendaAberta(Int32) on controller FortalezaServer.Controllers.VendasController (FortalezaServer).
2021-02-03 12:29:19.658 -03:00 [INF] Entity Framework Core 3.1.10 initialized 'fortalezaitdbContext' using provider 'MySql.Data.EntityFrameworkCore' with options: None
2021-02-03 12:29:19.662 -03:00 [INF] Executed DbCommand (1ms) [Parameters=[@__tipo_0='?' (DbType = Int32)], CommandType='"Text"', CommandTimeout='30']
SELECT `v`.`idvenda`, `v`.`aberta`, `v`.`acrescimo`, `v`.`desconto`, `v`.`descricao`, `v`.`hora_entrada`, `v`.`hora_fechamento`, `v`.`idcaixa`, `v`.`idcliente`, `v`.`idpdv`, `v`.`idresponsavel`, `v`.`numero_venda`, `v`.`paga`, `v`.`tipo`, `v`.`valor_pago`
FROM `venda` AS `v`
WHERE (`v`.`aberta` = 1) & (`v`.`tipo` = @__tipo_0)
LIMIT 1
2021-02-03 12:29:19.683 -03:00 [INF] Executing ObjectResult, writing value of type 'System.Int32'.
2021-02-03 12:29:19.685 -03:00 [INF] Executed action FortalezaServer.Controllers.VendasController.GetVendaAberta (FortalezaServer) in 28.5565ms
2021-02-03 12:29:19.690 -03:00 [INF] Request starting HTTP/1.1 GET http://localhost:8000/api/grupos  
2021-02-03 12:29:19.691 -03:00 [INF] Executed endpoint 'FortalezaServer.Controllers.VendasController.GetVendaAberta (FortalezaServer)'
2021-02-03 12:29:19.694 -03:00 [INF] Executing endpoint 'FortalezaServer.Controllers.GruposController.GetGrupo (FortalezaServer)'
2021-02-03 12:29:19.694 -03:00 [INF] Request starting HTTP/1.1 GET http://localhost:8000/api/vendas/1?itemvendas=true  
2021-02-03 12:29:19.696 -03:00 [INF] Request finished in 44.8799ms 200 application/json; charset=utf-8
2021-02-03 12:29:19.698 -03:00 [INF] Route matched with {action = "GetGrupo", controller = "Grupos"}. Executing controller action with signature System.Threading.Tasks.Task`1[Microsoft.AspNetCore.Mvc.ActionResult`1[System.Collections.Generic.IEnumerable`1[FortalezaServer.Models.Grupo]]] GetGrupo() on controller FortalezaServer.Controllers.GruposController (FortalezaServer).
2021-02-03 12:29:19.699 -03:00 [INF] Executing endpoint 'FortalezaServer.Controllers.VendasController.GetVenda (FortalezaServer)'
2021-02-03 12:29:19.706 -03:00 [INF] Entity Framework Core 3.1.10 initialized 'fortalezaitdbContext' using provider 'MySql.Data.EntityFrameworkCore' with options: None
2021-02-03 12:29:19.707 -03:00 [INF] Route matched with {action = "GetVenda", controller = "Vendas"}. Executing controller action with signature System.Threading.Tasks.Task`1[Microsoft.AspNetCore.Mvc.ActionResult`1[FortalezaServer.Models.Venda]] GetVenda(Int32, Boolean, Boolean, Boolean) on controller FortalezaServer.Controllers.VendasController (FortalezaServer).
2021-02-03 12:29:19.713 -03:00 [INF] Executed DbCommand (0ms) [Parameters=[], CommandType='"Text"', CommandTimeout='30']
SELECT `g`.`idgrupo`, `g`.`descricao`, `g`.`nome`, `g`.`visivel`
FROM `grupo` AS `g`
2021-02-03 12:29:19.717 -03:00 [INF] Entity Framework Core 3.1.10 initialized 'fortalezaitdbContext' using provider 'MySql.Data.EntityFrameworkCore' with options: None
2021-02-03 12:29:19.720 -03:00 [INF] Executing ObjectResult, writing value of type 'System.Collections.Generic.List`1[[FortalezaServer.Models.Grupo, FortalezaServer, Version=1.0.0.0, Culture=neutral, PublicKeyToken=null]]'.
2021-02-03 12:29:19.724 -03:00 [INF] Executed DbCommand (0ms) [Parameters=[@__p_0='?' (DbType = Int32)], CommandType='"Text"', CommandTimeout='30']
SELECT `v`.`idvenda`, `v`.`aberta`, `v`.`acrescimo`, `v`.`desconto`, `v`.`descricao`, `v`.`hora_entrada`, `v`.`hora_fechamento`, `v`.`idcaixa`, `v`.`idcliente`, `v`.`idpdv`, `v`.`idresponsavel`, `v`.`numero_venda`, `v`.`paga`, `v`.`tipo`, `v`.`valor_pago`
FROM `venda` AS `v`
WHERE `v`.`idvenda` = @__p_0
LIMIT 1
2021-02-03 12:29:19.726 -03:00 [INF] Executed action FortalezaServer.Controllers.GruposController.GetGrupo (FortalezaServer) in 20.5699ms
2021-02-03 12:29:19.735 -03:00 [INF] Executed DbCommand (1ms) [Parameters=[@__p_0='?' (DbType = Int32)], CommandType='"Text"', CommandTimeout='30']
SELECT `i`.`iditem_venda`, `i`.`cancelado`, `i`.`custo`, `i`.`iditem`, `i`.`idvenda`, `i`.`indice`, `i`.`quantidade`, `i`.`valor`, `i0`.`iditem`, `i0`.`atacado`, `i0`.`codigo_barras`, `i0`.`descricao`, `i0`.`disponivel`, `i0`.`estoque`, `i0`.`estoque_minimo`, `i0`.`imagem`, `i0`.`permite_combo`, `i0`.`quantidade_atacado`, `i0`.`tipo`, `i0`.`unidade`, `i0`.`unidade_inteira`, `i0`.`valor`, `i0`.`valor_atacado`, `i0`.`visivel`
FROM `item_venda` AS `i`
INNER JOIN `item` AS `i0` ON `i`.`iditem` = `i0`.`iditem`
WHERE `i`.`idvenda` = @__p_0
2021-02-03 12:29:19.735 -03:00 [INF] Request starting HTTP/1.1 GET http://localhost:8000/api/items  
2021-02-03 12:29:19.736 -03:00 [INF] Executed endpoint 'FortalezaServer.Controllers.GruposController.GetGrupo (FortalezaServer)'
2021-02-03 12:29:19.748 -03:00 [INF] Executing ObjectResult, writing value of type 'FortalezaServer.Models.Venda'.
2021-02-03 12:29:19.749 -03:00 [INF] Executing endpoint 'FortalezaServer.Controllers.ItemsController.GetItem (FortalezaServer)'
2021-02-03 12:29:19.750 -03:00 [INF] Request finished in 60.7669ms 200 application/json; charset=utf-8
2021-02-03 12:29:19.752 -03:00 [INF] Executed action FortalezaServer.Controllers.VendasController.GetVenda (FortalezaServer) in 35.6249ms
2021-02-03 12:29:19.759 -03:00 [INF] Executed endpoint 'FortalezaServer.Controllers.VendasController.GetVenda (FortalezaServer)'
2021-02-03 12:29:19.762 -03:00 [INF] Request finished in 67.2309ms 200 application/json; charset=utf-8
2021-02-03 12:29:19.755 -03:00 [INF] Route matched with {action = "GetItem", controller = "Items"}. Executing controller action with signature System.Threading.Tasks.Task`1[Microsoft.AspNetCore.Mvc.ActionResult`1[System.Collections.Generic.IEnumerable`1[FortalezaServer.Models.Item]]] GetItem(Boolean, Boolean, Boolean) on controller FortalezaServer.Controllers.ItemsController (FortalezaServer).
2021-02-03 12:29:19.771 -03:00 [INF] Entity Framework Core 3.1.10 initialized 'fortalezaitdbContext' using provider 'MySql.Data.EntityFrameworkCore' with options: None
2021-02-03 12:29:19.781 -03:00 [INF] Executed DbCommand (0ms) [Parameters=[], CommandType='"Text"', CommandTimeout='30']
SELECT `i`.`iditem`, `i`.`atacado`, `i`.`codigo_barras`, `i`.`descricao`, `i`.`disponivel`, `i`.`estoque`, `i`.`estoque_minimo`, `i`.`imagem`, `i`.`permite_combo`, `i`.`quantidade_atacado`, `i`.`tipo`, `i`.`unidade`, `i`.`unidade_inteira`, `i`.`valor`, `i`.`valor_atacado`, `i`.`visivel`
FROM `item` AS `i`
WHERE `i`.`visivel` = 1
2021-02-03 12:29:19.791 -03:00 [INF] Executing ObjectResult, writing value of type 'System.Collections.Generic.List`1[[FortalezaServer.Models.Item, FortalezaServer, Version=1.0.0.0, Culture=neutral, PublicKeyToken=null]]'.
2021-02-03 12:29:19.793 -03:00 [INF] Executed action FortalezaServer.Controllers.ItemsController.GetItem (FortalezaServer) in 21.9144ms
2021-02-03 12:29:19.795 -03:00 [INF] Executed endpoint 'FortalezaServer.Controllers.ItemsController.GetItem (FortalezaServer)'
2021-02-03 12:29:19.797 -03:00 [INF] Request finished in 61.6636ms 200 application/json; charset=utf-8
2021-02-03 12:29:20.744 -03:00 [INF] Request starting HTTP/1.1 GET http://localhost:8000/api  
2021-02-03 12:29:20.746 -03:00 [INF] Executing endpoint 'FortalezaServer.Controllers.IndexController.Get (FortalezaServer)'
2021-02-03 12:29:20.747 -03:00 [INF] Route matched with {action = "Get", controller = "Index"}. Executing controller action with signature System.String Get() on controller FortalezaServer.Controllers.IndexController (FortalezaServer).
2021-02-03 12:29:20.750 -03:00 [INF] Executing ObjectResult, writing value of type 'System.String'.
2021-02-03 12:29:20.752 -03:00 [INF] Executed action FortalezaServer.Controllers.IndexController.Get (FortalezaServer) in 1.8867ms
2021-02-03 12:29:20.755 -03:00 [INF] Executed endpoint 'FortalezaServer.Controllers.IndexController.Get (FortalezaServer)'
2021-02-03 12:29:20.758 -03:00 [INF] Request finished in 13.7183ms 200 text/plain; charset=utf-8
2021-02-03 12:29:20.782 -03:00 [INF] Request starting HTTP/1.1 GET http://localhost:8000/api/pedidos?delivery=true  
2021-02-03 12:29:20.784 -03:00 [INF] Executing endpoint 'FortalezaServer.Controllers.PedidosController.GetPedido (FortalezaServer)'
2021-02-03 12:29:20.786 -03:00 [INF] Route matched with {action = "GetPedido", controller = "Pedidos"}. Executing controller action with signature System.Threading.Tasks.Task`1[Microsoft.AspNetCore.Mvc.ActionResult`1[System.Collections.Generic.IEnumerable`1[FortalezaServer.Models.Pedido]]] GetPedido(Boolean) on controller FortalezaServer.Controllers.PedidosController (FortalezaServer).
2021-02-03 12:29:20.794 -03:00 [INF] Entity Framework Core 3.1.10 initialized 'fortalezaitdbContext' using provider 'MySql.Data.EntityFrameworkCore' with options: None
2021-02-03 12:29:20.820 -03:00 [INF] Executed DbCommand (1ms) [Parameters=[], CommandType='"Text"', CommandTimeout='30']
SELECT `p`.`idvenda`, `p`.`data_entregue`, `p`.`data_prazo`, `p`.`data_saida`, `p`.`date_retorno`, `p`.`delivery`, `p`.`entregue`, `p`.`identregador`, `p`.`idmetodo`, `p`.`idtipo_entregador`, `p`.`numero_pedido`, `p`.`observacao`, `p`.`status`, `p`.`tempo_cozinha`, `p`.`tempo_entrega`, `v`.`idvenda`, `v`.`aberta`, `v`.`acrescimo`, `v`.`desconto`, `v`.`descricao`, `v`.`hora_entrada`, `v`.`hora_fechamento`, `v`.`idcaixa`, `v`.`idcliente`, `v`.`idpdv`, `v`.`idresponsavel`, `v`.`numero_venda`, `v`.`paga`, `v`.`tipo`, `v`.`valor_pago`, `u`.`idusuario`, `u`.`cpf`, `u`.`idendereco`, `u`.`login`, `u`.`nome`, `u`.`senha`, `u`.`telefone1`, `u`.`telefone2`, `e`.`identregador`, `e`.`ativo`, `e`.`disponivel`, `e`.`nome`
FROM `pedido` AS `p`
INNER JOIN `venda` AS `v` ON `p`.`idvenda` = `v`.`idvenda`
INNER JOIN `usuario` AS `u` ON `v`.`idresponsavel` = `u`.`idusuario`
LEFT JOIN `entregador` AS `e` ON `p`.`identregador` = `e`.`identregador`
WHERE `p`.`delivery` = 1
2021-02-03 12:29:20.830 -03:00 [INF] Request starting HTTP/1.1 GET http://localhost:8000/api/pedidos?delivery=true  
2021-02-03 12:29:20.834 -03:00 [INF] Executing ObjectResult, writing value of type 'System.Collections.Generic.List`1[[FortalezaServer.Models.Pedido, FortalezaServer, Version=1.0.0.0, Culture=neutral, PublicKeyToken=null]]'.
2021-02-03 12:29:20.836 -03:00 [INF] Executing endpoint 'FortalezaServer.Controllers.PedidosController.GetPedido (FortalezaServer)'
2021-02-03 12:29:20.842 -03:00 [INF] Executed action FortalezaServer.Controllers.PedidosController.GetPedido (FortalezaServer) in 48.9996ms
2021-02-03 12:29:20.844 -03:00 [INF] Route matched with {action = "GetPedido", controller = "Pedidos"}. Executing controller action with signature System.Threading.Tasks.Task`1[Microsoft.AspNetCore.Mvc.ActionResult`1[System.Collections.Generic.IEnumerable`1[FortalezaServer.Models.Pedido]]] GetPedido(Boolean) on controller FortalezaServer.Controllers.PedidosController (FortalezaServer).
2021-02-03 12:29:20.846 -03:00 [INF] Executed endpoint 'FortalezaServer.Controllers.PedidosController.GetPedido (FortalezaServer)'
2021-02-03 12:29:20.852 -03:00 [INF] Entity Framework Core 3.1.10 initialized 'fortalezaitdbContext' using provider 'MySql.Data.EntityFrameworkCore' with options: None
2021-02-03 12:29:20.853 -03:00 [INF] Request finished in 71.5116ms 200 application/json; charset=utf-8
2021-02-03 12:29:20.861 -03:00 [INF] Executed DbCommand (1ms) [Parameters=[], CommandType='"Text"', CommandTimeout='30']
SELECT `p`.`idvenda`, `p`.`data_entregue`, `p`.`data_prazo`, `p`.`data_saida`, `p`.`date_retorno`, `p`.`delivery`, `p`.`entregue`, `p`.`identregador`, `p`.`idmetodo`, `p`.`idtipo_entregador`, `p`.`numero_pedido`, `p`.`observacao`, `p`.`status`, `p`.`tempo_cozinha`, `p`.`tempo_entrega`, `v`.`idvenda`, `v`.`aberta`, `v`.`acrescimo`, `v`.`desconto`, `v`.`descricao`, `v`.`hora_entrada`, `v`.`hora_fechamento`, `v`.`idcaixa`, `v`.`idcliente`, `v`.`idpdv`, `v`.`idresponsavel`, `v`.`numero_venda`, `v`.`paga`, `v`.`tipo`, `v`.`valor_pago`, `u`.`idusuario`, `u`.`cpf`, `u`.`idendereco`, `u`.`login`, `u`.`nome`, `u`.`senha`, `u`.`telefone1`, `u`.`telefone2`, `e`.`identregador`, `e`.`ativo`, `e`.`disponivel`, `e`.`nome`
FROM `pedido` AS `p`
INNER JOIN `venda` AS `v` ON `p`.`idvenda` = `v`.`idvenda`
INNER JOIN `usuario` AS `u` ON `v`.`idresponsavel` = `u`.`idusuario`
LEFT JOIN `entregador` AS `e` ON `p`.`identregador` = `e`.`identregador`
WHERE `p`.`delivery` = 1
2021-02-03 12:29:20.870 -03:00 [INF] Executing ObjectResult, writing value of type 'System.Collections.Generic.List`1[[FortalezaServer.Models.Pedido, FortalezaServer, Version=1.0.0.0, Culture=neutral, PublicKeyToken=null]]'.
2021-02-03 12:29:20.874 -03:00 [INF] Executed action FortalezaServer.Controllers.PedidosController.GetPedido (FortalezaServer) in 22.3778ms
2021-02-03 12:29:20.876 -03:00 [INF] Executed endpoint 'FortalezaServer.Controllers.PedidosController.GetPedido (FortalezaServer)'
2021-02-03 12:29:20.877 -03:00 [INF] Request finished in 47.2283ms 200 application/json; charset=utf-8
2021-02-03 12:29:21.125 -03:00 [INF] Request starting HTTP/1.1 GET http://localhost:8000/api  
2021-02-03 12:29:21.126 -03:00 [INF] Executing endpoint 'FortalezaServer.Controllers.IndexController.Get (FortalezaServer)'
2021-02-03 12:29:21.128 -03:00 [INF] Route matched with {action = "Get", controller = "Index"}. Executing controller action with signature System.String Get() on controller FortalezaServer.Controllers.IndexController (FortalezaServer).
2021-02-03 12:29:21.132 -03:00 [INF] Executing ObjectResult, writing value of type 'System.String'.
2021-02-03 12:29:21.134 -03:00 [INF] Executed action FortalezaServer.Controllers.IndexController.Get (FortalezaServer) in 2.1566ms
2021-02-03 12:29:21.138 -03:00 [INF] Executed endpoint 'FortalezaServer.Controllers.IndexController.Get (FortalezaServer)'
2021-02-03 12:29:21.140 -03:00 [INF] Request finished in 14.8885ms 200 text/plain; charset=utf-8
2021-02-03 12:29:21.154 -03:00 [INF] Request starting HTTP/1.1 GET http://localhost:8000/api/vendas/actions/aberta  
2021-02-03 12:29:21.156 -03:00 [INF] Executing endpoint 'FortalezaServer.Controllers.VendasController.GetVendaAberta (FortalezaServer)'
2021-02-03 12:29:21.158 -03:00 [INF] Route matched with {action = "GetVendaAberta", controller = "Vendas"}. Executing controller action with signature System.Threading.Tasks.Task`1[Microsoft.AspNetCore.Mvc.ActionResult`1[System.Int32]] GetVendaAberta(Int32) on controller FortalezaServer.Controllers.VendasController (FortalezaServer).
2021-02-03 12:29:21.162 -03:00 [INF] Entity Framework Core 3.1.10 initialized 'fortalezaitdbContext' using provider 'MySql.Data.EntityFrameworkCore' with options: None
2021-02-03 12:29:21.168 -03:00 [INF] Executed DbCommand (1ms) [Parameters=[@__tipo_0='?' (DbType = Int32)], CommandType='"Text"', CommandTimeout='30']
SELECT `v`.`idvenda`, `v`.`aberta`, `v`.`acrescimo`, `v`.`desconto`, `v`.`descricao`, `v`.`hora_entrada`, `v`.`hora_fechamento`, `v`.`idcaixa`, `v`.`idcliente`, `v`.`idpdv`, `v`.`idresponsavel`, `v`.`numero_venda`, `v`.`paga`, `v`.`tipo`, `v`.`valor_pago`
FROM `venda` AS `v`
WHERE (`v`.`aberta` = 1) & (`v`.`tipo` = @__tipo_0)
LIMIT 1
2021-02-03 12:29:21.184 -03:00 [INF] Executing ObjectResult, writing value of type 'System.Int32'.
2021-02-03 12:29:21.187 -03:00 [INF] Executed action FortalezaServer.Controllers.VendasController.GetVendaAberta (FortalezaServer) in 25.2068ms
2021-02-03 12:29:21.189 -03:00 [INF] Request starting HTTP/1.1 GET http://localhost:8000/api/grupos  
2021-02-03 12:29:21.190 -03:00 [INF] Executed endpoint 'FortalezaServer.Controllers.VendasController.GetVendaAberta (FortalezaServer)'
2021-02-03 12:29:21.191 -03:00 [INF] Executing endpoint 'FortalezaServer.Controllers.GruposController.GetGrupo (FortalezaServer)'
2021-02-03 12:29:21.195 -03:00 [INF] Request finished in 40.8462ms 200 application/json; charset=utf-8
2021-02-03 12:29:21.195 -03:00 [INF] Request starting HTTP/1.1 GET http://localhost:8000/api/vendas/1?itemvendas=true  
2021-02-03 12:29:21.197 -03:00 [INF] Route matched with {action = "GetGrupo", controller = "Grupos"}. Executing controller action with signature System.Threading.Tasks.Task`1[Microsoft.AspNetCore.Mvc.ActionResult`1[System.Collections.Generic.IEnumerable`1[FortalezaServer.Models.Grupo]]] GetGrupo() on controller FortalezaServer.Controllers.GruposController (FortalezaServer).
2021-02-03 12:29:21.200 -03:00 [INF] Executing endpoint 'FortalezaServer.Controllers.VendasController.GetVenda (FortalezaServer)'
2021-02-03 12:29:21.219 -03:00 [INF] Entity Framework Core 3.1.10 initialized 'fortalezaitdbContext' using provider 'MySql.Data.EntityFrameworkCore' with options: None
2021-02-03 12:29:21.221 -03:00 [INF] Route matched with {action = "GetVenda", controller = "Vendas"}. Executing controller action with signature System.Threading.Tasks.Task`1[Microsoft.AspNetCore.Mvc.ActionResult`1[FortalezaServer.Models.Venda]] GetVenda(Int32, Boolean, Boolean, Boolean) on controller FortalezaServer.Controllers.VendasController (FortalezaServer).
2021-02-03 12:29:21.228 -03:00 [INF] Executed DbCommand (0ms) [Parameters=[], CommandType='"Text"', CommandTimeout='30']
SELECT `g`.`idgrupo`, `g`.`descricao`, `g`.`nome`, `g`.`visivel`
FROM `grupo` AS `g`
2021-02-03 12:29:21.232 -03:00 [INF] Entity Framework Core 3.1.10 initialized 'fortalezaitdbContext' using provider 'MySql.Data.EntityFrameworkCore' with options: None
2021-02-03 12:29:21.240 -03:00 [INF] Executing ObjectResult, writing value of type 'System.Collections.Generic.List`1[[FortalezaServer.Models.Grupo, FortalezaServer, Version=1.0.0.0, Culture=neutral, PublicKeyToken=null]]'.
2021-02-03 12:29:21.245 -03:00 [INF] Executed action FortalezaServer.Controllers.GruposController.GetGrupo (FortalezaServer) in 27.4298ms
2021-02-03 12:29:21.245 -03:00 [INF] Executed DbCommand (1ms) [Parameters=[@__p_0='?' (DbType = Int32)], CommandType='"Text"', CommandTimeout='30']
SELECT `v`.`idvenda`, `v`.`aberta`, `v`.`acrescimo`, `v`.`desconto`, `v`.`descricao`, `v`.`hora_entrada`, `v`.`hora_fechamento`, `v`.`idcaixa`, `v`.`idcliente`, `v`.`idpdv`, `v`.`idresponsavel`, `v`.`numero_venda`, `v`.`paga`, `v`.`tipo`, `v`.`valor_pago`
FROM `venda` AS `v`
WHERE `v`.`idvenda` = @__p_0
LIMIT 1
2021-02-03 12:29:21.249 -03:00 [INF] Executed endpoint 'FortalezaServer.Controllers.GruposController.GetGrupo (FortalezaServer)'
2021-02-03 12:29:21.264 -03:00 [INF] Request starting HTTP/1.1 GET http://localhost:8000/api/items  
2021-02-03 12:29:21.273 -03:00 [INF] Request finished in 83.0921ms 200 application/json; charset=utf-8
2021-02-03 12:29:21.274 -03:00 [INF] Executed DbCommand (1ms) [Parameters=[@__p_0='?' (DbType = Int32)], CommandType='"Text"', CommandTimeout='30']
SELECT `i`.`iditem_venda`, `i`.`cancelado`, `i`.`custo`, `i`.`iditem`, `i`.`idvenda`, `i`.`indice`, `i`.`quantidade`, `i`.`valor`, `i0`.`iditem`, `i0`.`atacado`, `i0`.`codigo_barras`, `i0`.`descricao`, `i0`.`disponivel`, `i0`.`estoque`, `i0`.`estoque_minimo`, `i0`.`imagem`, `i0`.`permite_combo`, `i0`.`quantidade_atacado`, `i0`.`tipo`, `i0`.`unidade`, `i0`.`unidade_inteira`, `i0`.`valor`, `i0`.`valor_atacado`, `i0`.`visivel`
FROM `item_venda` AS `i`
INNER JOIN `item` AS `i0` ON `i`.`iditem` = `i0`.`iditem`
WHERE `i`.`idvenda` = @__p_0
2021-02-03 12:29:21.274 -03:00 [INF] Executing endpoint 'FortalezaServer.Controllers.ItemsController.GetItem (FortalezaServer)'
2021-02-03 12:29:21.286 -03:00 [INF] Executing ObjectResult, writing value of type 'FortalezaServer.Models.Venda'.
2021-02-03 12:29:21.287 -03:00 [INF] Route matched with {action = "GetItem", controller = "Items"}. Executing controller action with signature System.Threading.Tasks.Task`1[Microsoft.AspNetCore.Mvc.ActionResult`1[System.Collections.Generic.IEnumerable`1[FortalezaServer.Models.Item]]] GetItem(Boolean, Boolean, Boolean) on controller FortalezaServer.Controllers.ItemsController (FortalezaServer).
2021-02-03 12:29:21.290 -03:00 [INF] Executed action FortalezaServer.Controllers.VendasController.GetVenda (FortalezaServer) in 58.6545ms
2021-02-03 12:29:21.294 -03:00 [INF] Entity Framework Core 3.1.10 initialized 'fortalezaitdbContext' using provider 'MySql.Data.EntityFrameworkCore' with options: None
2021-02-03 12:29:21.295 -03:00 [INF] Executed endpoint 'FortalezaServer.Controllers.VendasController.GetVenda (FortalezaServer)'
2021-02-03 12:29:21.298 -03:00 [INF] Executed DbCommand (0ms) [Parameters=[], CommandType='"Text"', CommandTimeout='30']
SELECT `i`.`iditem`, `i`.`atacado`, `i`.`codigo_barras`, `i`.`descricao`, `i`.`disponivel`, `i`.`estoque`, `i`.`estoque_minimo`, `i`.`imagem`, `i`.`permite_combo`, `i`.`quantidade_atacado`, `i`.`tipo`, `i`.`unidade`, `i`.`unidade_inteira`, `i`.`valor`, `i`.`valor_atacado`, `i`.`visivel`
FROM `item` AS `i`
WHERE `i`.`visivel` = 1
2021-02-03 12:29:21.299 -03:00 [INF] Request finished in 104.2688ms 200 application/json; charset=utf-8
2021-02-03 12:29:21.305 -03:00 [INF] Executing ObjectResult, writing value of type 'System.Collections.Generic.List`1[[FortalezaServer.Models.Item, FortalezaServer, Version=1.0.0.0, Culture=neutral, PublicKeyToken=null]]'.
2021-02-03 12:29:21.312 -03:00 [INF] Executed action FortalezaServer.Controllers.ItemsController.GetItem (FortalezaServer) in 19.0796ms
2021-02-03 12:29:21.314 -03:00 [INF] Executed endpoint 'FortalezaServer.Controllers.ItemsController.GetItem (FortalezaServer)'
2021-02-03 12:29:21.315 -03:00 [INF] Request finished in 50.9057ms 200 application/json; charset=utf-8
2021-02-03 12:29:25.668 -03:00 [INF] Request starting HTTP/1.1 GET http://localhost:8000/api/vendas/1?pagamentos=true  
2021-02-03 12:29:25.669 -03:00 [INF] Executing endpoint 'FortalezaServer.Controllers.VendasController.GetVenda (FortalezaServer)'
2021-02-03 12:29:25.670 -03:00 [INF] Route matched with {action = "GetVenda", controller = "Vendas"}. Executing controller action with signature System.Threading.Tasks.Task`1[Microsoft.AspNetCore.Mvc.ActionResult`1[FortalezaServer.Models.Venda]] GetVenda(Int32, Boolean, Boolean, Boolean) on controller FortalezaServer.Controllers.VendasController (FortalezaServer).
2021-02-03 12:29:25.674 -03:00 [INF] Entity Framework Core 3.1.10 initialized 'fortalezaitdbContext' using provider 'MySql.Data.EntityFrameworkCore' with options: None
2021-02-03 12:29:25.678 -03:00 [INF] Executed DbCommand (0ms) [Parameters=[@__p_0='?' (DbType = Int32)], CommandType='"Text"', CommandTimeout='30']
SELECT `v`.`idvenda`, `v`.`aberta`, `v`.`acrescimo`, `v`.`desconto`, `v`.`descricao`, `v`.`hora_entrada`, `v`.`hora_fechamento`, `v`.`idcaixa`, `v`.`idcliente`, `v`.`idpdv`, `v`.`idresponsavel`, `v`.`numero_venda`, `v`.`paga`, `v`.`tipo`, `v`.`valor_pago`
FROM `venda` AS `v`
WHERE `v`.`idvenda` = @__p_0
LIMIT 1
2021-02-03 12:29:25.688 -03:00 [INF] Executed DbCommand (0ms) [Parameters=[@__p_0='?' (DbType = Int32)], CommandType='"Text"', CommandTimeout='30']
SELECT `i`.`iditem_venda`, `i`.`cancelado`, `i`.`custo`, `i`.`iditem`, `i`.`idvenda`, `i`.`indice`, `i`.`quantidade`, `i`.`valor`
FROM `item_venda` AS `i`
WHERE `i`.`idvenda` = @__p_0
2021-02-03 12:29:25.708 -03:00 [INF] Executed DbCommand (1ms) [Parameters=[@__p_0='?' (DbType = Int32)], CommandType='"Text"', CommandTimeout='30']
SELECT `p`.`idvenda`, `p`.`idmovimento`, `m`.`idmovimento`, `m`.`descricao`, `m`.`hora_entrada`, `m`.`idbandeira`, `m`.`idcaixa`, `m`.`idforma_pagamento`, `m`.`idpdv`, `m`.`idusuario`, `m`.`tipo`, `m`.`valor`, `f`.`idforma_pagamento`, `f`.`bandeira`, `f`.`debitar_cliente`, `f`.`debito`, `f`.`gerar_contas_receber`, `f`.`nome`, `f`.`ordem`
FROM `pagamento` AS `p`
INNER JOIN `movimento` AS `m` ON `p`.`idmovimento` = `m`.`idmovimento`
LEFT JOIN `forma_pagamento` AS `f` ON `m`.`idforma_pagamento` = `f`.`idforma_pagamento`
WHERE `p`.`idvenda` = @__p_0
2021-02-03 12:29:25.717 -03:00 [INF] Executing ObjectResult, writing value of type 'FortalezaServer.Models.Venda'.
2021-02-03 12:29:25.719 -03:00 [INF] Executed action FortalezaServer.Controllers.VendasController.GetVenda (FortalezaServer) in 45.6951ms
2021-02-03 12:29:25.721 -03:00 [INF] Executed endpoint 'FortalezaServer.Controllers.VendasController.GetVenda (FortalezaServer)'
2021-02-03 12:29:25.722 -03:00 [INF] Request finished in 54.4718ms 200 application/json; charset=utf-8
2021-02-03 12:29:25.802 -03:00 [INF] Request starting HTTP/1.1 GET http://localhost:8000/api/caixas/actions/aberto?idnomeCaixa=1  
2021-02-03 12:29:25.812 -03:00 [INF] Executing endpoint 'FortalezaServer.Controllers.CaixasController.GetCaixaAberto (FortalezaServer)'
2021-02-03 12:29:25.816 -03:00 [INF] Route matched with {action = "GetCaixaAberto", controller = "Caixas"}. Executing controller action with signature System.Threading.Tasks.Task`1[Microsoft.AspNetCore.Mvc.ActionResult`1[FortalezaServer.Models.Caixa]] GetCaixaAberto(Int32, Boolean) on controller FortalezaServer.Controllers.CaixasController (FortalezaServer).
2021-02-03 12:29:25.827 -03:00 [INF] Entity Framework Core 3.1.10 initialized 'fortalezaitdbContext' using provider 'MySql.Data.EntityFrameworkCore' with options: None
2021-02-03 12:29:25.830 -03:00 [INF] Executed DbCommand (1ms) [Parameters=[@__idnomeCaixa_0='?' (DbType = Int32)], CommandType='"Text"', CommandTimeout='30']
SELECT `c`.`idcaixa`, `c`.`aberto`, `c`.`idnome_caixa`, `n`.`idnome_caixa`, `n`.`nome`, `a`.`idcaixa`, `a`.`hora`, `a`.`idpdv`, `a`.`idusuario`, `p`.`idpdv`, `p`.`nome`, `u`.`idusuario`, `u`.`cpf`, `u`.`idendereco`, `u`.`login`, `u`.`nome`, `u`.`senha`, `u`.`telefone1`, `u`.`telefone2`
FROM `caixa` AS `c`
INNER JOIN `nome_caixa` AS `n` ON `c`.`idnome_caixa` = `n`.`idnome_caixa`
LEFT JOIN `abertura` AS `a` ON `c`.`idcaixa` = `a`.`idcaixa`
LEFT JOIN `pdv` AS `p` ON `a`.`idpdv` = `p`.`idpdv`
LEFT JOIN `usuario` AS `u` ON `a`.`idusuario` = `u`.`idusuario`
WHERE (`c`.`aberto` = 1) AND (`c`.`idnome_caixa` = @__idnomeCaixa_0)
LIMIT 1
2021-02-03 12:29:25.839 -03:00 [INF] Executing HttpStatusCodeResult, setting HTTP status code 204
2021-02-03 12:29:25.843 -03:00 [INF] Executed action FortalezaServer.Controllers.CaixasController.GetCaixaAberto (FortalezaServer) in 16.1754ms
2021-02-03 12:29:25.845 -03:00 [INF] Executed endpoint 'FortalezaServer.Controllers.CaixasController.GetCaixaAberto (FortalezaServer)'
2021-02-03 12:29:25.847 -03:00 [INF] Request finished in 44.2694ms 204 
2021-02-03 12:29:25.851 -03:00 [INF] Request starting HTTP/1.1 GET http://localhost:8000/api/formapagamentos  
2021-02-03 12:29:25.852 -03:00 [INF] Executing endpoint 'FortalezaServer.Controllers.FormaPagamentosController.GetFormaPagamento (FortalezaServer)'
2021-02-03 12:29:25.856 -03:00 [INF] Route matched with {action = "GetFormaPagamento", controller = "FormaPagamentos"}. Executing controller action with signature System.Threading.Tasks.Task`1[Microsoft.AspNetCore.Mvc.ActionResult`1[System.Collections.Generic.IEnumerable`1[FortalezaServer.Models.FormaPagamento]]] GetFormaPagamento() on controller FortalezaServer.Controllers.FormaPagamentosController (FortalezaServer).
2021-02-03 12:29:25.862 -03:00 [INF] Entity Framework Core 3.1.10 initialized 'fortalezaitdbContext' using provider 'MySql.Data.EntityFrameworkCore' with options: None
2021-02-03 12:29:25.868 -03:00 [INF] Executed DbCommand (0ms) [Parameters=[], CommandType='"Text"', CommandTimeout='30']
SELECT `f`.`idforma_pagamento`, `f`.`bandeira`, `f`.`debitar_cliente`, `f`.`debito`, `f`.`gerar_contas_receber`, `f`.`nome`, `f`.`ordem`
FROM `forma_pagamento` AS `f`
2021-02-03 12:29:25.875 -03:00 [INF] Executing ObjectResult, writing value of type 'System.Collections.Generic.List`1[[FortalezaServer.Models.FormaPagamento, FortalezaServer, Version=1.0.0.0, Culture=neutral, PublicKeyToken=null]]'.
2021-02-03 12:29:25.879 -03:00 [INF] Executed action FortalezaServer.Controllers.FormaPagamentosController.GetFormaPagamento (FortalezaServer) in 17.4038ms
2021-02-03 12:29:25.883 -03:00 [INF] Executed endpoint 'FortalezaServer.Controllers.FormaPagamentosController.GetFormaPagamento (FortalezaServer)'
2021-02-03 12:29:25.889 -03:00 [INF] Request finished in 38.7329ms 200 application/json; charset=utf-8
