2021-05-20 14:28:19.956 -03:00 [INF] Starting web host
2021-05-20 14:28:21.696 -03:00 [INF] Now listening on: http://[::]:8000
2021-05-20 14:28:21.702 -03:00 [INF] Application started. Press Ctrl+C to shut down.
2021-05-20 14:28:21.702 -03:00 [INF] Hosting environment: Development
2021-05-20 14:28:21.703 -03:00 [INF] Content root path: C:\Users\felip\source\repos\FortalezaServer
2021-05-20 14:28:22.487 -03:00 [INF] Request starting HTTP/1.1 GET http://localhost:8000/api  
2021-05-20 14:28:22.532 -03:00 [INF] Executing endpoint 'FortalezaServer.Controllers.IndexController.Get (FortalezaServer)'
2021-05-20 14:28:22.575 -03:00 [INF] Route matched with {action = "Get", controller = "Index"}. Executing controller action with signature System.String Get() on controller FortalezaServer.Controllers.IndexController (FortalezaServer).
2021-05-20 14:28:22.889 -03:00 [INF] Executing ObjectResult, writing value of type 'System.String'.
2021-05-20 14:28:22.903 -03:00 [INF] Executed action FortalezaServer.Controllers.IndexController.Get (FortalezaServer) in 322.6979ms
2021-05-20 14:28:22.907 -03:00 [INF] Executed endpoint 'FortalezaServer.Controllers.IndexController.Get (FortalezaServer)'
2021-05-20 14:28:22.910 -03:00 [INF] Request finished in 425.6618ms 200 text/plain; charset=utf-8
2021-05-20 14:28:22.929 -03:00 [INF] Request starting HTTP/1.1 GET http://localhost:8000/api  
2021-05-20 14:28:22.931 -03:00 [INF] Executing endpoint 'FortalezaServer.Controllers.IndexController.Get (FortalezaServer)'
2021-05-20 14:28:22.932 -03:00 [INF] Route matched with {action = "Get", controller = "Index"}. Executing controller action with signature System.String Get() on controller FortalezaServer.Controllers.IndexController (FortalezaServer).
2021-05-20 14:28:22.934 -03:00 [INF] Executing ObjectResult, writing value of type 'System.String'.
2021-05-20 14:28:22.935 -03:00 [INF] Executed action FortalezaServer.Controllers.IndexController.Get (FortalezaServer) in 1.6593ms
2021-05-20 14:28:22.937 -03:00 [INF] Executed endpoint 'FortalezaServer.Controllers.IndexController.Get (FortalezaServer)'
2021-05-20 14:28:22.939 -03:00 [INF] Request finished in 9.8683ms 200 text/plain; charset=utf-8
2021-05-20 14:28:22.992 -03:00 [INF] Request starting HTTP/1.1 GET http://localhost:8000/api/vendas/actions/aberta  
2021-05-20 14:28:22.998 -03:00 [INF] Executing endpoint 'FortalezaServer.Controllers.VendasController.GetVendaAberta (FortalezaServer)'
2021-05-20 14:28:23.015 -03:00 [INF] Route matched with {action = "GetVendaAberta", controller = "Vendas"}. Executing controller action with signature System.Threading.Tasks.Task`1[Microsoft.AspNetCore.Mvc.ActionResult`1[System.Int32]] GetVendaAberta(Int32) on controller FortalezaServer.Controllers.VendasController (FortalezaServer).
2021-05-20 14:28:23.131 -03:00 [INF] Request starting HTTP/1.1 GET http://localhost:8000/api/grupos  
2021-05-20 14:28:23.134 -03:00 [INF] Executing endpoint 'FortalezaServer.Controllers.GruposController.GetGrupo (FortalezaServer)'
2021-05-20 14:28:23.138 -03:00 [INF] Route matched with {action = "GetGrupo", controller = "Grupos"}. Executing controller action with signature System.Threading.Tasks.Task`1[Microsoft.AspNetCore.Mvc.ActionResult`1[System.Collections.Generic.IEnumerable`1[FortalezaServer.Models.Grupo]]] GetGrupo() on controller FortalezaServer.Controllers.GruposController (FortalezaServer).
2021-05-20 14:28:23.695 -03:00 [INF] Entity Framework Core 3.1.10 initialized 'fortalezaitdbContext' using provider 'MySql.Data.EntityFrameworkCore' with options: None
2021-05-20 14:28:23.695 -03:00 [INF] Entity Framework Core 3.1.10 initialized 'fortalezaitdbContext' using provider 'MySql.Data.EntityFrameworkCore' with options: None
2021-05-20 14:28:24.361 -03:00 [INF] Executed DbCommand (20ms) [Parameters=[@__tipo_0='?' (DbType = Int32)], CommandType='"Text"', CommandTimeout='30']
SELECT `v`.`idvenda`, `v`.`aberta`, `v`.`acrescimo`, `v`.`desconto`, `v`.`descricao`, `v`.`hora_entrada`, `v`.`hora_fechamento`, `v`.`idcaixa`, `v`.`idcliente`, `v`.`idpdv`, `v`.`idresponsavel`, `v`.`numero_venda`, `v`.`paga`, `v`.`tipo`, `v`.`valor_pago`
FROM `venda` AS `v`
WHERE (`v`.`aberta` = 1) & (`v`.`tipo` = @__tipo_0)
LIMIT 1
2021-05-20 14:28:24.361 -03:00 [INF] Executed DbCommand (15ms) [Parameters=[], CommandType='"Text"', CommandTimeout='30']
SELECT `g`.`idgrupo`, `g`.`descricao`, `g`.`nome`, `g`.`visivel`
FROM `grupo` AS `g`
2021-05-20 14:28:24.380 -03:00 [INF] Executing ObjectResult, writing value of type 'System.Int32'.
2021-05-20 14:28:24.427 -03:00 [INF] Executing ObjectResult, writing value of type 'System.Collections.Generic.List`1[[FortalezaServer.Models.Grupo, FortalezaServer, Version=1.0.0.0, Culture=neutral, PublicKeyToken=null]]'.
2021-05-20 14:28:24.456 -03:00 [INF] Executed action FortalezaServer.Controllers.VendasController.GetVendaAberta (FortalezaServer) in 1439.3875ms
2021-05-20 14:28:24.459 -03:00 [INF] Executed endpoint 'FortalezaServer.Controllers.VendasController.GetVendaAberta (FortalezaServer)'
2021-05-20 14:28:24.462 -03:00 [INF] Request finished in 1469.989ms 200 application/json; charset=utf-8
2021-05-20 14:28:24.488 -03:00 [INF] Executed action FortalezaServer.Controllers.GruposController.GetGrupo (FortalezaServer) in 1347.1204ms
2021-05-20 14:28:24.490 -03:00 [INF] Executed endpoint 'FortalezaServer.Controllers.GruposController.GetGrupo (FortalezaServer)'
2021-05-20 14:28:24.492 -03:00 [INF] Request finished in 1361.0756ms 200 application/json; charset=utf-8
2021-05-20 14:28:24.518 -03:00 [INF] Request starting HTTP/1.1 GET http://localhost:8000/api/items  
2021-05-20 14:28:24.519 -03:00 [INF] Executing endpoint 'FortalezaServer.Controllers.ItemsController.GetItem (FortalezaServer)'
2021-05-20 14:28:24.525 -03:00 [INF] Route matched with {action = "GetItem", controller = "Items"}. Executing controller action with signature System.Threading.Tasks.Task`1[Microsoft.AspNetCore.Mvc.ActionResult`1[System.Collections.Generic.IEnumerable`1[FortalezaServer.Models.Item]]] GetItem(Boolean, Boolean, Boolean, System.String) on controller FortalezaServer.Controllers.ItemsController (FortalezaServer).
2021-05-20 14:28:24.563 -03:00 [INF] Entity Framework Core 3.1.10 initialized 'fortalezaitdbContext' using provider 'MySql.Data.EntityFrameworkCore' with options: None
2021-05-20 14:28:24.576 -03:00 [INF] Executed DbCommand (7ms) [Parameters=[], CommandType='"Text"', CommandTimeout='30']
SELECT `i`.`iditem`, `i`.`atacado`, `i`.`codigo_barras`, `i`.`descricao`, `i`.`disponivel`, `i`.`estoque`, `i`.`estoque_minimo`, `i`.`imagem`, `i`.`permite_combo`, `i`.`quantidade_atacado`, `i`.`tipo`, `i`.`unidade`, `i`.`unidade_inteira`, `i`.`valor`, `i`.`valor_atacado`, `i`.`visivel`
FROM `item` AS `i`
WHERE `i`.`visivel` = 1
2021-05-20 14:28:24.604 -03:00 [INF] Executing ObjectResult, writing value of type 'System.Collections.Generic.List`1[[FortalezaServer.Models.Item, FortalezaServer, Version=1.0.0.0, Culture=neutral, PublicKeyToken=null]]'.
2021-05-20 14:28:24.622 -03:00 [INF] Executed action FortalezaServer.Controllers.ItemsController.GetItem (FortalezaServer) in 93.0019ms
2021-05-20 14:28:24.624 -03:00 [INF] Executed endpoint 'FortalezaServer.Controllers.ItemsController.GetItem (FortalezaServer)'
2021-05-20 14:28:24.626 -03:00 [INF] Request finished in 107.4679ms 200 application/json; charset=utf-8
2021-05-20 14:28:31.518 -03:00 [INF] Request starting HTTP/1.1 GET http://localhost:8000/api/caixas/actions/aberto?movimentos=true&idnomeCaixa=1  
2021-05-20 14:28:31.522 -03:00 [INF] Executing endpoint 'FortalezaServer.Controllers.CaixasController.GetCaixaAberto (FortalezaServer)'
2021-05-20 14:28:31.530 -03:00 [INF] Route matched with {action = "GetCaixaAberto", controller = "Caixas"}. Executing controller action with signature System.Threading.Tasks.Task`1[Microsoft.AspNetCore.Mvc.ActionResult`1[FortalezaServer.Models.Caixa]] GetCaixaAberto(Int32, Boolean) on controller FortalezaServer.Controllers.CaixasController (FortalezaServer).
2021-05-20 14:28:31.542 -03:00 [INF] Entity Framework Core 3.1.10 initialized 'fortalezaitdbContext' using provider 'MySql.Data.EntityFrameworkCore' with options: None
2021-05-20 14:28:31.619 -03:00 [INF] Executed DbCommand (14ms) [Parameters=[@__idnomeCaixa_0='?' (DbType = Int32)], CommandType='"Text"', CommandTimeout='30']
SELECT `c`.`idcaixa`, `c`.`aberto`, `c`.`idnome_caixa`, `n`.`idnome_caixa`, `n`.`nome`, `a`.`idcaixa`, `a`.`hora`, `a`.`idpdv`, `a`.`idusuario`, `p`.`idpdv`, `p`.`nome`, `u`.`idusuario`, `u`.`cpf`, `u`.`idendereco`, `u`.`login`, `u`.`nome`, `u`.`senha`, `u`.`telefone1`, `u`.`telefone2`
FROM `caixa` AS `c`
INNER JOIN `nome_caixa` AS `n` ON `c`.`idnome_caixa` = `n`.`idnome_caixa`
LEFT JOIN `abertura` AS `a` ON `c`.`idcaixa` = `a`.`idcaixa`
LEFT JOIN `pdv` AS `p` ON `a`.`idpdv` = `p`.`idpdv`
LEFT JOIN `usuario` AS `u` ON `a`.`idusuario` = `u`.`idusuario`
WHERE (`c`.`aberto` = 1) AND (`c`.`idnome_caixa` = @__idnomeCaixa_0)
LIMIT 1
2021-05-20 14:28:31.626 -03:00 [INF] Executing HttpStatusCodeResult, setting HTTP status code 204
2021-05-20 14:28:31.629 -03:00 [INF] Executed action FortalezaServer.Controllers.CaixasController.GetCaixaAberto (FortalezaServer) in 95.9189ms
2021-05-20 14:28:31.632 -03:00 [INF] Executed endpoint 'FortalezaServer.Controllers.CaixasController.GetCaixaAberto (FortalezaServer)'
2021-05-20 14:28:31.633 -03:00 [INF] Request finished in 115.9552ms 204 
2021-05-20 14:28:31.664 -03:00 [INF] Request starting HTTP/1.1 GET http://localhost:8000/api/caixas?filtroData=true&dataInicial=2021-05-13&dataFinal=2021-05-20  
2021-05-20 14:28:31.665 -03:00 [INF] Executing endpoint 'FortalezaServer.Controllers.CaixasController.GetCaixa (FortalezaServer)'
2021-05-20 14:28:31.673 -03:00 [INF] Route matched with {action = "GetCaixa", controller = "Caixas"}. Executing controller action with signature System.Threading.Tasks.Task`1[Microsoft.AspNetCore.Mvc.ActionResult`1[System.Collections.Generic.IEnumerable`1[FortalezaServer.Models.Caixa]]] GetCaixa(Boolean, System.String, System.String) on controller FortalezaServer.Controllers.CaixasController (FortalezaServer).
2021-05-20 14:28:31.680 -03:00 [INF] Entity Framework Core 3.1.10 initialized 'fortalezaitdbContext' using provider 'MySql.Data.EntityFrameworkCore' with options: None
2021-05-20 14:28:31.712 -03:00 [INF] Executed DbCommand (5ms) [Parameters=[@___dataInicial_0='?' (DbType = DateTime), @___dataFinal_1='?' (DbType = DateTime)], CommandType='"Text"', CommandTimeout='30']
SELECT `c`.`idcaixa`, `c`.`aberto`, `c`.`idnome_caixa`, `n`.`idnome_caixa`, `n`.`nome`, `a`.`idcaixa`, `a`.`hora`, `a`.`idpdv`, `a`.`idusuario`, `p`.`idpdv`, `p`.`nome`, `u`.`idusuario`, `u`.`cpf`, `u`.`idendereco`, `u`.`login`, `u`.`nome`, `u`.`senha`, `u`.`telefone1`, `u`.`telefone2`, `f`.`idcaixa`, `f`.`hora`, `f`.`idpdv`, `f`.`idusuario`, `p0`.`idpdv`, `p0`.`nome`, `u0`.`idusuario`, `u0`.`cpf`, `u0`.`idendereco`, `u0`.`login`, `u0`.`nome`, `u0`.`senha`, `u0`.`telefone1`, `u0`.`telefone2`
FROM `caixa` AS `c`
LEFT JOIN `abertura` AS `a` ON `c`.`idcaixa` = `a`.`idcaixa`
INNER JOIN `nome_caixa` AS `n` ON `c`.`idnome_caixa` = `n`.`idnome_caixa`
LEFT JOIN `pdv` AS `p` ON `a`.`idpdv` = `p`.`idpdv`
LEFT JOIN `usuario` AS `u` ON `a`.`idusuario` = `u`.`idusuario`
LEFT JOIN `fechamento` AS `f` ON `c`.`idcaixa` = `f`.`idcaixa`
LEFT JOIN `pdv` AS `p0` ON `f`.`idpdv` = `p0`.`idpdv`
LEFT JOIN `usuario` AS `u0` ON `f`.`idusuario` = `u0`.`idusuario`
WHERE (`a`.`hora` > @___dataInicial_0) & (`a`.`hora` < @___dataFinal_1)
2021-05-20 14:28:31.716 -03:00 [INF] Executing ObjectResult, writing value of type 'System.Collections.Generic.List`1[[FortalezaServer.Models.Caixa, FortalezaServer, Version=1.0.0.0, Culture=neutral, PublicKeyToken=null]]'.
2021-05-20 14:28:31.719 -03:00 [INF] Executed action FortalezaServer.Controllers.CaixasController.GetCaixa (FortalezaServer) in 41.9569ms
2021-05-20 14:28:31.722 -03:00 [INF] Executed endpoint 'FortalezaServer.Controllers.CaixasController.GetCaixa (FortalezaServer)'
2021-05-20 14:28:31.723 -03:00 [INF] Request finished in 59.7263ms 200 application/json; charset=utf-8
2021-05-20 14:28:34.373 -03:00 [INF] Request starting HTTP/1.1 GET http://localhost:8000/api/items?visibleOnly=false  
2021-05-20 14:28:34.375 -03:00 [INF] Executing endpoint 'FortalezaServer.Controllers.ItemsController.GetItem (FortalezaServer)'
2021-05-20 14:28:34.378 -03:00 [INF] Route matched with {action = "GetItem", controller = "Items"}. Executing controller action with signature System.Threading.Tasks.Task`1[Microsoft.AspNetCore.Mvc.ActionResult`1[System.Collections.Generic.IEnumerable`1[FortalezaServer.Models.Item]]] GetItem(Boolean, Boolean, Boolean, System.String) on controller FortalezaServer.Controllers.ItemsController (FortalezaServer).
2021-05-20 14:28:34.386 -03:00 [INF] Entity Framework Core 3.1.10 initialized 'fortalezaitdbContext' using provider 'MySql.Data.EntityFrameworkCore' with options: None
2021-05-20 14:28:34.396 -03:00 [INF] Executed DbCommand (1ms) [Parameters=[], CommandType='"Text"', CommandTimeout='30']
SELECT `i`.`iditem`, `i`.`atacado`, `i`.`codigo_barras`, `i`.`descricao`, `i`.`disponivel`, `i`.`estoque`, `i`.`estoque_minimo`, `i`.`imagem`, `i`.`permite_combo`, `i`.`quantidade_atacado`, `i`.`tipo`, `i`.`unidade`, `i`.`unidade_inteira`, `i`.`valor`, `i`.`valor_atacado`, `i`.`visivel`
FROM `item` AS `i`
WHERE `i`.`visivel` = 1
2021-05-20 14:28:34.400 -03:00 [INF] Executing ObjectResult, writing value of type 'System.Collections.Generic.List`1[[FortalezaServer.Models.Item, FortalezaServer, Version=1.0.0.0, Culture=neutral, PublicKeyToken=null]]'.
2021-05-20 14:28:34.403 -03:00 [INF] Executed action FortalezaServer.Controllers.ItemsController.GetItem (FortalezaServer) in 19.1227ms
2021-05-20 14:28:34.405 -03:00 [INF] Executed endpoint 'FortalezaServer.Controllers.ItemsController.GetItem (FortalezaServer)'
2021-05-20 14:28:34.406 -03:00 [INF] Request finished in 33.394ms 200 application/json; charset=utf-8
2021-05-20 14:28:45.019 -03:00 [INF] Request starting HTTP/1.1 GET http://localhost:8000/api/items?visibleOnly=false  
2021-05-20 14:28:45.021 -03:00 [INF] Executing endpoint 'FortalezaServer.Controllers.ItemsController.GetItem (FortalezaServer)'
2021-05-20 14:28:45.023 -03:00 [INF] Route matched with {action = "GetItem", controller = "Items"}. Executing controller action with signature System.Threading.Tasks.Task`1[Microsoft.AspNetCore.Mvc.ActionResult`1[System.Collections.Generic.IEnumerable`1[FortalezaServer.Models.Item]]] GetItem(Boolean, Boolean, Boolean, System.String) on controller FortalezaServer.Controllers.ItemsController (FortalezaServer).
2021-05-20 14:28:45.036 -03:00 [INF] Entity Framework Core 3.1.10 initialized 'fortalezaitdbContext' using provider 'MySql.Data.EntityFrameworkCore' with options: None
2021-05-20 14:28:45.045 -03:00 [INF] Executed DbCommand (1ms) [Parameters=[], CommandType='"Text"', CommandTimeout='30']
SELECT `i`.`iditem`, `i`.`atacado`, `i`.`codigo_barras`, `i`.`descricao`, `i`.`disponivel`, `i`.`estoque`, `i`.`estoque_minimo`, `i`.`imagem`, `i`.`permite_combo`, `i`.`quantidade_atacado`, `i`.`tipo`, `i`.`unidade`, `i`.`unidade_inteira`, `i`.`valor`, `i`.`valor_atacado`, `i`.`visivel`
FROM `item` AS `i`
WHERE `i`.`visivel` = 1
2021-05-20 14:28:45.051 -03:00 [INF] Executing ObjectResult, writing value of type 'System.Collections.Generic.List`1[[FortalezaServer.Models.Item, FortalezaServer, Version=1.0.0.0, Culture=neutral, PublicKeyToken=null]]'.
2021-05-20 14:28:45.054 -03:00 [INF] Executed action FortalezaServer.Controllers.ItemsController.GetItem (FortalezaServer) in 19.7314ms
2021-05-20 14:28:45.055 -03:00 [INF] Executed endpoint 'FortalezaServer.Controllers.ItemsController.GetItem (FortalezaServer)'
2021-05-20 14:28:45.058 -03:00 [INF] Request finished in 39.2685ms 200 application/json; charset=utf-8
2021-05-20 14:28:45.669 -03:00 [INF] Request starting HTTP/1.1 GET http://localhost:8000/api  
2021-05-20 14:28:45.671 -03:00 [INF] Executing endpoint 'FortalezaServer.Controllers.IndexController.Get (FortalezaServer)'
2021-05-20 14:28:45.673 -03:00 [INF] Route matched with {action = "Get", controller = "Index"}. Executing controller action with signature System.String Get() on controller FortalezaServer.Controllers.IndexController (FortalezaServer).
2021-05-20 14:28:45.677 -03:00 [INF] Executing ObjectResult, writing value of type 'System.String'.
2021-05-20 14:28:45.679 -03:00 [INF] Executed action FortalezaServer.Controllers.IndexController.Get (FortalezaServer) in 2.9518ms
2021-05-20 14:28:45.681 -03:00 [INF] Executed endpoint 'FortalezaServer.Controllers.IndexController.Get (FortalezaServer)'
2021-05-20 14:28:45.684 -03:00 [INF] Request finished in 14.6262ms 200 text/plain; charset=utf-8
2021-05-20 14:28:45.700 -03:00 [INF] Request starting HTTP/1.1 GET http://localhost:8000/api/vendas/actions/aberta  
2021-05-20 14:28:45.702 -03:00 [INF] Executing endpoint 'FortalezaServer.Controllers.VendasController.GetVendaAberta (FortalezaServer)'
2021-05-20 14:28:45.703 -03:00 [INF] Route matched with {action = "GetVendaAberta", controller = "Vendas"}. Executing controller action with signature System.Threading.Tasks.Task`1[Microsoft.AspNetCore.Mvc.ActionResult`1[System.Int32]] GetVendaAberta(Int32) on controller FortalezaServer.Controllers.VendasController (FortalezaServer).
2021-05-20 14:28:45.709 -03:00 [INF] Entity Framework Core 3.1.10 initialized 'fortalezaitdbContext' using provider 'MySql.Data.EntityFrameworkCore' with options: None
2021-05-20 14:28:45.716 -03:00 [INF] Executed DbCommand (2ms) [Parameters=[@__tipo_0='?' (DbType = Int32)], CommandType='"Text"', CommandTimeout='30']
SELECT `v`.`idvenda`, `v`.`aberta`, `v`.`acrescimo`, `v`.`desconto`, `v`.`descricao`, `v`.`hora_entrada`, `v`.`hora_fechamento`, `v`.`idcaixa`, `v`.`idcliente`, `v`.`idpdv`, `v`.`idresponsavel`, `v`.`numero_venda`, `v`.`paga`, `v`.`tipo`, `v`.`valor_pago`
FROM `venda` AS `v`
WHERE (`v`.`aberta` = 1) & (`v`.`tipo` = @__tipo_0)
LIMIT 1
2021-05-20 14:28:45.733 -03:00 [INF] Executing ObjectResult, writing value of type 'System.Int32'.
2021-05-20 14:28:45.735 -03:00 [INF] Executed action FortalezaServer.Controllers.VendasController.GetVendaAberta (FortalezaServer) in 28.5907ms
2021-05-20 14:28:45.738 -03:00 [INF] Request starting HTTP/1.1 GET http://localhost:8000/api/grupos  
2021-05-20 14:28:45.739 -03:00 [INF] Executed endpoint 'FortalezaServer.Controllers.VendasController.GetVendaAberta (FortalezaServer)'
2021-05-20 14:28:45.740 -03:00 [INF] Executing endpoint 'FortalezaServer.Controllers.GruposController.GetGrupo (FortalezaServer)'
2021-05-20 14:28:45.742 -03:00 [INF] Request finished in 42.0179ms 200 application/json; charset=utf-8
2021-05-20 14:28:45.743 -03:00 [INF] Route matched with {action = "GetGrupo", controller = "Grupos"}. Executing controller action with signature System.Threading.Tasks.Task`1[Microsoft.AspNetCore.Mvc.ActionResult`1[System.Collections.Generic.IEnumerable`1[FortalezaServer.Models.Grupo]]] GetGrupo() on controller FortalezaServer.Controllers.GruposController (FortalezaServer).
2021-05-20 14:28:45.751 -03:00 [INF] Entity Framework Core 3.1.10 initialized 'fortalezaitdbContext' using provider 'MySql.Data.EntityFrameworkCore' with options: None
2021-05-20 14:28:45.754 -03:00 [INF] Executed DbCommand (1ms) [Parameters=[], CommandType='"Text"', CommandTimeout='30']
SELECT `g`.`idgrupo`, `g`.`descricao`, `g`.`nome`, `g`.`visivel`
FROM `grupo` AS `g`
2021-05-20 14:28:45.762 -03:00 [INF] Executing ObjectResult, writing value of type 'System.Collections.Generic.List`1[[FortalezaServer.Models.Grupo, FortalezaServer, Version=1.0.0.0, Culture=neutral, PublicKeyToken=null]]'.
2021-05-20 14:28:45.764 -03:00 [INF] Executed action FortalezaServer.Controllers.GruposController.GetGrupo (FortalezaServer) in 14.6912ms
2021-05-20 14:28:45.768 -03:00 [INF] Executed endpoint 'FortalezaServer.Controllers.GruposController.GetGrupo (FortalezaServer)'
2021-05-20 14:28:45.770 -03:00 [INF] Request starting HTTP/1.1 GET http://localhost:8000/api/items  
2021-05-20 14:28:45.771 -03:00 [INF] Request finished in 32.8005ms 200 application/json; charset=utf-8
2021-05-20 14:28:45.777 -03:00 [INF] Executing endpoint 'FortalezaServer.Controllers.ItemsController.GetItem (FortalezaServer)'
2021-05-20 14:28:45.791 -03:00 [INF] Route matched with {action = "GetItem", controller = "Items"}. Executing controller action with signature System.Threading.Tasks.Task`1[Microsoft.AspNetCore.Mvc.ActionResult`1[System.Collections.Generic.IEnumerable`1[FortalezaServer.Models.Item]]] GetItem(Boolean, Boolean, Boolean, System.String) on controller FortalezaServer.Controllers.ItemsController (FortalezaServer).
2021-05-20 14:28:45.797 -03:00 [INF] Entity Framework Core 3.1.10 initialized 'fortalezaitdbContext' using provider 'MySql.Data.EntityFrameworkCore' with options: None
2021-05-20 14:28:45.801 -03:00 [INF] Executed DbCommand (0ms) [Parameters=[], CommandType='"Text"', CommandTimeout='30']
SELECT `i`.`iditem`, `i`.`atacado`, `i`.`codigo_barras`, `i`.`descricao`, `i`.`disponivel`, `i`.`estoque`, `i`.`estoque_minimo`, `i`.`imagem`, `i`.`permite_combo`, `i`.`quantidade_atacado`, `i`.`tipo`, `i`.`unidade`, `i`.`unidade_inteira`, `i`.`valor`, `i`.`valor_atacado`, `i`.`visivel`
FROM `item` AS `i`
WHERE `i`.`visivel` = 1
2021-05-20 14:28:45.804 -03:00 [INF] Executing ObjectResult, writing value of type 'System.Collections.Generic.List`1[[FortalezaServer.Models.Item, FortalezaServer, Version=1.0.0.0, Culture=neutral, PublicKeyToken=null]]'.
2021-05-20 14:28:45.810 -03:00 [INF] Executed action FortalezaServer.Controllers.ItemsController.GetItem (FortalezaServer) in 13.1826ms
2021-05-20 14:28:45.811 -03:00 [INF] Executed endpoint 'FortalezaServer.Controllers.ItemsController.GetItem (FortalezaServer)'
2021-05-20 14:28:45.813 -03:00 [INF] Request finished in 42.6801ms 200 application/json; charset=utf-8
2021-05-20 14:30:34.377 -03:00 [INF] Request starting HTTP/1.1 GET http://localhost:8000/api  
2021-05-20 14:30:34.378 -03:00 [INF] Executing endpoint 'FortalezaServer.Controllers.IndexController.Get (FortalezaServer)'
2021-05-20 14:30:34.380 -03:00 [INF] Route matched with {action = "Get", controller = "Index"}. Executing controller action with signature System.String Get() on controller FortalezaServer.Controllers.IndexController (FortalezaServer).
2021-05-20 14:30:34.386 -03:00 [INF] Executing ObjectResult, writing value of type 'System.String'.
2021-05-20 14:30:34.389 -03:00 [INF] Executed action FortalezaServer.Controllers.IndexController.Get (FortalezaServer) in 3.7449ms
2021-05-20 14:30:34.392 -03:00 [INF] Executed endpoint 'FortalezaServer.Controllers.IndexController.Get (FortalezaServer)'
2021-05-20 14:30:34.395 -03:00 [INF] Request finished in 18.0168ms 200 text/plain; charset=utf-8
2021-05-20 14:30:34.429 -03:00 [INF] Request starting HTTP/1.1 GET http://localhost:8000/api  
2021-05-20 14:30:34.430 -03:00 [INF] Executing endpoint 'FortalezaServer.Controllers.IndexController.Get (FortalezaServer)'
2021-05-20 14:30:34.432 -03:00 [INF] Route matched with {action = "Get", controller = "Index"}. Executing controller action with signature System.String Get() on controller FortalezaServer.Controllers.IndexController (FortalezaServer).
2021-05-20 14:30:34.435 -03:00 [INF] Executing ObjectResult, writing value of type 'System.String'.
2021-05-20 14:30:34.436 -03:00 [INF] Executed action FortalezaServer.Controllers.IndexController.Get (FortalezaServer) in 2.2559ms
2021-05-20 14:30:34.440 -03:00 [INF] Executed endpoint 'FortalezaServer.Controllers.IndexController.Get (FortalezaServer)'
2021-05-20 14:30:34.442 -03:00 [INF] Request finished in 13.2135ms 200 text/plain; charset=utf-8
2021-05-20 14:30:34.552 -03:00 [INF] Request starting HTTP/1.1 GET http://localhost:8000/api/vendas/actions/aberta  
2021-05-20 14:30:34.553 -03:00 [INF] Executing endpoint 'FortalezaServer.Controllers.VendasController.GetVendaAberta (FortalezaServer)'
2021-05-20 14:30:34.555 -03:00 [INF] Route matched with {action = "GetVendaAberta", controller = "Vendas"}. Executing controller action with signature System.Threading.Tasks.Task`1[Microsoft.AspNetCore.Mvc.ActionResult`1[System.Int32]] GetVendaAberta(Int32) on controller FortalezaServer.Controllers.VendasController (FortalezaServer).
2021-05-20 14:30:34.561 -03:00 [INF] Entity Framework Core 3.1.10 initialized 'fortalezaitdbContext' using provider 'MySql.Data.EntityFrameworkCore' with options: None
2021-05-20 14:30:34.567 -03:00 [INF] Executed DbCommand (1ms) [Parameters=[@__tipo_0='?' (DbType = Int32)], CommandType='"Text"', CommandTimeout='30']
SELECT `v`.`idvenda`, `v`.`aberta`, `v`.`acrescimo`, `v`.`desconto`, `v`.`descricao`, `v`.`hora_entrada`, `v`.`hora_fechamento`, `v`.`idcaixa`, `v`.`idcliente`, `v`.`idpdv`, `v`.`idresponsavel`, `v`.`numero_venda`, `v`.`paga`, `v`.`tipo`, `v`.`valor_pago`
FROM `venda` AS `v`
WHERE (`v`.`aberta` = 1) & (`v`.`tipo` = @__tipo_0)
LIMIT 1
2021-05-20 14:30:34.573 -03:00 [INF] Executing ObjectResult, writing value of type 'System.Int32'.
2021-05-20 14:30:34.575 -03:00 [INF] Executed action FortalezaServer.Controllers.VendasController.GetVendaAberta (FortalezaServer) in 16.2054ms
2021-05-20 14:30:34.577 -03:00 [INF] Executed endpoint 'FortalezaServer.Controllers.VendasController.GetVendaAberta (FortalezaServer)'
2021-05-20 14:30:34.579 -03:00 [INF] Request finished in 26.5439ms 200 application/json; charset=utf-8
2021-05-20 14:30:34.690 -03:00 [INF] Request starting HTTP/1.1 GET http://localhost:8000/api/grupos  
2021-05-20 14:30:34.692 -03:00 [INF] Executing endpoint 'FortalezaServer.Controllers.GruposController.GetGrupo (FortalezaServer)'
2021-05-20 14:30:34.694 -03:00 [INF] Route matched with {action = "GetGrupo", controller = "Grupos"}. Executing controller action with signature System.Threading.Tasks.Task`1[Microsoft.AspNetCore.Mvc.ActionResult`1[System.Collections.Generic.IEnumerable`1[FortalezaServer.Models.Grupo]]] GetGrupo() on controller FortalezaServer.Controllers.GruposController (FortalezaServer).
2021-05-20 14:30:34.697 -03:00 [INF] Entity Framework Core 3.1.10 initialized 'fortalezaitdbContext' using provider 'MySql.Data.EntityFrameworkCore' with options: None
2021-05-20 14:30:34.701 -03:00 [INF] Executed DbCommand (0ms) [Parameters=[], CommandType='"Text"', CommandTimeout='30']
SELECT `g`.`idgrupo`, `g`.`descricao`, `g`.`nome`, `g`.`visivel`
FROM `grupo` AS `g`
2021-05-20 14:30:34.705 -03:00 [INF] Executing ObjectResult, writing value of type 'System.Collections.Generic.List`1[[FortalezaServer.Models.Grupo, FortalezaServer, Version=1.0.0.0, Culture=neutral, PublicKeyToken=null]]'.
2021-05-20 14:30:34.707 -03:00 [INF] Executed action FortalezaServer.Controllers.GruposController.GetGrupo (FortalezaServer) in 10.2016ms
2021-05-20 14:30:34.710 -03:00 [INF] Executed endpoint 'FortalezaServer.Controllers.GruposController.GetGrupo (FortalezaServer)'
2021-05-20 14:30:34.713 -03:00 [INF] Request finished in 22.1728ms 200 application/json; charset=utf-8
2021-05-20 14:30:34.731 -03:00 [INF] Request starting HTTP/1.1 GET http://localhost:8000/api/items  
2021-05-20 14:30:34.732 -03:00 [INF] Executing endpoint 'FortalezaServer.Controllers.ItemsController.GetItem (FortalezaServer)'
2021-05-20 14:30:34.733 -03:00 [INF] Route matched with {action = "GetItem", controller = "Items"}. Executing controller action with signature System.Threading.Tasks.Task`1[Microsoft.AspNetCore.Mvc.ActionResult`1[System.Collections.Generic.IEnumerable`1[FortalezaServer.Models.Item]]] GetItem(Boolean, Boolean, Boolean, System.String) on controller FortalezaServer.Controllers.ItemsController (FortalezaServer).
2021-05-20 14:30:34.737 -03:00 [INF] Entity Framework Core 3.1.10 initialized 'fortalezaitdbContext' using provider 'MySql.Data.EntityFrameworkCore' with options: None
2021-05-20 14:30:34.739 -03:00 [INF] Executed DbCommand (0ms) [Parameters=[], CommandType='"Text"', CommandTimeout='30']
SELECT `i`.`iditem`, `i`.`atacado`, `i`.`codigo_barras`, `i`.`descricao`, `i`.`disponivel`, `i`.`estoque`, `i`.`estoque_minimo`, `i`.`imagem`, `i`.`permite_combo`, `i`.`quantidade_atacado`, `i`.`tipo`, `i`.`unidade`, `i`.`unidade_inteira`, `i`.`valor`, `i`.`valor_atacado`, `i`.`visivel`
FROM `item` AS `i`
WHERE `i`.`visivel` = 1
2021-05-20 14:30:34.744 -03:00 [INF] Executing ObjectResult, writing value of type 'System.Collections.Generic.List`1[[FortalezaServer.Models.Item, FortalezaServer, Version=1.0.0.0, Culture=neutral, PublicKeyToken=null]]'.
2021-05-20 14:30:34.746 -03:00 [INF] Executed action FortalezaServer.Controllers.ItemsController.GetItem (FortalezaServer) in 9.8442ms
2021-05-20 14:30:34.747 -03:00 [INF] Executed endpoint 'FortalezaServer.Controllers.ItemsController.GetItem (FortalezaServer)'
2021-05-20 14:30:34.748 -03:00 [INF] Request finished in 17.4311ms 200 application/json; charset=utf-8
2021-05-20 14:30:37.219 -03:00 [INF] Request starting HTTP/1.1 GET http://localhost:8000/api/items?visibleOnly=false  
2021-05-20 14:30:37.220 -03:00 [INF] Executing endpoint 'FortalezaServer.Controllers.ItemsController.GetItem (FortalezaServer)'
2021-05-20 14:30:37.222 -03:00 [INF] Route matched with {action = "GetItem", controller = "Items"}. Executing controller action with signature System.Threading.Tasks.Task`1[Microsoft.AspNetCore.Mvc.ActionResult`1[System.Collections.Generic.IEnumerable`1[FortalezaServer.Models.Item]]] GetItem(Boolean, Boolean, Boolean, System.String) on controller FortalezaServer.Controllers.ItemsController (FortalezaServer).
2021-05-20 14:30:37.228 -03:00 [INF] Entity Framework Core 3.1.10 initialized 'fortalezaitdbContext' using provider 'MySql.Data.EntityFrameworkCore' with options: None
2021-05-20 14:30:37.240 -03:00 [INF] Executed DbCommand (1ms) [Parameters=[], CommandType='"Text"', CommandTimeout='30']
SELECT `i`.`iditem`, `i`.`atacado`, `i`.`codigo_barras`, `i`.`descricao`, `i`.`disponivel`, `i`.`estoque`, `i`.`estoque_minimo`, `i`.`imagem`, `i`.`permite_combo`, `i`.`quantidade_atacado`, `i`.`tipo`, `i`.`unidade`, `i`.`unidade_inteira`, `i`.`valor`, `i`.`valor_atacado`, `i`.`visivel`
FROM `item` AS `i`
WHERE `i`.`visivel` = 1
2021-05-20 14:30:37.246 -03:00 [INF] Executing ObjectResult, writing value of type 'System.Collections.Generic.List`1[[FortalezaServer.Models.Item, FortalezaServer, Version=1.0.0.0, Culture=neutral, PublicKeyToken=null]]'.
2021-05-20 14:30:37.250 -03:00 [INF] Executed action FortalezaServer.Controllers.ItemsController.GetItem (FortalezaServer) in 23.2987ms
2021-05-20 14:30:37.251 -03:00 [INF] Executed endpoint 'FortalezaServer.Controllers.ItemsController.GetItem (FortalezaServer)'
2021-05-20 14:30:37.253 -03:00 [INF] Request finished in 33.9177ms 200 application/json; charset=utf-8
2021-05-20 14:31:03.811 -03:00 [INF] Request starting HTTP/1.1 GET http://localhost:8000/api/grupos  
2021-05-20 14:31:03.813 -03:00 [INF] Executing endpoint 'FortalezaServer.Controllers.GruposController.GetGrupo (FortalezaServer)'
2021-05-20 14:31:03.816 -03:00 [INF] Route matched with {action = "GetGrupo", controller = "Grupos"}. Executing controller action with signature System.Threading.Tasks.Task`1[Microsoft.AspNetCore.Mvc.ActionResult`1[System.Collections.Generic.IEnumerable`1[FortalezaServer.Models.Grupo]]] GetGrupo() on controller FortalezaServer.Controllers.GruposController (FortalezaServer).
2021-05-20 14:31:03.823 -03:00 [INF] Entity Framework Core 3.1.10 initialized 'fortalezaitdbContext' using provider 'MySql.Data.EntityFrameworkCore' with options: None
2021-05-20 14:31:03.830 -03:00 [INF] Executed DbCommand (1ms) [Parameters=[], CommandType='"Text"', CommandTimeout='30']
SELECT `g`.`idgrupo`, `g`.`descricao`, `g`.`nome`, `g`.`visivel`
FROM `grupo` AS `g`
2021-05-20 14:31:03.845 -03:00 [INF] Executing ObjectResult, writing value of type 'System.Collections.Generic.List`1[[FortalezaServer.Models.Grupo, FortalezaServer, Version=1.0.0.0, Culture=neutral, PublicKeyToken=null]]'.
2021-05-20 14:31:03.848 -03:00 [INF] Executed action FortalezaServer.Controllers.GruposController.GetGrupo (FortalezaServer) in 25.8924ms
2021-05-20 14:31:03.852 -03:00 [INF] Executed endpoint 'FortalezaServer.Controllers.GruposController.GetGrupo (FortalezaServer)'
2021-05-20 14:31:03.854 -03:00 [INF] Request finished in 42.8956ms 200 application/json; charset=utf-8
2021-05-20 14:31:55.214 -03:00 [INF] Request starting HTTP/1.1 POST http://localhost:8000/api/items application/json; charset=utf-8 1249
2021-05-20 14:31:55.215 -03:00 [INF] Executing endpoint 'FortalezaServer.Controllers.ItemsController.PostItem (FortalezaServer)'
2021-05-20 14:31:55.220 -03:00 [INF] Route matched with {action = "PostItem", controller = "Items"}. Executing controller action with signature System.Threading.Tasks.Task`1[Microsoft.AspNetCore.Mvc.ActionResult`1[FortalezaServer.Models.Item]] PostItem(FortalezaServer.Models.Item) on controller FortalezaServer.Controllers.ItemsController (FortalezaServer).
