2021-01-25 14:26:40.755 -03:00 [INF] Starting web host
2021-01-25 14:26:42.323 -03:00 [INF] Now listening on: http://[::]:8000
2021-01-25 14:26:42.329 -03:00 [INF] Application started. Press Ctrl+C to shut down.
2021-01-25 14:26:42.330 -03:00 [INF] Hosting environment: Development
2021-01-25 14:26:42.331 -03:00 [INF] Content root path: C:\Users\felip\source\repos\FortalezaServer
2021-01-25 14:26:44.409 -03:00 [INF] Request starting HTTP/1.1 GET http://localhost:8000/api/status  
2021-01-25 14:26:44.472 -03:00 [INF] Executing endpoint 'FortalezaServer.Controllers.IndexController.GetStatus (FortalezaServer)'
2021-01-25 14:26:44.546 -03:00 [INF] Route matched with {action = "GetStatus", controller = "Index"}. Executing controller action with signature System.Threading.Tasks.Task`1[Microsoft.AspNetCore.Mvc.ActionResult`1[FortalezaServer.Controllers.IndexController+Status]] GetStatus() on controller FortalezaServer.Controllers.IndexController (FortalezaServer).
2021-01-25 14:26:45.745 -03:00 [INF] Entity Framework Core 3.1.10 initialized 'fortalezaitdbContext' using provider 'MySql.Data.EntityFrameworkCore' with options: None
2021-01-25 14:26:46.207 -03:00 [INF] Executing ObjectResult, writing value of type 'FortalezaServer.Controllers.IndexController+Status'.
2021-01-25 14:26:46.362 -03:00 [INF] Executed action FortalezaServer.Controllers.IndexController.GetStatus (FortalezaServer) in 1806.4121ms
2021-01-25 14:26:46.366 -03:00 [INF] Executed endpoint 'FortalezaServer.Controllers.IndexController.GetStatus (FortalezaServer)'
2021-01-25 14:26:46.372 -03:00 [INF] Request finished in 1967.088ms 200 application/json; charset=utf-8
2021-01-25 14:26:52.653 -03:00 [INF] Request starting HTTP/1.1 GET http://localhost:8000/api  
2021-01-25 14:26:52.656 -03:00 [INF] Executing endpoint 'FortalezaServer.Controllers.IndexController.Get (FortalezaServer)'
2021-01-25 14:26:52.661 -03:00 [INF] Route matched with {action = "Get", controller = "Index"}. Executing controller action with signature System.String Get() on controller FortalezaServer.Controllers.IndexController (FortalezaServer).
2021-01-25 14:26:52.666 -03:00 [INF] Executing ObjectResult, writing value of type 'System.String'.
2021-01-25 14:26:52.668 -03:00 [INF] Executed action FortalezaServer.Controllers.IndexController.Get (FortalezaServer) in 5.4464ms
2021-01-25 14:26:52.670 -03:00 [INF] Executed endpoint 'FortalezaServer.Controllers.IndexController.Get (FortalezaServer)'
2021-01-25 14:26:52.671 -03:00 [INF] Request finished in 19.1247ms 200 text/plain; charset=utf-8
2021-01-25 14:26:52.705 -03:00 [INF] Request starting HTTP/1.1 GET http://localhost:8000/api  
2021-01-25 14:26:52.706 -03:00 [INF] Executing endpoint 'FortalezaServer.Controllers.IndexController.Get (FortalezaServer)'
2021-01-25 14:26:52.707 -03:00 [INF] Route matched with {action = "Get", controller = "Index"}. Executing controller action with signature System.String Get() on controller FortalezaServer.Controllers.IndexController (FortalezaServer).
2021-01-25 14:26:52.711 -03:00 [INF] Executing ObjectResult, writing value of type 'System.String'.
2021-01-25 14:26:52.712 -03:00 [INF] Executed action FortalezaServer.Controllers.IndexController.Get (FortalezaServer) in 2.7263ms
2021-01-25 14:26:52.715 -03:00 [INF] Executed endpoint 'FortalezaServer.Controllers.IndexController.Get (FortalezaServer)'
2021-01-25 14:26:52.718 -03:00 [INF] Request finished in 12.8567ms 200 text/plain; charset=utf-8
2021-01-25 14:26:52.774 -03:00 [INF] Request starting HTTP/1.1 GET http://localhost:8000/api/vendas/actions/aberta  
2021-01-25 14:26:52.780 -03:00 [INF] Executing endpoint 'FortalezaServer.Controllers.VendasController.GetVendaAberta (FortalezaServer)'
2021-01-25 14:26:52.792 -03:00 [INF] Route matched with {action = "GetVendaAberta", controller = "Vendas"}. Executing controller action with signature System.Threading.Tasks.Task`1[Microsoft.AspNetCore.Mvc.ActionResult`1[System.Int32]] GetVendaAberta(Int32) on controller FortalezaServer.Controllers.VendasController (FortalezaServer).
2021-01-25 14:26:52.816 -03:00 [INF] Entity Framework Core 3.1.10 initialized 'fortalezaitdbContext' using provider 'MySql.Data.EntityFrameworkCore' with options: None
2021-01-25 14:26:52.855 -03:00 [INF] Request starting HTTP/1.1 GET http://localhost:8000/api/grupos  
2021-01-25 14:26:52.857 -03:00 [INF] Executing endpoint 'FortalezaServer.Controllers.GruposController.GetGrupo (FortalezaServer)'
2021-01-25 14:26:52.863 -03:00 [INF] Route matched with {action = "GetGrupo", controller = "Grupos"}. Executing controller action with signature System.Threading.Tasks.Task`1[Microsoft.AspNetCore.Mvc.ActionResult`1[System.Collections.Generic.IEnumerable`1[FortalezaServer.Models.Grupo]]] GetGrupo() on controller FortalezaServer.Controllers.GruposController (FortalezaServer).
2021-01-25 14:26:52.899 -03:00 [INF] Entity Framework Core 3.1.10 initialized 'fortalezaitdbContext' using provider 'MySql.Data.EntityFrameworkCore' with options: None
2021-01-25 14:26:53.025 -03:00 [INF] Executed DbCommand (2ms) [Parameters=[], CommandType='"Text"', CommandTimeout='30']
SELECT `g`.`idgrupo`, `g`.`descricao`, `g`.`nome`, `g`.`visivel`
FROM `grupo` AS `g`
2021-01-25 14:26:53.025 -03:00 [INF] Executed DbCommand (6ms) [Parameters=[@__tipo_0='?' (DbType = Int32)], CommandType='"Text"', CommandTimeout='30']
SELECT `v`.`idvenda`, `v`.`aberta`, `v`.`acrescimo`, `v`.`desconto`, `v`.`descricao`, `v`.`hora_entrada`, `v`.`hora_fechamento`, `v`.`idcaixa`, `v`.`idcliente`, `v`.`idpdv`, `v`.`idresponsavel`, `v`.`numero_venda`, `v`.`paga`, `v`.`tipo`, `v`.`valor_pago`
FROM `venda` AS `v`
WHERE (`v`.`aberta` = 1) & (`v`.`tipo` = @__tipo_0)
LIMIT 1
2021-01-25 14:26:53.081 -03:00 [INF] Executing ObjectResult, writing value of type 'System.Collections.Generic.List`1[[FortalezaServer.Models.Grupo, FortalezaServer, Version=1.0.0.0, Culture=neutral, PublicKeyToken=null]]'.
2021-01-25 14:26:53.086 -03:00 [INF] Executing ObjectResult, writing value of type 'System.Int32'.
2021-01-25 14:26:53.087 -03:00 [INF] Executed action FortalezaServer.Controllers.VendasController.GetVendaAberta (FortalezaServer) in 292.3411ms
2021-01-25 14:26:53.089 -03:00 [INF] Executed endpoint 'FortalezaServer.Controllers.VendasController.GetVendaAberta (FortalezaServer)'
2021-01-25 14:26:53.092 -03:00 [INF] Request finished in 317.6721ms 200 application/json; charset=utf-8
2021-01-25 14:26:53.096 -03:00 [INF] Executed action FortalezaServer.Controllers.GruposController.GetGrupo (FortalezaServer) in 228.3693ms
2021-01-25 14:26:53.097 -03:00 [INF] Executed endpoint 'FortalezaServer.Controllers.GruposController.GetGrupo (FortalezaServer)'
2021-01-25 14:26:53.099 -03:00 [INF] Request finished in 243.4119ms 200 application/json; charset=utf-8
2021-01-25 14:26:53.100 -03:00 [INF] Request starting HTTP/1.1 GET http://localhost:8000/api/vendas/3?itemvendas=true  
2021-01-25 14:26:53.102 -03:00 [INF] Executing endpoint 'FortalezaServer.Controllers.VendasController.GetVenda (FortalezaServer)'
2021-01-25 14:26:53.106 -03:00 [INF] Route matched with {action = "GetVenda", controller = "Vendas"}. Executing controller action with signature System.Threading.Tasks.Task`1[Microsoft.AspNetCore.Mvc.ActionResult`1[FortalezaServer.Models.Venda]] GetVenda(Int32, Boolean, Boolean, Boolean) on controller FortalezaServer.Controllers.VendasController (FortalezaServer).
2021-01-25 14:26:53.118 -03:00 [INF] Entity Framework Core 3.1.10 initialized 'fortalezaitdbContext' using provider 'MySql.Data.EntityFrameworkCore' with options: None
2021-01-25 14:26:53.129 -03:00 [INF] Request starting HTTP/1.1 GET http://localhost:8000/api/items  
2021-01-25 14:26:53.129 -03:00 [INF] Executing endpoint 'FortalezaServer.Controllers.ItemsController.GetItem (FortalezaServer)'
2021-01-25 14:26:53.134 -03:00 [INF] Route matched with {action = "GetItem", controller = "Items"}. Executing controller action with signature System.Threading.Tasks.Task`1[Microsoft.AspNetCore.Mvc.ActionResult`1[System.Collections.Generic.IEnumerable`1[FortalezaServer.Models.Item]]] GetItem(Boolean, Boolean, Boolean) on controller FortalezaServer.Controllers.ItemsController (FortalezaServer).
2021-01-25 14:26:53.137 -03:00 [INF] Executed DbCommand (1ms) [Parameters=[@__p_0='?' (DbType = Int32)], CommandType='"Text"', CommandTimeout='30']
SELECT `v`.`idvenda`, `v`.`aberta`, `v`.`acrescimo`, `v`.`desconto`, `v`.`descricao`, `v`.`hora_entrada`, `v`.`hora_fechamento`, `v`.`idcaixa`, `v`.`idcliente`, `v`.`idpdv`, `v`.`idresponsavel`, `v`.`numero_venda`, `v`.`paga`, `v`.`tipo`, `v`.`valor_pago`
FROM `venda` AS `v`
WHERE `v`.`idvenda` = @__p_0
LIMIT 1
2021-01-25 14:26:53.140 -03:00 [INF] Entity Framework Core 3.1.10 initialized 'fortalezaitdbContext' using provider 'MySql.Data.EntityFrameworkCore' with options: None
2021-01-25 14:26:53.157 -03:00 [INF] Executed DbCommand (2ms) [Parameters=[], CommandType='"Text"', CommandTimeout='30']
SELECT `i`.`iditem`, `i`.`atacado`, `i`.`codigo_barras`, `i`.`descricao`, `i`.`disponivel`, `i`.`estoque`, `i`.`estoque_minimo`, `i`.`imagem`, `i`.`permite_combo`, `i`.`quantidade_atacado`, `i`.`tipo`, `i`.`unidade`, `i`.`unidade_inteira`, `i`.`valor`, `i`.`valor_atacado`, `i`.`visivel`
FROM `item` AS `i`
WHERE `i`.`visivel` = 1
2021-01-25 14:26:53.191 -03:00 [INF] Executing ObjectResult, writing value of type 'System.Collections.Generic.List`1[[FortalezaServer.Models.Item, FortalezaServer, Version=1.0.0.0, Culture=neutral, PublicKeyToken=null]]'.
2021-01-25 14:26:53.211 -03:00 [INF] Executed action FortalezaServer.Controllers.ItemsController.GetItem (FortalezaServer) in 72.9722ms
2021-01-25 14:26:53.213 -03:00 [INF] Executed endpoint 'FortalezaServer.Controllers.ItemsController.GetItem (FortalezaServer)'
2021-01-25 14:26:53.215 -03:00 [INF] Request finished in 86.8737ms 200 application/json; charset=utf-8
2021-01-25 14:26:53.226 -03:00 [INF] Executed DbCommand (2ms) [Parameters=[@__p_0='?' (DbType = Int32)], CommandType='"Text"', CommandTimeout='30']
SELECT `i`.`iditem_venda`, `i`.`cancelado`, `i`.`custo`, `i`.`iditem`, `i`.`idvenda`, `i`.`indice`, `i`.`quantidade`, `i`.`valor`, `i0`.`iditem`, `i0`.`atacado`, `i0`.`codigo_barras`, `i0`.`descricao`, `i0`.`disponivel`, `i0`.`estoque`, `i0`.`estoque_minimo`, `i0`.`imagem`, `i0`.`permite_combo`, `i0`.`quantidade_atacado`, `i0`.`tipo`, `i0`.`unidade`, `i0`.`unidade_inteira`, `i0`.`valor`, `i0`.`valor_atacado`, `i0`.`visivel`
FROM `item_venda` AS `i`
INNER JOIN `item` AS `i0` ON `i`.`iditem` = `i0`.`iditem`
WHERE `i`.`idvenda` = @__p_0
2021-01-25 14:26:53.265 -03:00 [INF] Executed DbCommand (1ms) [Parameters=[@__p_0='?' (DbType = Int32)], CommandType='"Text"', CommandTimeout='30']
SELECT `c`.`idcliente`, `c`.`celular`, `c`.`cpf`, `c`.`email`, `c`.`idendereco`, `c`.`nome`, `c`.`telefone`, `e`.`idendereco`, `e`.`bairro`, `e`.`cep`, `e`.`complemento`, `e`.`descricao`, `e`.`logradouro`, `e`.`municipio`, `e`.`numero`, `e`.`tipo`, `e`.`UF`
FROM `cliente` AS `c`
LEFT JOIN `endereco` AS `e` ON `c`.`idendereco` = `e`.`idendereco`
WHERE `c`.`idcliente` = @__p_0
2021-01-25 14:26:53.289 -03:00 [INF] Executing ObjectResult, writing value of type 'FortalezaServer.Models.Venda'.
2021-01-25 14:26:53.328 -03:00 [INF] Executed action FortalezaServer.Controllers.VendasController.GetVenda (FortalezaServer) in 215.6925ms
2021-01-25 14:26:53.330 -03:00 [INF] Executed endpoint 'FortalezaServer.Controllers.VendasController.GetVenda (FortalezaServer)'
2021-01-25 14:26:53.331 -03:00 [INF] Request finished in 231.0251ms 200 application/json; charset=utf-8
2021-01-25 14:27:11.351 -03:00 [INF] Request starting HTTP/1.1 GET http://localhost:8000/api/clientes  
2021-01-25 14:27:11.354 -03:00 [INF] Executing endpoint 'FortalezaServer.Controllers.ClientesController.GetCliente (FortalezaServer)'
2021-01-25 14:27:11.364 -03:00 [INF] Route matched with {action = "GetCliente", controller = "Clientes"}. Executing controller action with signature System.Threading.Tasks.Task`1[Microsoft.AspNetCore.Mvc.ActionResult`1[System.Collections.Generic.IEnumerable`1[FortalezaServer.Models.Cliente]]] GetCliente() on controller FortalezaServer.Controllers.ClientesController (FortalezaServer).
2021-01-25 14:27:11.376 -03:00 [INF] Entity Framework Core 3.1.10 initialized 'fortalezaitdbContext' using provider 'MySql.Data.EntityFrameworkCore' with options: None
2021-01-25 14:27:11.387 -03:00 [INF] Executed DbCommand (1ms) [Parameters=[], CommandType='"Text"', CommandTimeout='30']
SELECT `c`.`idcliente`, `c`.`celular`, `c`.`cpf`, `c`.`email`, `c`.`idendereco`, `c`.`nome`, `c`.`telefone`, `e`.`idendereco`, `e`.`bairro`, `e`.`cep`, `e`.`complemento`, `e`.`descricao`, `e`.`logradouro`, `e`.`municipio`, `e`.`numero`, `e`.`tipo`, `e`.`UF`
FROM `cliente` AS `c`
LEFT JOIN `endereco` AS `e` ON `c`.`idendereco` = `e`.`idendereco`
2021-01-25 14:27:11.395 -03:00 [INF] Executing ObjectResult, writing value of type 'System.Collections.Generic.List`1[[FortalezaServer.Models.Cliente, FortalezaServer, Version=1.0.0.0, Culture=neutral, PublicKeyToken=null]]'.
2021-01-25 14:27:11.401 -03:00 [INF] Executed action FortalezaServer.Controllers.ClientesController.GetCliente (FortalezaServer) in 26.8391ms
2021-01-25 14:27:11.403 -03:00 [INF] Executed endpoint 'FortalezaServer.Controllers.ClientesController.GetCliente (FortalezaServer)'
2021-01-25 14:27:11.404 -03:00 [INF] Request finished in 53.8517ms 200 application/json; charset=utf-8
2021-01-25 14:27:14.020 -03:00 [INF] Request starting HTTP/1.1 GET http://localhost:8000/api/clientes/1  
2021-01-25 14:27:14.023 -03:00 [INF] Executing endpoint 'FortalezaServer.Controllers.ClientesController.GetCliente (FortalezaServer)'
2021-01-25 14:27:14.030 -03:00 [INF] Route matched with {action = "GetCliente", controller = "Clientes"}. Executing controller action with signature System.Threading.Tasks.Task`1[Microsoft.AspNetCore.Mvc.ActionResult`1[FortalezaServer.Models.Cliente]] GetCliente(System.String, Boolean, Boolean) on controller FortalezaServer.Controllers.ClientesController (FortalezaServer).
2021-01-25 14:27:14.037 -03:00 [INF] Entity Framework Core 3.1.10 initialized 'fortalezaitdbContext' using provider 'MySql.Data.EntityFrameworkCore' with options: None
2021-01-25 14:27:14.047 -03:00 [INF] Executed DbCommand (1ms) [Parameters=[@__p_0='?' (DbType = Int32)], CommandType='"Text"', CommandTimeout='30']
SELECT `c`.`idcliente`, `c`.`celular`, `c`.`cpf`, `c`.`email`, `c`.`idendereco`, `c`.`nome`, `c`.`telefone`
FROM `cliente` AS `c`
WHERE `c`.`idcliente` = @__p_0
LIMIT 1
2021-01-25 14:27:14.064 -03:00 [INF] Executed DbCommand (1ms) [Parameters=[@__p_0='?' (DbType = Int32)], CommandType='"Text"', CommandTimeout='30']
SELECT `e`.`idendereco`, `e`.`bairro`, `e`.`cep`, `e`.`complemento`, `e`.`descricao`, `e`.`logradouro`, `e`.`municipio`, `e`.`numero`, `e`.`tipo`, `e`.`UF`
FROM `endereco` AS `e`
WHERE `e`.`idendereco` = @__p_0
2021-01-25 14:27:14.082 -03:00 [INF] Executing ObjectResult, writing value of type 'FortalezaServer.Models.Cliente'.
2021-01-25 14:27:14.088 -03:00 [INF] Executed action FortalezaServer.Controllers.ClientesController.GetCliente (FortalezaServer) in 53.9868ms
2021-01-25 14:27:14.097 -03:00 [INF] Executed endpoint 'FortalezaServer.Controllers.ClientesController.GetCliente (FortalezaServer)'
2021-01-25 14:27:14.100 -03:00 [INF] Request finished in 80.2029ms 200 application/json; charset=utf-8
2021-01-25 14:59:14.008 -03:00 [INF] Request starting HTTP/1.1 GET http://localhost:8000/api  
2021-01-25 14:59:14.010 -03:00 [INF] Executing endpoint 'FortalezaServer.Controllers.IndexController.Get (FortalezaServer)'
2021-01-25 14:59:14.016 -03:00 [INF] Route matched with {action = "Get", controller = "Index"}. Executing controller action with signature System.String Get() on controller FortalezaServer.Controllers.IndexController (FortalezaServer).
2021-01-25 14:59:14.023 -03:00 [INF] Executing ObjectResult, writing value of type 'System.String'.
2021-01-25 14:59:14.025 -03:00 [INF] Executed action FortalezaServer.Controllers.IndexController.Get (FortalezaServer) in 2.3536ms
2021-01-25 14:59:14.028 -03:00 [INF] Executed endpoint 'FortalezaServer.Controllers.IndexController.Get (FortalezaServer)'
2021-01-25 14:59:14.038 -03:00 [INF] Request finished in 30.251ms 200 text/plain; charset=utf-8
2021-01-25 14:59:14.087 -03:00 [INF] Request starting HTTP/1.1 GET http://localhost:8000/api  
2021-01-25 14:59:14.088 -03:00 [INF] Executing endpoint 'FortalezaServer.Controllers.IndexController.Get (FortalezaServer)'
2021-01-25 14:59:14.090 -03:00 [INF] Route matched with {action = "Get", controller = "Index"}. Executing controller action with signature System.String Get() on controller FortalezaServer.Controllers.IndexController (FortalezaServer).
2021-01-25 14:59:14.099 -03:00 [INF] Executing ObjectResult, writing value of type 'System.String'.
2021-01-25 14:59:14.104 -03:00 [INF] Executed action FortalezaServer.Controllers.IndexController.Get (FortalezaServer) in 5.4588ms
2021-01-25 14:59:14.109 -03:00 [INF] Executed endpoint 'FortalezaServer.Controllers.IndexController.Get (FortalezaServer)'
2021-01-25 14:59:14.113 -03:00 [INF] Request finished in 25.646ms 200 text/plain; charset=utf-8
2021-01-25 14:59:14.318 -03:00 [INF] Request starting HTTP/1.1 GET http://localhost:8000/api/vendas/actions/aberta  
2021-01-25 14:59:14.321 -03:00 [INF] Executing endpoint 'FortalezaServer.Controllers.VendasController.GetVendaAberta (FortalezaServer)'
2021-01-25 14:59:14.326 -03:00 [INF] Route matched with {action = "GetVendaAberta", controller = "Vendas"}. Executing controller action with signature System.Threading.Tasks.Task`1[Microsoft.AspNetCore.Mvc.ActionResult`1[System.Int32]] GetVendaAberta(Int32) on controller FortalezaServer.Controllers.VendasController (FortalezaServer).
2021-01-25 14:59:14.337 -03:00 [INF] Entity Framework Core 3.1.10 initialized 'fortalezaitdbContext' using provider 'MySql.Data.EntityFrameworkCore' with options: None
2021-01-25 14:59:14.373 -03:00 [INF] Executed DbCommand (1ms) [Parameters=[@__tipo_0='?' (DbType = Int32)], CommandType='"Text"', CommandTimeout='30']
SELECT `v`.`idvenda`, `v`.`aberta`, `v`.`acrescimo`, `v`.`desconto`, `v`.`descricao`, `v`.`hora_entrada`, `v`.`hora_fechamento`, `v`.`idcaixa`, `v`.`idcliente`, `v`.`idpdv`, `v`.`idresponsavel`, `v`.`numero_venda`, `v`.`paga`, `v`.`tipo`, `v`.`valor_pago`
FROM `venda` AS `v`
WHERE (`v`.`aberta` = 1) & (`v`.`tipo` = @__tipo_0)
LIMIT 1
2021-01-25 14:59:14.387 -03:00 [INF] Executing ObjectResult, writing value of type 'System.Int32'.
2021-01-25 14:59:14.391 -03:00 [INF] Executed action FortalezaServer.Controllers.VendasController.GetVendaAberta (FortalezaServer) in 57.3471ms
2021-01-25 14:59:14.396 -03:00 [INF] Executed endpoint 'FortalezaServer.Controllers.VendasController.GetVendaAberta (FortalezaServer)'
2021-01-25 14:59:14.398 -03:00 [INF] Request finished in 80.0731ms 200 application/json; charset=utf-8
2021-01-25 14:59:14.455 -03:00 [INF] Request starting HTTP/1.1 GET http://localhost:8000/api/grupos  
2021-01-25 14:59:14.459 -03:00 [INF] Request starting HTTP/1.1 GET http://localhost:8000/api/vendas/3?itemvendas=true  
2021-01-25 14:59:14.460 -03:00 [INF] Executing endpoint 'FortalezaServer.Controllers.GruposController.GetGrupo (FortalezaServer)'
2021-01-25 14:59:14.461 -03:00 [INF] Executing endpoint 'FortalezaServer.Controllers.VendasController.GetVenda (FortalezaServer)'
2021-01-25 14:59:14.464 -03:00 [INF] Route matched with {action = "GetGrupo", controller = "Grupos"}. Executing controller action with signature System.Threading.Tasks.Task`1[Microsoft.AspNetCore.Mvc.ActionResult`1[System.Collections.Generic.IEnumerable`1[FortalezaServer.Models.Grupo]]] GetGrupo() on controller FortalezaServer.Controllers.GruposController (FortalezaServer).
2021-01-25 14:59:14.467 -03:00 [INF] Route matched with {action = "GetVenda", controller = "Vendas"}. Executing controller action with signature System.Threading.Tasks.Task`1[Microsoft.AspNetCore.Mvc.ActionResult`1[FortalezaServer.Models.Venda]] GetVenda(Int32, Boolean, Boolean, Boolean) on controller FortalezaServer.Controllers.VendasController (FortalezaServer).
2021-01-25 14:59:14.471 -03:00 [INF] Entity Framework Core 3.1.10 initialized 'fortalezaitdbContext' using provider 'MySql.Data.EntityFrameworkCore' with options: None
2021-01-25 14:59:14.476 -03:00 [INF] Entity Framework Core 3.1.10 initialized 'fortalezaitdbContext' using provider 'MySql.Data.EntityFrameworkCore' with options: None
2021-01-25 14:59:14.480 -03:00 [INF] Executed DbCommand (1ms) [Parameters=[], CommandType='"Text"', CommandTimeout='30']
SELECT `g`.`idgrupo`, `g`.`descricao`, `g`.`nome`, `g`.`visivel`
FROM `grupo` AS `g`
2021-01-25 14:59:14.490 -03:00 [INF] Executing ObjectResult, writing value of type 'System.Collections.Generic.List`1[[FortalezaServer.Models.Grupo, FortalezaServer, Version=1.0.0.0, Culture=neutral, PublicKeyToken=null]]'.
2021-01-25 14:59:14.498 -03:00 [INF] Executed action FortalezaServer.Controllers.GruposController.GetGrupo (FortalezaServer) in 26.9779ms
2021-01-25 14:59:14.499 -03:00 [INF] Executed endpoint 'FortalezaServer.Controllers.GruposController.GetGrupo (FortalezaServer)'
2021-01-25 14:59:14.501 -03:00 [INF] Request finished in 46.4425ms 200 application/json; charset=utf-8
2021-01-25 14:59:14.515 -03:00 [INF] Executed DbCommand (1ms) [Parameters=[@__p_0='?' (DbType = Int32)], CommandType='"Text"', CommandTimeout='30']
SELECT `v`.`idvenda`, `v`.`aberta`, `v`.`acrescimo`, `v`.`desconto`, `v`.`descricao`, `v`.`hora_entrada`, `v`.`hora_fechamento`, `v`.`idcaixa`, `v`.`idcliente`, `v`.`idpdv`, `v`.`idresponsavel`, `v`.`numero_venda`, `v`.`paga`, `v`.`tipo`, `v`.`valor_pago`
FROM `venda` AS `v`
WHERE `v`.`idvenda` = @__p_0
LIMIT 1
2021-01-25 14:59:14.523 -03:00 [INF] Executed DbCommand (2ms) [Parameters=[@__p_0='?' (DbType = Int32)], CommandType='"Text"', CommandTimeout='30']
SELECT `i`.`iditem_venda`, `i`.`cancelado`, `i`.`custo`, `i`.`iditem`, `i`.`idvenda`, `i`.`indice`, `i`.`quantidade`, `i`.`valor`, `i0`.`iditem`, `i0`.`atacado`, `i0`.`codigo_barras`, `i0`.`descricao`, `i0`.`disponivel`, `i0`.`estoque`, `i0`.`estoque_minimo`, `i0`.`imagem`, `i0`.`permite_combo`, `i0`.`quantidade_atacado`, `i0`.`tipo`, `i0`.`unidade`, `i0`.`unidade_inteira`, `i0`.`valor`, `i0`.`valor_atacado`, `i0`.`visivel`
FROM `item_venda` AS `i`
INNER JOIN `item` AS `i0` ON `i`.`iditem` = `i0`.`iditem`
WHERE `i`.`idvenda` = @__p_0
2021-01-25 14:59:14.533 -03:00 [INF] Executed DbCommand (1ms) [Parameters=[@__p_0='?' (DbType = Int32)], CommandType='"Text"', CommandTimeout='30']
SELECT `c`.`idcliente`, `c`.`celular`, `c`.`cpf`, `c`.`email`, `c`.`idendereco`, `c`.`nome`, `c`.`telefone`, `e`.`idendereco`, `e`.`bairro`, `e`.`cep`, `e`.`complemento`, `e`.`descricao`, `e`.`logradouro`, `e`.`municipio`, `e`.`numero`, `e`.`tipo`, `e`.`UF`
FROM `cliente` AS `c`
LEFT JOIN `endereco` AS `e` ON `c`.`idendereco` = `e`.`idendereco`
WHERE `c`.`idcliente` = @__p_0
2021-01-25 14:59:14.541 -03:00 [INF] Executing ObjectResult, writing value of type 'FortalezaServer.Models.Venda'.
2021-01-25 14:59:14.543 -03:00 [INF] Executed action FortalezaServer.Controllers.VendasController.GetVenda (FortalezaServer) in 67.9746ms
2021-01-25 14:59:14.548 -03:00 [INF] Executed endpoint 'FortalezaServer.Controllers.VendasController.GetVenda (FortalezaServer)'
2021-01-25 14:59:14.550 -03:00 [INF] Request finished in 91.2022ms 200 application/json; charset=utf-8
2021-01-25 14:59:14.646 -03:00 [INF] Request starting HTTP/1.1 GET http://localhost:8000/api/items  
2021-01-25 14:59:14.647 -03:00 [INF] Executing endpoint 'FortalezaServer.Controllers.ItemsController.GetItem (FortalezaServer)'
2021-01-25 14:59:14.649 -03:00 [INF] Route matched with {action = "GetItem", controller = "Items"}. Executing controller action with signature System.Threading.Tasks.Task`1[Microsoft.AspNetCore.Mvc.ActionResult`1[System.Collections.Generic.IEnumerable`1[FortalezaServer.Models.Item]]] GetItem(Boolean, Boolean, Boolean) on controller FortalezaServer.Controllers.ItemsController (FortalezaServer).
2021-01-25 14:59:14.655 -03:00 [INF] Entity Framework Core 3.1.10 initialized 'fortalezaitdbContext' using provider 'MySql.Data.EntityFrameworkCore' with options: None
2021-01-25 14:59:14.660 -03:00 [INF] Executed DbCommand (0ms) [Parameters=[], CommandType='"Text"', CommandTimeout='30']
SELECT `i`.`iditem`, `i`.`atacado`, `i`.`codigo_barras`, `i`.`descricao`, `i`.`disponivel`, `i`.`estoque`, `i`.`estoque_minimo`, `i`.`imagem`, `i`.`permite_combo`, `i`.`quantidade_atacado`, `i`.`tipo`, `i`.`unidade`, `i`.`unidade_inteira`, `i`.`valor`, `i`.`valor_atacado`, `i`.`visivel`
FROM `item` AS `i`
WHERE `i`.`visivel` = 1
2021-01-25 14:59:14.667 -03:00 [INF] Executing ObjectResult, writing value of type 'System.Collections.Generic.List`1[[FortalezaServer.Models.Item, FortalezaServer, Version=1.0.0.0, Culture=neutral, PublicKeyToken=null]]'.
2021-01-25 14:59:14.670 -03:00 [INF] Executed action FortalezaServer.Controllers.ItemsController.GetItem (FortalezaServer) in 15.414ms
2021-01-25 14:59:14.672 -03:00 [INF] Executed endpoint 'FortalezaServer.Controllers.ItemsController.GetItem (FortalezaServer)'
2021-01-25 14:59:14.674 -03:00 [INF] Request finished in 27.634ms 200 application/json; charset=utf-8
2021-01-25 14:59:18.809 -03:00 [INF] Request starting HTTP/1.1 GET http://localhost:8000/api/clientes  
2021-01-25 14:59:18.811 -03:00 [INF] Executing endpoint 'FortalezaServer.Controllers.ClientesController.GetCliente (FortalezaServer)'
2021-01-25 14:59:18.815 -03:00 [INF] Route matched with {action = "GetCliente", controller = "Clientes"}. Executing controller action with signature System.Threading.Tasks.Task`1[Microsoft.AspNetCore.Mvc.ActionResult`1[System.Collections.Generic.IEnumerable`1[FortalezaServer.Models.Cliente]]] GetCliente() on controller FortalezaServer.Controllers.ClientesController (FortalezaServer).
2021-01-25 14:59:18.825 -03:00 [INF] Entity Framework Core 3.1.10 initialized 'fortalezaitdbContext' using provider 'MySql.Data.EntityFrameworkCore' with options: None
2021-01-25 14:59:18.836 -03:00 [INF] Executed DbCommand (2ms) [Parameters=[], CommandType='"Text"', CommandTimeout='30']
SELECT `c`.`idcliente`, `c`.`celular`, `c`.`cpf`, `c`.`email`, `c`.`idendereco`, `c`.`nome`, `c`.`telefone`, `e`.`idendereco`, `e`.`bairro`, `e`.`cep`, `e`.`complemento`, `e`.`descricao`, `e`.`logradouro`, `e`.`municipio`, `e`.`numero`, `e`.`tipo`, `e`.`UF`
FROM `cliente` AS `c`
LEFT JOIN `endereco` AS `e` ON `c`.`idendereco` = `e`.`idendereco`
2021-01-25 14:59:18.848 -03:00 [INF] Executing ObjectResult, writing value of type 'System.Collections.Generic.List`1[[FortalezaServer.Models.Cliente, FortalezaServer, Version=1.0.0.0, Culture=neutral, PublicKeyToken=null]]'.
2021-01-25 14:59:18.855 -03:00 [INF] Executed action FortalezaServer.Controllers.ClientesController.GetCliente (FortalezaServer) in 32.9054ms
2021-01-25 14:59:18.861 -03:00 [INF] Executed endpoint 'FortalezaServer.Controllers.ClientesController.GetCliente (FortalezaServer)'
2021-01-25 14:59:18.863 -03:00 [INF] Request finished in 53.7293ms 200 application/json; charset=utf-8
2021-01-25 14:59:20.132 -03:00 [INF] Request starting HTTP/1.1 GET http://localhost:8000/api/clientes/1  
2021-01-25 14:59:20.134 -03:00 [INF] Executing endpoint 'FortalezaServer.Controllers.ClientesController.GetCliente (FortalezaServer)'
2021-01-25 14:59:20.140 -03:00 [INF] Route matched with {action = "GetCliente", controller = "Clientes"}. Executing controller action with signature System.Threading.Tasks.Task`1[Microsoft.AspNetCore.Mvc.ActionResult`1[FortalezaServer.Models.Cliente]] GetCliente(System.String, Boolean, Boolean) on controller FortalezaServer.Controllers.ClientesController (FortalezaServer).
2021-01-25 14:59:20.149 -03:00 [INF] Entity Framework Core 3.1.10 initialized 'fortalezaitdbContext' using provider 'MySql.Data.EntityFrameworkCore' with options: None
2021-01-25 14:59:20.155 -03:00 [INF] Executed DbCommand (1ms) [Parameters=[@__p_0='?' (DbType = Int32)], CommandType='"Text"', CommandTimeout='30']
SELECT `c`.`idcliente`, `c`.`celular`, `c`.`cpf`, `c`.`email`, `c`.`idendereco`, `c`.`nome`, `c`.`telefone`
FROM `cliente` AS `c`
WHERE `c`.`idcliente` = @__p_0
LIMIT 1
2021-01-25 14:59:20.162 -03:00 [INF] Executed DbCommand (0ms) [Parameters=[@__p_0='?' (DbType = Int32)], CommandType='"Text"', CommandTimeout='30']
SELECT `e`.`idendereco`, `e`.`bairro`, `e`.`cep`, `e`.`complemento`, `e`.`descricao`, `e`.`logradouro`, `e`.`municipio`, `e`.`numero`, `e`.`tipo`, `e`.`UF`
FROM `endereco` AS `e`
WHERE `e`.`idendereco` = @__p_0
2021-01-25 14:59:20.168 -03:00 [INF] Executing ObjectResult, writing value of type 'FortalezaServer.Models.Cliente'.
2021-01-25 14:59:20.171 -03:00 [INF] Executed action FortalezaServer.Controllers.ClientesController.GetCliente (FortalezaServer) in 22.8896ms
2021-01-25 14:59:20.173 -03:00 [INF] Executed endpoint 'FortalezaServer.Controllers.ClientesController.GetCliente (FortalezaServer)'
2021-01-25 14:59:20.180 -03:00 [INF] Request finished in 47.4034ms 200 application/json; charset=utf-8
2021-01-25 16:56:36.251 -03:00 [INF] Request starting HTTP/1.1 GET http://localhost:8000/api  
2021-01-25 16:56:36.253 -03:00 [INF] Executing endpoint 'FortalezaServer.Controllers.IndexController.Get (FortalezaServer)'
2021-01-25 16:56:36.256 -03:00 [INF] Route matched with {action = "Get", controller = "Index"}. Executing controller action with signature System.String Get() on controller FortalezaServer.Controllers.IndexController (FortalezaServer).
2021-01-25 16:56:36.260 -03:00 [INF] Executing ObjectResult, writing value of type 'System.String'.
2021-01-25 16:56:36.263 -03:00 [INF] Executed action FortalezaServer.Controllers.IndexController.Get (FortalezaServer) in 3.9161ms
2021-01-25 16:56:36.271 -03:00 [INF] Executed endpoint 'FortalezaServer.Controllers.IndexController.Get (FortalezaServer)'
2021-01-25 16:56:36.274 -03:00 [INF] Request finished in 23.9173ms 200 text/plain; charset=utf-8
2021-01-25 16:56:36.312 -03:00 [INF] Request starting HTTP/1.1 GET http://localhost:8000/api  
2021-01-25 16:56:36.313 -03:00 [INF] Executing endpoint 'FortalezaServer.Controllers.IndexController.Get (FortalezaServer)'
2021-01-25 16:56:36.315 -03:00 [INF] Route matched with {action = "Get", controller = "Index"}. Executing controller action with signature System.String Get() on controller FortalezaServer.Controllers.IndexController (FortalezaServer).
2021-01-25 16:56:36.318 -03:00 [INF] Executing ObjectResult, writing value of type 'System.String'.
2021-01-25 16:56:36.320 -03:00 [INF] Executed action FortalezaServer.Controllers.IndexController.Get (FortalezaServer) in 2.5486ms
2021-01-25 16:56:36.325 -03:00 [INF] Executed endpoint 'FortalezaServer.Controllers.IndexController.Get (FortalezaServer)'
2021-01-25 16:56:36.327 -03:00 [INF] Request finished in 14.6623ms 200 text/plain; charset=utf-8
2021-01-25 16:56:36.435 -03:00 [INF] Request starting HTTP/1.1 GET http://localhost:8000/api/vendas/actions/aberta  
2021-01-25 16:56:36.437 -03:00 [INF] Executing endpoint 'FortalezaServer.Controllers.VendasController.GetVendaAberta (FortalezaServer)'
2021-01-25 16:56:36.442 -03:00 [INF] Route matched with {action = "GetVendaAberta", controller = "Vendas"}. Executing controller action with signature System.Threading.Tasks.Task`1[Microsoft.AspNetCore.Mvc.ActionResult`1[System.Int32]] GetVendaAberta(Int32) on controller FortalezaServer.Controllers.VendasController (FortalezaServer).
2021-01-25 16:56:36.454 -03:00 [INF] Entity Framework Core 3.1.10 initialized 'fortalezaitdbContext' using provider 'MySql.Data.EntityFrameworkCore' with options: None
2021-01-25 16:56:36.508 -03:00 [INF] Executed DbCommand (1ms) [Parameters=[@__tipo_0='?' (DbType = Int32)], CommandType='"Text"', CommandTimeout='30']
SELECT `v`.`idvenda`, `v`.`aberta`, `v`.`acrescimo`, `v`.`desconto`, `v`.`descricao`, `v`.`hora_entrada`, `v`.`hora_fechamento`, `v`.`idcaixa`, `v`.`idcliente`, `v`.`idpdv`, `v`.`idresponsavel`, `v`.`numero_venda`, `v`.`paga`, `v`.`tipo`, `v`.`valor_pago`
FROM `venda` AS `v`
WHERE (`v`.`aberta` = 1) & (`v`.`tipo` = @__tipo_0)
LIMIT 1
2021-01-25 16:56:36.516 -03:00 [INF] Executing ObjectResult, writing value of type 'System.Int32'.
2021-01-25 16:56:36.521 -03:00 [INF] Executed action FortalezaServer.Controllers.VendasController.GetVendaAberta (FortalezaServer) in 72.1962ms
2021-01-25 16:56:36.523 -03:00 [INF] Executed endpoint 'FortalezaServer.Controllers.VendasController.GetVendaAberta (FortalezaServer)'
2021-01-25 16:56:36.529 -03:00 [INF] Request finished in 93.9814ms 200 application/json; charset=utf-8
2021-01-25 16:56:36.541 -03:00 [INF] Request starting HTTP/1.1 GET http://localhost:8000/api/grupos  
2021-01-25 16:56:36.542 -03:00 [INF] Executing endpoint 'FortalezaServer.Controllers.GruposController.GetGrupo (FortalezaServer)'
2021-01-25 16:56:36.544 -03:00 [INF] Route matched with {action = "GetGrupo", controller = "Grupos"}. Executing controller action with signature System.Threading.Tasks.Task`1[Microsoft.AspNetCore.Mvc.ActionResult`1[System.Collections.Generic.IEnumerable`1[FortalezaServer.Models.Grupo]]] GetGrupo() on controller FortalezaServer.Controllers.GruposController (FortalezaServer).
2021-01-25 16:56:36.550 -03:00 [INF] Entity Framework Core 3.1.10 initialized 'fortalezaitdbContext' using provider 'MySql.Data.EntityFrameworkCore' with options: None
2021-01-25 16:56:36.554 -03:00 [INF] Executed DbCommand (1ms) [Parameters=[], CommandType='"Text"', CommandTimeout='30']
SELECT `g`.`idgrupo`, `g`.`descricao`, `g`.`nome`, `g`.`visivel`
FROM `grupo` AS `g`
2021-01-25 16:56:36.558 -03:00 [INF] Request starting HTTP/1.1 GET http://localhost:8000/api/vendas/3?itemvendas=true  
2021-01-25 16:56:36.562 -03:00 [INF] Executing ObjectResult, writing value of type 'System.Collections.Generic.List`1[[FortalezaServer.Models.Grupo, FortalezaServer, Version=1.0.0.0, Culture=neutral, PublicKeyToken=null]]'.
2021-01-25 16:56:36.564 -03:00 [INF] Executing endpoint 'FortalezaServer.Controllers.VendasController.GetVenda (FortalezaServer)'
2021-01-25 16:56:36.568 -03:00 [INF] Executed action FortalezaServer.Controllers.GruposController.GetGrupo (FortalezaServer) in 19.0577ms
2021-01-25 16:56:36.569 -03:00 [INF] Route matched with {action = "GetVenda", controller = "Vendas"}. Executing controller action with signature System.Threading.Tasks.Task`1[Microsoft.AspNetCore.Mvc.ActionResult`1[FortalezaServer.Models.Venda]] GetVenda(Int32, Boolean, Boolean, Boolean) on controller FortalezaServer.Controllers.VendasController (FortalezaServer).
2021-01-25 16:56:36.571 -03:00 [INF] Executed endpoint 'FortalezaServer.Controllers.GruposController.GetGrupo (FortalezaServer)'
2021-01-25 16:56:36.580 -03:00 [INF] Request finished in 38.4439ms 200 application/json; charset=utf-8
2021-01-25 16:56:36.580 -03:00 [INF] Entity Framework Core 3.1.10 initialized 'fortalezaitdbContext' using provider 'MySql.Data.EntityFrameworkCore' with options: None
2021-01-25 16:56:36.587 -03:00 [INF] Executed DbCommand (1ms) [Parameters=[@__p_0='?' (DbType = Int32)], CommandType='"Text"', CommandTimeout='30']
SELECT `v`.`idvenda`, `v`.`aberta`, `v`.`acrescimo`, `v`.`desconto`, `v`.`descricao`, `v`.`hora_entrada`, `v`.`hora_fechamento`, `v`.`idcaixa`, `v`.`idcliente`, `v`.`idpdv`, `v`.`idresponsavel`, `v`.`numero_venda`, `v`.`paga`, `v`.`tipo`, `v`.`valor_pago`
FROM `venda` AS `v`
WHERE `v`.`idvenda` = @__p_0
LIMIT 1
2021-01-25 16:56:36.595 -03:00 [INF] Executed DbCommand (1ms) [Parameters=[@__p_0='?' (DbType = Int32)], CommandType='"Text"', CommandTimeout='30']
SELECT `i`.`iditem_venda`, `i`.`cancelado`, `i`.`custo`, `i`.`iditem`, `i`.`idvenda`, `i`.`indice`, `i`.`quantidade`, `i`.`valor`, `i0`.`iditem`, `i0`.`atacado`, `i0`.`codigo_barras`, `i0`.`descricao`, `i0`.`disponivel`, `i0`.`estoque`, `i0`.`estoque_minimo`, `i0`.`imagem`, `i0`.`permite_combo`, `i0`.`quantidade_atacado`, `i0`.`tipo`, `i0`.`unidade`, `i0`.`unidade_inteira`, `i0`.`valor`, `i0`.`valor_atacado`, `i0`.`visivel`
FROM `item_venda` AS `i`
INNER JOIN `item` AS `i0` ON `i`.`iditem` = `i0`.`iditem`
WHERE `i`.`idvenda` = @__p_0
2021-01-25 16:56:36.606 -03:00 [INF] Executed DbCommand (1ms) [Parameters=[@__p_0='?' (DbType = Int32)], CommandType='"Text"', CommandTimeout='30']
SELECT `c`.`idcliente`, `c`.`celular`, `c`.`cpf`, `c`.`email`, `c`.`idendereco`, `c`.`nome`, `c`.`telefone`, `e`.`idendereco`, `e`.`bairro`, `e`.`cep`, `e`.`complemento`, `e`.`descricao`, `e`.`logradouro`, `e`.`municipio`, `e`.`numero`, `e`.`tipo`, `e`.`UF`
FROM `cliente` AS `c`
LEFT JOIN `endereco` AS `e` ON `c`.`idendereco` = `e`.`idendereco`
WHERE `c`.`idcliente` = @__p_0
2021-01-25 16:56:36.612 -03:00 [INF] Request starting HTTP/1.1 GET http://localhost:8000/api/items  
2021-01-25 16:56:36.613 -03:00 [INF] Executing ObjectResult, writing value of type 'FortalezaServer.Models.Venda'.
2021-01-25 16:56:36.615 -03:00 [INF] Executing endpoint 'FortalezaServer.Controllers.ItemsController.GetItem (FortalezaServer)'
2021-01-25 16:56:36.620 -03:00 [INF] Executed action FortalezaServer.Controllers.VendasController.GetVenda (FortalezaServer) in 41.7003ms
2021-01-25 16:56:36.623 -03:00 [INF] Executed endpoint 'FortalezaServer.Controllers.VendasController.GetVenda (FortalezaServer)'
2021-01-25 16:56:36.621 -03:00 [INF] Route matched with {action = "GetItem", controller = "Items"}. Executing controller action with signature System.Threading.Tasks.Task`1[Microsoft.AspNetCore.Mvc.ActionResult`1[System.Collections.Generic.IEnumerable`1[FortalezaServer.Models.Item]]] GetItem(Boolean, Boolean, Boolean) on controller FortalezaServer.Controllers.ItemsController (FortalezaServer).
2021-01-25 16:56:36.626 -03:00 [INF] Request finished in 68.8022ms 200 application/json; charset=utf-8
2021-01-25 16:56:36.632 -03:00 [INF] Entity Framework Core 3.1.10 initialized 'fortalezaitdbContext' using provider 'MySql.Data.EntityFrameworkCore' with options: None
2021-01-25 16:56:36.641 -03:00 [INF] Executed DbCommand (0ms) [Parameters=[], CommandType='"Text"', CommandTimeout='30']
SELECT `i`.`iditem`, `i`.`atacado`, `i`.`codigo_barras`, `i`.`descricao`, `i`.`disponivel`, `i`.`estoque`, `i`.`estoque_minimo`, `i`.`imagem`, `i`.`permite_combo`, `i`.`quantidade_atacado`, `i`.`tipo`, `i`.`unidade`, `i`.`unidade_inteira`, `i`.`valor`, `i`.`valor_atacado`, `i`.`visivel`
FROM `item` AS `i`
WHERE `i`.`visivel` = 1
2021-01-25 16:56:36.647 -03:00 [INF] Executing ObjectResult, writing value of type 'System.Collections.Generic.List`1[[FortalezaServer.Models.Item, FortalezaServer, Version=1.0.0.0, Culture=neutral, PublicKeyToken=null]]'.
2021-01-25 16:56:36.653 -03:00 [INF] Executed action FortalezaServer.Controllers.ItemsController.GetItem (FortalezaServer) in 21.386ms
2021-01-25 16:56:36.661 -03:00 [INF] Executed endpoint 'FortalezaServer.Controllers.ItemsController.GetItem (FortalezaServer)'
2021-01-25 16:56:36.663 -03:00 [INF] Request finished in 51.4698ms 200 application/json; charset=utf-8
