2021-05-18 19:23:02.873 -03:00 [INF] Starting web host
2021-05-18 19:23:04.091 -03:00 [INF] Now listening on: http://[::]:8000
2021-05-18 19:23:04.098 -03:00 [INF] Application started. Press Ctrl+C to shut down.
2021-05-18 19:23:04.099 -03:00 [INF] Hosting environment: Development
2021-05-18 19:23:04.100 -03:00 [INF] Content root path: C:\Users\felip\source\repos\FortalezaServer
2021-05-18 19:24:23.288 -03:00 [INF] Request starting HTTP/1.1 GET http://localhost:8000/api  
2021-05-18 19:24:23.337 -03:00 [INF] Executing endpoint 'FortalezaServer.Controllers.IndexController.Get (FortalezaServer)'
2021-05-18 19:24:23.380 -03:00 [INF] Route matched with {action = "Get", controller = "Index"}. Executing controller action with signature System.String Get() on controller FortalezaServer.Controllers.IndexController (FortalezaServer).
2021-05-18 19:24:23.517 -03:00 [INF] Executing ObjectResult, writing value of type 'System.String'.
2021-05-18 19:24:23.529 -03:00 [INF] Executed action FortalezaServer.Controllers.IndexController.Get (FortalezaServer) in 143.2797ms
2021-05-18 19:24:23.532 -03:00 [INF] Executed endpoint 'FortalezaServer.Controllers.IndexController.Get (FortalezaServer)'
2021-05-18 19:24:23.534 -03:00 [INF] Request finished in 249.3246ms 200 text/plain; charset=utf-8
2021-05-18 19:24:23.547 -03:00 [INF] Request starting HTTP/1.1 GET http://localhost:8000/api  
2021-05-18 19:24:23.549 -03:00 [INF] Executing endpoint 'FortalezaServer.Controllers.IndexController.Get (FortalezaServer)'
2021-05-18 19:24:23.550 -03:00 [INF] Route matched with {action = "Get", controller = "Index"}. Executing controller action with signature System.String Get() on controller FortalezaServer.Controllers.IndexController (FortalezaServer).
2021-05-18 19:24:23.552 -03:00 [INF] Executing ObjectResult, writing value of type 'System.String'.
2021-05-18 19:24:23.554 -03:00 [INF] Executed action FortalezaServer.Controllers.IndexController.Get (FortalezaServer) in 1.8999ms
2021-05-18 19:24:23.555 -03:00 [INF] Executed endpoint 'FortalezaServer.Controllers.IndexController.Get (FortalezaServer)'
2021-05-18 19:24:23.557 -03:00 [INF] Request finished in 10.331ms 200 text/plain; charset=utf-8
2021-05-18 19:24:23.620 -03:00 [INF] Request starting HTTP/1.1 GET http://localhost:8000/api/vendas/actions/aberta  
2021-05-18 19:24:23.621 -03:00 [INF] Executing endpoint 'FortalezaServer.Controllers.VendasController.GetVendaAberta (FortalezaServer)'
2021-05-18 19:24:23.646 -03:00 [INF] Route matched with {action = "GetVendaAberta", controller = "Vendas"}. Executing controller action with signature System.Threading.Tasks.Task`1[Microsoft.AspNetCore.Mvc.ActionResult`1[System.Int32]] GetVendaAberta(Int32) on controller FortalezaServer.Controllers.VendasController (FortalezaServer).
2021-05-18 19:24:23.747 -03:00 [INF] Request starting HTTP/1.1 GET http://localhost:8000/api/grupos  
2021-05-18 19:24:23.751 -03:00 [INF] Executing endpoint 'FortalezaServer.Controllers.GruposController.GetGrupo (FortalezaServer)'
2021-05-18 19:24:23.755 -03:00 [INF] Route matched with {action = "GetGrupo", controller = "Grupos"}. Executing controller action with signature System.Threading.Tasks.Task`1[Microsoft.AspNetCore.Mvc.ActionResult`1[System.Collections.Generic.IEnumerable`1[FortalezaServer.Models.Grupo]]] GetGrupo() on controller FortalezaServer.Controllers.GruposController (FortalezaServer).
2021-05-18 19:24:24.345 -03:00 [INF] Entity Framework Core 3.1.10 initialized 'fortalezaitdbContext' using provider 'MySql.Data.EntityFrameworkCore' with options: None
2021-05-18 19:24:24.345 -03:00 [INF] Entity Framework Core 3.1.10 initialized 'fortalezaitdbContext' using provider 'MySql.Data.EntityFrameworkCore' with options: None
2021-05-18 19:24:24.802 -03:00 [INF] Executed DbCommand (7ms) [Parameters=[@__tipo_0='?' (DbType = Int32)], CommandType='"Text"', CommandTimeout='30']
SELECT `v`.`idvenda`, `v`.`aberta`, `v`.`acrescimo`, `v`.`desconto`, `v`.`descricao`, `v`.`hora_entrada`, `v`.`hora_fechamento`, `v`.`idcaixa`, `v`.`idcliente`, `v`.`idpdv`, `v`.`idresponsavel`, `v`.`numero_venda`, `v`.`paga`, `v`.`tipo`, `v`.`valor_pago`
FROM `venda` AS `v`
WHERE (`v`.`aberta` = 1) & (`v`.`tipo` = @__tipo_0)
LIMIT 1
2021-05-18 19:24:24.802 -03:00 [INF] Executed DbCommand (4ms) [Parameters=[], CommandType='"Text"', CommandTimeout='30']
SELECT `g`.`idgrupo`, `g`.`descricao`, `g`.`nome`, `g`.`visivel`
FROM `grupo` AS `g`
2021-05-18 19:24:24.818 -03:00 [INF] Executing ObjectResult, writing value of type 'System.Int32'.
2021-05-18 19:24:24.873 -03:00 [INF] Executing ObjectResult, writing value of type 'System.Collections.Generic.List`1[[FortalezaServer.Models.Grupo, FortalezaServer, Version=1.0.0.0, Culture=neutral, PublicKeyToken=null]]'.
2021-05-18 19:24:24.895 -03:00 [INF] Executed action FortalezaServer.Controllers.VendasController.GetVendaAberta (FortalezaServer) in 1247.0763ms
2021-05-18 19:24:24.897 -03:00 [INF] Executed endpoint 'FortalezaServer.Controllers.VendasController.GetVendaAberta (FortalezaServer)'
2021-05-18 19:24:24.900 -03:00 [INF] Request finished in 1280.3402ms 200 application/json; charset=utf-8
2021-05-18 19:24:24.925 -03:00 [INF] Executed action FortalezaServer.Controllers.GruposController.GetGrupo (FortalezaServer) in 1166.365ms
2021-05-18 19:24:24.926 -03:00 [INF] Executed endpoint 'FortalezaServer.Controllers.GruposController.GetGrupo (FortalezaServer)'
2021-05-18 19:24:24.927 -03:00 [INF] Request finished in 1179.8745ms 200 application/json; charset=utf-8
2021-05-18 19:24:24.948 -03:00 [INF] Request starting HTTP/1.1 GET http://localhost:8000/api/items  
2021-05-18 19:24:24.948 -03:00 [INF] Executing endpoint 'FortalezaServer.Controllers.ItemsController.GetItem (FortalezaServer)'
2021-05-18 19:24:24.954 -03:00 [INF] Route matched with {action = "GetItem", controller = "Items"}. Executing controller action with signature System.Threading.Tasks.Task`1[Microsoft.AspNetCore.Mvc.ActionResult`1[System.Collections.Generic.IEnumerable`1[FortalezaServer.Models.Item]]] GetItem(Boolean, Boolean, Boolean, System.String) on controller FortalezaServer.Controllers.ItemsController (FortalezaServer).
2021-05-18 19:24:24.985 -03:00 [INF] Entity Framework Core 3.1.10 initialized 'fortalezaitdbContext' using provider 'MySql.Data.EntityFrameworkCore' with options: None
2021-05-18 19:24:24.992 -03:00 [INF] Executed DbCommand (1ms) [Parameters=[], CommandType='"Text"', CommandTimeout='30']
SELECT `i`.`iditem`, `i`.`atacado`, `i`.`codigo_barras`, `i`.`descricao`, `i`.`disponivel`, `i`.`estoque`, `i`.`estoque_minimo`, `i`.`imagem`, `i`.`permite_combo`, `i`.`quantidade_atacado`, `i`.`tipo`, `i`.`unidade`, `i`.`unidade_inteira`, `i`.`valor`, `i`.`valor_atacado`, `i`.`visivel`
FROM `item` AS `i`
WHERE `i`.`visivel` = 1
2021-05-18 19:24:25.023 -03:00 [INF] Executing ObjectResult, writing value of type 'System.Collections.Generic.List`1[[FortalezaServer.Models.Item, FortalezaServer, Version=1.0.0.0, Culture=neutral, PublicKeyToken=null]]'.
2021-05-18 19:24:25.042 -03:00 [INF] Executed action FortalezaServer.Controllers.ItemsController.GetItem (FortalezaServer) in 84.6671ms
2021-05-18 19:24:25.044 -03:00 [INF] Executed endpoint 'FortalezaServer.Controllers.ItemsController.GetItem (FortalezaServer)'
2021-05-18 19:24:25.045 -03:00 [INF] Request finished in 97.8363ms 200 application/json; charset=utf-8
2021-05-18 19:24:28.370 -03:00 [INF] Request starting HTTP/1.1 GET http://localhost:8000/api/fiscal/cfe-test  
2021-05-18 19:24:28.372 -03:00 [INF] Executing endpoint 'FortalezaServer.Controllers.FiscalController.GetCfeTestAsync (FortalezaServer)'
2021-05-18 19:24:28.377 -03:00 [INF] Route matched with {action = "GetCfeTest", controller = "Fiscal"}. Executing controller action with signature Microsoft.AspNetCore.Mvc.ActionResult`1[System.Xml.XmlDocument] GetCfeTestAsync() on controller FortalezaServer.Controllers.FiscalController (FortalezaServer).
2021-05-18 19:24:28.393 -03:00 [INF] Executing ObjectResult, writing value of type 'System.Xml.XmlDocument'.
2021-05-18 19:24:28.407 -03:00 [INF] Executed action FortalezaServer.Controllers.FiscalController.GetCfeTestAsync (FortalezaServer) in 25.5227ms
2021-05-18 19:24:28.408 -03:00 [INF] Executed endpoint 'FortalezaServer.Controllers.FiscalController.GetCfeTestAsync (FortalezaServer)'
2021-05-18 19:24:28.410 -03:00 [INF] Request finished in 40.5132ms 200 application/json; charset=utf-8
2021-05-18 20:34:56.880 -03:00 [INF] Request starting HTTP/1.1 GET http://localhost:8000/api  
2021-05-18 20:34:56.885 -03:00 [INF] Executing endpoint 'FortalezaServer.Controllers.IndexController.Get (FortalezaServer)'
2021-05-18 20:34:56.889 -03:00 [INF] Route matched with {action = "Get", controller = "Index"}. Executing controller action with signature System.String Get() on controller FortalezaServer.Controllers.IndexController (FortalezaServer).
2021-05-18 20:34:56.897 -03:00 [INF] Executing ObjectResult, writing value of type 'System.String'.
2021-05-18 20:34:56.899 -03:00 [INF] Executed action FortalezaServer.Controllers.IndexController.Get (FortalezaServer) in 5.495ms
2021-05-18 20:34:56.903 -03:00 [INF] Executed endpoint 'FortalezaServer.Controllers.IndexController.Get (FortalezaServer)'
2021-05-18 20:34:56.906 -03:00 [INF] Request finished in 25.9053ms 200 text/plain; charset=utf-8
2021-05-18 20:34:56.928 -03:00 [INF] Request starting HTTP/1.1 GET http://localhost:8000/api  
2021-05-18 20:34:56.930 -03:00 [INF] Executing endpoint 'FortalezaServer.Controllers.IndexController.Get (FortalezaServer)'
2021-05-18 20:34:56.931 -03:00 [INF] Route matched with {action = "Get", controller = "Index"}. Executing controller action with signature System.String Get() on controller FortalezaServer.Controllers.IndexController (FortalezaServer).
2021-05-18 20:34:56.933 -03:00 [INF] Executing ObjectResult, writing value of type 'System.String'.
2021-05-18 20:34:56.934 -03:00 [INF] Executed action FortalezaServer.Controllers.IndexController.Get (FortalezaServer) in 1.2296ms
2021-05-18 20:34:56.936 -03:00 [INF] Executed endpoint 'FortalezaServer.Controllers.IndexController.Get (FortalezaServer)'
2021-05-18 20:34:56.937 -03:00 [INF] Request finished in 8.5729ms 200 text/plain; charset=utf-8
2021-05-18 20:34:57.032 -03:00 [INF] Request starting HTTP/1.1 GET http://localhost:8000/api/vendas/actions/aberta  
2021-05-18 20:34:57.035 -03:00 [INF] Executing endpoint 'FortalezaServer.Controllers.VendasController.GetVendaAberta (FortalezaServer)'
2021-05-18 20:34:57.036 -03:00 [INF] Route matched with {action = "GetVendaAberta", controller = "Vendas"}. Executing controller action with signature System.Threading.Tasks.Task`1[Microsoft.AspNetCore.Mvc.ActionResult`1[System.Int32]] GetVendaAberta(Int32) on controller FortalezaServer.Controllers.VendasController (FortalezaServer).
2021-05-18 20:34:57.045 -03:00 [INF] Entity Framework Core 3.1.10 initialized 'fortalezaitdbContext' using provider 'MySql.Data.EntityFrameworkCore' with options: None
2021-05-18 20:34:57.100 -03:00 [INF] Executed DbCommand (1ms) [Parameters=[@__tipo_0='?' (DbType = Int32)], CommandType='"Text"', CommandTimeout='30']
SELECT `v`.`idvenda`, `v`.`aberta`, `v`.`acrescimo`, `v`.`desconto`, `v`.`descricao`, `v`.`hora_entrada`, `v`.`hora_fechamento`, `v`.`idcaixa`, `v`.`idcliente`, `v`.`idpdv`, `v`.`idresponsavel`, `v`.`numero_venda`, `v`.`paga`, `v`.`tipo`, `v`.`valor_pago`
FROM `venda` AS `v`
WHERE (`v`.`aberta` = 1) & (`v`.`tipo` = @__tipo_0)
LIMIT 1
2021-05-18 20:34:57.119 -03:00 [INF] Executing ObjectResult, writing value of type 'System.Int32'.
2021-05-18 20:34:57.124 -03:00 [INF] Executed action FortalezaServer.Controllers.VendasController.GetVendaAberta (FortalezaServer) in 84.8983ms
2021-05-18 20:34:57.126 -03:00 [INF] Executed endpoint 'FortalezaServer.Controllers.VendasController.GetVendaAberta (FortalezaServer)'
2021-05-18 20:34:57.127 -03:00 [INF] Request finished in 95.2096ms 200 application/json; charset=utf-8
2021-05-18 20:34:57.179 -03:00 [INF] Request starting HTTP/1.1 GET http://localhost:8000/api/grupos  
2021-05-18 20:34:57.181 -03:00 [INF] Executing endpoint 'FortalezaServer.Controllers.GruposController.GetGrupo (FortalezaServer)'
2021-05-18 20:34:57.182 -03:00 [INF] Route matched with {action = "GetGrupo", controller = "Grupos"}. Executing controller action with signature System.Threading.Tasks.Task`1[Microsoft.AspNetCore.Mvc.ActionResult`1[System.Collections.Generic.IEnumerable`1[FortalezaServer.Models.Grupo]]] GetGrupo() on controller FortalezaServer.Controllers.GruposController (FortalezaServer).
2021-05-18 20:34:57.188 -03:00 [INF] Entity Framework Core 3.1.10 initialized 'fortalezaitdbContext' using provider 'MySql.Data.EntityFrameworkCore' with options: None
2021-05-18 20:34:57.193 -03:00 [INF] Executed DbCommand (1ms) [Parameters=[], CommandType='"Text"', CommandTimeout='30']
SELECT `g`.`idgrupo`, `g`.`descricao`, `g`.`nome`, `g`.`visivel`
FROM `grupo` AS `g`
2021-05-18 20:34:57.199 -03:00 [INF] Executing ObjectResult, writing value of type 'System.Collections.Generic.List`1[[FortalezaServer.Models.Grupo, FortalezaServer, Version=1.0.0.0, Culture=neutral, PublicKeyToken=null]]'.
2021-05-18 20:34:57.203 -03:00 [INF] Executed action FortalezaServer.Controllers.GruposController.GetGrupo (FortalezaServer) in 15.6022ms
2021-05-18 20:34:57.204 -03:00 [INF] Executed endpoint 'FortalezaServer.Controllers.GruposController.GetGrupo (FortalezaServer)'
2021-05-18 20:34:57.206 -03:00 [INF] Request finished in 26.3368ms 200 application/json; charset=utf-8
2021-05-18 20:34:57.235 -03:00 [INF] Request starting HTTP/1.1 GET http://localhost:8000/api/items  
2021-05-18 20:34:57.237 -03:00 [INF] Executing endpoint 'FortalezaServer.Controllers.ItemsController.GetItem (FortalezaServer)'
2021-05-18 20:34:57.239 -03:00 [INF] Route matched with {action = "GetItem", controller = "Items"}. Executing controller action with signature System.Threading.Tasks.Task`1[Microsoft.AspNetCore.Mvc.ActionResult`1[System.Collections.Generic.IEnumerable`1[FortalezaServer.Models.Item]]] GetItem(Boolean, Boolean, Boolean, System.String) on controller FortalezaServer.Controllers.ItemsController (FortalezaServer).
2021-05-18 20:34:57.244 -03:00 [INF] Entity Framework Core 3.1.10 initialized 'fortalezaitdbContext' using provider 'MySql.Data.EntityFrameworkCore' with options: None
2021-05-18 20:34:57.251 -03:00 [INF] Executed DbCommand (1ms) [Parameters=[], CommandType='"Text"', CommandTimeout='30']
SELECT `i`.`iditem`, `i`.`atacado`, `i`.`codigo_barras`, `i`.`descricao`, `i`.`disponivel`, `i`.`estoque`, `i`.`estoque_minimo`, `i`.`imagem`, `i`.`permite_combo`, `i`.`quantidade_atacado`, `i`.`tipo`, `i`.`unidade`, `i`.`unidade_inteira`, `i`.`valor`, `i`.`valor_atacado`, `i`.`visivel`
FROM `item` AS `i`
WHERE `i`.`visivel` = 1
2021-05-18 20:34:57.257 -03:00 [INF] Executing ObjectResult, writing value of type 'System.Collections.Generic.List`1[[FortalezaServer.Models.Item, FortalezaServer, Version=1.0.0.0, Culture=neutral, PublicKeyToken=null]]'.
2021-05-18 20:34:57.259 -03:00 [INF] Executed action FortalezaServer.Controllers.ItemsController.GetItem (FortalezaServer) in 17.1992ms
2021-05-18 20:34:57.261 -03:00 [INF] Executed endpoint 'FortalezaServer.Controllers.ItemsController.GetItem (FortalezaServer)'
2021-05-18 20:34:57.264 -03:00 [INF] Request finished in 29.2581ms 200 application/json; charset=utf-8
2021-05-18 20:35:01.100 -03:00 [INF] Request starting HTTP/1.1 GET http://localhost:8000/api/fiscal/cfe-test  
2021-05-18 20:35:01.102 -03:00 [INF] Executing endpoint 'FortalezaServer.Controllers.FiscalController.GetCfeTestAsync (FortalezaServer)'
2021-05-18 20:35:01.104 -03:00 [INF] Route matched with {action = "GetCfeTest", controller = "Fiscal"}. Executing controller action with signature Microsoft.AspNetCore.Mvc.ActionResult`1[System.Xml.XmlDocument] GetCfeTestAsync() on controller FortalezaServer.Controllers.FiscalController (FortalezaServer).
2021-05-18 20:35:01.108 -03:00 [INF] Executing ObjectResult, writing value of type 'System.Xml.XmlDocument'.
2021-05-18 20:35:01.111 -03:00 [INF] Executed action FortalezaServer.Controllers.FiscalController.GetCfeTestAsync (FortalezaServer) in 3.9693ms
2021-05-18 20:35:01.113 -03:00 [INF] Executed endpoint 'FortalezaServer.Controllers.FiscalController.GetCfeTestAsync (FortalezaServer)'
2021-05-18 20:35:01.115 -03:00 [INF] Request finished in 14.9203ms 200 application/json; charset=utf-8
2021-05-18 20:37:32.818 -03:00 [INF] Request starting HTTP/1.1 GET http://localhost:8000/api  
2021-05-18 20:37:32.820 -03:00 [INF] Executing endpoint 'FortalezaServer.Controllers.IndexController.Get (FortalezaServer)'
2021-05-18 20:37:32.821 -03:00 [INF] Route matched with {action = "Get", controller = "Index"}. Executing controller action with signature System.String Get() on controller FortalezaServer.Controllers.IndexController (FortalezaServer).
2021-05-18 20:37:32.825 -03:00 [INF] Executing ObjectResult, writing value of type 'System.String'.
2021-05-18 20:37:32.829 -03:00 [INF] Executed action FortalezaServer.Controllers.IndexController.Get (FortalezaServer) in 4.0783ms
2021-05-18 20:37:32.830 -03:00 [INF] Executed endpoint 'FortalezaServer.Controllers.IndexController.Get (FortalezaServer)'
2021-05-18 20:37:32.833 -03:00 [INF] Request finished in 15.0752ms 200 text/plain; charset=utf-8
2021-05-18 20:37:32.858 -03:00 [INF] Request starting HTTP/1.1 GET http://localhost:8000/api  
2021-05-18 20:37:32.860 -03:00 [INF] Executing endpoint 'FortalezaServer.Controllers.IndexController.Get (FortalezaServer)'
2021-05-18 20:37:32.861 -03:00 [INF] Route matched with {action = "Get", controller = "Index"}. Executing controller action with signature System.String Get() on controller FortalezaServer.Controllers.IndexController (FortalezaServer).
2021-05-18 20:37:32.863 -03:00 [INF] Executing ObjectResult, writing value of type 'System.String'.
2021-05-18 20:37:32.864 -03:00 [INF] Executed action FortalezaServer.Controllers.IndexController.Get (FortalezaServer) in 1.5213ms
2021-05-18 20:37:32.869 -03:00 [INF] Executed endpoint 'FortalezaServer.Controllers.IndexController.Get (FortalezaServer)'
2021-05-18 20:37:32.870 -03:00 [INF] Request finished in 12.1739ms 200 text/plain; charset=utf-8
2021-05-18 20:37:32.945 -03:00 [INF] Request starting HTTP/1.1 GET http://localhost:8000/api/vendas/actions/aberta  
2021-05-18 20:37:32.946 -03:00 [INF] Executing endpoint 'FortalezaServer.Controllers.VendasController.GetVendaAberta (FortalezaServer)'
2021-05-18 20:37:32.948 -03:00 [INF] Route matched with {action = "GetVendaAberta", controller = "Vendas"}. Executing controller action with signature System.Threading.Tasks.Task`1[Microsoft.AspNetCore.Mvc.ActionResult`1[System.Int32]] GetVendaAberta(Int32) on controller FortalezaServer.Controllers.VendasController (FortalezaServer).
2021-05-18 20:37:32.953 -03:00 [INF] Entity Framework Core 3.1.10 initialized 'fortalezaitdbContext' using provider 'MySql.Data.EntityFrameworkCore' with options: None
2021-05-18 20:37:32.958 -03:00 [INF] Executed DbCommand (1ms) [Parameters=[@__tipo_0='?' (DbType = Int32)], CommandType='"Text"', CommandTimeout='30']
SELECT `v`.`idvenda`, `v`.`aberta`, `v`.`acrescimo`, `v`.`desconto`, `v`.`descricao`, `v`.`hora_entrada`, `v`.`hora_fechamento`, `v`.`idcaixa`, `v`.`idcliente`, `v`.`idpdv`, `v`.`idresponsavel`, `v`.`numero_venda`, `v`.`paga`, `v`.`tipo`, `v`.`valor_pago`
FROM `venda` AS `v`
WHERE (`v`.`aberta` = 1) & (`v`.`tipo` = @__tipo_0)
LIMIT 1
2021-05-18 20:37:32.962 -03:00 [INF] Executing ObjectResult, writing value of type 'System.Int32'.
2021-05-18 20:37:32.966 -03:00 [INF] Executed action FortalezaServer.Controllers.VendasController.GetVendaAberta (FortalezaServer) in 14.1257ms
2021-05-18 20:37:32.968 -03:00 [INF] Executed endpoint 'FortalezaServer.Controllers.VendasController.GetVendaAberta (FortalezaServer)'
2021-05-18 20:37:32.970 -03:00 [INF] Request finished in 24.7155ms 200 application/json; charset=utf-8
2021-05-18 20:37:33.073 -03:00 [INF] Request starting HTTP/1.1 GET http://localhost:8000/api/grupos  
2021-05-18 20:37:33.074 -03:00 [INF] Executing endpoint 'FortalezaServer.Controllers.GruposController.GetGrupo (FortalezaServer)'
2021-05-18 20:37:33.075 -03:00 [INF] Route matched with {action = "GetGrupo", controller = "Grupos"}. Executing controller action with signature System.Threading.Tasks.Task`1[Microsoft.AspNetCore.Mvc.ActionResult`1[System.Collections.Generic.IEnumerable`1[FortalezaServer.Models.Grupo]]] GetGrupo() on controller FortalezaServer.Controllers.GruposController (FortalezaServer).
2021-05-18 20:37:33.079 -03:00 [INF] Entity Framework Core 3.1.10 initialized 'fortalezaitdbContext' using provider 'MySql.Data.EntityFrameworkCore' with options: None
2021-05-18 20:37:33.082 -03:00 [INF] Executed DbCommand (0ms) [Parameters=[], CommandType='"Text"', CommandTimeout='30']
SELECT `g`.`idgrupo`, `g`.`descricao`, `g`.`nome`, `g`.`visivel`
FROM `grupo` AS `g`
2021-05-18 20:37:33.087 -03:00 [INF] Executing ObjectResult, writing value of type 'System.Collections.Generic.List`1[[FortalezaServer.Models.Grupo, FortalezaServer, Version=1.0.0.0, Culture=neutral, PublicKeyToken=null]]'.
2021-05-18 20:37:33.089 -03:00 [INF] Executed action FortalezaServer.Controllers.GruposController.GetGrupo (FortalezaServer) in 10.7265ms
2021-05-18 20:37:33.090 -03:00 [INF] Executed endpoint 'FortalezaServer.Controllers.GruposController.GetGrupo (FortalezaServer)'
2021-05-18 20:37:33.092 -03:00 [INF] Request finished in 18.8533ms 200 application/json; charset=utf-8
2021-05-18 20:37:33.113 -03:00 [INF] Request starting HTTP/1.1 GET http://localhost:8000/api/items  
2021-05-18 20:37:33.114 -03:00 [INF] Executing endpoint 'FortalezaServer.Controllers.ItemsController.GetItem (FortalezaServer)'
2021-05-18 20:37:33.116 -03:00 [INF] Route matched with {action = "GetItem", controller = "Items"}. Executing controller action with signature System.Threading.Tasks.Task`1[Microsoft.AspNetCore.Mvc.ActionResult`1[System.Collections.Generic.IEnumerable`1[FortalezaServer.Models.Item]]] GetItem(Boolean, Boolean, Boolean, System.String) on controller FortalezaServer.Controllers.ItemsController (FortalezaServer).
2021-05-18 20:37:33.120 -03:00 [INF] Entity Framework Core 3.1.10 initialized 'fortalezaitdbContext' using provider 'MySql.Data.EntityFrameworkCore' with options: None
2021-05-18 20:37:33.123 -03:00 [INF] Executed DbCommand (0ms) [Parameters=[], CommandType='"Text"', CommandTimeout='30']
SELECT `i`.`iditem`, `i`.`atacado`, `i`.`codigo_barras`, `i`.`descricao`, `i`.`disponivel`, `i`.`estoque`, `i`.`estoque_minimo`, `i`.`imagem`, `i`.`permite_combo`, `i`.`quantidade_atacado`, `i`.`tipo`, `i`.`unidade`, `i`.`unidade_inteira`, `i`.`valor`, `i`.`valor_atacado`, `i`.`visivel`
FROM `item` AS `i`
WHERE `i`.`visivel` = 1
2021-05-18 20:37:33.128 -03:00 [INF] Executing ObjectResult, writing value of type 'System.Collections.Generic.List`1[[FortalezaServer.Models.Item, FortalezaServer, Version=1.0.0.0, Culture=neutral, PublicKeyToken=null]]'.
2021-05-18 20:37:33.130 -03:00 [INF] Executed action FortalezaServer.Controllers.ItemsController.GetItem (FortalezaServer) in 10.8698ms
2021-05-18 20:37:33.132 -03:00 [INF] Executed endpoint 'FortalezaServer.Controllers.ItemsController.GetItem (FortalezaServer)'
2021-05-18 20:37:33.136 -03:00 [INF] Request finished in 22.6848ms 200 application/json; charset=utf-8
2021-05-18 20:37:41.326 -03:00 [INF] Request starting HTTP/1.1 GET http://localhost:8000/api/fiscal/cfe-test  
2021-05-18 20:37:41.328 -03:00 [INF] Executing endpoint 'FortalezaServer.Controllers.FiscalController.GetCfeTestAsync (FortalezaServer)'
2021-05-18 20:37:41.330 -03:00 [INF] Route matched with {action = "GetCfeTest", controller = "Fiscal"}. Executing controller action with signature Microsoft.AspNetCore.Mvc.ActionResult`1[System.Xml.XmlDocument] GetCfeTestAsync() on controller FortalezaServer.Controllers.FiscalController (FortalezaServer).
2021-05-18 20:37:41.335 -03:00 [INF] Executing ObjectResult, writing value of type 'System.Xml.XmlDocument'.
2021-05-18 20:37:41.339 -03:00 [INF] Executed action FortalezaServer.Controllers.FiscalController.GetCfeTestAsync (FortalezaServer) in 5.8266ms
2021-05-18 20:37:41.341 -03:00 [INF] Executed endpoint 'FortalezaServer.Controllers.FiscalController.GetCfeTestAsync (FortalezaServer)'
2021-05-18 20:37:41.343 -03:00 [INF] Request finished in 17.1149ms 200 application/json; charset=utf-8
