2021-05-19 18:05:22.529 -03:00 [INF] Starting web host
2021-05-19 18:05:23.932 -03:00 [INF] Now listening on: http://[::]:8000
2021-05-19 18:05:23.937 -03:00 [INF] Application started. Press Ctrl+C to shut down.
2021-05-19 18:05:23.938 -03:00 [INF] Hosting environment: Development
2021-05-19 18:05:23.939 -03:00 [INF] Content root path: C:\Users\felip\source\repos\FortalezaServer
2021-05-19 18:06:48.625 -03:00 [INF] Request starting HTTP/1.1 GET http://localhost:8000/api  
2021-05-19 18:06:48.693 -03:00 [INF] Executing endpoint 'FortalezaServer.Controllers.IndexController.Get (FortalezaServer)'
2021-05-19 18:06:48.743 -03:00 [INF] Route matched with {action = "Get", controller = "Index"}. Executing controller action with signature System.String Get() on controller FortalezaServer.Controllers.IndexController (FortalezaServer).
2021-05-19 18:06:48.901 -03:00 [INF] Executing ObjectResult, writing value of type 'System.String'.
2021-05-19 18:06:48.917 -03:00 [INF] Executed action FortalezaServer.Controllers.IndexController.Get (FortalezaServer) in 167.5677ms
2021-05-19 18:06:48.921 -03:00 [INF] Executed endpoint 'FortalezaServer.Controllers.IndexController.Get (FortalezaServer)'
2021-05-19 18:06:48.923 -03:00 [INF] Request finished in 300.8231ms 200 text/plain; charset=utf-8
2021-05-19 18:06:48.940 -03:00 [INF] Request starting HTTP/1.1 GET http://localhost:8000/api  
2021-05-19 18:06:48.942 -03:00 [INF] Executing endpoint 'FortalezaServer.Controllers.IndexController.Get (FortalezaServer)'
2021-05-19 18:06:48.944 -03:00 [INF] Route matched with {action = "Get", controller = "Index"}. Executing controller action with signature System.String Get() on controller FortalezaServer.Controllers.IndexController (FortalezaServer).
2021-05-19 18:06:48.946 -03:00 [INF] Executing ObjectResult, writing value of type 'System.String'.
2021-05-19 18:06:48.948 -03:00 [INF] Executed action FortalezaServer.Controllers.IndexController.Get (FortalezaServer) in 1.9396ms
2021-05-19 18:06:48.949 -03:00 [INF] Executed endpoint 'FortalezaServer.Controllers.IndexController.Get (FortalezaServer)'
2021-05-19 18:06:48.951 -03:00 [INF] Request finished in 10.6821ms 200 text/plain; charset=utf-8
2021-05-19 18:06:49.011 -03:00 [INF] Request starting HTTP/1.1 GET http://localhost:8000/api/vendas/actions/aberta  
2021-05-19 18:06:49.012 -03:00 [INF] Executing endpoint 'FortalezaServer.Controllers.VendasController.GetVendaAberta (FortalezaServer)'
2021-05-19 18:06:49.031 -03:00 [INF] Route matched with {action = "GetVendaAberta", controller = "Vendas"}. Executing controller action with signature System.Threading.Tasks.Task`1[Microsoft.AspNetCore.Mvc.ActionResult`1[System.Int32]] GetVendaAberta(Int32) on controller FortalezaServer.Controllers.VendasController (FortalezaServer).
2021-05-19 18:06:49.132 -03:00 [INF] Request starting HTTP/1.1 GET http://localhost:8000/api/grupos  
2021-05-19 18:06:49.136 -03:00 [INF] Executing endpoint 'FortalezaServer.Controllers.GruposController.GetGrupo (FortalezaServer)'
2021-05-19 18:06:49.140 -03:00 [INF] Route matched with {action = "GetGrupo", controller = "Grupos"}. Executing controller action with signature System.Threading.Tasks.Task`1[Microsoft.AspNetCore.Mvc.ActionResult`1[System.Collections.Generic.IEnumerable`1[FortalezaServer.Models.Grupo]]] GetGrupo() on controller FortalezaServer.Controllers.GruposController (FortalezaServer).
2021-05-19 18:06:49.739 -03:00 [INF] Entity Framework Core 3.1.10 initialized 'fortalezaitdbContext' using provider 'MySql.Data.EntityFrameworkCore' with options: None
2021-05-19 18:06:49.739 -03:00 [INF] Entity Framework Core 3.1.10 initialized 'fortalezaitdbContext' using provider 'MySql.Data.EntityFrameworkCore' with options: None
2021-05-19 18:06:50.267 -03:00 [INF] Executed DbCommand (5ms) [Parameters=[], CommandType='"Text"', CommandTimeout='30']
SELECT `g`.`idgrupo`, `g`.`descricao`, `g`.`nome`, `g`.`visivel`
FROM `grupo` AS `g`
2021-05-19 18:06:50.267 -03:00 [INF] Executed DbCommand (8ms) [Parameters=[@__tipo_0='?' (DbType = Int32)], CommandType='"Text"', CommandTimeout='30']
SELECT `v`.`idvenda`, `v`.`aberta`, `v`.`acrescimo`, `v`.`desconto`, `v`.`descricao`, `v`.`hora_entrada`, `v`.`hora_fechamento`, `v`.`idcaixa`, `v`.`idcliente`, `v`.`idpdv`, `v`.`idresponsavel`, `v`.`numero_venda`, `v`.`paga`, `v`.`tipo`, `v`.`valor_pago`
FROM `venda` AS `v`
WHERE (`v`.`aberta` = 1) & (`v`.`tipo` = @__tipo_0)
LIMIT 1
2021-05-19 18:06:50.288 -03:00 [INF] Executing ObjectResult, writing value of type 'System.Int32'.
2021-05-19 18:06:50.355 -03:00 [INF] Executing ObjectResult, writing value of type 'System.Collections.Generic.List`1[[FortalezaServer.Models.Grupo, FortalezaServer, Version=1.0.0.0, Culture=neutral, PublicKeyToken=null]]'.
2021-05-19 18:06:50.385 -03:00 [INF] Executed action FortalezaServer.Controllers.VendasController.GetVendaAberta (FortalezaServer) in 1352.292ms
2021-05-19 18:06:50.387 -03:00 [INF] Executed endpoint 'FortalezaServer.Controllers.VendasController.GetVendaAberta (FortalezaServer)'
2021-05-19 18:06:50.390 -03:00 [INF] Request finished in 1378.8837ms 200 application/json; charset=utf-8
2021-05-19 18:06:50.421 -03:00 [INF] Executed action FortalezaServer.Controllers.GruposController.GetGrupo (FortalezaServer) in 1278.8379ms
2021-05-19 18:06:50.423 -03:00 [INF] Executed endpoint 'FortalezaServer.Controllers.GruposController.GetGrupo (FortalezaServer)'
2021-05-19 18:06:50.424 -03:00 [INF] Request finished in 1292.1788ms 200 application/json; charset=utf-8
2021-05-19 18:06:50.443 -03:00 [INF] Request starting HTTP/1.1 GET http://localhost:8000/api/items  
2021-05-19 18:06:50.445 -03:00 [INF] Executing endpoint 'FortalezaServer.Controllers.ItemsController.GetItem (FortalezaServer)'
2021-05-19 18:06:50.451 -03:00 [INF] Route matched with {action = "GetItem", controller = "Items"}. Executing controller action with signature System.Threading.Tasks.Task`1[Microsoft.AspNetCore.Mvc.ActionResult`1[System.Collections.Generic.IEnumerable`1[FortalezaServer.Models.Item]]] GetItem(Boolean, Boolean, Boolean, System.String) on controller FortalezaServer.Controllers.ItemsController (FortalezaServer).
2021-05-19 18:06:50.486 -03:00 [INF] Entity Framework Core 3.1.10 initialized 'fortalezaitdbContext' using provider 'MySql.Data.EntityFrameworkCore' with options: None
2021-05-19 18:06:50.495 -03:00 [INF] Executed DbCommand (1ms) [Parameters=[], CommandType='"Text"', CommandTimeout='30']
SELECT `i`.`iditem`, `i`.`atacado`, `i`.`codigo_barras`, `i`.`descricao`, `i`.`disponivel`, `i`.`estoque`, `i`.`estoque_minimo`, `i`.`imagem`, `i`.`permite_combo`, `i`.`quantidade_atacado`, `i`.`tipo`, `i`.`unidade`, `i`.`unidade_inteira`, `i`.`valor`, `i`.`valor_atacado`, `i`.`visivel`
FROM `item` AS `i`
WHERE `i`.`visivel` = 1
2021-05-19 18:06:50.538 -03:00 [INF] Executing ObjectResult, writing value of type 'System.Collections.Generic.List`1[[FortalezaServer.Models.Item, FortalezaServer, Version=1.0.0.0, Culture=neutral, PublicKeyToken=null]]'.
2021-05-19 18:06:50.556 -03:00 [INF] Executed action FortalezaServer.Controllers.ItemsController.GetItem (FortalezaServer) in 101.4276ms
2021-05-19 18:06:50.558 -03:00 [INF] Executed endpoint 'FortalezaServer.Controllers.ItemsController.GetItem (FortalezaServer)'
2021-05-19 18:06:50.559 -03:00 [INF] Request finished in 115.6465ms 200 application/json; charset=utf-8
2021-05-19 18:06:54.247 -03:00 [INF] Request starting HTTP/1.1 GET http://localhost:8000/api/informacoesempresa/1  
2021-05-19 18:06:54.249 -03:00 [INF] Executing endpoint 'FortalezaServer.Controllers.InformacoesEmpresaController.GetInformacoesEmpresa (FortalezaServer)'
2021-05-19 18:06:54.259 -03:00 [INF] Route matched with {action = "GetInformacoesEmpresa", controller = "InformacoesEmpresa"}. Executing controller action with signature System.Threading.Tasks.Task`1[Microsoft.AspNetCore.Mvc.ActionResult`1[FortalezaServer.Models.InformacoesEmpresa]] GetInformacoesEmpresa(Int32) on controller FortalezaServer.Controllers.InformacoesEmpresaController (FortalezaServer).
2021-05-19 18:06:54.303 -03:00 [INF] Entity Framework Core 3.1.10 initialized 'fortalezaitdbContext' using provider 'MySql.Data.EntityFrameworkCore' with options: None
2021-05-19 18:06:54.336 -03:00 [INF] Executed DbCommand (1ms) [Parameters=[@__p_0='?' (DbType = Int32)], CommandType='"Text"', CommandTimeout='30']
SELECT `i`.`idinformacoes_empresa`, `i`.`cnae`, `i`.`cpf`, `i`.`csosn`, `i`.`cst_pis`, `i`.`email`, `i`.`idendereco`, `i`.`indice_rateio_issqn`, `i`.`inscricao_estadual`, `i`.`inscricao_municipal`, `i`.`logo`, `i`.`nome_fantasia`, `i`.`razao_social`, `i`.`regime_tributario`, `i`.`rg`, `i`.`telefone`
FROM `informacoes_empresa` AS `i`
WHERE `i`.`idinformacoes_empresa` = @__p_0
LIMIT 1
2021-05-19 18:06:54.379 -03:00 [INF] Executed DbCommand (0ms) [Parameters=[@__p_0='?' (DbType = Int32)], CommandType='"Text"', CommandTimeout='30']
SELECT `e`.`idendereco`, `e`.`bairro`, `e`.`cep`, `e`.`complemento`, `e`.`descricao`, `e`.`logradouro`, `e`.`municipio`, `e`.`numero`, `e`.`tipo`, `e`.`UF`
FROM `endereco` AS `e`
WHERE `e`.`idendereco` = @__p_0
2021-05-19 18:06:54.407 -03:00 [INF] Executing ObjectResult, writing value of type 'FortalezaServer.Models.InformacoesEmpresa'.
2021-05-19 18:06:54.426 -03:00 [INF] Executed action FortalezaServer.Controllers.InformacoesEmpresaController.GetInformacoesEmpresa (FortalezaServer) in 127.9883ms
2021-05-19 18:06:54.428 -03:00 [INF] Executed endpoint 'FortalezaServer.Controllers.InformacoesEmpresaController.GetInformacoesEmpresa (FortalezaServer)'
2021-05-19 18:06:54.431 -03:00 [INF] Request finished in 183.7997ms 200 application/json; charset=utf-8
2021-05-19 18:06:54.478 -03:00 [INF] Request starting HTTP/1.1 GET http://localhost:8000/images/logo-empresa.png  
2021-05-19 18:06:54.502 -03:00 [INF] Sending file. Request path: '/images/logo-empresa.png'. Physical path: 'C:\Users\felip\source\repos\FortalezaServer\wwwroot\images\logo-empresa.png'
2021-05-19 18:06:54.505 -03:00 [INF] Request finished in 26.9867ms 200 image/png
2021-05-19 18:08:24.091 -03:00 [INF] Request starting HTTP/1.1 GET http://localhost:8000/api  
2021-05-19 18:08:24.093 -03:00 [INF] Executing endpoint 'FortalezaServer.Controllers.IndexController.Get (FortalezaServer)'
2021-05-19 18:08:24.096 -03:00 [INF] Route matched with {action = "Get", controller = "Index"}. Executing controller action with signature System.String Get() on controller FortalezaServer.Controllers.IndexController (FortalezaServer).
2021-05-19 18:08:24.100 -03:00 [INF] Executing ObjectResult, writing value of type 'System.String'.
2021-05-19 18:08:24.103 -03:00 [INF] Executed action FortalezaServer.Controllers.IndexController.Get (FortalezaServer) in 4.3716ms
2021-05-19 18:08:24.108 -03:00 [INF] Executed endpoint 'FortalezaServer.Controllers.IndexController.Get (FortalezaServer)'
2021-05-19 18:08:24.111 -03:00 [INF] Request finished in 27.6791ms 200 text/plain; charset=utf-8
2021-05-19 18:08:24.138 -03:00 [INF] Request starting HTTP/1.1 GET http://localhost:8000/api  
2021-05-19 18:08:24.139 -03:00 [INF] Executing endpoint 'FortalezaServer.Controllers.IndexController.Get (FortalezaServer)'
2021-05-19 18:08:24.140 -03:00 [INF] Route matched with {action = "Get", controller = "Index"}. Executing controller action with signature System.String Get() on controller FortalezaServer.Controllers.IndexController (FortalezaServer).
2021-05-19 18:08:24.143 -03:00 [INF] Executing ObjectResult, writing value of type 'System.String'.
2021-05-19 18:08:24.145 -03:00 [INF] Executed action FortalezaServer.Controllers.IndexController.Get (FortalezaServer) in 2.0506ms
2021-05-19 18:08:24.148 -03:00 [INF] Executed endpoint 'FortalezaServer.Controllers.IndexController.Get (FortalezaServer)'
2021-05-19 18:08:24.155 -03:00 [INF] Request finished in 17.0516ms 200 text/plain; charset=utf-8
2021-05-19 18:08:24.350 -03:00 [INF] Request starting HTTP/1.1 GET http://localhost:8000/api/vendas/actions/aberta  
2021-05-19 18:08:24.355 -03:00 [INF] Executing endpoint 'FortalezaServer.Controllers.VendasController.GetVendaAberta (FortalezaServer)'
2021-05-19 18:08:24.357 -03:00 [INF] Route matched with {action = "GetVendaAberta", controller = "Vendas"}. Executing controller action with signature System.Threading.Tasks.Task`1[Microsoft.AspNetCore.Mvc.ActionResult`1[System.Int32]] GetVendaAberta(Int32) on controller FortalezaServer.Controllers.VendasController (FortalezaServer).
2021-05-19 18:08:24.362 -03:00 [INF] Entity Framework Core 3.1.10 initialized 'fortalezaitdbContext' using provider 'MySql.Data.EntityFrameworkCore' with options: None
2021-05-19 18:08:24.373 -03:00 [INF] Executed DbCommand (1ms) [Parameters=[@__tipo_0='?' (DbType = Int32)], CommandType='"Text"', CommandTimeout='30']
SELECT `v`.`idvenda`, `v`.`aberta`, `v`.`acrescimo`, `v`.`desconto`, `v`.`descricao`, `v`.`hora_entrada`, `v`.`hora_fechamento`, `v`.`idcaixa`, `v`.`idcliente`, `v`.`idpdv`, `v`.`idresponsavel`, `v`.`numero_venda`, `v`.`paga`, `v`.`tipo`, `v`.`valor_pago`
FROM `venda` AS `v`
WHERE (`v`.`aberta` = 1) & (`v`.`tipo` = @__tipo_0)
LIMIT 1
2021-05-19 18:08:24.377 -03:00 [INF] Executing ObjectResult, writing value of type 'System.Int32'.
2021-05-19 18:08:24.379 -03:00 [INF] Executed action FortalezaServer.Controllers.VendasController.GetVendaAberta (FortalezaServer) in 18.5964ms
2021-05-19 18:08:24.381 -03:00 [INF] Executed endpoint 'FortalezaServer.Controllers.VendasController.GetVendaAberta (FortalezaServer)'
2021-05-19 18:08:24.384 -03:00 [INF] Request finished in 33.7662ms 200 application/json; charset=utf-8
2021-05-19 18:08:24.501 -03:00 [INF] Request starting HTTP/1.1 GET http://localhost:8000/api/grupos  
2021-05-19 18:08:24.502 -03:00 [INF] Executing endpoint 'FortalezaServer.Controllers.GruposController.GetGrupo (FortalezaServer)'
2021-05-19 18:08:24.504 -03:00 [INF] Route matched with {action = "GetGrupo", controller = "Grupos"}. Executing controller action with signature System.Threading.Tasks.Task`1[Microsoft.AspNetCore.Mvc.ActionResult`1[System.Collections.Generic.IEnumerable`1[FortalezaServer.Models.Grupo]]] GetGrupo() on controller FortalezaServer.Controllers.GruposController (FortalezaServer).
2021-05-19 18:08:24.507 -03:00 [INF] Entity Framework Core 3.1.10 initialized 'fortalezaitdbContext' using provider 'MySql.Data.EntityFrameworkCore' with options: None
2021-05-19 18:08:24.510 -03:00 [INF] Executed DbCommand (0ms) [Parameters=[], CommandType='"Text"', CommandTimeout='30']
SELECT `g`.`idgrupo`, `g`.`descricao`, `g`.`nome`, `g`.`visivel`
FROM `grupo` AS `g`
2021-05-19 18:08:24.513 -03:00 [INF] Executing ObjectResult, writing value of type 'System.Collections.Generic.List`1[[FortalezaServer.Models.Grupo, FortalezaServer, Version=1.0.0.0, Culture=neutral, PublicKeyToken=null]]'.
2021-05-19 18:08:24.514 -03:00 [INF] Executed action FortalezaServer.Controllers.GruposController.GetGrupo (FortalezaServer) in 8.1212ms
2021-05-19 18:08:24.516 -03:00 [INF] Executed endpoint 'FortalezaServer.Controllers.GruposController.GetGrupo (FortalezaServer)'
2021-05-19 18:08:24.517 -03:00 [INF] Request finished in 15.9201ms 200 application/json; charset=utf-8
2021-05-19 18:08:24.540 -03:00 [INF] Request starting HTTP/1.1 GET http://localhost:8000/api/items  
2021-05-19 18:08:24.541 -03:00 [INF] Executing endpoint 'FortalezaServer.Controllers.ItemsController.GetItem (FortalezaServer)'
2021-05-19 18:08:24.542 -03:00 [INF] Route matched with {action = "GetItem", controller = "Items"}. Executing controller action with signature System.Threading.Tasks.Task`1[Microsoft.AspNetCore.Mvc.ActionResult`1[System.Collections.Generic.IEnumerable`1[FortalezaServer.Models.Item]]] GetItem(Boolean, Boolean, Boolean, System.String) on controller FortalezaServer.Controllers.ItemsController (FortalezaServer).
2021-05-19 18:08:24.546 -03:00 [INF] Entity Framework Core 3.1.10 initialized 'fortalezaitdbContext' using provider 'MySql.Data.EntityFrameworkCore' with options: None
2021-05-19 18:08:24.549 -03:00 [INF] Executed DbCommand (1ms) [Parameters=[], CommandType='"Text"', CommandTimeout='30']
SELECT `i`.`iditem`, `i`.`atacado`, `i`.`codigo_barras`, `i`.`descricao`, `i`.`disponivel`, `i`.`estoque`, `i`.`estoque_minimo`, `i`.`imagem`, `i`.`permite_combo`, `i`.`quantidade_atacado`, `i`.`tipo`, `i`.`unidade`, `i`.`unidade_inteira`, `i`.`valor`, `i`.`valor_atacado`, `i`.`visivel`
FROM `item` AS `i`
WHERE `i`.`visivel` = 1
2021-05-19 18:08:24.553 -03:00 [INF] Executing ObjectResult, writing value of type 'System.Collections.Generic.List`1[[FortalezaServer.Models.Item, FortalezaServer, Version=1.0.0.0, Culture=neutral, PublicKeyToken=null]]'.
2021-05-19 18:08:24.555 -03:00 [INF] Executed action FortalezaServer.Controllers.ItemsController.GetItem (FortalezaServer) in 9.1923ms
2021-05-19 18:08:24.556 -03:00 [INF] Executed endpoint 'FortalezaServer.Controllers.ItemsController.GetItem (FortalezaServer)'
2021-05-19 18:08:24.558 -03:00 [INF] Request finished in 17.9174ms 200 application/json; charset=utf-8
2021-05-19 18:08:29.743 -03:00 [INF] Request starting HTTP/1.1 GET http://localhost:8000/api/informacoesempresa/1  
2021-05-19 18:08:29.745 -03:00 [INF] Executing endpoint 'FortalezaServer.Controllers.InformacoesEmpresaController.GetInformacoesEmpresa (FortalezaServer)'
2021-05-19 18:08:29.747 -03:00 [INF] Route matched with {action = "GetInformacoesEmpresa", controller = "InformacoesEmpresa"}. Executing controller action with signature System.Threading.Tasks.Task`1[Microsoft.AspNetCore.Mvc.ActionResult`1[FortalezaServer.Models.InformacoesEmpresa]] GetInformacoesEmpresa(Int32) on controller FortalezaServer.Controllers.InformacoesEmpresaController (FortalezaServer).
2021-05-19 18:08:29.755 -03:00 [INF] Entity Framework Core 3.1.10 initialized 'fortalezaitdbContext' using provider 'MySql.Data.EntityFrameworkCore' with options: None
2021-05-19 18:08:29.766 -03:00 [INF] Executed DbCommand (1ms) [Parameters=[@__p_0='?' (DbType = Int32)], CommandType='"Text"', CommandTimeout='30']
SELECT `i`.`idinformacoes_empresa`, `i`.`cnae`, `i`.`cpf`, `i`.`csosn`, `i`.`cst_pis`, `i`.`email`, `i`.`idendereco`, `i`.`indice_rateio_issqn`, `i`.`inscricao_estadual`, `i`.`inscricao_municipal`, `i`.`logo`, `i`.`nome_fantasia`, `i`.`razao_social`, `i`.`regime_tributario`, `i`.`rg`, `i`.`telefone`
FROM `informacoes_empresa` AS `i`
WHERE `i`.`idinformacoes_empresa` = @__p_0
LIMIT 1
2021-05-19 18:08:29.783 -03:00 [INF] Executed DbCommand (1ms) [Parameters=[@__p_0='?' (DbType = Int32)], CommandType='"Text"', CommandTimeout='30']
SELECT `e`.`idendereco`, `e`.`bairro`, `e`.`cep`, `e`.`complemento`, `e`.`descricao`, `e`.`logradouro`, `e`.`municipio`, `e`.`numero`, `e`.`tipo`, `e`.`UF`
FROM `endereco` AS `e`
WHERE `e`.`idendereco` = @__p_0
2021-05-19 18:08:29.788 -03:00 [INF] Executing ObjectResult, writing value of type 'FortalezaServer.Models.InformacoesEmpresa'.
2021-05-19 18:08:29.791 -03:00 [INF] Executed action FortalezaServer.Controllers.InformacoesEmpresaController.GetInformacoesEmpresa (FortalezaServer) in 36.9038ms
2021-05-19 18:08:29.793 -03:00 [INF] Executed endpoint 'FortalezaServer.Controllers.InformacoesEmpresaController.GetInformacoesEmpresa (FortalezaServer)'
2021-05-19 18:08:29.795 -03:00 [INF] Request finished in 52.2975ms 200 application/json; charset=utf-8
2021-05-19 18:08:29.835 -03:00 [INF] Request starting HTTP/1.1 GET http://localhost:8000/images/logo-empresa.png  
2021-05-19 18:08:29.837 -03:00 [INF] Sending file. Request path: '/images/logo-empresa.png'. Physical path: 'C:\Users\felip\source\repos\FortalezaServer\wwwroot\images\logo-empresa.png'
2021-05-19 18:08:29.840 -03:00 [INF] Request finished in 5.2379ms 200 image/png
2021-05-19 18:08:44.007 -03:00 [INF] Request starting HTTP/1.1 GET http://localhost:8000/api  
2021-05-19 18:08:44.009 -03:00 [INF] Executing endpoint 'FortalezaServer.Controllers.IndexController.Get (FortalezaServer)'
2021-05-19 18:08:44.013 -03:00 [INF] Route matched with {action = "Get", controller = "Index"}. Executing controller action with signature System.String Get() on controller FortalezaServer.Controllers.IndexController (FortalezaServer).
2021-05-19 18:08:44.016 -03:00 [INF] Executing ObjectResult, writing value of type 'System.String'.
2021-05-19 18:08:44.017 -03:00 [INF] Executed action FortalezaServer.Controllers.IndexController.Get (FortalezaServer) in 1.8157ms
2021-05-19 18:08:44.019 -03:00 [INF] Executed endpoint 'FortalezaServer.Controllers.IndexController.Get (FortalezaServer)'
2021-05-19 18:08:44.021 -03:00 [INF] Request finished in 14.2043ms 200 text/plain; charset=utf-8
2021-05-19 18:08:44.036 -03:00 [INF] Request starting HTTP/1.1 GET http://localhost:8000/api/vendas/actions/aberta  
2021-05-19 18:08:44.037 -03:00 [INF] Executing endpoint 'FortalezaServer.Controllers.VendasController.GetVendaAberta (FortalezaServer)'
2021-05-19 18:08:44.042 -03:00 [INF] Route matched with {action = "GetVendaAberta", controller = "Vendas"}. Executing controller action with signature System.Threading.Tasks.Task`1[Microsoft.AspNetCore.Mvc.ActionResult`1[System.Int32]] GetVendaAberta(Int32) on controller FortalezaServer.Controllers.VendasController (FortalezaServer).
2021-05-19 18:08:44.047 -03:00 [INF] Entity Framework Core 3.1.10 initialized 'fortalezaitdbContext' using provider 'MySql.Data.EntityFrameworkCore' with options: None
2021-05-19 18:08:44.054 -03:00 [INF] Executed DbCommand (2ms) [Parameters=[@__tipo_0='?' (DbType = Int32)], CommandType='"Text"', CommandTimeout='30']
SELECT `v`.`idvenda`, `v`.`aberta`, `v`.`acrescimo`, `v`.`desconto`, `v`.`descricao`, `v`.`hora_entrada`, `v`.`hora_fechamento`, `v`.`idcaixa`, `v`.`idcliente`, `v`.`idpdv`, `v`.`idresponsavel`, `v`.`numero_venda`, `v`.`paga`, `v`.`tipo`, `v`.`valor_pago`
FROM `venda` AS `v`
WHERE (`v`.`aberta` = 1) & (`v`.`tipo` = @__tipo_0)
LIMIT 1
2021-05-19 18:08:44.069 -03:00 [INF] Executing ObjectResult, writing value of type 'System.Int32'.
2021-05-19 18:08:44.073 -03:00 [INF] Executed action FortalezaServer.Controllers.VendasController.GetVendaAberta (FortalezaServer) in 27.9643ms
2021-05-19 18:08:44.077 -03:00 [INF] Executed endpoint 'FortalezaServer.Controllers.VendasController.GetVendaAberta (FortalezaServer)'
2021-05-19 18:08:44.081 -03:00 [INF] Request finished in 44.9711ms 200 application/json; charset=utf-8
2021-05-19 18:08:44.082 -03:00 [INF] Request starting HTTP/1.1 GET http://localhost:8000/api/grupos  
2021-05-19 18:08:44.084 -03:00 [INF] Executing endpoint 'FortalezaServer.Controllers.GruposController.GetGrupo (FortalezaServer)'
2021-05-19 18:08:44.086 -03:00 [INF] Route matched with {action = "GetGrupo", controller = "Grupos"}. Executing controller action with signature System.Threading.Tasks.Task`1[Microsoft.AspNetCore.Mvc.ActionResult`1[System.Collections.Generic.IEnumerable`1[FortalezaServer.Models.Grupo]]] GetGrupo() on controller FortalezaServer.Controllers.GruposController (FortalezaServer).
2021-05-19 18:08:44.094 -03:00 [INF] Entity Framework Core 3.1.10 initialized 'fortalezaitdbContext' using provider 'MySql.Data.EntityFrameworkCore' with options: None
2021-05-19 18:08:44.099 -03:00 [INF] Executed DbCommand (0ms) [Parameters=[], CommandType='"Text"', CommandTimeout='30']
SELECT `g`.`idgrupo`, `g`.`descricao`, `g`.`nome`, `g`.`visivel`
FROM `grupo` AS `g`
2021-05-19 18:08:44.105 -03:00 [INF] Executing ObjectResult, writing value of type 'System.Collections.Generic.List`1[[FortalezaServer.Models.Grupo, FortalezaServer, Version=1.0.0.0, Culture=neutral, PublicKeyToken=null]]'.
2021-05-19 18:08:44.109 -03:00 [INF] Executed action FortalezaServer.Controllers.GruposController.GetGrupo (FortalezaServer) in 16.0172ms
2021-05-19 18:08:44.111 -03:00 [INF] Executed endpoint 'FortalezaServer.Controllers.GruposController.GetGrupo (FortalezaServer)'
2021-05-19 18:08:44.114 -03:00 [INF] Request finished in 31.5579ms 200 application/json; charset=utf-8
2021-05-19 18:08:44.118 -03:00 [INF] Request starting HTTP/1.1 GET http://localhost:8000/api/items  
2021-05-19 18:08:44.120 -03:00 [INF] Executing endpoint 'FortalezaServer.Controllers.ItemsController.GetItem (FortalezaServer)'
2021-05-19 18:08:44.123 -03:00 [INF] Route matched with {action = "GetItem", controller = "Items"}. Executing controller action with signature System.Threading.Tasks.Task`1[Microsoft.AspNetCore.Mvc.ActionResult`1[System.Collections.Generic.IEnumerable`1[FortalezaServer.Models.Item]]] GetItem(Boolean, Boolean, Boolean, System.String) on controller FortalezaServer.Controllers.ItemsController (FortalezaServer).
2021-05-19 18:08:44.127 -03:00 [INF] Entity Framework Core 3.1.10 initialized 'fortalezaitdbContext' using provider 'MySql.Data.EntityFrameworkCore' with options: None
2021-05-19 18:08:44.142 -03:00 [INF] Executed DbCommand (1ms) [Parameters=[], CommandType='"Text"', CommandTimeout='30']
SELECT `i`.`iditem`, `i`.`atacado`, `i`.`codigo_barras`, `i`.`descricao`, `i`.`disponivel`, `i`.`estoque`, `i`.`estoque_minimo`, `i`.`imagem`, `i`.`permite_combo`, `i`.`quantidade_atacado`, `i`.`tipo`, `i`.`unidade`, `i`.`unidade_inteira`, `i`.`valor`, `i`.`valor_atacado`, `i`.`visivel`
FROM `item` AS `i`
WHERE `i`.`visivel` = 1
2021-05-19 18:08:44.147 -03:00 [INF] Executing ObjectResult, writing value of type 'System.Collections.Generic.List`1[[FortalezaServer.Models.Item, FortalezaServer, Version=1.0.0.0, Culture=neutral, PublicKeyToken=null]]'.
2021-05-19 18:08:44.149 -03:00 [INF] Executed action FortalezaServer.Controllers.ItemsController.GetItem (FortalezaServer) in 24.3336ms
2021-05-19 18:08:44.151 -03:00 [INF] Executed endpoint 'FortalezaServer.Controllers.ItemsController.GetItem (FortalezaServer)'
2021-05-19 18:08:44.152 -03:00 [INF] Request finished in 33.9582ms 200 application/json; charset=utf-8
2021-05-19 18:08:45.778 -03:00 [INF] Request starting HTTP/1.1 GET http://localhost:8000/api  
2021-05-19 18:08:45.780 -03:00 [INF] Executing endpoint 'FortalezaServer.Controllers.IndexController.Get (FortalezaServer)'
2021-05-19 18:08:45.782 -03:00 [INF] Route matched with {action = "Get", controller = "Index"}. Executing controller action with signature System.String Get() on controller FortalezaServer.Controllers.IndexController (FortalezaServer).
2021-05-19 18:08:45.784 -03:00 [INF] Executing ObjectResult, writing value of type 'System.String'.
2021-05-19 18:08:45.786 -03:00 [INF] Executed action FortalezaServer.Controllers.IndexController.Get (FortalezaServer) in 1.7473ms
2021-05-19 18:08:45.788 -03:00 [INF] Executed endpoint 'FortalezaServer.Controllers.IndexController.Get (FortalezaServer)'
2021-05-19 18:08:45.789 -03:00 [INF] Request finished in 11.0372ms 200 text/plain; charset=utf-8
2021-05-19 18:08:45.826 -03:00 [INF] Request starting HTTP/1.1 GET http://localhost:8000/api/vendas/actions/aberta  
2021-05-19 18:08:45.827 -03:00 [INF] Executing endpoint 'FortalezaServer.Controllers.VendasController.GetVendaAberta (FortalezaServer)'
2021-05-19 18:08:45.828 -03:00 [INF] Route matched with {action = "GetVendaAberta", controller = "Vendas"}. Executing controller action with signature System.Threading.Tasks.Task`1[Microsoft.AspNetCore.Mvc.ActionResult`1[System.Int32]] GetVendaAberta(Int32) on controller FortalezaServer.Controllers.VendasController (FortalezaServer).
2021-05-19 18:08:45.832 -03:00 [INF] Entity Framework Core 3.1.10 initialized 'fortalezaitdbContext' using provider 'MySql.Data.EntityFrameworkCore' with options: None
2021-05-19 18:08:45.837 -03:00 [INF] Executed DbCommand (1ms) [Parameters=[@__tipo_0='?' (DbType = Int32)], CommandType='"Text"', CommandTimeout='30']
SELECT `v`.`idvenda`, `v`.`aberta`, `v`.`acrescimo`, `v`.`desconto`, `v`.`descricao`, `v`.`hora_entrada`, `v`.`hora_fechamento`, `v`.`idcaixa`, `v`.`idcliente`, `v`.`idpdv`, `v`.`idresponsavel`, `v`.`numero_venda`, `v`.`paga`, `v`.`tipo`, `v`.`valor_pago`
FROM `venda` AS `v`
WHERE (`v`.`aberta` = 1) & (`v`.`tipo` = @__tipo_0)
LIMIT 1
2021-05-19 18:08:45.842 -03:00 [INF] Executing ObjectResult, writing value of type 'System.Int32'.
2021-05-19 18:08:45.843 -03:00 [INF] Executed action FortalezaServer.Controllers.VendasController.GetVendaAberta (FortalezaServer) in 11.7152ms
2021-05-19 18:08:45.845 -03:00 [INF] Executed endpoint 'FortalezaServer.Controllers.VendasController.GetVendaAberta (FortalezaServer)'
2021-05-19 18:08:45.846 -03:00 [INF] Request finished in 20.7326ms 200 application/json; charset=utf-8
2021-05-19 18:08:45.880 -03:00 [INF] Request starting HTTP/1.1 GET http://localhost:8000/api/grupos  
2021-05-19 18:08:45.881 -03:00 [INF] Executing endpoint 'FortalezaServer.Controllers.GruposController.GetGrupo (FortalezaServer)'
2021-05-19 18:08:45.883 -03:00 [INF] Route matched with {action = "GetGrupo", controller = "Grupos"}. Executing controller action with signature System.Threading.Tasks.Task`1[Microsoft.AspNetCore.Mvc.ActionResult`1[System.Collections.Generic.IEnumerable`1[FortalezaServer.Models.Grupo]]] GetGrupo() on controller FortalezaServer.Controllers.GruposController (FortalezaServer).
2021-05-19 18:08:45.886 -03:00 [INF] Entity Framework Core 3.1.10 initialized 'fortalezaitdbContext' using provider 'MySql.Data.EntityFrameworkCore' with options: None
2021-05-19 18:08:45.889 -03:00 [INF] Executed DbCommand (0ms) [Parameters=[], CommandType='"Text"', CommandTimeout='30']
SELECT `g`.`idgrupo`, `g`.`descricao`, `g`.`nome`, `g`.`visivel`
FROM `grupo` AS `g`
2021-05-19 18:08:45.892 -03:00 [INF] Executing ObjectResult, writing value of type 'System.Collections.Generic.List`1[[FortalezaServer.Models.Grupo, FortalezaServer, Version=1.0.0.0, Culture=neutral, PublicKeyToken=null]]'.
2021-05-19 18:08:45.894 -03:00 [INF] Executed action FortalezaServer.Controllers.GruposController.GetGrupo (FortalezaServer) in 8.3264ms
2021-05-19 18:08:45.895 -03:00 [INF] Executed endpoint 'FortalezaServer.Controllers.GruposController.GetGrupo (FortalezaServer)'
2021-05-19 18:08:45.897 -03:00 [INF] Request finished in 16.5159ms 200 application/json; charset=utf-8
2021-05-19 18:08:45.899 -03:00 [INF] Request starting HTTP/1.1 GET http://localhost:8000/api/items  
2021-05-19 18:08:45.900 -03:00 [INF] Executing endpoint 'FortalezaServer.Controllers.ItemsController.GetItem (FortalezaServer)'
2021-05-19 18:08:45.901 -03:00 [INF] Route matched with {action = "GetItem", controller = "Items"}. Executing controller action with signature System.Threading.Tasks.Task`1[Microsoft.AspNetCore.Mvc.ActionResult`1[System.Collections.Generic.IEnumerable`1[FortalezaServer.Models.Item]]] GetItem(Boolean, Boolean, Boolean, System.String) on controller FortalezaServer.Controllers.ItemsController (FortalezaServer).
2021-05-19 18:08:45.909 -03:00 [INF] Entity Framework Core 3.1.10 initialized 'fortalezaitdbContext' using provider 'MySql.Data.EntityFrameworkCore' with options: None
2021-05-19 18:08:45.913 -03:00 [INF] Executed DbCommand (0ms) [Parameters=[], CommandType='"Text"', CommandTimeout='30']
SELECT `i`.`iditem`, `i`.`atacado`, `i`.`codigo_barras`, `i`.`descricao`, `i`.`disponivel`, `i`.`estoque`, `i`.`estoque_minimo`, `i`.`imagem`, `i`.`permite_combo`, `i`.`quantidade_atacado`, `i`.`tipo`, `i`.`unidade`, `i`.`unidade_inteira`, `i`.`valor`, `i`.`valor_atacado`, `i`.`visivel`
FROM `item` AS `i`
WHERE `i`.`visivel` = 1
2021-05-19 18:08:45.919 -03:00 [INF] Executing ObjectResult, writing value of type 'System.Collections.Generic.List`1[[FortalezaServer.Models.Item, FortalezaServer, Version=1.0.0.0, Culture=neutral, PublicKeyToken=null]]'.
2021-05-19 18:08:45.921 -03:00 [INF] Executed action FortalezaServer.Controllers.ItemsController.GetItem (FortalezaServer) in 12.7794ms
2021-05-19 18:08:45.922 -03:00 [INF] Executed endpoint 'FortalezaServer.Controllers.ItemsController.GetItem (FortalezaServer)'
2021-05-19 18:08:45.923 -03:00 [INF] Request finished in 24.1479ms 200 application/json; charset=utf-8
2021-05-19 18:09:25.173 -03:00 [INF] Request starting HTTP/1.1 GET http://localhost:8000/api  
2021-05-19 18:09:25.175 -03:00 [INF] Executing endpoint 'FortalezaServer.Controllers.IndexController.Get (FortalezaServer)'
2021-05-19 18:09:25.176 -03:00 [INF] Route matched with {action = "Get", controller = "Index"}. Executing controller action with signature System.String Get() on controller FortalezaServer.Controllers.IndexController (FortalezaServer).
2021-05-19 18:09:25.179 -03:00 [INF] Executing ObjectResult, writing value of type 'System.String'.
2021-05-19 18:09:25.180 -03:00 [INF] Executed action FortalezaServer.Controllers.IndexController.Get (FortalezaServer) in 1.8652ms
2021-05-19 18:09:25.186 -03:00 [INF] Executed endpoint 'FortalezaServer.Controllers.IndexController.Get (FortalezaServer)'
2021-05-19 18:09:25.188 -03:00 [INF] Request finished in 15.11ms 200 text/plain; charset=utf-8
2021-05-19 18:09:25.216 -03:00 [INF] Request starting HTTP/1.1 GET http://localhost:8000/api  
2021-05-19 18:09:25.219 -03:00 [INF] Executing endpoint 'FortalezaServer.Controllers.IndexController.Get (FortalezaServer)'
2021-05-19 18:09:25.220 -03:00 [INF] Route matched with {action = "Get", controller = "Index"}. Executing controller action with signature System.String Get() on controller FortalezaServer.Controllers.IndexController (FortalezaServer).
2021-05-19 18:09:25.225 -03:00 [INF] Executing ObjectResult, writing value of type 'System.String'.
2021-05-19 18:09:25.227 -03:00 [INF] Executed action FortalezaServer.Controllers.IndexController.Get (FortalezaServer) in 3.1281ms
2021-05-19 18:09:25.238 -03:00 [INF] Executed endpoint 'FortalezaServer.Controllers.IndexController.Get (FortalezaServer)'
2021-05-19 18:09:25.240 -03:00 [INF] Request finished in 23.6251ms 200 text/plain; charset=utf-8
2021-05-19 18:09:25.324 -03:00 [INF] Request starting HTTP/1.1 GET http://localhost:8000/api/vendas/actions/aberta  
2021-05-19 18:09:25.325 -03:00 [INF] Executing endpoint 'FortalezaServer.Controllers.VendasController.GetVendaAberta (FortalezaServer)'
2021-05-19 18:09:25.328 -03:00 [INF] Route matched with {action = "GetVendaAberta", controller = "Vendas"}. Executing controller action with signature System.Threading.Tasks.Task`1[Microsoft.AspNetCore.Mvc.ActionResult`1[System.Int32]] GetVendaAberta(Int32) on controller FortalezaServer.Controllers.VendasController (FortalezaServer).
2021-05-19 18:09:25.332 -03:00 [INF] Entity Framework Core 3.1.10 initialized 'fortalezaitdbContext' using provider 'MySql.Data.EntityFrameworkCore' with options: None
2021-05-19 18:09:25.338 -03:00 [INF] Executed DbCommand (1ms) [Parameters=[@__tipo_0='?' (DbType = Int32)], CommandType='"Text"', CommandTimeout='30']
SELECT `v`.`idvenda`, `v`.`aberta`, `v`.`acrescimo`, `v`.`desconto`, `v`.`descricao`, `v`.`hora_entrada`, `v`.`hora_fechamento`, `v`.`idcaixa`, `v`.`idcliente`, `v`.`idpdv`, `v`.`idresponsavel`, `v`.`numero_venda`, `v`.`paga`, `v`.`tipo`, `v`.`valor_pago`
FROM `venda` AS `v`
WHERE (`v`.`aberta` = 1) & (`v`.`tipo` = @__tipo_0)
LIMIT 1
2021-05-19 18:09:25.342 -03:00 [INF] Executing ObjectResult, writing value of type 'System.Int32'.
2021-05-19 18:09:25.344 -03:00 [INF] Executed action FortalezaServer.Controllers.VendasController.GetVendaAberta (FortalezaServer) in 13.41ms
2021-05-19 18:09:25.345 -03:00 [INF] Executed endpoint 'FortalezaServer.Controllers.VendasController.GetVendaAberta (FortalezaServer)'
2021-05-19 18:09:25.347 -03:00 [INF] Request finished in 22.4921ms 200 application/json; charset=utf-8
2021-05-19 18:09:25.507 -03:00 [INF] Request starting HTTP/1.1 GET http://localhost:8000/api/grupos  
2021-05-19 18:09:25.508 -03:00 [INF] Executing endpoint 'FortalezaServer.Controllers.GruposController.GetGrupo (FortalezaServer)'
2021-05-19 18:09:25.510 -03:00 [INF] Route matched with {action = "GetGrupo", controller = "Grupos"}. Executing controller action with signature System.Threading.Tasks.Task`1[Microsoft.AspNetCore.Mvc.ActionResult`1[System.Collections.Generic.IEnumerable`1[FortalezaServer.Models.Grupo]]] GetGrupo() on controller FortalezaServer.Controllers.GruposController (FortalezaServer).
2021-05-19 18:09:25.514 -03:00 [INF] Entity Framework Core 3.1.10 initialized 'fortalezaitdbContext' using provider 'MySql.Data.EntityFrameworkCore' with options: None
2021-05-19 18:09:25.519 -03:00 [INF] Executed DbCommand (0ms) [Parameters=[], CommandType='"Text"', CommandTimeout='30']
SELECT `g`.`idgrupo`, `g`.`descricao`, `g`.`nome`, `g`.`visivel`
FROM `grupo` AS `g`
2021-05-19 18:09:25.524 -03:00 [INF] Executing ObjectResult, writing value of type 'System.Collections.Generic.List`1[[FortalezaServer.Models.Grupo, FortalezaServer, Version=1.0.0.0, Culture=neutral, PublicKeyToken=null]]'.
2021-05-19 18:09:25.527 -03:00 [INF] Executed action FortalezaServer.Controllers.GruposController.GetGrupo (FortalezaServer) in 13.6877ms
2021-05-19 18:09:25.529 -03:00 [INF] Executed endpoint 'FortalezaServer.Controllers.GruposController.GetGrupo (FortalezaServer)'
2021-05-19 18:09:25.532 -03:00 [INF] Request finished in 24.9691ms 200 application/json; charset=utf-8
2021-05-19 18:09:25.559 -03:00 [INF] Request starting HTTP/1.1 GET http://localhost:8000/api/items  
2021-05-19 18:09:25.560 -03:00 [INF] Executing endpoint 'FortalezaServer.Controllers.ItemsController.GetItem (FortalezaServer)'
2021-05-19 18:09:25.562 -03:00 [INF] Route matched with {action = "GetItem", controller = "Items"}. Executing controller action with signature System.Threading.Tasks.Task`1[Microsoft.AspNetCore.Mvc.ActionResult`1[System.Collections.Generic.IEnumerable`1[FortalezaServer.Models.Item]]] GetItem(Boolean, Boolean, Boolean, System.String) on controller FortalezaServer.Controllers.ItemsController (FortalezaServer).
2021-05-19 18:09:25.565 -03:00 [INF] Entity Framework Core 3.1.10 initialized 'fortalezaitdbContext' using provider 'MySql.Data.EntityFrameworkCore' with options: None
2021-05-19 18:09:25.569 -03:00 [INF] Executed DbCommand (1ms) [Parameters=[], CommandType='"Text"', CommandTimeout='30']
SELECT `i`.`iditem`, `i`.`atacado`, `i`.`codigo_barras`, `i`.`descricao`, `i`.`disponivel`, `i`.`estoque`, `i`.`estoque_minimo`, `i`.`imagem`, `i`.`permite_combo`, `i`.`quantidade_atacado`, `i`.`tipo`, `i`.`unidade`, `i`.`unidade_inteira`, `i`.`valor`, `i`.`valor_atacado`, `i`.`visivel`
FROM `item` AS `i`
WHERE `i`.`visivel` = 1
2021-05-19 18:09:25.574 -03:00 [INF] Executing ObjectResult, writing value of type 'System.Collections.Generic.List`1[[FortalezaServer.Models.Item, FortalezaServer, Version=1.0.0.0, Culture=neutral, PublicKeyToken=null]]'.
2021-05-19 18:09:25.576 -03:00 [INF] Executed action FortalezaServer.Controllers.ItemsController.GetItem (FortalezaServer) in 11.1831ms
2021-05-19 18:09:25.577 -03:00 [INF] Executed endpoint 'FortalezaServer.Controllers.ItemsController.GetItem (FortalezaServer)'
2021-05-19 18:09:25.578 -03:00 [INF] Request finished in 19.7865ms 200 application/json; charset=utf-8
2021-05-19 18:09:29.016 -03:00 [INF] Request starting HTTP/1.1 GET http://localhost:8000/api/informacoesempresa/1  
2021-05-19 18:09:29.018 -03:00 [INF] Executing endpoint 'FortalezaServer.Controllers.InformacoesEmpresaController.GetInformacoesEmpresa (FortalezaServer)'
2021-05-19 18:09:29.022 -03:00 [INF] Route matched with {action = "GetInformacoesEmpresa", controller = "InformacoesEmpresa"}. Executing controller action with signature System.Threading.Tasks.Task`1[Microsoft.AspNetCore.Mvc.ActionResult`1[FortalezaServer.Models.InformacoesEmpresa]] GetInformacoesEmpresa(Int32) on controller FortalezaServer.Controllers.InformacoesEmpresaController (FortalezaServer).
2021-05-19 18:09:29.035 -03:00 [INF] Entity Framework Core 3.1.10 initialized 'fortalezaitdbContext' using provider 'MySql.Data.EntityFrameworkCore' with options: None
2021-05-19 18:09:29.047 -03:00 [INF] Executed DbCommand (1ms) [Parameters=[@__p_0='?' (DbType = Int32)], CommandType='"Text"', CommandTimeout='30']
SELECT `i`.`idinformacoes_empresa`, `i`.`cnae`, `i`.`cpf`, `i`.`csosn`, `i`.`cst_pis`, `i`.`email`, `i`.`idendereco`, `i`.`indice_rateio_issqn`, `i`.`inscricao_estadual`, `i`.`inscricao_municipal`, `i`.`logo`, `i`.`nome_fantasia`, `i`.`razao_social`, `i`.`regime_tributario`, `i`.`rg`, `i`.`telefone`
FROM `informacoes_empresa` AS `i`
WHERE `i`.`idinformacoes_empresa` = @__p_0
LIMIT 1
2021-05-19 18:09:29.058 -03:00 [INF] Executed DbCommand (1ms) [Parameters=[@__p_0='?' (DbType = Int32)], CommandType='"Text"', CommandTimeout='30']
SELECT `e`.`idendereco`, `e`.`bairro`, `e`.`cep`, `e`.`complemento`, `e`.`descricao`, `e`.`logradouro`, `e`.`municipio`, `e`.`numero`, `e`.`tipo`, `e`.`UF`
FROM `endereco` AS `e`
WHERE `e`.`idendereco` = @__p_0
2021-05-19 18:09:29.062 -03:00 [INF] Executing ObjectResult, writing value of type 'FortalezaServer.Models.InformacoesEmpresa'.
2021-05-19 18:09:29.063 -03:00 [INF] Executed action FortalezaServer.Controllers.InformacoesEmpresaController.GetInformacoesEmpresa (FortalezaServer) in 28.6335ms
2021-05-19 18:09:29.064 -03:00 [INF] Executed endpoint 'FortalezaServer.Controllers.InformacoesEmpresaController.GetInformacoesEmpresa (FortalezaServer)'
2021-05-19 18:09:29.066 -03:00 [INF] Request finished in 49.6209ms 200 application/json; charset=utf-8
2021-05-19 18:09:29.111 -03:00 [INF] Request starting HTTP/1.1 GET http://localhost:8000/images/logo-empresa.png  
2021-05-19 18:09:29.114 -03:00 [INF] Sending file. Request path: '/images/logo-empresa.png'. Physical path: 'C:\Users\felip\source\repos\FortalezaServer\wwwroot\images\logo-empresa.png'
2021-05-19 18:09:29.115 -03:00 [INF] Request finished in 4.3303ms 200 image/png
2021-05-19 18:09:50.646 -03:00 [INF] Request starting HTTP/1.1 PUT http://localhost:8000/api/informacoesempresa/1 application/json; charset=utf-8 788
2021-05-19 18:09:50.648 -03:00 [INF] Executing endpoint 'FortalezaServer.Controllers.InformacoesEmpresaController.PutInformacoesEmpresa (FortalezaServer)'
2021-05-19 18:09:50.654 -03:00 [INF] Route matched with {action = "PutInformacoesEmpresa", controller = "InformacoesEmpresa"}. Executing controller action with signature System.Threading.Tasks.Task`1[Microsoft.AspNetCore.Mvc.IActionResult] PutInformacoesEmpresa(Int32, FortalezaServer.Models.InformacoesEmpresa) on controller FortalezaServer.Controllers.InformacoesEmpresaController (FortalezaServer).
2021-05-19 18:09:50.724 -03:00 [INF] Entity Framework Core 3.1.10 initialized 'fortalezaitdbContext' using provider 'MySql.Data.EntityFrameworkCore' with options: None
2021-05-19 18:09:50.807 -03:00 [INF] Executed DbCommand (6ms) [Parameters=[@p9='?' (DbType = Int32), @p0='?' (Size = 255), @p1='?' (Size = 8), @p2='?' (Size = 255), @p3='?' (Size = 255), @p4='?' (Size = 255), @p5='?' (Size = 255), @p6='?' (Size = 255), @p7='?' (Size = 255), @p8='?' (Size = 2)], CommandType='"Text"', CommandTimeout='30']
UPDATE `endereco` SET `bairro` = @p0, `cep` = @p1, `complemento` = @p2, `descricao` = @p3, `logradouro` = @p4, `municipio` = @p5, `numero` = @p6, `tipo` = @p7, `UF` = @p8
WHERE `idendereco` = @p9;
SELECT ROW_COUNT();
2021-05-19 18:09:50.816 -03:00 [INF] Executed DbCommand (1ms) [Parameters=[@p15='?' (DbType = Int32), @p0='?' (Size = 7), @p1='?' (Size = 14), @p2='?' (DbType = Int32), @p3='?' (DbType = Int32), @p4='?' (Size = 255), @p5='?' (DbType = Int32), @p6='?' (DbType = SByte), @p7='?' (Size = 12), @p8='?' (Size = 15), @p9='?' (Size = 255), @p10='?' (Size = 255), @p11='?' (Size = 255), @p12='?' (DbType = Int32), @p13='?' (Size = 9), @p14='?' (Size = 18)], CommandType='"Text"', CommandTimeout='30']
UPDATE `informacoes_empresa` SET `cnae` = @p0, `cpf` = @p1, `csosn` = @p2, `cst_pis` = @p3, `email` = @p4, `idendereco` = @p5, `indice_rateio_issqn` = @p6, `inscricao_estadual` = @p7, `inscricao_municipal` = @p8, `logo` = @p9, `nome_fantasia` = @p10, `razao_social` = @p11, `regime_tributario` = @p12, `rg` = @p13, `telefone` = @p14
WHERE `idinformacoes_empresa` = @p15;
SELECT ROW_COUNT();
2021-05-19 18:09:50.835 -03:00 [INF] Executing HttpStatusCodeResult, setting HTTP status code 204
2021-05-19 18:09:50.836 -03:00 [INF] Executed action FortalezaServer.Controllers.InformacoesEmpresaController.PutInformacoesEmpresa (FortalezaServer) in 180.2338ms
2021-05-19 18:09:50.838 -03:00 [INF] Executed endpoint 'FortalezaServer.Controllers.InformacoesEmpresaController.PutInformacoesEmpresa (FortalezaServer)'
2021-05-19 18:09:50.839 -03:00 [INF] Request finished in 192.8573ms 204 
2021-05-19 18:09:50.881 -03:00 [INF] Request starting HTTP/1.1 GET http://localhost:8000/api  
2021-05-19 18:09:50.882 -03:00 [INF] Executing endpoint 'FortalezaServer.Controllers.IndexController.Get (FortalezaServer)'
2021-05-19 18:09:50.884 -03:00 [INF] Route matched with {action = "Get", controller = "Index"}. Executing controller action with signature System.String Get() on controller FortalezaServer.Controllers.IndexController (FortalezaServer).
2021-05-19 18:09:50.891 -03:00 [INF] Executing ObjectResult, writing value of type 'System.String'.
2021-05-19 18:09:50.893 -03:00 [INF] Executed action FortalezaServer.Controllers.IndexController.Get (FortalezaServer) in 1.4626ms
2021-05-19 18:09:50.894 -03:00 [INF] Executed endpoint 'FortalezaServer.Controllers.IndexController.Get (FortalezaServer)'
2021-05-19 18:09:50.895 -03:00 [INF] Request finished in 14.1644ms 200 text/plain; charset=utf-8
2021-05-19 18:09:50.910 -03:00 [INF] Request starting HTTP/1.1 GET http://localhost:8000/api/vendas/actions/aberta  
2021-05-19 18:09:50.911 -03:00 [INF] Executing endpoint 'FortalezaServer.Controllers.VendasController.GetVendaAberta (FortalezaServer)'
2021-05-19 18:09:50.912 -03:00 [INF] Route matched with {action = "GetVendaAberta", controller = "Vendas"}. Executing controller action with signature System.Threading.Tasks.Task`1[Microsoft.AspNetCore.Mvc.ActionResult`1[System.Int32]] GetVendaAberta(Int32) on controller FortalezaServer.Controllers.VendasController (FortalezaServer).
2021-05-19 18:09:50.915 -03:00 [INF] Entity Framework Core 3.1.10 initialized 'fortalezaitdbContext' using provider 'MySql.Data.EntityFrameworkCore' with options: None
2021-05-19 18:09:50.918 -03:00 [INF] Executed DbCommand (0ms) [Parameters=[@__tipo_0='?' (DbType = Int32)], CommandType='"Text"', CommandTimeout='30']
SELECT `v`.`idvenda`, `v`.`aberta`, `v`.`acrescimo`, `v`.`desconto`, `v`.`descricao`, `v`.`hora_entrada`, `v`.`hora_fechamento`, `v`.`idcaixa`, `v`.`idcliente`, `v`.`idpdv`, `v`.`idresponsavel`, `v`.`numero_venda`, `v`.`paga`, `v`.`tipo`, `v`.`valor_pago`
FROM `venda` AS `v`
WHERE (`v`.`aberta` = 1) & (`v`.`tipo` = @__tipo_0)
LIMIT 1
2021-05-19 18:09:50.931 -03:00 [INF] Executing ObjectResult, writing value of type 'System.Int32'.
2021-05-19 18:09:50.934 -03:00 [INF] Executed action FortalezaServer.Controllers.VendasController.GetVendaAberta (FortalezaServer) in 20.0146ms
2021-05-19 18:09:50.939 -03:00 [INF] Executed endpoint 'FortalezaServer.Controllers.VendasController.GetVendaAberta (FortalezaServer)'
2021-05-19 18:09:50.941 -03:00 [INF] Request finished in 30.7779ms 200 application/json; charset=utf-8
2021-05-19 18:09:50.945 -03:00 [INF] Request starting HTTP/1.1 GET http://localhost:8000/api/grupos  
2021-05-19 18:09:50.946 -03:00 [INF] Executing endpoint 'FortalezaServer.Controllers.GruposController.GetGrupo (FortalezaServer)'
2021-05-19 18:09:50.949 -03:00 [INF] Route matched with {action = "GetGrupo", controller = "Grupos"}. Executing controller action with signature System.Threading.Tasks.Task`1[Microsoft.AspNetCore.Mvc.ActionResult`1[System.Collections.Generic.IEnumerable`1[FortalezaServer.Models.Grupo]]] GetGrupo() on controller FortalezaServer.Controllers.GruposController (FortalezaServer).
2021-05-19 18:09:50.953 -03:00 [INF] Entity Framework Core 3.1.10 initialized 'fortalezaitdbContext' using provider 'MySql.Data.EntityFrameworkCore' with options: None
2021-05-19 18:09:50.955 -03:00 [INF] Executed DbCommand (0ms) [Parameters=[], CommandType='"Text"', CommandTimeout='30']
SELECT `g`.`idgrupo`, `g`.`descricao`, `g`.`nome`, `g`.`visivel`
FROM `grupo` AS `g`
2021-05-19 18:09:50.958 -03:00 [INF] Executing ObjectResult, writing value of type 'System.Collections.Generic.List`1[[FortalezaServer.Models.Grupo, FortalezaServer, Version=1.0.0.0, Culture=neutral, PublicKeyToken=null]]'.
2021-05-19 18:09:50.960 -03:00 [INF] Executed action FortalezaServer.Controllers.GruposController.GetGrupo (FortalezaServer) in 7.5123ms
2021-05-19 18:09:50.961 -03:00 [INF] Executed endpoint 'FortalezaServer.Controllers.GruposController.GetGrupo (FortalezaServer)'
2021-05-19 18:09:50.963 -03:00 [INF] Request finished in 18.2662ms 200 application/json; charset=utf-8
2021-05-19 18:09:50.964 -03:00 [INF] Request starting HTTP/1.1 GET http://localhost:8000/api/items  
2021-05-19 18:09:50.966 -03:00 [INF] Executing endpoint 'FortalezaServer.Controllers.ItemsController.GetItem (FortalezaServer)'
2021-05-19 18:09:50.969 -03:00 [INF] Route matched with {action = "GetItem", controller = "Items"}. Executing controller action with signature System.Threading.Tasks.Task`1[Microsoft.AspNetCore.Mvc.ActionResult`1[System.Collections.Generic.IEnumerable`1[FortalezaServer.Models.Item]]] GetItem(Boolean, Boolean, Boolean, System.String) on controller FortalezaServer.Controllers.ItemsController (FortalezaServer).
2021-05-19 18:09:50.978 -03:00 [INF] Entity Framework Core 3.1.10 initialized 'fortalezaitdbContext' using provider 'MySql.Data.EntityFrameworkCore' with options: None
2021-05-19 18:09:50.983 -03:00 [INF] Executed DbCommand (1ms) [Parameters=[], CommandType='"Text"', CommandTimeout='30']
SELECT `i`.`iditem`, `i`.`atacado`, `i`.`codigo_barras`, `i`.`descricao`, `i`.`disponivel`, `i`.`estoque`, `i`.`estoque_minimo`, `i`.`imagem`, `i`.`permite_combo`, `i`.`quantidade_atacado`, `i`.`tipo`, `i`.`unidade`, `i`.`unidade_inteira`, `i`.`valor`, `i`.`valor_atacado`, `i`.`visivel`
FROM `item` AS `i`
WHERE `i`.`visivel` = 1
2021-05-19 18:09:50.987 -03:00 [INF] Executing ObjectResult, writing value of type 'System.Collections.Generic.List`1[[FortalezaServer.Models.Item, FortalezaServer, Version=1.0.0.0, Culture=neutral, PublicKeyToken=null]]'.
2021-05-19 18:09:50.990 -03:00 [INF] Executed action FortalezaServer.Controllers.ItemsController.GetItem (FortalezaServer) in 13.0108ms
2021-05-19 18:09:50.993 -03:00 [INF] Executed endpoint 'FortalezaServer.Controllers.ItemsController.GetItem (FortalezaServer)'
2021-05-19 18:09:50.995 -03:00 [INF] Request finished in 30.6659ms 200 application/json; charset=utf-8
2021-05-19 18:09:54.064 -03:00 [INF] Request starting HTTP/1.1 GET http://localhost:8000/api/informacoesempresa/1  
2021-05-19 18:09:54.065 -03:00 [INF] Executing endpoint 'FortalezaServer.Controllers.InformacoesEmpresaController.GetInformacoesEmpresa (FortalezaServer)'
2021-05-19 18:09:54.067 -03:00 [INF] Route matched with {action = "GetInformacoesEmpresa", controller = "InformacoesEmpresa"}. Executing controller action with signature System.Threading.Tasks.Task`1[Microsoft.AspNetCore.Mvc.ActionResult`1[FortalezaServer.Models.InformacoesEmpresa]] GetInformacoesEmpresa(Int32) on controller FortalezaServer.Controllers.InformacoesEmpresaController (FortalezaServer).
2021-05-19 18:09:54.077 -03:00 [INF] Entity Framework Core 3.1.10 initialized 'fortalezaitdbContext' using provider 'MySql.Data.EntityFrameworkCore' with options: None
2021-05-19 18:09:54.085 -03:00 [INF] Executed DbCommand (1ms) [Parameters=[@__p_0='?' (DbType = Int32)], CommandType='"Text"', CommandTimeout='30']
SELECT `i`.`idinformacoes_empresa`, `i`.`cnae`, `i`.`cpf`, `i`.`csosn`, `i`.`cst_pis`, `i`.`email`, `i`.`idendereco`, `i`.`indice_rateio_issqn`, `i`.`inscricao_estadual`, `i`.`inscricao_municipal`, `i`.`logo`, `i`.`nome_fantasia`, `i`.`razao_social`, `i`.`regime_tributario`, `i`.`rg`, `i`.`telefone`
FROM `informacoes_empresa` AS `i`
WHERE `i`.`idinformacoes_empresa` = @__p_0
LIMIT 1
2021-05-19 18:09:54.097 -03:00 [INF] Executed DbCommand (0ms) [Parameters=[@__p_0='?' (DbType = Int32)], CommandType='"Text"', CommandTimeout='30']
SELECT `e`.`idendereco`, `e`.`bairro`, `e`.`cep`, `e`.`complemento`, `e`.`descricao`, `e`.`logradouro`, `e`.`municipio`, `e`.`numero`, `e`.`tipo`, `e`.`UF`
FROM `endereco` AS `e`
WHERE `e`.`idendereco` = @__p_0
2021-05-19 18:09:54.107 -03:00 [INF] Executing ObjectResult, writing value of type 'FortalezaServer.Models.InformacoesEmpresa'.
2021-05-19 18:09:54.110 -03:00 [INF] Executed action FortalezaServer.Controllers.InformacoesEmpresaController.GetInformacoesEmpresa (FortalezaServer) in 33.7132ms
2021-05-19 18:09:54.112 -03:00 [INF] Executed endpoint 'FortalezaServer.Controllers.InformacoesEmpresaController.GetInformacoesEmpresa (FortalezaServer)'
2021-05-19 18:09:54.113 -03:00 [INF] Request finished in 49.7584ms 200 application/json; charset=utf-8
2021-05-19 18:09:54.115 -03:00 [INF] Request starting HTTP/1.1 GET http://localhost:8000/images/logo-empresa.png  
2021-05-19 18:09:54.118 -03:00 [INF] Sending file. Request path: '/images/logo-empresa.png'. Physical path: 'C:\Users\felip\source\repos\FortalezaServer\wwwroot\images\logo-empresa.png'
2021-05-19 18:09:54.120 -03:00 [INF] Request finished in 4.998ms 200 image/png
2021-05-19 18:09:58.866 -03:00 [INF] Request starting HTTP/1.1 GET http://localhost:8000/api  
2021-05-19 18:09:58.867 -03:00 [INF] Executing endpoint 'FortalezaServer.Controllers.IndexController.Get (FortalezaServer)'
2021-05-19 18:09:58.871 -03:00 [INF] Route matched with {action = "Get", controller = "Index"}. Executing controller action with signature System.String Get() on controller FortalezaServer.Controllers.IndexController (FortalezaServer).
2021-05-19 18:09:58.875 -03:00 [INF] Executing ObjectResult, writing value of type 'System.String'.
2021-05-19 18:09:58.876 -03:00 [INF] Executed action FortalezaServer.Controllers.IndexController.Get (FortalezaServer) in 1.6069ms
2021-05-19 18:09:58.877 -03:00 [INF] Executed endpoint 'FortalezaServer.Controllers.IndexController.Get (FortalezaServer)'
2021-05-19 18:09:58.878 -03:00 [INF] Request finished in 12.3496ms 200 text/plain; charset=utf-8
2021-05-19 18:09:58.890 -03:00 [INF] Request starting HTTP/1.1 GET http://localhost:8000/api/vendas/actions/aberta  
2021-05-19 18:09:58.891 -03:00 [INF] Executing endpoint 'FortalezaServer.Controllers.VendasController.GetVendaAberta (FortalezaServer)'
2021-05-19 18:09:58.892 -03:00 [INF] Route matched with {action = "GetVendaAberta", controller = "Vendas"}. Executing controller action with signature System.Threading.Tasks.Task`1[Microsoft.AspNetCore.Mvc.ActionResult`1[System.Int32]] GetVendaAberta(Int32) on controller FortalezaServer.Controllers.VendasController (FortalezaServer).
2021-05-19 18:09:58.896 -03:00 [INF] Entity Framework Core 3.1.10 initialized 'fortalezaitdbContext' using provider 'MySql.Data.EntityFrameworkCore' with options: None
2021-05-19 18:09:58.899 -03:00 [INF] Executed DbCommand (1ms) [Parameters=[@__tipo_0='?' (DbType = Int32)], CommandType='"Text"', CommandTimeout='30']
SELECT `v`.`idvenda`, `v`.`aberta`, `v`.`acrescimo`, `v`.`desconto`, `v`.`descricao`, `v`.`hora_entrada`, `v`.`hora_fechamento`, `v`.`idcaixa`, `v`.`idcliente`, `v`.`idpdv`, `v`.`idresponsavel`, `v`.`numero_venda`, `v`.`paga`, `v`.`tipo`, `v`.`valor_pago`
FROM `venda` AS `v`
WHERE (`v`.`aberta` = 1) & (`v`.`tipo` = @__tipo_0)
LIMIT 1
2021-05-19 18:09:58.912 -03:00 [INF] Executing ObjectResult, writing value of type 'System.Int32'.
2021-05-19 18:09:58.918 -03:00 [INF] Executed action FortalezaServer.Controllers.VendasController.GetVendaAberta (FortalezaServer) in 23.5371ms
2021-05-19 18:09:58.925 -03:00 [INF] Executed endpoint 'FortalezaServer.Controllers.VendasController.GetVendaAberta (FortalezaServer)'
2021-05-19 18:09:58.931 -03:00 [INF] Request finished in 40.6887ms 200 application/json; charset=utf-8
2021-05-19 18:09:58.932 -03:00 [INF] Request starting HTTP/1.1 GET http://localhost:8000/api/grupos  
2021-05-19 18:09:58.938 -03:00 [INF] Executing endpoint 'FortalezaServer.Controllers.GruposController.GetGrupo (FortalezaServer)'
2021-05-19 18:09:58.940 -03:00 [INF] Route matched with {action = "GetGrupo", controller = "Grupos"}. Executing controller action with signature System.Threading.Tasks.Task`1[Microsoft.AspNetCore.Mvc.ActionResult`1[System.Collections.Generic.IEnumerable`1[FortalezaServer.Models.Grupo]]] GetGrupo() on controller FortalezaServer.Controllers.GruposController (FortalezaServer).
2021-05-19 18:09:58.944 -03:00 [INF] Entity Framework Core 3.1.10 initialized 'fortalezaitdbContext' using provider 'MySql.Data.EntityFrameworkCore' with options: None
2021-05-19 18:09:58.947 -03:00 [INF] Executed DbCommand (0ms) [Parameters=[], CommandType='"Text"', CommandTimeout='30']
SELECT `g`.`idgrupo`, `g`.`descricao`, `g`.`nome`, `g`.`visivel`
FROM `grupo` AS `g`
2021-05-19 18:09:58.950 -03:00 [INF] Executing ObjectResult, writing value of type 'System.Collections.Generic.List`1[[FortalezaServer.Models.Grupo, FortalezaServer, Version=1.0.0.0, Culture=neutral, PublicKeyToken=null]]'.
2021-05-19 18:09:58.953 -03:00 [INF] Executed action FortalezaServer.Controllers.GruposController.GetGrupo (FortalezaServer) in 9.8383ms
2021-05-19 18:09:58.955 -03:00 [INF] Executed endpoint 'FortalezaServer.Controllers.GruposController.GetGrupo (FortalezaServer)'
2021-05-19 18:09:58.958 -03:00 [INF] Request finished in 25.3484ms 200 application/json; charset=utf-8
2021-05-19 18:09:58.959 -03:00 [INF] Request starting HTTP/1.1 GET http://localhost:8000/api/items  
2021-05-19 18:09:58.961 -03:00 [INF] Executing endpoint 'FortalezaServer.Controllers.ItemsController.GetItem (FortalezaServer)'
2021-05-19 18:09:58.962 -03:00 [INF] Route matched with {action = "GetItem", controller = "Items"}. Executing controller action with signature System.Threading.Tasks.Task`1[Microsoft.AspNetCore.Mvc.ActionResult`1[System.Collections.Generic.IEnumerable`1[FortalezaServer.Models.Item]]] GetItem(Boolean, Boolean, Boolean, System.String) on controller FortalezaServer.Controllers.ItemsController (FortalezaServer).
2021-05-19 18:09:58.971 -03:00 [INF] Entity Framework Core 3.1.10 initialized 'fortalezaitdbContext' using provider 'MySql.Data.EntityFrameworkCore' with options: None
2021-05-19 18:09:58.975 -03:00 [INF] Executed DbCommand (1ms) [Parameters=[], CommandType='"Text"', CommandTimeout='30']
SELECT `i`.`iditem`, `i`.`atacado`, `i`.`codigo_barras`, `i`.`descricao`, `i`.`disponivel`, `i`.`estoque`, `i`.`estoque_minimo`, `i`.`imagem`, `i`.`permite_combo`, `i`.`quantidade_atacado`, `i`.`tipo`, `i`.`unidade`, `i`.`unidade_inteira`, `i`.`valor`, `i`.`valor_atacado`, `i`.`visivel`
FROM `item` AS `i`
WHERE `i`.`visivel` = 1
2021-05-19 18:09:58.987 -03:00 [INF] Executing ObjectResult, writing value of type 'System.Collections.Generic.List`1[[FortalezaServer.Models.Item, FortalezaServer, Version=1.0.0.0, Culture=neutral, PublicKeyToken=null]]'.
2021-05-19 18:09:58.989 -03:00 [INF] Executed action FortalezaServer.Controllers.ItemsController.GetItem (FortalezaServer) in 19.4844ms
2021-05-19 18:09:58.991 -03:00 [INF] Executed endpoint 'FortalezaServer.Controllers.ItemsController.GetItem (FortalezaServer)'
2021-05-19 18:09:58.993 -03:00 [INF] Request finished in 34.1689ms 200 application/json; charset=utf-8
2021-05-19 18:11:04.655 -03:00 [INF] Request starting HTTP/1.1 GET http://localhost:8000/api  
2021-05-19 18:11:04.657 -03:00 [INF] Executing endpoint 'FortalezaServer.Controllers.IndexController.Get (FortalezaServer)'
2021-05-19 18:11:04.658 -03:00 [INF] Route matched with {action = "Get", controller = "Index"}. Executing controller action with signature System.String Get() on controller FortalezaServer.Controllers.IndexController (FortalezaServer).
2021-05-19 18:11:04.661 -03:00 [INF] Executing ObjectResult, writing value of type 'System.String'.
2021-05-19 18:11:04.662 -03:00 [INF] Executed action FortalezaServer.Controllers.IndexController.Get (FortalezaServer) in 1.6819ms
2021-05-19 18:11:04.667 -03:00 [INF] Executed endpoint 'FortalezaServer.Controllers.IndexController.Get (FortalezaServer)'
2021-05-19 18:11:04.670 -03:00 [INF] Request finished in 15.016ms 200 text/plain; charset=utf-8
2021-05-19 18:11:04.693 -03:00 [INF] Request starting HTTP/1.1 GET http://localhost:8000/api  
2021-05-19 18:11:04.695 -03:00 [INF] Executing endpoint 'FortalezaServer.Controllers.IndexController.Get (FortalezaServer)'
2021-05-19 18:11:04.699 -03:00 [INF] Route matched with {action = "Get", controller = "Index"}. Executing controller action with signature System.String Get() on controller FortalezaServer.Controllers.IndexController (FortalezaServer).
2021-05-19 18:11:04.705 -03:00 [INF] Executing ObjectResult, writing value of type 'System.String'.
2021-05-19 18:11:04.706 -03:00 [INF] Executed action FortalezaServer.Controllers.IndexController.Get (FortalezaServer) in 1.694ms
2021-05-19 18:11:04.709 -03:00 [INF] Executed endpoint 'FortalezaServer.Controllers.IndexController.Get (FortalezaServer)'
2021-05-19 18:11:04.712 -03:00 [INF] Request finished in 18.6339ms 200 text/plain; charset=utf-8
2021-05-19 18:11:04.796 -03:00 [INF] Request starting HTTP/1.1 GET http://localhost:8000/api/vendas/actions/aberta  
2021-05-19 18:11:04.798 -03:00 [INF] Executing endpoint 'FortalezaServer.Controllers.VendasController.GetVendaAberta (FortalezaServer)'
2021-05-19 18:11:04.804 -03:00 [INF] Route matched with {action = "GetVendaAberta", controller = "Vendas"}. Executing controller action with signature System.Threading.Tasks.Task`1[Microsoft.AspNetCore.Mvc.ActionResult`1[System.Int32]] GetVendaAberta(Int32) on controller FortalezaServer.Controllers.VendasController (FortalezaServer).
2021-05-19 18:11:04.818 -03:00 [INF] Entity Framework Core 3.1.10 initialized 'fortalezaitdbContext' using provider 'MySql.Data.EntityFrameworkCore' with options: None
2021-05-19 18:11:04.827 -03:00 [INF] Executed DbCommand (1ms) [Parameters=[@__tipo_0='?' (DbType = Int32)], CommandType='"Text"', CommandTimeout='30']
SELECT `v`.`idvenda`, `v`.`aberta`, `v`.`acrescimo`, `v`.`desconto`, `v`.`descricao`, `v`.`hora_entrada`, `v`.`hora_fechamento`, `v`.`idcaixa`, `v`.`idcliente`, `v`.`idpdv`, `v`.`idresponsavel`, `v`.`numero_venda`, `v`.`paga`, `v`.`tipo`, `v`.`valor_pago`
FROM `venda` AS `v`
WHERE (`v`.`aberta` = 1) & (`v`.`tipo` = @__tipo_0)
LIMIT 1
2021-05-19 18:11:04.831 -03:00 [INF] Executing ObjectResult, writing value of type 'System.Int32'.
2021-05-19 18:11:04.832 -03:00 [INF] Executed action FortalezaServer.Controllers.VendasController.GetVendaAberta (FortalezaServer) in 15.1948ms
2021-05-19 18:11:04.834 -03:00 [INF] Executed endpoint 'FortalezaServer.Controllers.VendasController.GetVendaAberta (FortalezaServer)'
2021-05-19 18:11:04.835 -03:00 [INF] Request finished in 38.8826ms 200 application/json; charset=utf-8
2021-05-19 18:11:04.976 -03:00 [INF] Request starting HTTP/1.1 GET http://localhost:8000/api/grupos  
2021-05-19 18:11:04.998 -03:00 [INF] Executing endpoint 'FortalezaServer.Controllers.GruposController.GetGrupo (FortalezaServer)'
2021-05-19 18:11:05.000 -03:00 [INF] Route matched with {action = "GetGrupo", controller = "Grupos"}. Executing controller action with signature System.Threading.Tasks.Task`1[Microsoft.AspNetCore.Mvc.ActionResult`1[System.Collections.Generic.IEnumerable`1[FortalezaServer.Models.Grupo]]] GetGrupo() on controller FortalezaServer.Controllers.GruposController (FortalezaServer).
2021-05-19 18:11:05.003 -03:00 [INF] Entity Framework Core 3.1.10 initialized 'fortalezaitdbContext' using provider 'MySql.Data.EntityFrameworkCore' with options: None
2021-05-19 18:11:05.006 -03:00 [INF] Executed DbCommand (0ms) [Parameters=[], CommandType='"Text"', CommandTimeout='30']
SELECT `g`.`idgrupo`, `g`.`descricao`, `g`.`nome`, `g`.`visivel`
FROM `grupo` AS `g`
2021-05-19 18:11:05.010 -03:00 [INF] Executing ObjectResult, writing value of type 'System.Collections.Generic.List`1[[FortalezaServer.Models.Grupo, FortalezaServer, Version=1.0.0.0, Culture=neutral, PublicKeyToken=null]]'.
2021-05-19 18:11:05.012 -03:00 [INF] Executed action FortalezaServer.Controllers.GruposController.GetGrupo (FortalezaServer) in 9.6809ms
2021-05-19 18:11:05.014 -03:00 [INF] Executed endpoint 'FortalezaServer.Controllers.GruposController.GetGrupo (FortalezaServer)'
2021-05-19 18:11:05.016 -03:00 [INF] Request finished in 39.2398ms 200 application/json; charset=utf-8
2021-05-19 18:11:05.173 -03:00 [INF] Request starting HTTP/1.1 GET http://localhost:8000/api/items  
2021-05-19 18:11:05.176 -03:00 [INF] Executing endpoint 'FortalezaServer.Controllers.ItemsController.GetItem (FortalezaServer)'
2021-05-19 18:11:05.178 -03:00 [INF] Route matched with {action = "GetItem", controller = "Items"}. Executing controller action with signature System.Threading.Tasks.Task`1[Microsoft.AspNetCore.Mvc.ActionResult`1[System.Collections.Generic.IEnumerable`1[FortalezaServer.Models.Item]]] GetItem(Boolean, Boolean, Boolean, System.String) on controller FortalezaServer.Controllers.ItemsController (FortalezaServer).
2021-05-19 18:11:05.185 -03:00 [INF] Entity Framework Core 3.1.10 initialized 'fortalezaitdbContext' using provider 'MySql.Data.EntityFrameworkCore' with options: None
2021-05-19 18:11:05.189 -03:00 [INF] Executed DbCommand (1ms) [Parameters=[], CommandType='"Text"', CommandTimeout='30']
SELECT `i`.`iditem`, `i`.`atacado`, `i`.`codigo_barras`, `i`.`descricao`, `i`.`disponivel`, `i`.`estoque`, `i`.`estoque_minimo`, `i`.`imagem`, `i`.`permite_combo`, `i`.`quantidade_atacado`, `i`.`tipo`, `i`.`unidade`, `i`.`unidade_inteira`, `i`.`valor`, `i`.`valor_atacado`, `i`.`visivel`
FROM `item` AS `i`
WHERE `i`.`visivel` = 1
2021-05-19 18:11:05.194 -03:00 [INF] Executing ObjectResult, writing value of type 'System.Collections.Generic.List`1[[FortalezaServer.Models.Item, FortalezaServer, Version=1.0.0.0, Culture=neutral, PublicKeyToken=null]]'.
2021-05-19 18:11:05.196 -03:00 [INF] Executed action FortalezaServer.Controllers.ItemsController.GetItem (FortalezaServer) in 11.8075ms
2021-05-19 18:11:05.197 -03:00 [INF] Executed endpoint 'FortalezaServer.Controllers.ItemsController.GetItem (FortalezaServer)'
2021-05-19 18:11:05.199 -03:00 [INF] Request finished in 26.129ms 200 application/json; charset=utf-8
2021-05-19 18:11:07.220 -03:00 [INF] Request starting HTTP/1.1 GET http://localhost:8000/api/informacoesempresa/1  
2021-05-19 18:11:07.222 -03:00 [INF] Executing endpoint 'FortalezaServer.Controllers.InformacoesEmpresaController.GetInformacoesEmpresa (FortalezaServer)'
2021-05-19 18:11:07.224 -03:00 [INF] Route matched with {action = "GetInformacoesEmpresa", controller = "InformacoesEmpresa"}. Executing controller action with signature System.Threading.Tasks.Task`1[Microsoft.AspNetCore.Mvc.ActionResult`1[FortalezaServer.Models.InformacoesEmpresa]] GetInformacoesEmpresa(Int32) on controller FortalezaServer.Controllers.InformacoesEmpresaController (FortalezaServer).
2021-05-19 18:11:07.233 -03:00 [INF] Entity Framework Core 3.1.10 initialized 'fortalezaitdbContext' using provider 'MySql.Data.EntityFrameworkCore' with options: None
2021-05-19 18:11:07.242 -03:00 [INF] Executed DbCommand (1ms) [Parameters=[@__p_0='?' (DbType = Int32)], CommandType='"Text"', CommandTimeout='30']
SELECT `i`.`idinformacoes_empresa`, `i`.`cnae`, `i`.`cpf`, `i`.`csosn`, `i`.`cst_pis`, `i`.`email`, `i`.`idendereco`, `i`.`indice_rateio_issqn`, `i`.`inscricao_estadual`, `i`.`inscricao_municipal`, `i`.`logo`, `i`.`nome_fantasia`, `i`.`razao_social`, `i`.`regime_tributario`, `i`.`rg`, `i`.`telefone`
FROM `informacoes_empresa` AS `i`
WHERE `i`.`idinformacoes_empresa` = @__p_0
LIMIT 1
2021-05-19 18:11:07.250 -03:00 [INF] Executed DbCommand (0ms) [Parameters=[@__p_0='?' (DbType = Int32)], CommandType='"Text"', CommandTimeout='30']
SELECT `e`.`idendereco`, `e`.`bairro`, `e`.`cep`, `e`.`complemento`, `e`.`descricao`, `e`.`logradouro`, `e`.`municipio`, `e`.`numero`, `e`.`tipo`, `e`.`UF`
FROM `endereco` AS `e`
WHERE `e`.`idendereco` = @__p_0
2021-05-19 18:11:07.255 -03:00 [INF] Executing ObjectResult, writing value of type 'FortalezaServer.Models.InformacoesEmpresa'.
2021-05-19 18:11:07.257 -03:00 [INF] Executed action FortalezaServer.Controllers.InformacoesEmpresaController.GetInformacoesEmpresa (FortalezaServer) in 25.3039ms
2021-05-19 18:11:07.259 -03:00 [INF] Executed endpoint 'FortalezaServer.Controllers.InformacoesEmpresaController.GetInformacoesEmpresa (FortalezaServer)'
2021-05-19 18:11:07.261 -03:00 [INF] Request finished in 40.9316ms 200 application/json; charset=utf-8
2021-05-19 18:11:07.306 -03:00 [INF] Request starting HTTP/1.1 GET http://localhost:8000/images/logo-empresa.png  
2021-05-19 18:11:07.309 -03:00 [INF] Sending file. Request path: '/images/logo-empresa.png'. Physical path: 'C:\Users\felip\source\repos\FortalezaServer\wwwroot\images\logo-empresa.png'
2021-05-19 18:11:07.311 -03:00 [INF] Request finished in 5.2269ms 200 image/png
2021-05-19 18:11:14.812 -03:00 [INF] Request starting HTTP/1.1 GET http://localhost:8000/api  
2021-05-19 18:11:14.813 -03:00 [INF] Executing endpoint 'FortalezaServer.Controllers.IndexController.Get (FortalezaServer)'
2021-05-19 18:11:14.816 -03:00 [INF] Route matched with {action = "Get", controller = "Index"}. Executing controller action with signature System.String Get() on controller FortalezaServer.Controllers.IndexController (FortalezaServer).
2021-05-19 18:11:14.820 -03:00 [INF] Executing ObjectResult, writing value of type 'System.String'.
2021-05-19 18:11:14.823 -03:00 [INF] Executed action FortalezaServer.Controllers.IndexController.Get (FortalezaServer) in 3.3156ms
2021-05-19 18:11:14.825 -03:00 [INF] Executed endpoint 'FortalezaServer.Controllers.IndexController.Get (FortalezaServer)'
2021-05-19 18:11:14.826 -03:00 [INF] Request finished in 14.2337ms 200 text/plain; charset=utf-8
2021-05-19 18:11:14.838 -03:00 [INF] Request starting HTTP/1.1 GET http://localhost:8000/api/vendas/actions/aberta  
2021-05-19 18:11:14.840 -03:00 [INF] Executing endpoint 'FortalezaServer.Controllers.VendasController.GetVendaAberta (FortalezaServer)'
2021-05-19 18:11:14.841 -03:00 [INF] Route matched with {action = "GetVendaAberta", controller = "Vendas"}. Executing controller action with signature System.Threading.Tasks.Task`1[Microsoft.AspNetCore.Mvc.ActionResult`1[System.Int32]] GetVendaAberta(Int32) on controller FortalezaServer.Controllers.VendasController (FortalezaServer).
2021-05-19 18:11:14.844 -03:00 [INF] Entity Framework Core 3.1.10 initialized 'fortalezaitdbContext' using provider 'MySql.Data.EntityFrameworkCore' with options: None
2021-05-19 18:11:14.847 -03:00 [INF] Executed DbCommand (0ms) [Parameters=[@__tipo_0='?' (DbType = Int32)], CommandType='"Text"', CommandTimeout='30']
SELECT `v`.`idvenda`, `v`.`aberta`, `v`.`acrescimo`, `v`.`desconto`, `v`.`descricao`, `v`.`hora_entrada`, `v`.`hora_fechamento`, `v`.`idcaixa`, `v`.`idcliente`, `v`.`idpdv`, `v`.`idresponsavel`, `v`.`numero_venda`, `v`.`paga`, `v`.`tipo`, `v`.`valor_pago`
FROM `venda` AS `v`
WHERE (`v`.`aberta` = 1) & (`v`.`tipo` = @__tipo_0)
LIMIT 1
2021-05-19 18:11:14.850 -03:00 [INF] Executing ObjectResult, writing value of type 'System.Int32'.
2021-05-19 18:11:14.852 -03:00 [INF] Executed action FortalezaServer.Controllers.VendasController.GetVendaAberta (FortalezaServer) in 8.5828ms
2021-05-19 18:11:14.853 -03:00 [INF] Executed endpoint 'FortalezaServer.Controllers.VendasController.GetVendaAberta (FortalezaServer)'
2021-05-19 18:11:14.855 -03:00 [INF] Request finished in 16.4235ms 200 application/json; charset=utf-8
2021-05-19 18:11:14.873 -03:00 [INF] Request starting HTTP/1.1 GET http://localhost:8000/api/grupos  
2021-05-19 18:11:14.874 -03:00 [INF] Executing endpoint 'FortalezaServer.Controllers.GruposController.GetGrupo (FortalezaServer)'
2021-05-19 18:11:14.876 -03:00 [INF] Route matched with {action = "GetGrupo", controller = "Grupos"}. Executing controller action with signature System.Threading.Tasks.Task`1[Microsoft.AspNetCore.Mvc.ActionResult`1[System.Collections.Generic.IEnumerable`1[FortalezaServer.Models.Grupo]]] GetGrupo() on controller FortalezaServer.Controllers.GruposController (FortalezaServer).
2021-05-19 18:11:14.880 -03:00 [INF] Entity Framework Core 3.1.10 initialized 'fortalezaitdbContext' using provider 'MySql.Data.EntityFrameworkCore' with options: None
2021-05-19 18:11:14.884 -03:00 [INF] Executed DbCommand (0ms) [Parameters=[], CommandType='"Text"', CommandTimeout='30']
SELECT `g`.`idgrupo`, `g`.`descricao`, `g`.`nome`, `g`.`visivel`
FROM `grupo` AS `g`
2021-05-19 18:11:14.888 -03:00 [INF] Executing ObjectResult, writing value of type 'System.Collections.Generic.List`1[[FortalezaServer.Models.Grupo, FortalezaServer, Version=1.0.0.0, Culture=neutral, PublicKeyToken=null]]'.
2021-05-19 18:11:14.890 -03:00 [INF] Executed action FortalezaServer.Controllers.GruposController.GetGrupo (FortalezaServer) in 9.8836ms
2021-05-19 18:11:14.892 -03:00 [INF] Executed endpoint 'FortalezaServer.Controllers.GruposController.GetGrupo (FortalezaServer)'
2021-05-19 18:11:14.893 -03:00 [INF] Request finished in 19.6317ms 200 application/json; charset=utf-8
2021-05-19 18:11:14.894 -03:00 [INF] Request starting HTTP/1.1 GET http://localhost:8000/api/items  
2021-05-19 18:11:14.896 -03:00 [INF] Executing endpoint 'FortalezaServer.Controllers.ItemsController.GetItem (FortalezaServer)'
2021-05-19 18:11:14.897 -03:00 [INF] Route matched with {action = "GetItem", controller = "Items"}. Executing controller action with signature System.Threading.Tasks.Task`1[Microsoft.AspNetCore.Mvc.ActionResult`1[System.Collections.Generic.IEnumerable`1[FortalezaServer.Models.Item]]] GetItem(Boolean, Boolean, Boolean, System.String) on controller FortalezaServer.Controllers.ItemsController (FortalezaServer).
2021-05-19 18:11:14.900 -03:00 [INF] Entity Framework Core 3.1.10 initialized 'fortalezaitdbContext' using provider 'MySql.Data.EntityFrameworkCore' with options: None
2021-05-19 18:11:14.906 -03:00 [INF] Executed DbCommand (1ms) [Parameters=[], CommandType='"Text"', CommandTimeout='30']
SELECT `i`.`iditem`, `i`.`atacado`, `i`.`codigo_barras`, `i`.`descricao`, `i`.`disponivel`, `i`.`estoque`, `i`.`estoque_minimo`, `i`.`imagem`, `i`.`permite_combo`, `i`.`quantidade_atacado`, `i`.`tipo`, `i`.`unidade`, `i`.`unidade_inteira`, `i`.`valor`, `i`.`valor_atacado`, `i`.`visivel`
FROM `item` AS `i`
WHERE `i`.`visivel` = 1
2021-05-19 18:11:14.913 -03:00 [INF] Executing ObjectResult, writing value of type 'System.Collections.Generic.List`1[[FortalezaServer.Models.Item, FortalezaServer, Version=1.0.0.0, Culture=neutral, PublicKeyToken=null]]'.
2021-05-19 18:11:14.916 -03:00 [INF] Executed action FortalezaServer.Controllers.ItemsController.GetItem (FortalezaServer) in 16.1639ms
2021-05-19 18:11:14.921 -03:00 [INF] Executed endpoint 'FortalezaServer.Controllers.ItemsController.GetItem (FortalezaServer)'
2021-05-19 18:11:14.923 -03:00 [INF] Request finished in 29.1538ms 200 application/json; charset=utf-8
2021-05-19 18:11:19.575 -03:00 [INF] Request starting HTTP/1.1 GET http://localhost:8000/api/fiscal/cfe-test  
2021-05-19 18:11:19.577 -03:00 [INF] Executing endpoint 'FortalezaServer.Controllers.FiscalController.GetCfeTestAsync (FortalezaServer)'
2021-05-19 18:11:19.580 -03:00 [INF] Route matched with {action = "GetCfeTest", controller = "Fiscal"}. Executing controller action with signature Microsoft.AspNetCore.Mvc.ActionResult`1[System.Xml.XmlDocument] GetCfeTestAsync() on controller FortalezaServer.Controllers.FiscalController (FortalezaServer).
2021-05-19 18:11:19.597 -03:00 [INF] Executing ObjectResult, writing value of type 'System.Xml.XmlDocument'.
2021-05-19 18:11:19.612 -03:00 [INF] Executed action FortalezaServer.Controllers.FiscalController.GetCfeTestAsync (FortalezaServer) in 29.6217ms
2021-05-19 18:11:19.613 -03:00 [INF] Executed endpoint 'FortalezaServer.Controllers.FiscalController.GetCfeTestAsync (FortalezaServer)'
2021-05-19 18:11:19.614 -03:00 [INF] Request finished in 39.306ms 200 application/json; charset=utf-8
2021-05-19 18:12:03.169 -03:00 [INF] Request starting HTTP/1.1 GET http://localhost:8000/api  
2021-05-19 18:12:03.170 -03:00 [INF] Executing endpoint 'FortalezaServer.Controllers.IndexController.Get (FortalezaServer)'
2021-05-19 18:12:03.172 -03:00 [INF] Route matched with {action = "Get", controller = "Index"}. Executing controller action with signature System.String Get() on controller FortalezaServer.Controllers.IndexController (FortalezaServer).
2021-05-19 18:12:03.174 -03:00 [INF] Executing ObjectResult, writing value of type 'System.String'.
2021-05-19 18:12:03.175 -03:00 [INF] Executed action FortalezaServer.Controllers.IndexController.Get (FortalezaServer) in 1.3528ms
2021-05-19 18:12:03.177 -03:00 [INF] Executed endpoint 'FortalezaServer.Controllers.IndexController.Get (FortalezaServer)'
2021-05-19 18:12:03.178 -03:00 [INF] Request finished in 8.8118ms 200 text/plain; charset=utf-8
2021-05-19 18:12:03.194 -03:00 [INF] Request starting HTTP/1.1 GET http://localhost:8000/api/vendas/actions/aberta  
2021-05-19 18:12:03.195 -03:00 [INF] Executing endpoint 'FortalezaServer.Controllers.VendasController.GetVendaAberta (FortalezaServer)'
2021-05-19 18:12:03.197 -03:00 [INF] Route matched with {action = "GetVendaAberta", controller = "Vendas"}. Executing controller action with signature System.Threading.Tasks.Task`1[Microsoft.AspNetCore.Mvc.ActionResult`1[System.Int32]] GetVendaAberta(Int32) on controller FortalezaServer.Controllers.VendasController (FortalezaServer).
2021-05-19 18:12:03.200 -03:00 [INF] Entity Framework Core 3.1.10 initialized 'fortalezaitdbContext' using provider 'MySql.Data.EntityFrameworkCore' with options: None
2021-05-19 18:12:03.204 -03:00 [INF] Executed DbCommand (0ms) [Parameters=[@__tipo_0='?' (DbType = Int32)], CommandType='"Text"', CommandTimeout='30']
SELECT `v`.`idvenda`, `v`.`aberta`, `v`.`acrescimo`, `v`.`desconto`, `v`.`descricao`, `v`.`hora_entrada`, `v`.`hora_fechamento`, `v`.`idcaixa`, `v`.`idcliente`, `v`.`idpdv`, `v`.`idresponsavel`, `v`.`numero_venda`, `v`.`paga`, `v`.`tipo`, `v`.`valor_pago`
FROM `venda` AS `v`
WHERE (`v`.`aberta` = 1) & (`v`.`tipo` = @__tipo_0)
LIMIT 1
2021-05-19 18:12:03.208 -03:00 [INF] Executing ObjectResult, writing value of type 'System.Int32'.
2021-05-19 18:12:03.209 -03:00 [INF] Executed action FortalezaServer.Controllers.VendasController.GetVendaAberta (FortalezaServer) in 10.1206ms
2021-05-19 18:12:03.211 -03:00 [INF] Executed endpoint 'FortalezaServer.Controllers.VendasController.GetVendaAberta (FortalezaServer)'
2021-05-19 18:12:03.212 -03:00 [INF] Request finished in 18.5258ms 200 application/json; charset=utf-8
2021-05-19 18:12:03.247 -03:00 [INF] Request starting HTTP/1.1 GET http://localhost:8000/api/grupos  
2021-05-19 18:12:03.248 -03:00 [INF] Executing endpoint 'FortalezaServer.Controllers.GruposController.GetGrupo (FortalezaServer)'
2021-05-19 18:12:03.251 -03:00 [INF] Route matched with {action = "GetGrupo", controller = "Grupos"}. Executing controller action with signature System.Threading.Tasks.Task`1[Microsoft.AspNetCore.Mvc.ActionResult`1[System.Collections.Generic.IEnumerable`1[FortalezaServer.Models.Grupo]]] GetGrupo() on controller FortalezaServer.Controllers.GruposController (FortalezaServer).
2021-05-19 18:12:03.255 -03:00 [INF] Entity Framework Core 3.1.10 initialized 'fortalezaitdbContext' using provider 'MySql.Data.EntityFrameworkCore' with options: None
2021-05-19 18:12:03.259 -03:00 [INF] Executed DbCommand (0ms) [Parameters=[], CommandType='"Text"', CommandTimeout='30']
SELECT `g`.`idgrupo`, `g`.`descricao`, `g`.`nome`, `g`.`visivel`
FROM `grupo` AS `g`
2021-05-19 18:12:03.266 -03:00 [INF] Executing ObjectResult, writing value of type 'System.Collections.Generic.List`1[[FortalezaServer.Models.Grupo, FortalezaServer, Version=1.0.0.0, Culture=neutral, PublicKeyToken=null]]'.
2021-05-19 18:12:03.267 -03:00 [INF] Executed action FortalezaServer.Controllers.GruposController.GetGrupo (FortalezaServer) in 12.2829ms
2021-05-19 18:12:03.269 -03:00 [INF] Executed endpoint 'FortalezaServer.Controllers.GruposController.GetGrupo (FortalezaServer)'
2021-05-19 18:12:03.271 -03:00 [INF] Request finished in 23.589ms 200 application/json; charset=utf-8
2021-05-19 18:12:03.273 -03:00 [INF] Request starting HTTP/1.1 GET http://localhost:8000/api/items  
2021-05-19 18:12:03.276 -03:00 [INF] Executing endpoint 'FortalezaServer.Controllers.ItemsController.GetItem (FortalezaServer)'
2021-05-19 18:12:03.278 -03:00 [INF] Route matched with {action = "GetItem", controller = "Items"}. Executing controller action with signature System.Threading.Tasks.Task`1[Microsoft.AspNetCore.Mvc.ActionResult`1[System.Collections.Generic.IEnumerable`1[FortalezaServer.Models.Item]]] GetItem(Boolean, Boolean, Boolean, System.String) on controller FortalezaServer.Controllers.ItemsController (FortalezaServer).
2021-05-19 18:12:03.283 -03:00 [INF] Entity Framework Core 3.1.10 initialized 'fortalezaitdbContext' using provider 'MySql.Data.EntityFrameworkCore' with options: None
2021-05-19 18:12:03.286 -03:00 [INF] Executed DbCommand (0ms) [Parameters=[], CommandType='"Text"', CommandTimeout='30']
SELECT `i`.`iditem`, `i`.`atacado`, `i`.`codigo_barras`, `i`.`descricao`, `i`.`disponivel`, `i`.`estoque`, `i`.`estoque_minimo`, `i`.`imagem`, `i`.`permite_combo`, `i`.`quantidade_atacado`, `i`.`tipo`, `i`.`unidade`, `i`.`unidade_inteira`, `i`.`valor`, `i`.`valor_atacado`, `i`.`visivel`
FROM `item` AS `i`
WHERE `i`.`visivel` = 1
2021-05-19 18:12:03.292 -03:00 [INF] Executing ObjectResult, writing value of type 'System.Collections.Generic.List`1[[FortalezaServer.Models.Item, FortalezaServer, Version=1.0.0.0, Culture=neutral, PublicKeyToken=null]]'.
2021-05-19 18:12:03.294 -03:00 [INF] Executed action FortalezaServer.Controllers.ItemsController.GetItem (FortalezaServer) in 11.3308ms
2021-05-19 18:12:03.296 -03:00 [INF] Executed endpoint 'FortalezaServer.Controllers.ItemsController.GetItem (FortalezaServer)'
2021-05-19 18:12:03.297 -03:00 [INF] Request finished in 24.1169ms 200 application/json; charset=utf-8
